This file contains any messages produced by compilers while
running configure, to aid debugging if configure makes a mistake.

It was created by mp3splt configure 2.6.3.1518, which was
generated by GNU Autoconf 2.71.  Invocation command line was

  $ ./configure

## --------- ##
## Platform. ##
## --------- ##

hostname = L1
uname -m = x86_64
uname -r = 5.15.0-43-generic
uname -s = Linux
uname -v = #46-Ubuntu SMP Tue Jul 12 10:30:17 UTC 2022

/usr/bin/uname -p = x86_64
/bin/uname -X     = unknown

/bin/arch              = x86_64
/usr/bin/arch -k       = unknown
/usr/convex/getsysinfo = unknown
/usr/bin/hostinfo      = unknown
/bin/machine           = unknown
/usr/bin/oslevel       = unknown
/bin/universe          = unknown

PATH: /usr/local/sbin/
PATH: /usr/local/bin/
PATH: /usr/sbin/
PATH: /usr/bin/
PATH: /sbin/
PATH: /bin/
PATH: /usr/games/
PATH: /usr/local/games/
PATH: /snap/bin/
PATH: /snap/bin/


## ----------- ##
## Core tests. ##
## ----------- ##

configure:2461: looking for aux files: config.guess config.sub config.rpath compile missing install-sh
configure:2474:  trying ./
configure:2503:   ./config.guess found
configure:2503:   ./config.sub found
configure:2503:   ./config.rpath found
configure:2503:   ./compile found
configure:2503:   ./missing found
configure:2485:   ./install-sh found
configure:2634: checking for a BSD-compatible install
configure:2707: result: /usr/bin/install -c
configure:2718: checking whether build environment is sane
configure:2773: result: yes
configure:2932: checking for a race-free mkdir -p
configure:2976: result: /usr/bin/mkdir -p
configure:2983: checking for gawk
configure:3018: result: no
configure:2983: checking for mawk
configure:3004: found /usr/bin/mawk
configure:3015: result: mawk
configure:3026: checking whether make sets $(MAKE)
configure:3049: result: yes
configure:3079: checking whether make supports nested variables
configure:3097: result: yes
configure:3236: checking whether to enable maintainer-specific portions of Makefiles
configure:3246: result: yes
configure:3326: checking for gcc
configure:3347: found /usr/bin/gcc
configure:3358: result: gcc
configure:3711: checking for C compiler version
configure:3720: gcc --version >&5
gcc (Ubuntu 11.2.0-19ubuntu1) 11.2.0
Copyright (C) 2021 Free Software Foundation, Inc.
This is free software; see the source for copying conditions.  There is NO
warranty; not even for MERCHANTABILITY or FITNESS FOR A PARTICULAR PURPOSE.

configure:3731: $? = 0
configure:3720: gcc -v >&5
Using built-in specs.
COLLECT_GCC=gcc
COLLECT_LTO_WRAPPER=/usr/lib/gcc/x86_64-linux-gnu/11/lto-wrapper
OFFLOAD_TARGET_NAMES=nvptx-none:amdgcn-amdhsa
OFFLOAD_TARGET_DEFAULT=1
Target: x86_64-linux-gnu
Configured with: ../src/configure -v --with-pkgversion='Ubuntu 11.2.0-19ubuntu1' --with-bugurl=file:///usr/share/doc/gcc-11/README.Bugs --enable-languages=c,ada,c++,go,brig,d,fortran,objc,obj-c++,m2 --prefix=/usr --with-gcc-major-version-only --program-suffix=-11 --program-prefix=x86_64-linux-gnu- --enable-shared --enable-linker-build-id --libexecdir=/usr/lib --without-included-gettext --enable-threads=posix --libdir=/usr/lib --enable-nls --enable-bootstrap --enable-clocale=gnu --enable-libstdcxx-debug --enable-libstdcxx-time=yes --with-default-libstdcxx-abi=new --enable-gnu-unique-object --disable-vtable-verify --enable-plugin --enable-default-pie --with-system-zlib --enable-libphobos-checking=release --with-target-system-zlib=auto --enable-objc-gc=auto --enable-multiarch --disable-werror --enable-cet --with-arch-32=i686 --with-abi=m64 --with-multilib-list=m32,m64,mx32 --enable-multilib --with-tune=generic --enable-offload-targets=nvptx-none=/build/gcc-11-gBFGDP/gcc-11-11.2.0/debian/tmp-nvptx/usr,amdgcn-amdhsa=/build/gcc-11-gBFGDP/gcc-11-11.2.0/debian/tmp-gcn/usr --without-cuda-driver --enable-checking=release --build=x86_64-linux-gnu --host=x86_64-linux-gnu --target=x86_64-linux-gnu --with-build-config=bootstrap-lto-lean --enable-link-serialization=2
Thread model: posix
Supported LTO compression algorithms: zlib zstd
gcc version 11.2.0 (Ubuntu 11.2.0-19ubuntu1) 
... rest of stderr output deleted ...
configure:3731: $? = 0
configure:3720: gcc -V >&5
gcc: error: unrecognized command-line option '-V'
gcc: fatal error: no input files
compilation terminated.
configure:3731: $? = 1
configure:3720: gcc -qversion >&5
gcc: error: unrecognized command-line option '-qversion'; did you mean '--version'?
gcc: fatal error: no input files
compilation terminated.
configure:3731: $? = 1
configure:3720: gcc -version >&5
gcc: error: unrecognized command-line option '-version'
gcc: fatal error: no input files
compilation terminated.
configure:3731: $? = 1
configure:3751: checking whether the C compiler works
configure:3773: gcc    conftest.c  >&5
configure:3777: $? = 0
configure:3827: result: yes
configure:3830: checking for C compiler default output file name
configure:3832: result: a.out
configure:3838: checking for suffix of executables
configure:3845: gcc -o conftest    conftest.c  >&5
configure:3849: $? = 0
configure:3872: result: 
configure:3894: checking whether we are cross compiling
configure:3902: gcc -o conftest    conftest.c  >&5
configure:3906: $? = 0
configure:3913: ./conftest
configure:3917: $? = 0
configure:3932: result: no
configure:3937: checking for suffix of object files
configure:3960: gcc -c   conftest.c >&5
configure:3964: $? = 0
configure:3986: result: o
configure:3990: checking whether the compiler supports GNU C
configure:4010: gcc -c   conftest.c >&5
configure:4010: $? = 0
configure:4020: result: yes
configure:4031: checking whether gcc accepts -g
configure:4052: gcc -c -g  conftest.c >&5
configure:4052: $? = 0
configure:4096: result: yes
configure:4116: checking for gcc option to enable C11 features
configure:4131: gcc  -c -g -O2  conftest.c >&5
configure:4131: $? = 0
configure:4149: result: none needed
configure:4265: checking whether gcc understands -c and -o together
configure:4288: gcc -c conftest.c -o conftest2.o
configure:4291: $? = 0
configure:4288: gcc -c conftest.c -o conftest2.o
configure:4291: $? = 0
configure:4303: result: yes
configure:4323: checking whether make supports the include directive
configure:4338: make -f confmf.GNU && cat confinc.out
this is the am__doit target
configure:4341: $? = 0
configure:4360: result: yes (GNU style)
configure:4386: checking dependency style of gcc
configure:4498: result: gcc3
configure:4514: checking whether ln -s works
configure:4518: result: yes
configure:4531: checking for stdio.h
configure:4531: gcc -c -g -O2  conftest.c >&5
configure:4531: $? = 0
configure:4531: result: yes
configure:4531: checking for stdlib.h
configure:4531: gcc -c -g -O2  conftest.c >&5
configure:4531: $? = 0
configure:4531: result: yes
configure:4531: checking for string.h
configure:4531: gcc -c -g -O2  conftest.c >&5
configure:4531: $? = 0
configure:4531: result: yes
configure:4531: checking for inttypes.h
configure:4531: gcc -c -g -O2  conftest.c >&5
configure:4531: $? = 0
configure:4531: result: yes
configure:4531: checking for stdint.h
configure:4531: gcc -c -g -O2  conftest.c >&5
configure:4531: $? = 0
configure:4531: result: yes
configure:4531: checking for strings.h
configure:4531: gcc -c -g -O2  conftest.c >&5
configure:4531: $? = 0
configure:4531: result: yes
configure:4531: checking for sys/stat.h
configure:4531: gcc -c -g -O2  conftest.c >&5
configure:4531: $? = 0
configure:4531: result: yes
configure:4531: checking for sys/types.h
configure:4531: gcc -c -g -O2  conftest.c >&5
configure:4531: $? = 0
configure:4531: result: yes
configure:4531: checking for unistd.h
configure:4531: gcc -c -g -O2  conftest.c >&5
configure:4531: $? = 0
configure:4531: result: yes
configure:4556: checking for unistd.h
configure:4556: result: yes
configure:4563: checking for a sed that does not truncate output
configure:4633: result: /usr/bin/sed
configure:4639: checking whether NLS is requested
configure:4649: result: yes
configure:4689: checking for msgfmt
configure: trying /usr/bin/msgfmt...
0 translated messages.
configure:4722: result: /usr/bin/msgfmt
configure:4731: checking for gmsgfmt
configure:4767: result: /usr/bin/msgfmt
configure:4812: checking for xgettext
configure: trying /usr/bin/xgettext...
/usr/bin/xgettext: warning: file '/dev/null' extension '' is unknown; will try C
configure:4845: result: /usr/bin/xgettext
configure:4890: checking for msgmerge
configure: trying /usr/bin/msgmerge...
configure:4922: result: /usr/bin/msgmerge
configure:4969: checking build system type
configure:4984: result: x86_64-pc-linux-gnu
configure:5004: checking host system type
configure:5018: result: x86_64-pc-linux-gnu
configure:5065: checking for ld used by gcc
configure:5193: result: /usr/bin/ld
configure:5200: checking if the linker (/usr/bin/ld) is GNU ld
configure:5216: result: yes
configure:5224: checking for shared library run path origin
configure:5238: result: done
configure:5260: checking 32-bit host C ABI
configure:5327: gcc -c -g -O2  conftest.c >&5
configure:5327: $? = 0
configure:5523: result: no
configure:5533: checking how to run the C preprocessor
configure:5559: gcc -E  conftest.c
configure:5559: $? = 0
configure:5574: gcc -E  conftest.c
conftest.c:22:10: fatal error: ac_nonexistent.h: No such file or directory
   22 | #include <ac_nonexistent.h>
      |          ^~~~~~~~~~~~~~~~~~
compilation terminated.
configure:5574: $? = 1
configure: failed program was:
| /* confdefs.h */
| #define PACKAGE_NAME "mp3splt"
| #define PACKAGE_TARNAME "mp3splt"
| #define PACKAGE_VERSION "2.6.3.1518"
| #define PACKAGE_STRING "mp3splt 2.6.3.1518"
| #define PACKAGE_BUGREPORT "mtrotta@users.sourceforge.net"
| #define PACKAGE_URL ""
| #define PACKAGE "mp3splt"
| #define VERSION "2.6.3.1518"
| #define HAVE_STDIO_H 1
| #define HAVE_STDLIB_H 1
| #define HAVE_STRING_H 1
| #define HAVE_INTTYPES_H 1
| #define HAVE_STDINT_H 1
| #define HAVE_STRINGS_H 1
| #define HAVE_SYS_STAT_H 1
| #define HAVE_SYS_TYPES_H 1
| #define HAVE_UNISTD_H 1
| #define STDC_HEADERS 1
| #define HAVE_UNISTD_H 1
| /* end confdefs.h.  */
| #include <ac_nonexistent.h>
configure:5601: result: gcc -E
configure:5615: gcc -E  conftest.c
configure:5615: $? = 0
configure:5630: gcc -E  conftest.c
conftest.c:22:10: fatal error: ac_nonexistent.h: No such file or directory
   22 | #include <ac_nonexistent.h>
      |          ^~~~~~~~~~~~~~~~~~
compilation terminated.
configure:5630: $? = 1
configure: failed program was:
| /* confdefs.h */
| #define PACKAGE_NAME "mp3splt"
| #define PACKAGE_TARNAME "mp3splt"
| #define PACKAGE_VERSION "2.6.3.1518"
| #define PACKAGE_STRING "mp3splt 2.6.3.1518"
| #define PACKAGE_BUGREPORT "mtrotta@users.sourceforge.net"
| #define PACKAGE_URL ""
| #define PACKAGE "mp3splt"
| #define VERSION "2.6.3.1518"
| #define HAVE_STDIO_H 1
| #define HAVE_STDLIB_H 1
| #define HAVE_STRING_H 1
| #define HAVE_INTTYPES_H 1
| #define HAVE_STDINT_H 1
| #define HAVE_STRINGS_H 1
| #define HAVE_SYS_STAT_H 1
| #define HAVE_SYS_TYPES_H 1
| #define HAVE_UNISTD_H 1
| #define STDC_HEADERS 1
| #define HAVE_UNISTD_H 1
| /* end confdefs.h.  */
| #include <ac_nonexistent.h>
configure:5661: checking for grep that handles long lines and -e
configure:5725: result: /usr/bin/grep
configure:5730: checking for egrep
configure:5798: result: /usr/bin/grep -E
configure:5807: checking for ELF binary format
configure:5831: result: yes
configure:5880: checking for the common suffixes of directories in the library search path
configure:5949: result: lib,lib,lib64
configure:6467: checking for CFPreferencesCopyAppValue
configure:6486: gcc -o conftest -g -O2   conftest.c  -Wl,-framework -Wl,CoreFoundation >&5
conftest.c:22:10: fatal error: CoreFoundation/CFPreferences.h: No such file or directory
   22 | #include <CoreFoundation/CFPreferences.h>
      |          ^~~~~~~~~~~~~~~~~~~~~~~~~~~~~~~~
compilation terminated.
configure:6486: $? = 1
configure: failed program was:
| /* confdefs.h */
| #define PACKAGE_NAME "mp3splt"
| #define PACKAGE_TARNAME "mp3splt"
| #define PACKAGE_VERSION "2.6.3.1518"
| #define PACKAGE_STRING "mp3splt 2.6.3.1518"
| #define PACKAGE_BUGREPORT "mtrotta@users.sourceforge.net"
| #define PACKAGE_URL ""
| #define PACKAGE "mp3splt"
| #define VERSION "2.6.3.1518"
| #define HAVE_STDIO_H 1
| #define HAVE_STDLIB_H 1
| #define HAVE_STRING_H 1
| #define HAVE_INTTYPES_H 1
| #define HAVE_STDINT_H 1
| #define HAVE_STRINGS_H 1
| #define HAVE_SYS_STAT_H 1
| #define HAVE_SYS_TYPES_H 1
| #define HAVE_UNISTD_H 1
| #define STDC_HEADERS 1
| #define HAVE_UNISTD_H 1
| /* end confdefs.h.  */
| #include <CoreFoundation/CFPreferences.h>
| int
| main (void)
| {
| CFPreferencesCopyAppValue(NULL, NULL)
|   ;
|   return 0;
| }
configure:6496: result: no
configure:6503: checking for CFLocaleCopyPreferredLanguages
configure:6522: gcc -o conftest -g -O2   conftest.c  -Wl,-framework -Wl,CoreFoundation >&5
conftest.c:22:10: fatal error: CoreFoundation/CFLocale.h: No such file or directory
   22 | #include <CoreFoundation/CFLocale.h>
      |          ^~~~~~~~~~~~~~~~~~~~~~~~~~~
compilation terminated.
configure:6522: $? = 1
configure: failed program was:
| /* confdefs.h */
| #define PACKAGE_NAME "mp3splt"
| #define PACKAGE_TARNAME "mp3splt"
| #define PACKAGE_VERSION "2.6.3.1518"
| #define PACKAGE_STRING "mp3splt 2.6.3.1518"
| #define PACKAGE_BUGREPORT "mtrotta@users.sourceforge.net"
| #define PACKAGE_URL ""
| #define PACKAGE "mp3splt"
| #define VERSION "2.6.3.1518"
| #define HAVE_STDIO_H 1
| #define HAVE_STDLIB_H 1
| #define HAVE_STRING_H 1
| #define HAVE_INTTYPES_H 1
| #define HAVE_STDINT_H 1
| #define HAVE_STRINGS_H 1
| #define HAVE_SYS_STAT_H 1
| #define HAVE_SYS_TYPES_H 1
| #define HAVE_UNISTD_H 1
| #define STDC_HEADERS 1
| #define HAVE_UNISTD_H 1
| /* end confdefs.h.  */
| #include <CoreFoundation/CFLocale.h>
| int
| main (void)
| {
| CFLocaleCopyPreferredLanguages();
|   ;
|   return 0;
| }
configure:6532: result: no
configure:6582: checking for GNU gettext in libc
configure:6612: gcc -o conftest -g -O2   conftest.c  >&5
configure:6612: $? = 0
configure:6622: result: yes
configure:7513: checking whether to use NLS
configure:7515: result: yes
configure:7518: checking where the gettext function comes from
configure:7529: result: libc
configure:7596: checking for getline
configure:7596: gcc -o conftest -g -O2   conftest.c  >&5
configure:7596: $? = 0
configure:7596: result: yes
configure:7616: checking the host
configure:7651: result: Linux-based system
configure:7716: checking for pkg-config
configure:7739: found /usr/bin/pkg-config
configure:7751: result: /usr/bin/pkg-config
configure:7776: checking pkg-config is at least version 0.9.0
configure:7779: result: yes
configure:7789: checking for libmp3splt = 0.9.3.1518
configure:7796: $PKG_CONFIG --exists --print-errors "libmp3splt = 0.9.3.1518"
configure:7799: $? = 0
configure:7813: $PKG_CONFIG --exists --print-errors "libmp3splt = 0.9.3.1518"
configure:7816: $? = 0
configure:7860: result: yes
configure:8076: checking that generated files are newer than configure
configure:8082: result: done
configure:8133: creating ./config.status

## ---------------------- ##
## Running config.status. ##
## ---------------------- ##

This file was extended by mp3splt config.status 2.6.3.1518, which was
generated by GNU Autoconf 2.71.  Invocation command line was

  CONFIG_FILES    = 
  CONFIG_HEADERS  = 
  CONFIG_LINKS    = 
  CONFIG_COMMANDS = 
  $ ./config.status 

on L1

config.status:907: creating Makefile
config.status:907: creating src/Makefile
config.status:907: creating po/Makefile.in
config.status:1015: WARNING:  'po/Makefile.in.in' seems to ignore the --datarootdir setting
config.status:907: creating doc/Makefile
config.status:907: creating config.h
config.status:1088: config.h is unchanged
config.status:1136: executing depfiles commands
config.status:1213: cd src       && sed -e '/# am--include-marker/d' Makefile         | make -f - am--depfiles
make: Nothing to be done for 'am--depfiles'.
config.status:1218: $? = 0
config.status:1136: executing po-directories commands

## ---------------- ##
## Cache variables. ##
## ---------------- ##

ac_cv_build=x86_64-pc-linux-gnu
ac_cv_c_compiler_gnu=yes
ac_cv_env_CC_set=
ac_cv_env_CC_value=
ac_cv_env_CFLAGS_set=
ac_cv_env_CFLAGS_value=
ac_cv_env_CPPFLAGS_set=
ac_cv_env_CPPFLAGS_value=
ac_cv_env_CPP_set=
ac_cv_env_CPP_value=
ac_cv_env_LDFLAGS_set=
ac_cv_env_LDFLAGS_value=
ac_cv_env_LIBMP3SPLT_CFLAGS_set=
ac_cv_env_LIBMP3SPLT_CFLAGS_value=
ac_cv_env_LIBMP3SPLT_LIBS_set=
ac_cv_env_LIBMP3SPLT_LIBS_value=
ac_cv_env_LIBS_set=
ac_cv_env_LIBS_value=
ac_cv_env_PKG_CONFIG_LIBDIR_set=
ac_cv_env_PKG_CONFIG_LIBDIR_value=
ac_cv_env_PKG_CONFIG_PATH_set=set
ac_cv_env_PKG_CONFIG_PATH_value=:/home/l1/Desktop/Thesis/Subjects/mp3splt/mp3splt-gtk/../libmp3splt/target/lib/pkgconfig/:/home/l1/Desktop/Thesis/Subjects/mp3splt/newmp3splt/../libmp3splt/target/lib/pkgconfig/
ac_cv_env_PKG_CONFIG_set=
ac_cv_env_PKG_CONFIG_value=
ac_cv_env_build_alias_set=
ac_cv_env_build_alias_value=
ac_cv_env_host_alias_set=
ac_cv_env_host_alias_value=
ac_cv_env_target_alias_set=
ac_cv_env_target_alias_value=
ac_cv_func_getline=yes
ac_cv_header_inttypes_h=yes
ac_cv_header_stdint_h=yes
ac_cv_header_stdio_h=yes
ac_cv_header_stdlib_h=yes
ac_cv_header_string_h=yes
ac_cv_header_strings_h=yes
ac_cv_header_sys_stat_h=yes
ac_cv_header_sys_types_h=yes
ac_cv_header_unistd_h=yes
ac_cv_host=x86_64-pc-linux-gnu
ac_cv_objext=o
ac_cv_path_EGREP='/usr/bin/grep -E'
ac_cv_path_GMSGFMT=/usr/bin/msgfmt
ac_cv_path_GREP=/usr/bin/grep
ac_cv_path_MSGFMT=/usr/bin/msgfmt
ac_cv_path_MSGMERGE=/usr/bin/msgmerge
ac_cv_path_SED=/usr/bin/sed
ac_cv_path_XGETTEXT=/usr/bin/xgettext
ac_cv_path_ac_pt_PKG_CONFIG=/usr/bin/pkg-config
ac_cv_path_install='/usr/bin/install -c'
ac_cv_path_mkdir=/usr/bin/mkdir
ac_cv_prog_AWK=mawk
ac_cv_prog_CPP='gcc -E'
ac_cv_prog_ac_ct_CC=gcc
ac_cv_prog_cc_c11=
ac_cv_prog_cc_g=yes
ac_cv_prog_cc_stdc=
ac_cv_prog_make_make_set=yes
acl_cv_libdirstems=lib,lib,lib64
acl_cv_path_LD=/usr/bin/ld
acl_cv_prog_gnu_ld=yes
acl_cv_rpath=done
am_cv_CC_dependencies_compiler_type=gcc3
am_cv_make_support_nested_variables=yes
am_cv_prog_cc_c_o=yes
gl_cv_elf=yes
gl_cv_host_cpu_c_abi_32bit=no
gt_cv_func_CFLocaleCopyPreferredLanguages=no
gt_cv_func_CFPreferencesCopyAppValue=no
gt_cv_func_gnugettext1_libc=yes
pkg_cv_LIBMP3SPLT_CFLAGS=-I/home/l1/Desktop/Thesis/Subjects/mp3splt/libmp3splt/target/include
pkg_cv_LIBMP3SPLT_LIBS='-L/home/l1/Desktop/Thesis/Subjects/mp3splt/libmp3splt/target/lib -lmp3splt'

## ----------------- ##
## Output variables. ##
## ----------------- ##

ACLOCAL='${SHELL} '\''/home/l1/Desktop/Thesis/Subjects/mp3splt/newmp3splt/missing'\'' aclocal-1.16'
AMDEPBACKSLASH='\'
AMDEP_FALSE='#'
AMDEP_TRUE=''
AMTAR='$${TAR-tar}'
AM_BACKSLASH='\'
AM_DEFAULT_V='$(AM_DEFAULT_VERBOSITY)'
AM_DEFAULT_VERBOSITY='1'
AM_V='$(V)'
AUTOCONF='${SHELL} '\''/home/l1/Desktop/Thesis/Subjects/mp3splt/newmp3splt/missing'\'' autoconf'
AUTOHEADER='${SHELL} '\''/home/l1/Desktop/Thesis/Subjects/mp3splt/newmp3splt/missing'\'' autoheader'
AUTOMAKE='${SHELL} '\''/home/l1/Desktop/Thesis/Subjects/mp3splt/newmp3splt/missing'\'' automake-1.16'
AWK='mawk'
CC='gcc'
CCDEPMODE='depmode=gcc3'
CFLAGS='-g -O2'
CPP='gcc -E'
CPPFLAGS=''
CSCOPE='cscope'
CTAGS='ctags'
CYGPATH_W='echo'
DEFS='-DHAVE_CONFIG_H'
DEPDIR='.deps'
DO_FLAC_SYMLINK_FALSE=''
DO_FLAC_SYMLINK_TRUE='#'
DO_OGG_SYMLINK_FALSE=''
DO_OGG_SYMLINK_TRUE='#'
ECHO_C=''
ECHO_N='-n'
ECHO_T=''
EGREP='/usr/bin/grep -E'
ETAGS='etags'
EXEEXT=''
GETTEXT_MACRO_VERSION='0.20'
GMSGFMT='/usr/bin/msgfmt'
GMSGFMT_015='/usr/bin/msgfmt'
GREP='/usr/bin/grep'
INSTALL_DATA='${INSTALL} -m 644'
INSTALL_PROGRAM='${INSTALL}'
INSTALL_SCRIPT='${INSTALL}'
INSTALL_STRIP_PROGRAM='$(install_sh) -c -s'
INTLLIBS=''
INTL_MACOSX_LIBS=''
LDFLAGS=''
LIBICONV='-liconv'
LIBINTL=''
LIBMP3SPLT_CFLAGS='-I/home/l1/Desktop/Thesis/Subjects/mp3splt/libmp3splt/target/include'
LIBMP3SPLT_LIBS='-L/home/l1/Desktop/Thesis/Subjects/mp3splt/libmp3splt/target/lib -lmp3splt'
LIBOBJS=''
LIBS=''
LN_S='ln -s'
LTLIBICONV='-liconv'
LTLIBINTL=''
LTLIBOBJS=''
MAINT=''
MAINTAINER_MODE_FALSE='#'
MAINTAINER_MODE_TRUE=''
MAKEINFO='${SHELL} '\''/home/l1/Desktop/Thesis/Subjects/mp3splt/newmp3splt/missing'\'' makeinfo'
MKDIR_P='/usr/bin/mkdir -p'
MSGFMT='/usr/bin/msgfmt'
MSGMERGE='/usr/bin/msgmerge'
MSGMERGE_FOR_MSGFMT_OPTION='--for-msgfmt'
OBJEXT='o'
PACKAGE='mp3splt'
PACKAGE_BUGREPORT='mtrotta@users.sourceforge.net'
PACKAGE_NAME='mp3splt'
PACKAGE_STRING='mp3splt 2.6.3.1518'
PACKAGE_TARNAME='mp3splt'
PACKAGE_URL=''
PACKAGE_VERSION='2.6.3.1518'
PATH_SEPARATOR=':'
PKG_CONFIG='/usr/bin/pkg-config'
PKG_CONFIG_LIBDIR=''
PKG_CONFIG_PATH=':/home/l1/Desktop/Thesis/Subjects/mp3splt/mp3splt-gtk/../libmp3splt/target/lib/pkgconfig/:/home/l1/Desktop/Thesis/Subjects/mp3splt/newmp3splt/../libmp3splt/target/lib/pkgconfig/'
POSUB='po'
SED='/usr/bin/sed'
SET_MAKE=''
SHELL='/bin/bash'
STRIP=''
USE_NLS='yes'
VERSION='2.6.3.1518'
WIN32_FALSE=''
WIN32_TRUE='#'
XGETTEXT='/usr/bin/xgettext'
XGETTEXT_015='/usr/bin/xgettext'
XGETTEXT_EXTRA_OPTIONS=''
ac_ct_CC='gcc'
am__EXEEXT_FALSE=''
am__EXEEXT_TRUE='#'
am__fastdepCC_FALSE='#'
am__fastdepCC_TRUE=''
am__include='include'
am__isrc=''
am__leading_dot='.'
am__nodep='_no'
am__quote=''
am__tar='$${TAR-tar} chof - "$$tardir"'
am__untar='$${TAR-tar} xf -'
bindir='${exec_prefix}/bin'
build='x86_64-pc-linux-gnu'
build_alias=''
build_cpu='x86_64'
build_os='linux-gnu'
build_vendor='pc'
datadir='${datarootdir}'
datarootdir='${prefix}/share'
docdir='${datarootdir}/doc/${PACKAGE_TARNAME}'
dvidir='${docdir}'
exec_prefix='${prefix}'
host='x86_64-pc-linux-gnu'
host_alias=''
host_cpu='x86_64'
host_os='linux-gnu'
host_vendor='pc'
htmldir='${docdir}'
includedir='${prefix}/include'
infodir='${datarootdir}/info'
install_sh='${SHELL} /home/l1/Desktop/Thesis/Subjects/mp3splt/newmp3splt/install-sh'
libdir='${exec_prefix}/lib'
libexecdir='${exec_prefix}/libexec'
localedir='${datarootdir}/locale'
localstatedir='${prefix}/var'
mandir='${datarootdir}/man'
mkdir_p='$(MKDIR_P)'
oldincludedir='/usr/include'
pdfdir='${docdir}'
prefix='/usr/local'
program_transform_name='s,x,x,'
psdir='${docdir}'
runstatedir='${localstatedir}/run'
sbindir='${exec_prefix}/sbin'
sharedstatedir='${prefix}/com'
sysconfdir='${prefix}/etc'
target_alias=''

## ----------- ##
## confdefs.h. ##
## ----------- ##

/* confdefs.h */
#define PACKAGE_NAME "mp3splt"
#define PACKAGE_TARNAME "mp3splt"
#define PACKAGE_VERSION "2.6.3.1518"
#define PACKAGE_STRING "mp3splt 2.6.3.1518"
#define PACKAGE_BUGREPORT "mtrotta@users.sourceforge.net"
#define PACKAGE_URL ""
#define PACKAGE "mp3splt"
#define VERSION "2.6.3.1518"
#define HAVE_STDIO_H 1
#define HAVE_STDLIB_H 1
#define HAVE_STRING_H 1
#define HAVE_INTTYPES_H 1
#define HAVE_STDINT_H 1
#define HAVE_STRINGS_H 1
#define HAVE_SYS_STAT_H 1
#define HAVE_SYS_TYPES_H 1
#define HAVE_UNISTD_H 1
#define STDC_HEADERS 1
#define HAVE_UNISTD_H 1
#define ENABLE_NLS 1
#define HAVE_GETTEXT 1
#define HAVE_DCGETTEXT 1
#define LIBMP3SPLT_WITH_SONAME "libmp3splt0"
#define HAVE_GETLINE 1

configure: exit 0
