This file contains any messages produced by compilers while
running configure, to aid debugging if configure makes a mistake.

It was created by flac configure 1.3.4, which was
generated by GNU Autoconf 2.71.  Invocation command line was

  $ ./configure

## --------- ##
## Platform. ##
## --------- ##

hostname = L1
uname -m = x86_64
uname -r = 5.15.0-27-generic
uname -s = Linux
uname -v = #28-Ubuntu SMP Thu Apr 14 04:55:28 UTC 2022

/usr/bin/uname -p = x86_64
/bin/uname -X     = unknown

/bin/arch              = x86_64
/usr/bin/arch -k       = unknown
/usr/convex/getsysinfo = unknown
/usr/bin/hostinfo      = unknown
/bin/machine           = unknown
/usr/bin/oslevel       = unknown
/bin/universe          = unknown

PATH: /usr/local/sbin/
PATH: /usr/local/bin/
PATH: /usr/sbin/
PATH: /usr/bin/
PATH: /sbin/
PATH: /bin/
PATH: /usr/games/
PATH: /usr/local/games/
PATH: /snap/bin/
PATH: /snap/bin/
PATH: /home/l1/010editor/
PATH: /home/l1/010editor/


## ----------- ##
## Core tests. ##
## ----------- ##

configure:3202: looking for aux files: config.rpath config.guess config.sub ltmain.sh ar-lib compile missing install-sh
configure:3215:  trying ./
configure:3244:   ./config.rpath found
configure:3244:   ./config.guess found
configure:3244:   ./config.sub found
configure:3244:   ./ltmain.sh found
configure:3244:   ./ar-lib found
configure:3244:   ./compile found
configure:3244:   ./missing found
configure:3226:   ./install-sh found
configure:3377: checking for a BSD-compatible install
configure:3450: result: /usr/bin/install -c
configure:3461: checking whether build environment is sane
configure:3516: result: yes
configure:3675: checking for a race-free mkdir -p
configure:3719: result: /usr/bin/mkdir -p
configure:3726: checking for gawk
configure:3761: result: no
configure:3726: checking for mawk
configure:3747: found /usr/bin/mawk
configure:3758: result: mawk
configure:3769: checking whether make sets $(MAKE)
configure:3792: result: yes
configure:3822: checking whether make supports nested variables
configure:3840: result: yes
configure:3915: checking how to create a pax tar archive
configure:3926: tar --version
tar (GNU tar) 1.34
Copyright (C) 2021 Free Software Foundation, Inc.
License GPLv3+: GNU GPL version 3 or later <https://gnu.org/licenses/gpl.html>.
This is free software: you are free to change and redistribute it.
There is NO WARRANTY, to the extent permitted by law.

Written by John Gilmore and Jay Fenlason.
configure:3929: $? = 0
configure:3969: tardir=conftest.dir && eval tar --format=posix -chf - "$tardir" >conftest.tar
configure:3972: $? = 0
configure:3976: tar -xf - <conftest.tar
configure:3979: $? = 0
configure:3981: cat conftest.dir/file
GrepMe
configure:3984: $? = 0
configure:3998: result: gnutar
configure:4074: checking whether make supports nested variables
configure:4092: result: yes
configure:4104: checking whether configure should try to set CFLAGS/CXXFLAGS/CPPFLAGS/LDFLAGS
configure:4113: result: yes
configure:4117: checking whether to enable debugging
configure:4182: result: no
configure:4282: checking for gcc
configure:4303: found /usr/bin/gcc
configure:4314: result: gcc
configure:4667: checking for C compiler version
configure:4676: gcc --version >&5
gcc (Ubuntu 11.2.0-19ubuntu1) 11.2.0
Copyright (C) 2021 Free Software Foundation, Inc.
This is free software; see the source for copying conditions.  There is NO
warranty; not even for MERCHANTABILITY or FITNESS FOR A PARTICULAR PURPOSE.

configure:4687: $? = 0
configure:4676: gcc -v >&5
Using built-in specs.
COLLECT_GCC=gcc
COLLECT_LTO_WRAPPER=/usr/lib/gcc/x86_64-linux-gnu/11/lto-wrapper
OFFLOAD_TARGET_NAMES=nvptx-none:amdgcn-amdhsa
OFFLOAD_TARGET_DEFAULT=1
Target: x86_64-linux-gnu
Configured with: ../src/configure -v --with-pkgversion='Ubuntu 11.2.0-19ubuntu1' --with-bugurl=file:///usr/share/doc/gcc-11/README.Bugs --enable-languages=c,ada,c++,go,brig,d,fortran,objc,obj-c++,m2 --prefix=/usr --with-gcc-major-version-only --program-suffix=-11 --program-prefix=x86_64-linux-gnu- --enable-shared --enable-linker-build-id --libexecdir=/usr/lib --without-included-gettext --enable-threads=posix --libdir=/usr/lib --enable-nls --enable-bootstrap --enable-clocale=gnu --enable-libstdcxx-debug --enable-libstdcxx-time=yes --with-default-libstdcxx-abi=new --enable-gnu-unique-object --disable-vtable-verify --enable-plugin --enable-default-pie --with-system-zlib --enable-libphobos-checking=release --with-target-system-zlib=auto --enable-objc-gc=auto --enable-multiarch --disable-werror --enable-cet --with-arch-32=i686 --with-abi=m64 --with-multilib-list=m32,m64,mx32 --enable-multilib --with-tune=generic --enable-offload-targets=nvptx-none=/build/gcc-11-gBFGDP/gcc-11-11.2.0/debian/tmp-nvptx/usr,amdgcn-amdhsa=/build/gcc-11-gBFGDP/gcc-11-11.2.0/debian/tmp-gcn/usr --without-cuda-driver --enable-checking=release --build=x86_64-linux-gnu --host=x86_64-linux-gnu --target=x86_64-linux-gnu --with-build-config=bootstrap-lto-lean --enable-link-serialization=2
Thread model: posix
Supported LTO compression algorithms: zlib zstd
gcc version 11.2.0 (Ubuntu 11.2.0-19ubuntu1) 
... rest of stderr output deleted ...
configure:4687: $? = 0
configure:4676: gcc -V >&5
gcc: error: unrecognized command-line option '-V'
gcc: fatal error: no input files
compilation terminated.
configure:4687: $? = 1
configure:4676: gcc -qversion >&5
gcc: error: unrecognized command-line option '-qversion'; did you mean '--version'?
gcc: fatal error: no input files
compilation terminated.
configure:4687: $? = 1
configure:4676: gcc -version >&5
gcc: error: unrecognized command-line option '-version'
gcc: fatal error: no input files
compilation terminated.
configure:4687: $? = 1
configure:4707: checking whether the C compiler works
configure:4729: gcc    conftest.c  >&5
configure:4733: $? = 0
configure:4783: result: yes
configure:4786: checking for C compiler default output file name
configure:4788: result: a.out
configure:4794: checking for suffix of executables
configure:4801: gcc -o conftest    conftest.c  >&5
configure:4805: $? = 0
configure:4828: result: 
configure:4850: checking whether we are cross compiling
configure:4858: gcc -o conftest    conftest.c  >&5
configure:4862: $? = 0
configure:4869: ./conftest
configure:4873: $? = 0
configure:4888: result: no
configure:4893: checking for suffix of object files
configure:4916: gcc -c   conftest.c >&5
configure:4920: $? = 0
configure:4942: result: o
configure:4946: checking whether the compiler supports GNU C
configure:4966: gcc -c   conftest.c >&5
configure:4966: $? = 0
configure:4976: result: yes
configure:4987: checking whether gcc accepts -g
configure:5008: gcc -c -g  conftest.c >&5
configure:5008: $? = 0
configure:5052: result: yes
configure:5072: checking for gcc option to enable C11 features
configure:5087: gcc  -c   conftest.c >&5
configure:5087: $? = 0
configure:5105: result: none needed
configure:5221: checking whether gcc understands -c and -o together
configure:5244: gcc -c conftest.c -o conftest2.o
configure:5247: $? = 0
configure:5244: gcc -c conftest.c -o conftest2.o
configure:5247: $? = 0
configure:5259: result: yes
configure:5279: checking whether make supports the include directive
configure:5294: make -f confmf.GNU && cat confinc.out
this is the am__doit target
configure:5297: $? = 0
configure:5316: result: yes (GNU style)
configure:5342: checking dependency style of gcc
configure:5454: result: gcc3
configure:5474: checking for stdio.h
configure:5474: gcc -c   conftest.c >&5
configure:5474: $? = 0
configure:5474: result: yes
configure:5474: checking for stdlib.h
configure:5474: gcc -c   conftest.c >&5
configure:5474: $? = 0
configure:5474: result: yes
configure:5474: checking for string.h
configure:5474: gcc -c   conftest.c >&5
configure:5474: $? = 0
configure:5474: result: yes
configure:5474: checking for inttypes.h
configure:5474: gcc -c   conftest.c >&5
configure:5474: $? = 0
configure:5474: result: yes
configure:5474: checking for stdint.h
configure:5474: gcc -c   conftest.c >&5
configure:5474: $? = 0
configure:5474: result: yes
configure:5474: checking for strings.h
configure:5474: gcc -c   conftest.c >&5
configure:5474: $? = 0
configure:5474: result: yes
configure:5474: checking for sys/stat.h
configure:5474: gcc -c   conftest.c >&5
configure:5474: $? = 0
configure:5474: result: yes
configure:5474: checking for sys/types.h
configure:5474: gcc -c   conftest.c >&5
configure:5474: $? = 0
configure:5474: result: yes
configure:5474: checking for unistd.h
configure:5474: gcc -c   conftest.c >&5
configure:5474: $? = 0
configure:5474: result: yes
configure:5474: checking for wchar.h
configure:5474: gcc -c   conftest.c >&5
configure:5474: $? = 0
configure:5474: result: yes
configure:5474: checking for minix/config.h
configure:5474: gcc -c   conftest.c >&5
conftest.c:50:10: fatal error: minix/config.h: No such file or directory
   50 | #include <minix/config.h>
      |          ^~~~~~~~~~~~~~~~
compilation terminated.
configure:5474: $? = 1
configure: failed program was:
| /* confdefs.h */
| #define PACKAGE_NAME "flac"
| #define PACKAGE_TARNAME "flac"
| #define PACKAGE_VERSION "1.3.4"
| #define PACKAGE_STRING "flac 1.3.4"
| #define PACKAGE_BUGREPORT "flac-dev@xiph.org"
| #define PACKAGE_URL "https://www.xiph.org/flac/"
| #define PACKAGE "flac"
| #define VERSION "1.3.4"
| #define NDEBUG /**/
| #define HAVE_STDIO_H 1
| #define HAVE_STDLIB_H 1
| #define HAVE_STRING_H 1
| #define HAVE_INTTYPES_H 1
| #define HAVE_STDINT_H 1
| #define HAVE_STRINGS_H 1
| #define HAVE_SYS_STAT_H 1
| #define HAVE_SYS_TYPES_H 1
| #define HAVE_UNISTD_H 1
| #define HAVE_WCHAR_H 1
| /* end confdefs.h.  */
| #include <stddef.h>
| #ifdef HAVE_STDIO_H
| # include <stdio.h>
| #endif
| #ifdef HAVE_STDLIB_H
| # include <stdlib.h>
| #endif
| #ifdef HAVE_STRING_H
| # include <string.h>
| #endif
| #ifdef HAVE_INTTYPES_H
| # include <inttypes.h>
| #endif
| #ifdef HAVE_STDINT_H
| # include <stdint.h>
| #endif
| #ifdef HAVE_STRINGS_H
| # include <strings.h>
| #endif
| #ifdef HAVE_SYS_TYPES_H
| # include <sys/types.h>
| #endif
| #ifdef HAVE_SYS_STAT_H
| # include <sys/stat.h>
| #endif
| #ifdef HAVE_UNISTD_H
| # include <unistd.h>
| #endif
| #include <minix/config.h>
configure:5474: result: no
configure:5505: checking whether it is safe to define __EXTENSIONS__
configure:5524: gcc -c   conftest.c >&5
configure:5524: $? = 0
configure:5532: result: yes
configure:5535: checking whether _XOPEN_SOURCE should be defined
configure:5557: gcc -c   conftest.c >&5
configure:5557: $? = 0
configure:5584: result: no
configure:5695: checking for ar
configure:5716: found /usr/bin/ar
configure:5727: result: ar
configure:5753: checking the archiver (ar) interface
configure:5770: gcc -c   conftest.c >&5
configure:5770: $? = 0
configure:5773: ar cru libconftest.a conftest.o >&5
ar: `u' modifier ignored since `D' is the default (see `U')
configure:5776: $? = 0
configure:5804: result: ar
configure:5856: checking build system type
configure:5871: result: x86_64-pc-linux-gnu
configure:5891: checking host system type
configure:5905: result: x86_64-pc-linux-gnu
configure:5946: checking how to print strings
configure:5973: result: printf
configure:5994: checking for a sed that does not truncate output
configure:6064: result: /usr/bin/sed
configure:6082: checking for grep that handles long lines and -e
configure:6146: result: /usr/bin/grep
configure:6151: checking for egrep
configure:6219: result: /usr/bin/grep -E
configure:6224: checking for fgrep
configure:6292: result: /usr/bin/grep -F
configure:6328: checking for ld used by gcc
configure:6396: result: /usr/bin/ld
configure:6403: checking if the linker (/usr/bin/ld) is GNU ld
configure:6419: result: yes
configure:6431: checking for BSD- or MS-compatible name lister (nm)
configure:6486: result: /usr/bin/nm -B
configure:6626: checking the name lister (/usr/bin/nm -B) interface
configure:6634: gcc -c   conftest.c >&5
configure:6637: /usr/bin/nm -B "conftest.o"
configure:6640: output
0000000000000000 B some_variable
configure:6647: result: BSD nm
configure:6650: checking whether ln -s works
configure:6654: result: yes
configure:6662: checking the maximum length of command line arguments
configure:6794: result: 1572864
configure:6842: checking how to convert x86_64-pc-linux-gnu file names to x86_64-pc-linux-gnu format
configure:6883: result: func_convert_file_noop
configure:6890: checking how to convert x86_64-pc-linux-gnu file names to toolchain format
configure:6911: result: func_convert_file_noop
configure:6918: checking for /usr/bin/ld option to reload object files
configure:6926: result: -r
configure:7005: checking for objdump
configure:7026: found /usr/bin/objdump
configure:7037: result: objdump
configure:7066: checking how to recognize dependent libraries
configure:7267: result: pass_all
configure:7357: checking for dlltool
configure:7392: result: no
configure:7419: checking how to associate runtime and link libraries
configure:7447: result: printf %s\n
configure:7581: checking for archiver @FILE support
configure:7599: gcc -c   conftest.c >&5
configure:7599: $? = 0
configure:7603: ar cr libconftest.a @conftest.lst >&5
configure:7606: $? = 0
configure:7611: ar cr libconftest.a @conftest.lst >&5
ar: conftest.o: No such file or directory
configure:7614: $? = 1
configure:7626: result: @
configure:7689: checking for strip
configure:7710: found /usr/bin/strip
configure:7721: result: strip
configure:7798: checking for ranlib
configure:7819: found /usr/bin/ranlib
configure:7830: result: ranlib
configure:7932: checking command to parse /usr/bin/nm -B output from gcc object
configure:8086: gcc -c   conftest.c >&5
configure:8089: $? = 0
configure:8093: /usr/bin/nm -B conftest.o | sed -n -e 's/^.*[	 ]\([ABCDGIRSTW][ABCDGIRSTW]*\)[	 ][	 ]*\([_A-Za-z][_A-Za-z0-9]*\)$/\1 \2 \2/p' | sed '/ __gnu_lto/d' > conftest.nm
configure:8159: gcc -o conftest    conftest.c conftstm.o >&5
configure:8162: $? = 0
configure:8200: result: ok
configure:8247: checking for sysroot
configure:8278: result: no
configure:8285: checking for a working dd
configure:8329: result: /usr/bin/dd
configure:8333: checking how to truncate binary pipes
configure:8349: result: /usr/bin/dd bs=4096 count=1
configure:8486: gcc -c   conftest.c >&5
configure:8489: $? = 0
configure:8686: checking for mt
configure:8707: found /usr/bin/mt
configure:8718: result: mt
configure:8741: checking if mt is a manifest tool
configure:8748: mt '-?'
configure:8756: result: no
configure:9482: checking for dlfcn.h
configure:9482: gcc -c   conftest.c >&5
configure:9482: $? = 0
configure:9482: result: yes
configure:10067: checking for objdir
configure:10083: result: .libs
configure:10347: checking if gcc supports -fno-rtti -fno-exceptions
configure:10366: gcc -c   -fno-rtti -fno-exceptions conftest.c >&5
cc1: warning: command-line option '-fno-rtti' is valid for C++/D/ObjC++ but not for C
configure:10370: $? = 0
configure:10383: result: no
configure:10747: checking for gcc option to produce PIC
configure:10755: result: -fPIC -DPIC
configure:10763: checking if gcc PIC flag -fPIC -DPIC works
configure:10782: gcc -c   -fPIC -DPIC -DPIC conftest.c >&5
configure:10786: $? = 0
configure:10799: result: yes
configure:10828: checking if gcc static flag -static works
configure:10857: result: yes
configure:10872: checking if gcc supports -c -o file.o
configure:10894: gcc -c   -o out/conftest2.o conftest.c >&5
configure:10898: $? = 0
configure:10920: result: yes
configure:10928: checking if gcc supports -c -o file.o
configure:10976: result: yes
configure:11009: checking whether the gcc linker (/usr/bin/ld -m elf_x86_64) supports shared libraries
configure:12279: result: yes
configure:12316: checking whether -lc should be explicitly linked in
configure:12325: gcc -c   conftest.c >&5
configure:12328: $? = 0
configure:12343: gcc -shared  -fPIC -DPIC conftest.o  -v -Wl,-soname -Wl,conftest -o conftest 2\>\&1 \| /usr/bin/grep  -lc  \>/dev/null 2\>\&1
configure:12346: $? = 0
configure:12360: result: no
configure:12520: checking dynamic linker characteristics
configure:13102: gcc -o conftest    -Wl,-rpath -Wl,/foo conftest.c  >&5
configure:13102: $? = 0
configure:13353: result: GNU/Linux ld.so
configure:13475: checking how to hardcode library paths into programs
configure:13500: result: immediate
configure:14052: checking whether stripping libraries is possible
configure:14057: result: yes
configure:14092: checking if libtool supports shared libraries
configure:14094: result: yes
configure:14097: checking whether to build shared libraries
configure:14122: result: yes
configure:14125: checking whether to build static libraries
configure:14129: result: no
configure:14175: checking dependency style of gcc
configure:14285: result: gcc3
configure:14369: checking for g++
configure:14390: found /usr/bin/g++
configure:14401: result: g++
configure:14428: checking for C++ compiler version
configure:14437: g++ --version >&5
g++ (Ubuntu 11.2.0-19ubuntu1) 11.2.0
Copyright (C) 2021 Free Software Foundation, Inc.
This is free software; see the source for copying conditions.  There is NO
warranty; not even for MERCHANTABILITY or FITNESS FOR A PARTICULAR PURPOSE.

configure:14448: $? = 0
configure:14437: g++ -v >&5
Using built-in specs.
COLLECT_GCC=g++
COLLECT_LTO_WRAPPER=/usr/lib/gcc/x86_64-linux-gnu/11/lto-wrapper
OFFLOAD_TARGET_NAMES=nvptx-none:amdgcn-amdhsa
OFFLOAD_TARGET_DEFAULT=1
Target: x86_64-linux-gnu
Configured with: ../src/configure -v --with-pkgversion='Ubuntu 11.2.0-19ubuntu1' --with-bugurl=file:///usr/share/doc/gcc-11/README.Bugs --enable-languages=c,ada,c++,go,brig,d,fortran,objc,obj-c++,m2 --prefix=/usr --with-gcc-major-version-only --program-suffix=-11 --program-prefix=x86_64-linux-gnu- --enable-shared --enable-linker-build-id --libexecdir=/usr/lib --without-included-gettext --enable-threads=posix --libdir=/usr/lib --enable-nls --enable-bootstrap --enable-clocale=gnu --enable-libstdcxx-debug --enable-libstdcxx-time=yes --with-default-libstdcxx-abi=new --enable-gnu-unique-object --disable-vtable-verify --enable-plugin --enable-default-pie --with-system-zlib --enable-libphobos-checking=release --with-target-system-zlib=auto --enable-objc-gc=auto --enable-multiarch --disable-werror --enable-cet --with-arch-32=i686 --with-abi=m64 --with-multilib-list=m32,m64,mx32 --enable-multilib --with-tune=generic --enable-offload-targets=nvptx-none=/build/gcc-11-gBFGDP/gcc-11-11.2.0/debian/tmp-nvptx/usr,amdgcn-amdhsa=/build/gcc-11-gBFGDP/gcc-11-11.2.0/debian/tmp-gcn/usr --without-cuda-driver --enable-checking=release --build=x86_64-linux-gnu --host=x86_64-linux-gnu --target=x86_64-linux-gnu --with-build-config=bootstrap-lto-lean --enable-link-serialization=2
Thread model: posix
Supported LTO compression algorithms: zlib zstd
gcc version 11.2.0 (Ubuntu 11.2.0-19ubuntu1) 
... rest of stderr output deleted ...
configure:14448: $? = 0
configure:14437: g++ -V >&5
g++: error: unrecognized command-line option '-V'
g++: fatal error: no input files
compilation terminated.
configure:14448: $? = 1
configure:14437: g++ -qversion >&5
g++: error: unrecognized command-line option '-qversion'; did you mean '--version'?
g++: fatal error: no input files
compilation terminated.
configure:14448: $? = 1
configure:14452: checking whether the compiler supports GNU C++
configure:14472: g++ -c   conftest.cpp >&5
configure:14472: $? = 0
configure:14482: result: yes
configure:14493: checking whether g++ accepts -g
configure:14514: g++ -c -g  conftest.cpp >&5
configure:14514: $? = 0
configure:14558: result: yes
configure:14578: checking for g++ option to enable C++11 features
configure:14593: g++  -c   conftest.cpp >&5
conftest.cpp: In function 'int main(int, char**)':
conftest.cpp:207:25: warning: empty parentheses were disambiguated as a function declaration [-Wvexing-parse]
  207 |   cxx11test::delegate d2();
      |                         ^~
conftest.cpp:207:25: note: remove parentheses to default-initialize a variable
  207 |   cxx11test::delegate d2();
      |                         ^~
      |                         --
conftest.cpp:207:25: note: or replace parentheses with braces to value-initialize a variable
configure:14593: $? = 0
configure:14611: result: none needed
configure:14677: checking dependency style of g++
configure:14789: result: gcc3
configure:14822: checking how to run the C++ preprocessor
configure:14844: g++ -E  conftest.cpp
configure:14844: $? = 0
configure:14859: g++ -E  conftest.cpp
conftest.cpp:41:10: fatal error: ac_nonexistent.h: No such file or directory
   41 | #include <ac_nonexistent.h>
      |          ^~~~~~~~~~~~~~~~~~
compilation terminated.
configure:14859: $? = 1
configure: failed program was:
| /* confdefs.h */
| #define PACKAGE_NAME "flac"
| #define PACKAGE_TARNAME "flac"
| #define PACKAGE_VERSION "1.3.4"
| #define PACKAGE_STRING "flac 1.3.4"
| #define PACKAGE_BUGREPORT "flac-dev@xiph.org"
| #define PACKAGE_URL "https://www.xiph.org/flac/"
| #define PACKAGE "flac"
| #define VERSION "1.3.4"
| #define NDEBUG /**/
| #define HAVE_STDIO_H 1
| #define HAVE_STDLIB_H 1
| #define HAVE_STRING_H 1
| #define HAVE_INTTYPES_H 1
| #define HAVE_STDINT_H 1
| #define HAVE_STRINGS_H 1
| #define HAVE_SYS_STAT_H 1
| #define HAVE_SYS_TYPES_H 1
| #define HAVE_UNISTD_H 1
| #define HAVE_WCHAR_H 1
| #define STDC_HEADERS 1
| #define _ALL_SOURCE 1
| #define _DARWIN_C_SOURCE 1
| #define _GNU_SOURCE 1
| #define _HPUX_ALT_XOPEN_SOCKET_API 1
| #define _NETBSD_SOURCE 1
| #define _OPENBSD_SOURCE 1
| #define _POSIX_PTHREAD_SEMANTICS 1
| #define __STDC_WANT_IEC_60559_ATTRIBS_EXT__ 1
| #define __STDC_WANT_IEC_60559_BFP_EXT__ 1
| #define __STDC_WANT_IEC_60559_DFP_EXT__ 1
| #define __STDC_WANT_IEC_60559_FUNCS_EXT__ 1
| #define __STDC_WANT_IEC_60559_TYPES_EXT__ 1
| #define __STDC_WANT_LIB_EXT2__ 1
| #define __STDC_WANT_MATH_SPEC_FUNCS__ 1
| #define _TANDEM_SOURCE 1
| #define __EXTENSIONS__ 1
| #define HAVE_DLFCN_H 1
| #define LT_OBJDIR ".libs/"
| /* end confdefs.h.  */
| #include <ac_nonexistent.h>
configure:14886: result: g++ -E
configure:14900: g++ -E  conftest.cpp
configure:14900: $? = 0
configure:14915: g++ -E  conftest.cpp
conftest.cpp:41:10: fatal error: ac_nonexistent.h: No such file or directory
   41 | #include <ac_nonexistent.h>
      |          ^~~~~~~~~~~~~~~~~~
compilation terminated.
configure:14915: $? = 1
configure: failed program was:
| /* confdefs.h */
| #define PACKAGE_NAME "flac"
| #define PACKAGE_TARNAME "flac"
| #define PACKAGE_VERSION "1.3.4"
| #define PACKAGE_STRING "flac 1.3.4"
| #define PACKAGE_BUGREPORT "flac-dev@xiph.org"
| #define PACKAGE_URL "https://www.xiph.org/flac/"
| #define PACKAGE "flac"
| #define VERSION "1.3.4"
| #define NDEBUG /**/
| #define HAVE_STDIO_H 1
| #define HAVE_STDLIB_H 1
| #define HAVE_STRING_H 1
| #define HAVE_INTTYPES_H 1
| #define HAVE_STDINT_H 1
| #define HAVE_STRINGS_H 1
| #define HAVE_SYS_STAT_H 1
| #define HAVE_SYS_TYPES_H 1
| #define HAVE_UNISTD_H 1
| #define HAVE_WCHAR_H 1
| #define STDC_HEADERS 1
| #define _ALL_SOURCE 1
| #define _DARWIN_C_SOURCE 1
| #define _GNU_SOURCE 1
| #define _HPUX_ALT_XOPEN_SOCKET_API 1
| #define _NETBSD_SOURCE 1
| #define _OPENBSD_SOURCE 1
| #define _POSIX_PTHREAD_SEMANTICS 1
| #define __STDC_WANT_IEC_60559_ATTRIBS_EXT__ 1
| #define __STDC_WANT_IEC_60559_BFP_EXT__ 1
| #define __STDC_WANT_IEC_60559_DFP_EXT__ 1
| #define __STDC_WANT_IEC_60559_FUNCS_EXT__ 1
| #define __STDC_WANT_IEC_60559_TYPES_EXT__ 1
| #define __STDC_WANT_LIB_EXT2__ 1
| #define __STDC_WANT_MATH_SPEC_FUNCS__ 1
| #define _TANDEM_SOURCE 1
| #define __EXTENSIONS__ 1
| #define HAVE_DLFCN_H 1
| #define LT_OBJDIR ".libs/"
| /* end confdefs.h.  */
| #include <ac_nonexistent.h>
configure:15080: checking for ld used by g++
configure:15148: result: /usr/bin/ld -m elf_x86_64
configure:15155: checking if the linker (/usr/bin/ld -m elf_x86_64) is GNU ld
configure:15171: result: yes
configure:15226: checking whether the g++ linker (/usr/bin/ld -m elf_x86_64) supports shared libraries
configure:16303: result: yes
configure:16339: g++ -c   conftest.cpp >&5
configure:16342: $? = 0
configure:16823: checking for g++ option to produce PIC
configure:16831: result: -fPIC -DPIC
configure:16839: checking if g++ PIC flag -fPIC -DPIC works
configure:16858: g++ -c   -fPIC -DPIC -DPIC conftest.cpp >&5
configure:16862: $? = 0
configure:16875: result: yes
configure:16898: checking if g++ static flag -static works
configure:16927: result: yes
configure:16939: checking if g++ supports -c -o file.o
configure:16961: g++ -c   -o out/conftest2.o conftest.cpp >&5
configure:16965: $? = 0
configure:16987: result: yes
configure:16992: checking if g++ supports -c -o file.o
configure:17040: result: yes
configure:17070: checking whether the g++ linker (/usr/bin/ld -m elf_x86_64) supports shared libraries
configure:17113: result: yes
configure:17255: checking dynamic linker characteristics
configure:18015: result: GNU/Linux ld.so
configure:18080: checking how to hardcode library paths into programs
configure:18105: result: immediate
configure:18145: checking whether we are using the CLANG C compiler
configure:18169: gcc -o conftest    conftest.c  >&5
conftest.c: In function 'main':
conftest.c:49:33: error: unknown type name 'This'
   49 |                                 This is not clang!
      |                                 ^~~~
conftest.c:49:41: error: expected '=', ',', ';', 'asm' or '__attribute__' before 'not'
   49 |                                 This is not clang!
      |                                         ^~~
configure:18169: $? = 1
configure: failed program was:
| /* confdefs.h */
| #define PACKAGE_NAME "flac"
| #define PACKAGE_TARNAME "flac"
| #define PACKAGE_VERSION "1.3.4"
| #define PACKAGE_STRING "flac 1.3.4"
| #define PACKAGE_BUGREPORT "flac-dev@xiph.org"
| #define PACKAGE_URL "https://www.xiph.org/flac/"
| #define PACKAGE "flac"
| #define VERSION "1.3.4"
| #define NDEBUG /**/
| #define HAVE_STDIO_H 1
| #define HAVE_STDLIB_H 1
| #define HAVE_STRING_H 1
| #define HAVE_INTTYPES_H 1
| #define HAVE_STDINT_H 1
| #define HAVE_STRINGS_H 1
| #define HAVE_SYS_STAT_H 1
| #define HAVE_SYS_TYPES_H 1
| #define HAVE_UNISTD_H 1
| #define HAVE_WCHAR_H 1
| #define STDC_HEADERS 1
| #define _ALL_SOURCE 1
| #define _DARWIN_C_SOURCE 1
| #define _GNU_SOURCE 1
| #define _HPUX_ALT_XOPEN_SOCKET_API 1
| #define _NETBSD_SOURCE 1
| #define _OPENBSD_SOURCE 1
| #define _POSIX_PTHREAD_SEMANTICS 1
| #define __STDC_WANT_IEC_60559_ATTRIBS_EXT__ 1
| #define __STDC_WANT_IEC_60559_BFP_EXT__ 1
| #define __STDC_WANT_IEC_60559_DFP_EXT__ 1
| #define __STDC_WANT_IEC_60559_FUNCS_EXT__ 1
| #define __STDC_WANT_IEC_60559_TYPES_EXT__ 1
| #define __STDC_WANT_LIB_EXT2__ 1
| #define __STDC_WANT_MATH_SPEC_FUNCS__ 1
| #define _TANDEM_SOURCE 1
| #define __EXTENSIONS__ 1
| #define HAVE_DLFCN_H 1
| #define LT_OBJDIR ".libs/"
| /* end confdefs.h.  */
| 
| 			#include <stdio.h>
| 
| int
| main (void)
| {
| 
| 			#ifndef __clang__
| 				This is not clang!
| 			#endif
| 
|   ;
|   return 0;
| }
configure:18180: result: no
configure:18202: gcc -o conftest    conftest.c  >&5
configure:18202: $? = 0
configure:18213: checking whether make sets $(MAKE)
configure:18236: result: yes
configure:18255: checking for special C compiler options needed for large files
configure:18303: result: no
configure:18309: checking for _FILE_OFFSET_BITS value needed for large files
configure:18335: gcc -c   conftest.c >&5
configure:18335: $? = 0
configure:18369: result: no
configure:18451: checking for _LARGEFILE_SOURCE value needed for large files
configure:18471: gcc -o conftest    conftest.c  >&5
configure:18471: $? = 0
configure:18501: result: no
configure:18525: checking size of off_t
configure:18531: gcc -o conftest    conftest.c  >&5
configure:18531: $? = 0
configure:18531: ./conftest
configure:18531: $? = 0
configure:18546: result: 8
configure:18558: checking size of void*
configure:18564: gcc -o conftest    conftest.c  >&5
configure:18564: $? = 0
configure:18564: ./conftest
configure:18564: $? = 0
configure:18579: result: 8
configure:18587: checking for library containing lround
configure:18617: gcc -o conftest    conftest.c  >&5
conftest.c:48:6: warning: conflicting types for built-in function 'lround'; expected 'long int(double)' [-Wbuiltin-declaration-mismatch]
   48 | char lround ();
      |      ^~~~~~
conftest.c:1:1: note: 'lround' is declared in header '<math.h>'
    1 | /* confdefs.h */
/usr/bin/ld: /tmp/ccSj2A6z.o: in function `main':
conftest.c:(.text+0xe): undefined reference to `lround'
collect2: error: ld returned 1 exit status
configure:18617: $? = 1
configure: failed program was:
| /* confdefs.h */
| #define PACKAGE_NAME "flac"
| #define PACKAGE_TARNAME "flac"
| #define PACKAGE_VERSION "1.3.4"
| #define PACKAGE_STRING "flac 1.3.4"
| #define PACKAGE_BUGREPORT "flac-dev@xiph.org"
| #define PACKAGE_URL "https://www.xiph.org/flac/"
| #define PACKAGE "flac"
| #define VERSION "1.3.4"
| #define NDEBUG /**/
| #define HAVE_STDIO_H 1
| #define HAVE_STDLIB_H 1
| #define HAVE_STRING_H 1
| #define HAVE_INTTYPES_H 1
| #define HAVE_STDINT_H 1
| #define HAVE_STRINGS_H 1
| #define HAVE_SYS_STAT_H 1
| #define HAVE_SYS_TYPES_H 1
| #define HAVE_UNISTD_H 1
| #define HAVE_WCHAR_H 1
| #define STDC_HEADERS 1
| #define _ALL_SOURCE 1
| #define _DARWIN_C_SOURCE 1
| #define _GNU_SOURCE 1
| #define _HPUX_ALT_XOPEN_SOCKET_API 1
| #define _NETBSD_SOURCE 1
| #define _OPENBSD_SOURCE 1
| #define _POSIX_PTHREAD_SEMANTICS 1
| #define __STDC_WANT_IEC_60559_ATTRIBS_EXT__ 1
| #define __STDC_WANT_IEC_60559_BFP_EXT__ 1
| #define __STDC_WANT_IEC_60559_DFP_EXT__ 1
| #define __STDC_WANT_IEC_60559_FUNCS_EXT__ 1
| #define __STDC_WANT_IEC_60559_TYPES_EXT__ 1
| #define __STDC_WANT_LIB_EXT2__ 1
| #define __STDC_WANT_MATH_SPEC_FUNCS__ 1
| #define _TANDEM_SOURCE 1
| #define __EXTENSIONS__ 1
| #define HAVE_DLFCN_H 1
| #define LT_OBJDIR ".libs/"
| #define HAVE_FSEEKO 1
| #define SIZEOF_OFF_T 8
| #define SIZEOF_VOIDP 8
| /* end confdefs.h.  */
| 
| /* Override any GCC internal prototype to avoid an error.
|    Use char because int might match the return type of a GCC
|    builtin and then its argument prototype would still apply.  */
| char lround ();
| int
| main (void)
| {
| return lround ();
|   ;
|   return 0;
| }
configure:18617: gcc -o conftest    conftest.c -lm   >&5
conftest.c:48:6: warning: conflicting types for built-in function 'lround'; expected 'long int(double)' [-Wbuiltin-declaration-mismatch]
   48 | char lround ();
      |      ^~~~~~
conftest.c:1:1: note: 'lround' is declared in header '<math.h>'
    1 | /* confdefs.h */
configure:18617: $? = 0
configure:18637: result: -lm
configure:18650: checking for inline
configure:18667: gcc -c   conftest.c >&5
configure:18667: $? = 0
configure:18676: result: inline
configure:18695: checking for typeof syntax and keyword spelling
configure:18727: gcc -c   conftest.c >&5
configure:18727: $? = 0
configure:18735: result: typeof
configure:18749: checking for stdint.h
configure:18749: result: yes
configure:18755: checking for inttypes.h
configure:18755: result: yes
configure:18761: checking for byteswap.h
configure:18761: gcc -c   conftest.c >&5
configure:18761: $? = 0
configure:18761: result: yes
configure:18767: checking for sys/auxv.h
configure:18767: gcc -c   conftest.c >&5
configure:18767: $? = 0
configure:18767: result: yes
configure:18773: checking for sys/param.h
configure:18773: gcc -c   conftest.c >&5
configure:18773: $? = 0
configure:18773: result: yes
configure:18779: checking for sys/ioctl.h
configure:18779: gcc -c   conftest.c >&5
configure:18779: $? = 0
configure:18779: result: yes
configure:18785: checking for termios.h
configure:18785: gcc -c   conftest.c >&5
configure:18785: $? = 0
configure:18785: result: yes
configure:18791: checking for x86intrin.h
configure:18791: gcc -c   conftest.c >&5
configure:18791: $? = 0
configure:18791: result: yes
configure:18797: checking for cpuid.h
configure:18797: gcc -c   conftest.c >&5
configure:18797: $? = 0
configure:18797: result: yes
configure:18803: checking for arm_neon.h
configure:18803: gcc -c   conftest.c >&5
conftest.c:83:10: fatal error: arm_neon.h: No such file or directory
   83 | #include <arm_neon.h>
      |          ^~~~~~~~~~~~
compilation terminated.
configure:18803: $? = 1
configure: failed program was:
| /* confdefs.h */
| #define PACKAGE_NAME "flac"
| #define PACKAGE_TARNAME "flac"
| #define PACKAGE_VERSION "1.3.4"
| #define PACKAGE_STRING "flac 1.3.4"
| #define PACKAGE_BUGREPORT "flac-dev@xiph.org"
| #define PACKAGE_URL "https://www.xiph.org/flac/"
| #define PACKAGE "flac"
| #define VERSION "1.3.4"
| #define NDEBUG /**/
| #define HAVE_STDIO_H 1
| #define HAVE_STDLIB_H 1
| #define HAVE_STRING_H 1
| #define HAVE_INTTYPES_H 1
| #define HAVE_STDINT_H 1
| #define HAVE_STRINGS_H 1
| #define HAVE_SYS_STAT_H 1
| #define HAVE_SYS_TYPES_H 1
| #define HAVE_UNISTD_H 1
| #define HAVE_WCHAR_H 1
| #define STDC_HEADERS 1
| #define _ALL_SOURCE 1
| #define _DARWIN_C_SOURCE 1
| #define _GNU_SOURCE 1
| #define _HPUX_ALT_XOPEN_SOCKET_API 1
| #define _NETBSD_SOURCE 1
| #define _OPENBSD_SOURCE 1
| #define _POSIX_PTHREAD_SEMANTICS 1
| #define __STDC_WANT_IEC_60559_ATTRIBS_EXT__ 1
| #define __STDC_WANT_IEC_60559_BFP_EXT__ 1
| #define __STDC_WANT_IEC_60559_DFP_EXT__ 1
| #define __STDC_WANT_IEC_60559_FUNCS_EXT__ 1
| #define __STDC_WANT_IEC_60559_TYPES_EXT__ 1
| #define __STDC_WANT_LIB_EXT2__ 1
| #define __STDC_WANT_MATH_SPEC_FUNCS__ 1
| #define _TANDEM_SOURCE 1
| #define __EXTENSIONS__ 1
| #define HAVE_DLFCN_H 1
| #define LT_OBJDIR ".libs/"
| #define HAVE_FSEEKO 1
| #define SIZEOF_OFF_T 8
| #define SIZEOF_VOIDP 8
| #define HAVE_LROUND 1
| #define HAVE_TYPEOF 1
| #define HAVE_STDINT_H 1
| #define HAVE_INTTYPES_H 1
| #define HAVE_BYTESWAP_H 1
| #define HAVE_SYS_AUXV_H 1
| #define HAVE_SYS_PARAM_H 1
| #define HAVE_SYS_IOCTL_H 1
| #define HAVE_TERMIOS_H 1
| #define HAVE_X86INTRIN_H 1
| #define HAVE_CPUID_H 1
| /* end confdefs.h.  */
| #include <stddef.h>
| #ifdef HAVE_STDIO_H
| # include <stdio.h>
| #endif
| #ifdef HAVE_STDLIB_H
| # include <stdlib.h>
| #endif
| #ifdef HAVE_STRING_H
| # include <string.h>
| #endif
| #ifdef HAVE_INTTYPES_H
| # include <inttypes.h>
| #endif
| #ifdef HAVE_STDINT_H
| # include <stdint.h>
| #endif
| #ifdef HAVE_STRINGS_H
| # include <strings.h>
| #endif
| #ifdef HAVE_SYS_TYPES_H
| # include <sys/types.h>
| #endif
| #ifdef HAVE_SYS_STAT_H
| # include <sys/stat.h>
| #endif
| #ifdef HAVE_UNISTD_H
| # include <unistd.h>
| #endif
| #include <arm_neon.h>
configure:18803: result: no
configure:18811: checking for bswap32 intrinsic
configure:18832: gcc -o conftest    conftest.c -lm  >&5
configure:18832: $? = 0
configure:18846: result: yes
configure:18849: checking for bswap16 intrinsic
configure:18870: gcc -o conftest    conftest.c -lm  >&5
configure:18870: $? = 0
configure:18884: result: yes
configure:18890: checking whether byte ordering is bigendian
configure:18906: gcc -c   conftest.c >&5
conftest.c:58:16: error: unknown type name 'not'
   58 |                not a universal capable compiler
      |                ^~~
conftest.c:58:22: error: expected '=', ',', ';', 'asm' or '__attribute__' before 'universal'
   58 |                not a universal capable compiler
      |                      ^~~~~~~~~
conftest.c:58:22: error: unknown type name 'universal'
configure:18906: $? = 1
configure: failed program was:
| /* confdefs.h */
| #define PACKAGE_NAME "flac"
| #define PACKAGE_TARNAME "flac"
| #define PACKAGE_VERSION "1.3.4"
| #define PACKAGE_STRING "flac 1.3.4"
| #define PACKAGE_BUGREPORT "flac-dev@xiph.org"
| #define PACKAGE_URL "https://www.xiph.org/flac/"
| #define PACKAGE "flac"
| #define VERSION "1.3.4"
| #define NDEBUG /**/
| #define HAVE_STDIO_H 1
| #define HAVE_STDLIB_H 1
| #define HAVE_STRING_H 1
| #define HAVE_INTTYPES_H 1
| #define HAVE_STDINT_H 1
| #define HAVE_STRINGS_H 1
| #define HAVE_SYS_STAT_H 1
| #define HAVE_SYS_TYPES_H 1
| #define HAVE_UNISTD_H 1
| #define HAVE_WCHAR_H 1
| #define STDC_HEADERS 1
| #define _ALL_SOURCE 1
| #define _DARWIN_C_SOURCE 1
| #define _GNU_SOURCE 1
| #define _HPUX_ALT_XOPEN_SOCKET_API 1
| #define _NETBSD_SOURCE 1
| #define _OPENBSD_SOURCE 1
| #define _POSIX_PTHREAD_SEMANTICS 1
| #define __STDC_WANT_IEC_60559_ATTRIBS_EXT__ 1
| #define __STDC_WANT_IEC_60559_BFP_EXT__ 1
| #define __STDC_WANT_IEC_60559_DFP_EXT__ 1
| #define __STDC_WANT_IEC_60559_FUNCS_EXT__ 1
| #define __STDC_WANT_IEC_60559_TYPES_EXT__ 1
| #define __STDC_WANT_LIB_EXT2__ 1
| #define __STDC_WANT_MATH_SPEC_FUNCS__ 1
| #define _TANDEM_SOURCE 1
| #define __EXTENSIONS__ 1
| #define HAVE_DLFCN_H 1
| #define LT_OBJDIR ".libs/"
| #define HAVE_FSEEKO 1
| #define SIZEOF_OFF_T 8
| #define SIZEOF_VOIDP 8
| #define HAVE_LROUND 1
| #define HAVE_TYPEOF 1
| #define HAVE_STDINT_H 1
| #define HAVE_INTTYPES_H 1
| #define HAVE_BYTESWAP_H 1
| #define HAVE_SYS_AUXV_H 1
| #define HAVE_SYS_PARAM_H 1
| #define HAVE_SYS_IOCTL_H 1
| #define HAVE_TERMIOS_H 1
| #define HAVE_X86INTRIN_H 1
| #define HAVE_CPUID_H 1
| #define HAVE_BSWAP32 1
| #define HAVE_BSWAP16 1
| /* end confdefs.h.  */
| #ifndef __APPLE_CC__
| 	       not a universal capable compiler
| 	     #endif
| 	     typedef int dummy;
| 
configure:18952: gcc -c   conftest.c >&5
configure:18952: $? = 0
configure:18971: gcc -c   conftest.c >&5
conftest.c: In function 'main':
conftest.c:64:18: error: unknown type name 'not'; did you mean 'ino_t'?
   64 |                  not big endian
      |                  ^~~
      |                  ino_t
conftest.c:64:26: error: expected '=', ',', ';', 'asm' or '__attribute__' before 'endian'
   64 |                  not big endian
      |                          ^~~~~~
configure:18971: $? = 1
configure: failed program was:
| /* confdefs.h */
| #define PACKAGE_NAME "flac"
| #define PACKAGE_TARNAME "flac"
| #define PACKAGE_VERSION "1.3.4"
| #define PACKAGE_STRING "flac 1.3.4"
| #define PACKAGE_BUGREPORT "flac-dev@xiph.org"
| #define PACKAGE_URL "https://www.xiph.org/flac/"
| #define PACKAGE "flac"
| #define VERSION "1.3.4"
| #define NDEBUG /**/
| #define HAVE_STDIO_H 1
| #define HAVE_STDLIB_H 1
| #define HAVE_STRING_H 1
| #define HAVE_INTTYPES_H 1
| #define HAVE_STDINT_H 1
| #define HAVE_STRINGS_H 1
| #define HAVE_SYS_STAT_H 1
| #define HAVE_SYS_TYPES_H 1
| #define HAVE_UNISTD_H 1
| #define HAVE_WCHAR_H 1
| #define STDC_HEADERS 1
| #define _ALL_SOURCE 1
| #define _DARWIN_C_SOURCE 1
| #define _GNU_SOURCE 1
| #define _HPUX_ALT_XOPEN_SOCKET_API 1
| #define _NETBSD_SOURCE 1
| #define _OPENBSD_SOURCE 1
| #define _POSIX_PTHREAD_SEMANTICS 1
| #define __STDC_WANT_IEC_60559_ATTRIBS_EXT__ 1
| #define __STDC_WANT_IEC_60559_BFP_EXT__ 1
| #define __STDC_WANT_IEC_60559_DFP_EXT__ 1
| #define __STDC_WANT_IEC_60559_FUNCS_EXT__ 1
| #define __STDC_WANT_IEC_60559_TYPES_EXT__ 1
| #define __STDC_WANT_LIB_EXT2__ 1
| #define __STDC_WANT_MATH_SPEC_FUNCS__ 1
| #define _TANDEM_SOURCE 1
| #define __EXTENSIONS__ 1
| #define HAVE_DLFCN_H 1
| #define LT_OBJDIR ".libs/"
| #define HAVE_FSEEKO 1
| #define SIZEOF_OFF_T 8
| #define SIZEOF_VOIDP 8
| #define HAVE_LROUND 1
| #define HAVE_TYPEOF 1
| #define HAVE_STDINT_H 1
| #define HAVE_INTTYPES_H 1
| #define HAVE_BYTESWAP_H 1
| #define HAVE_SYS_AUXV_H 1
| #define HAVE_SYS_PARAM_H 1
| #define HAVE_SYS_IOCTL_H 1
| #define HAVE_TERMIOS_H 1
| #define HAVE_X86INTRIN_H 1
| #define HAVE_CPUID_H 1
| #define HAVE_BSWAP32 1
| #define HAVE_BSWAP16 1
| /* end confdefs.h.  */
| #include <sys/types.h>
| 		#include <sys/param.h>
| 
| int
| main (void)
| {
| #if BYTE_ORDER != BIG_ENDIAN
| 		 not big endian
| 		#endif
| 
|   ;
|   return 0;
| }
configure:19105: result: no
configure:19165: checking for socklen_t
configure:19165: gcc -c   conftest.c >&5
configure:19165: $? = 0
configure:19165: gcc -c   conftest.c >&5
conftest.c: In function 'main':
conftest.c:91:24: error: expected expression before ')' token
   91 | if (sizeof ((socklen_t)))
      |                        ^
configure:19165: $? = 1
configure: failed program was:
| /* confdefs.h */
| #define PACKAGE_NAME "flac"
| #define PACKAGE_TARNAME "flac"
| #define PACKAGE_VERSION "1.3.4"
| #define PACKAGE_STRING "flac 1.3.4"
| #define PACKAGE_BUGREPORT "flac-dev@xiph.org"
| #define PACKAGE_URL "https://www.xiph.org/flac/"
| #define PACKAGE "flac"
| #define VERSION "1.3.4"
| #define NDEBUG /**/
| #define HAVE_STDIO_H 1
| #define HAVE_STDLIB_H 1
| #define HAVE_STRING_H 1
| #define HAVE_INTTYPES_H 1
| #define HAVE_STDINT_H 1
| #define HAVE_STRINGS_H 1
| #define HAVE_SYS_STAT_H 1
| #define HAVE_SYS_TYPES_H 1
| #define HAVE_UNISTD_H 1
| #define HAVE_WCHAR_H 1
| #define STDC_HEADERS 1
| #define _ALL_SOURCE 1
| #define _DARWIN_C_SOURCE 1
| #define _GNU_SOURCE 1
| #define _HPUX_ALT_XOPEN_SOCKET_API 1
| #define _NETBSD_SOURCE 1
| #define _OPENBSD_SOURCE 1
| #define _POSIX_PTHREAD_SEMANTICS 1
| #define __STDC_WANT_IEC_60559_ATTRIBS_EXT__ 1
| #define __STDC_WANT_IEC_60559_BFP_EXT__ 1
| #define __STDC_WANT_IEC_60559_DFP_EXT__ 1
| #define __STDC_WANT_IEC_60559_FUNCS_EXT__ 1
| #define __STDC_WANT_IEC_60559_TYPES_EXT__ 1
| #define __STDC_WANT_LIB_EXT2__ 1
| #define __STDC_WANT_MATH_SPEC_FUNCS__ 1
| #define _TANDEM_SOURCE 1
| #define __EXTENSIONS__ 1
| #define HAVE_DLFCN_H 1
| #define LT_OBJDIR ".libs/"
| #define HAVE_FSEEKO 1
| #define SIZEOF_OFF_T 8
| #define SIZEOF_VOIDP 8
| #define HAVE_LROUND 1
| #define HAVE_TYPEOF 1
| #define HAVE_STDINT_H 1
| #define HAVE_INTTYPES_H 1
| #define HAVE_BYTESWAP_H 1
| #define HAVE_SYS_AUXV_H 1
| #define HAVE_SYS_PARAM_H 1
| #define HAVE_SYS_IOCTL_H 1
| #define HAVE_TERMIOS_H 1
| #define HAVE_X86INTRIN_H 1
| #define HAVE_CPUID_H 1
| #define HAVE_BSWAP32 1
| #define HAVE_BSWAP16 1
| #define CPU_IS_BIG_ENDIAN 0
| #define CPU_IS_LITTLE_ENDIAN 1
| #define WORDS_BIGENDIAN 0
| /* end confdefs.h.  */
| #include <stddef.h>
| #ifdef HAVE_STDIO_H
| # include <stdio.h>
| #endif
| #ifdef HAVE_STDLIB_H
| # include <stdlib.h>
| #endif
| #ifdef HAVE_STRING_H
| # include <string.h>
| #endif
| #ifdef HAVE_INTTYPES_H
| # include <inttypes.h>
| #endif
| #ifdef HAVE_STDINT_H
| # include <stdint.h>
| #endif
| #ifdef HAVE_STRINGS_H
| # include <strings.h>
| #endif
| #ifdef HAVE_SYS_TYPES_H
| # include <sys/types.h>
| #endif
| #ifdef HAVE_SYS_STAT_H
| # include <sys/stat.h>
| #endif
| #ifdef HAVE_UNISTD_H
| # include <unistd.h>
| #endif
| int
| main (void)
| {
| if (sizeof ((socklen_t)))
| 	    return 0;
|   ;
|   return 0;
| }
configure:19165: result: yes
configure:19175: checking for getauxval
configure:19175: gcc -o conftest    conftest.c -lm  >&5
configure:19175: $? = 0
configure:19175: result: yes
configure:19183: checking for getopt_long
configure:19183: gcc -o conftest    conftest.c -lm  >&5
configure:19183: $? = 0
configure:19183: result: yes
configure:19195: checking size of void*
configure:19216: result: 8
configure:19899: checking for doxygen
configure:19934: result: no
configure:20022: checking for xmms-config
configure:20058: result: no
configure:20175: checking for XMMS - version >= 0.9.5.1
configure:20183: result: no
configure:20210: WARNING: *** XMMS >= 0.9.5.1 not installed - XMMS support will not be built
configure:20375: checking for Ogg
configure:20411: gcc -o conftest     conftest.c -lm   -logg >&5
conftest.c:76:10: fatal error: ogg/ogg.h: No such file or directory
   76 | #include <ogg/ogg.h>
      |          ^~~~~~~~~~~
compilation terminated.
configure:20411: $? = 1
configure: program exited with status 1
configure: failed program was:
| /* confdefs.h */
| #define PACKAGE_NAME "flac"
| #define PACKAGE_TARNAME "flac"
| #define PACKAGE_VERSION "1.3.4"
| #define PACKAGE_STRING "flac 1.3.4"
| #define PACKAGE_BUGREPORT "flac-dev@xiph.org"
| #define PACKAGE_URL "https://www.xiph.org/flac/"
| #define PACKAGE "flac"
| #define VERSION "1.3.4"
| #define NDEBUG /**/
| #define HAVE_STDIO_H 1
| #define HAVE_STDLIB_H 1
| #define HAVE_STRING_H 1
| #define HAVE_INTTYPES_H 1
| #define HAVE_STDINT_H 1
| #define HAVE_STRINGS_H 1
| #define HAVE_SYS_STAT_H 1
| #define HAVE_SYS_TYPES_H 1
| #define HAVE_UNISTD_H 1
| #define HAVE_WCHAR_H 1
| #define STDC_HEADERS 1
| #define _ALL_SOURCE 1
| #define _DARWIN_C_SOURCE 1
| #define _GNU_SOURCE 1
| #define _HPUX_ALT_XOPEN_SOCKET_API 1
| #define _NETBSD_SOURCE 1
| #define _OPENBSD_SOURCE 1
| #define _POSIX_PTHREAD_SEMANTICS 1
| #define __STDC_WANT_IEC_60559_ATTRIBS_EXT__ 1
| #define __STDC_WANT_IEC_60559_BFP_EXT__ 1
| #define __STDC_WANT_IEC_60559_DFP_EXT__ 1
| #define __STDC_WANT_IEC_60559_FUNCS_EXT__ 1
| #define __STDC_WANT_IEC_60559_TYPES_EXT__ 1
| #define __STDC_WANT_LIB_EXT2__ 1
| #define __STDC_WANT_MATH_SPEC_FUNCS__ 1
| #define _TANDEM_SOURCE 1
| #define __EXTENSIONS__ 1
| #define HAVE_DLFCN_H 1
| #define LT_OBJDIR ".libs/"
| #define HAVE_FSEEKO 1
| #define SIZEOF_OFF_T 8
| #define SIZEOF_VOIDP 8
| #define HAVE_LROUND 1
| #define HAVE_TYPEOF 1
| #define HAVE_STDINT_H 1
| #define HAVE_INTTYPES_H 1
| #define HAVE_BYTESWAP_H 1
| #define HAVE_SYS_AUXV_H 1
| #define HAVE_SYS_PARAM_H 1
| #define HAVE_SYS_IOCTL_H 1
| #define HAVE_TERMIOS_H 1
| #define HAVE_X86INTRIN_H 1
| #define HAVE_CPUID_H 1
| #define HAVE_BSWAP32 1
| #define HAVE_BSWAP16 1
| #define CPU_IS_BIG_ENDIAN 0
| #define CPU_IS_LITTLE_ENDIAN 1
| #define WORDS_BIGENDIAN 0
| #define HAVE_SOCKLEN_T 1
| #define HAVE_GETAUXVAL 1
| #define HAVE_GETOPT_LONG 1
| #define SIZEOF_VOIDP 8
| #define FLAC__CPU_X86_64 1
| #define FLAC__HAS_X86INTRIN 1
| #define FLAC__HAS_NEONINTRIN 0
| #define FLAC__SYS_LINUX 1
| #define FLAC__ALIGN_MALLOC_DATA 1
| #define FLAC__USE_ALTIVEC 1
| #define FLAC__USE_AVX 1
| #define ENABLE_64_BIT_WORDS 0
| /* end confdefs.h.  */
| 
| #include <stdio.h>
| #include <stdlib.h>
| #include <string.h>
| #include <ogg/ogg.h>
| 
| int main ()
| {
|   system("touch conf.oggtest");
|   return 0;
| }
| 
| 
configure:20435: result: no
configure:20457: gcc -o conftest     conftest.c -lm   -logg >&5
conftest.c:74:10: fatal error: ogg/ogg.h: No such file or directory
   74 | #include <ogg/ogg.h>
      |          ^~~~~~~~~~~
compilation terminated.
configure:20457: $? = 1
configure: failed program was:
| /* confdefs.h */
| #define PACKAGE_NAME "flac"
| #define PACKAGE_TARNAME "flac"
| #define PACKAGE_VERSION "1.3.4"
| #define PACKAGE_STRING "flac 1.3.4"
| #define PACKAGE_BUGREPORT "flac-dev@xiph.org"
| #define PACKAGE_URL "https://www.xiph.org/flac/"
| #define PACKAGE "flac"
| #define VERSION "1.3.4"
| #define NDEBUG /**/
| #define HAVE_STDIO_H 1
| #define HAVE_STDLIB_H 1
| #define HAVE_STRING_H 1
| #define HAVE_INTTYPES_H 1
| #define HAVE_STDINT_H 1
| #define HAVE_STRINGS_H 1
| #define HAVE_SYS_STAT_H 1
| #define HAVE_SYS_TYPES_H 1
| #define HAVE_UNISTD_H 1
| #define HAVE_WCHAR_H 1
| #define STDC_HEADERS 1
| #define _ALL_SOURCE 1
| #define _DARWIN_C_SOURCE 1
| #define _GNU_SOURCE 1
| #define _HPUX_ALT_XOPEN_SOCKET_API 1
| #define _NETBSD_SOURCE 1
| #define _OPENBSD_SOURCE 1
| #define _POSIX_PTHREAD_SEMANTICS 1
| #define __STDC_WANT_IEC_60559_ATTRIBS_EXT__ 1
| #define __STDC_WANT_IEC_60559_BFP_EXT__ 1
| #define __STDC_WANT_IEC_60559_DFP_EXT__ 1
| #define __STDC_WANT_IEC_60559_FUNCS_EXT__ 1
| #define __STDC_WANT_IEC_60559_TYPES_EXT__ 1
| #define __STDC_WANT_LIB_EXT2__ 1
| #define __STDC_WANT_MATH_SPEC_FUNCS__ 1
| #define _TANDEM_SOURCE 1
| #define __EXTENSIONS__ 1
| #define HAVE_DLFCN_H 1
| #define LT_OBJDIR ".libs/"
| #define HAVE_FSEEKO 1
| #define SIZEOF_OFF_T 8
| #define SIZEOF_VOIDP 8
| #define HAVE_LROUND 1
| #define HAVE_TYPEOF 1
| #define HAVE_STDINT_H 1
| #define HAVE_INTTYPES_H 1
| #define HAVE_BYTESWAP_H 1
| #define HAVE_SYS_AUXV_H 1
| #define HAVE_SYS_PARAM_H 1
| #define HAVE_SYS_IOCTL_H 1
| #define HAVE_TERMIOS_H 1
| #define HAVE_X86INTRIN_H 1
| #define HAVE_CPUID_H 1
| #define HAVE_BSWAP32 1
| #define HAVE_BSWAP16 1
| #define CPU_IS_BIG_ENDIAN 0
| #define CPU_IS_LITTLE_ENDIAN 1
| #define WORDS_BIGENDIAN 0
| #define HAVE_SOCKLEN_T 1
| #define HAVE_GETAUXVAL 1
| #define HAVE_GETOPT_LONG 1
| #define SIZEOF_VOIDP 8
| #define FLAC__CPU_X86_64 1
| #define FLAC__HAS_X86INTRIN 1
| #define FLAC__HAS_NEONINTRIN 0
| #define FLAC__SYS_LINUX 1
| #define FLAC__ALIGN_MALLOC_DATA 1
| #define FLAC__USE_ALTIVEC 1
| #define FLAC__USE_AVX 1
| #define ENABLE_64_BIT_WORDS 0
| /* end confdefs.h.  */
| 
| #include <stdio.h>
| #include <ogg/ogg.h>
| 
| int
| main (void)
| {
|  return 0;
|   ;
|   return 0;
| }
configure:20480: WARNING: *** Ogg development environment not installed - Ogg support will not be built
configure:20577: checking for ld used by gcc
configure:20645: result: /usr/bin/ld -m elf_x86_64
configure:20652: checking if the linker (/usr/bin/ld -m elf_x86_64) is GNU ld
configure:20668: result: yes
configure:20676: checking for shared library run path origin
configure:20690: result: done
configure:20715: checking how to run the C preprocessor
configure:20741: gcc -E  conftest.c
configure:20741: $? = 0
configure:20756: gcc -E  conftest.c
conftest.c:73:10: fatal error: ac_nonexistent.h: No such file or directory
   73 | #include <ac_nonexistent.h>
      |          ^~~~~~~~~~~~~~~~~~
compilation terminated.
configure:20756: $? = 1
configure: failed program was:
| /* confdefs.h */
| #define PACKAGE_NAME "flac"
| #define PACKAGE_TARNAME "flac"
| #define PACKAGE_VERSION "1.3.4"
| #define PACKAGE_STRING "flac 1.3.4"
| #define PACKAGE_BUGREPORT "flac-dev@xiph.org"
| #define PACKAGE_URL "https://www.xiph.org/flac/"
| #define PACKAGE "flac"
| #define VERSION "1.3.4"
| #define NDEBUG /**/
| #define HAVE_STDIO_H 1
| #define HAVE_STDLIB_H 1
| #define HAVE_STRING_H 1
| #define HAVE_INTTYPES_H 1
| #define HAVE_STDINT_H 1
| #define HAVE_STRINGS_H 1
| #define HAVE_SYS_STAT_H 1
| #define HAVE_SYS_TYPES_H 1
| #define HAVE_UNISTD_H 1
| #define HAVE_WCHAR_H 1
| #define STDC_HEADERS 1
| #define _ALL_SOURCE 1
| #define _DARWIN_C_SOURCE 1
| #define _GNU_SOURCE 1
| #define _HPUX_ALT_XOPEN_SOCKET_API 1
| #define _NETBSD_SOURCE 1
| #define _OPENBSD_SOURCE 1
| #define _POSIX_PTHREAD_SEMANTICS 1
| #define __STDC_WANT_IEC_60559_ATTRIBS_EXT__ 1
| #define __STDC_WANT_IEC_60559_BFP_EXT__ 1
| #define __STDC_WANT_IEC_60559_DFP_EXT__ 1
| #define __STDC_WANT_IEC_60559_FUNCS_EXT__ 1
| #define __STDC_WANT_IEC_60559_TYPES_EXT__ 1
| #define __STDC_WANT_LIB_EXT2__ 1
| #define __STDC_WANT_MATH_SPEC_FUNCS__ 1
| #define _TANDEM_SOURCE 1
| #define __EXTENSIONS__ 1
| #define HAVE_DLFCN_H 1
| #define LT_OBJDIR ".libs/"
| #define HAVE_FSEEKO 1
| #define SIZEOF_OFF_T 8
| #define SIZEOF_VOIDP 8
| #define HAVE_LROUND 1
| #define HAVE_TYPEOF 1
| #define HAVE_STDINT_H 1
| #define HAVE_INTTYPES_H 1
| #define HAVE_BYTESWAP_H 1
| #define HAVE_SYS_AUXV_H 1
| #define HAVE_SYS_PARAM_H 1
| #define HAVE_SYS_IOCTL_H 1
| #define HAVE_TERMIOS_H 1
| #define HAVE_X86INTRIN_H 1
| #define HAVE_CPUID_H 1
| #define HAVE_BSWAP32 1
| #define HAVE_BSWAP16 1
| #define CPU_IS_BIG_ENDIAN 0
| #define CPU_IS_LITTLE_ENDIAN 1
| #define WORDS_BIGENDIAN 0
| #define HAVE_SOCKLEN_T 1
| #define HAVE_GETAUXVAL 1
| #define HAVE_GETOPT_LONG 1
| #define SIZEOF_VOIDP 8
| #define FLAC__CPU_X86_64 1
| #define FLAC__HAS_X86INTRIN 1
| #define FLAC__HAS_NEONINTRIN 0
| #define FLAC__SYS_LINUX 1
| #define FLAC__ALIGN_MALLOC_DATA 1
| #define FLAC__USE_ALTIVEC 1
| #define FLAC__USE_AVX 1
| #define ENABLE_64_BIT_WORDS 0
| #define FLAC__HAS_OGG 0
| /* end confdefs.h.  */
| #include <ac_nonexistent.h>
configure:20783: result: gcc -E
configure:20797: gcc -E  conftest.c
configure:20797: $? = 0
configure:20812: gcc -E  conftest.c
conftest.c:73:10: fatal error: ac_nonexistent.h: No such file or directory
   73 | #include <ac_nonexistent.h>
      |          ^~~~~~~~~~~~~~~~~~
compilation terminated.
configure:20812: $? = 1
configure: failed program was:
| /* confdefs.h */
| #define PACKAGE_NAME "flac"
| #define PACKAGE_TARNAME "flac"
| #define PACKAGE_VERSION "1.3.4"
| #define PACKAGE_STRING "flac 1.3.4"
| #define PACKAGE_BUGREPORT "flac-dev@xiph.org"
| #define PACKAGE_URL "https://www.xiph.org/flac/"
| #define PACKAGE "flac"
| #define VERSION "1.3.4"
| #define NDEBUG /**/
| #define HAVE_STDIO_H 1
| #define HAVE_STDLIB_H 1
| #define HAVE_STRING_H 1
| #define HAVE_INTTYPES_H 1
| #define HAVE_STDINT_H 1
| #define HAVE_STRINGS_H 1
| #define HAVE_SYS_STAT_H 1
| #define HAVE_SYS_TYPES_H 1
| #define HAVE_UNISTD_H 1
| #define HAVE_WCHAR_H 1
| #define STDC_HEADERS 1
| #define _ALL_SOURCE 1
| #define _DARWIN_C_SOURCE 1
| #define _GNU_SOURCE 1
| #define _HPUX_ALT_XOPEN_SOCKET_API 1
| #define _NETBSD_SOURCE 1
| #define _OPENBSD_SOURCE 1
| #define _POSIX_PTHREAD_SEMANTICS 1
| #define __STDC_WANT_IEC_60559_ATTRIBS_EXT__ 1
| #define __STDC_WANT_IEC_60559_BFP_EXT__ 1
| #define __STDC_WANT_IEC_60559_DFP_EXT__ 1
| #define __STDC_WANT_IEC_60559_FUNCS_EXT__ 1
| #define __STDC_WANT_IEC_60559_TYPES_EXT__ 1
| #define __STDC_WANT_LIB_EXT2__ 1
| #define __STDC_WANT_MATH_SPEC_FUNCS__ 1
| #define _TANDEM_SOURCE 1
| #define __EXTENSIONS__ 1
| #define HAVE_DLFCN_H 1
| #define LT_OBJDIR ".libs/"
| #define HAVE_FSEEKO 1
| #define SIZEOF_OFF_T 8
| #define SIZEOF_VOIDP 8
| #define HAVE_LROUND 1
| #define HAVE_TYPEOF 1
| #define HAVE_STDINT_H 1
| #define HAVE_INTTYPES_H 1
| #define HAVE_BYTESWAP_H 1
| #define HAVE_SYS_AUXV_H 1
| #define HAVE_SYS_PARAM_H 1
| #define HAVE_SYS_IOCTL_H 1
| #define HAVE_TERMIOS_H 1
| #define HAVE_X86INTRIN_H 1
| #define HAVE_CPUID_H 1
| #define HAVE_BSWAP32 1
| #define HAVE_BSWAP16 1
| #define CPU_IS_BIG_ENDIAN 0
| #define CPU_IS_LITTLE_ENDIAN 1
| #define WORDS_BIGENDIAN 0
| #define HAVE_SOCKLEN_T 1
| #define HAVE_GETAUXVAL 1
| #define HAVE_GETOPT_LONG 1
| #define SIZEOF_VOIDP 8
| #define FLAC__CPU_X86_64 1
| #define FLAC__HAS_X86INTRIN 1
| #define FLAC__HAS_NEONINTRIN 0
| #define FLAC__SYS_LINUX 1
| #define FLAC__ALIGN_MALLOC_DATA 1
| #define FLAC__USE_ALTIVEC 1
| #define FLAC__USE_AVX 1
| #define ENABLE_64_BIT_WORDS 0
| #define FLAC__HAS_OGG 0
| /* end confdefs.h.  */
| #include <ac_nonexistent.h>
configure:21405: checking for iconv
configure:21430: gcc -o conftest    conftest.c -lm  >&5
configure:21430: $? = 0
configure:21466: result: yes
configure:21469: checking for working iconv
configure:21591: gcc -o conftest    conftest.c -lm  >&5
configure:21591: $? = 0
configure:21591: ./conftest
configure:21591: $? = 0
configure:21604: result: yes
configure:21632: checking for iconv declaration
configure:21662: gcc -c   conftest.c >&5
configure:21662: $? = 0
configure:21673: result:
         extern size_t iconv (iconv_t cd, char * *inbuf, size_t *inbytesleft, char * *outbuf, size_t *outbytesleft);
configure:21684: checking for nl_langinfo and CODESET
configure:21701: gcc -o conftest    conftest.c -lm  >&5
configure:21701: $? = 0
configure:21711: result: yes
configure:21724: checking for docbook-to-man
configure:21759: result: no
configure:21724: checking for docbook2man
configure:21759: result: no
configure:21781: checking for clock_gettime in -lrt
configure:21804: gcc -o conftest    conftest.c -lrt  -lm  >&5
configure:21804: $? = 0
configure:21814: result: yes
configure:21831: checking for nasm
configure:21866: result: no
configure:21899: checking for version of gcc
configure:21902: result: 11
configure:21921: checking if gcc accepts -Wdeclaration-after-statement
configure:21938: gcc -o conftest -Wdeclaration-after-statement   conftest.c -lm  >&5
configure:21938: $? = 0
configure:21940: result: yes
configure:21957: checking whether to add -D_FORTIFY_SOURCE=2 to CPPFLAGS
configure:21973: gcc -o conftest -O3 -funroll-loops -Wall -Wextra -Wstrict-prototypes -Wmissing-prototypes -Waggregate-return -Wcast-align -Wnested-externs -Wshadow -Wundef -Wmissing-declarations -Winline  -Wdeclaration-after-statement   conftest.c -lm  >&5
conftest.c:79:21: warning: function declaration isn't a prototype [-Wstrict-prototypes]
   79 |                 int main() {
      |                     ^~~~
conftest.c: In function 'main':
conftest.c:83:21: error: 'this_is_an_error' undeclared (first use in this function)
   83 |                     this_is_an_error;
      |                     ^~~~~~~~~~~~~~~~
conftest.c:83:21: note: each undeclared identifier is reported only once for each function it appears in
configure:21973: $? = 1
configure: failed program was:
| /* confdefs.h */
| #define PACKAGE_NAME "flac"
| #define PACKAGE_TARNAME "flac"
| #define PACKAGE_VERSION "1.3.4"
| #define PACKAGE_STRING "flac 1.3.4"
| #define PACKAGE_BUGREPORT "flac-dev@xiph.org"
| #define PACKAGE_URL "https://www.xiph.org/flac/"
| #define PACKAGE "flac"
| #define VERSION "1.3.4"
| #define NDEBUG /**/
| #define HAVE_STDIO_H 1
| #define HAVE_STDLIB_H 1
| #define HAVE_STRING_H 1
| #define HAVE_INTTYPES_H 1
| #define HAVE_STDINT_H 1
| #define HAVE_STRINGS_H 1
| #define HAVE_SYS_STAT_H 1
| #define HAVE_SYS_TYPES_H 1
| #define HAVE_UNISTD_H 1
| #define HAVE_WCHAR_H 1
| #define STDC_HEADERS 1
| #define _ALL_SOURCE 1
| #define _DARWIN_C_SOURCE 1
| #define _GNU_SOURCE 1
| #define _HPUX_ALT_XOPEN_SOCKET_API 1
| #define _NETBSD_SOURCE 1
| #define _OPENBSD_SOURCE 1
| #define _POSIX_PTHREAD_SEMANTICS 1
| #define __STDC_WANT_IEC_60559_ATTRIBS_EXT__ 1
| #define __STDC_WANT_IEC_60559_BFP_EXT__ 1
| #define __STDC_WANT_IEC_60559_DFP_EXT__ 1
| #define __STDC_WANT_IEC_60559_FUNCS_EXT__ 1
| #define __STDC_WANT_IEC_60559_TYPES_EXT__ 1
| #define __STDC_WANT_LIB_EXT2__ 1
| #define __STDC_WANT_MATH_SPEC_FUNCS__ 1
| #define _TANDEM_SOURCE 1
| #define __EXTENSIONS__ 1
| #define HAVE_DLFCN_H 1
| #define LT_OBJDIR ".libs/"
| #define HAVE_FSEEKO 1
| #define SIZEOF_OFF_T 8
| #define SIZEOF_VOIDP 8
| #define HAVE_LROUND 1
| #define HAVE_TYPEOF 1
| #define HAVE_STDINT_H 1
| #define HAVE_INTTYPES_H 1
| #define HAVE_BYTESWAP_H 1
| #define HAVE_SYS_AUXV_H 1
| #define HAVE_SYS_PARAM_H 1
| #define HAVE_SYS_IOCTL_H 1
| #define HAVE_TERMIOS_H 1
| #define HAVE_X86INTRIN_H 1
| #define HAVE_CPUID_H 1
| #define HAVE_BSWAP32 1
| #define HAVE_BSWAP16 1
| #define CPU_IS_BIG_ENDIAN 0
| #define CPU_IS_LITTLE_ENDIAN 1
| #define WORDS_BIGENDIAN 0
| #define HAVE_SOCKLEN_T 1
| #define HAVE_GETAUXVAL 1
| #define HAVE_GETOPT_LONG 1
| #define SIZEOF_VOIDP 8
| #define FLAC__CPU_X86_64 1
| #define FLAC__HAS_X86INTRIN 1
| #define FLAC__HAS_NEONINTRIN 0
| #define FLAC__SYS_LINUX 1
| #define FLAC__ALIGN_MALLOC_DATA 1
| #define FLAC__USE_ALTIVEC 1
| #define FLAC__USE_AVX 1
| #define ENABLE_64_BIT_WORDS 0
| #define FLAC__HAS_OGG 0
| #define HAVE_ICONV 1
| #define ICONV_CONST 
| #define HAVE_LANGINFO_CODESET 1
| #define HAVE_CLOCK_GETTIME 1
| /* end confdefs.h.  */
| 
| 
|                 int main() {
|                 #ifndef _FORTIFY_SOURCE
|                     return 0;
|                 #else
|                     this_is_an_error;
|                 #endif
|                 }
| 
| 
configure:21982: result: no
configure:21997: checking if g++ accepts -Weffc++
configure:22015: g++ -o conftest -Weffc++   conftest.cpp -lm  >&5
configure:22015: $? = 0
configure:22017: result: yes
configure:22126: checking if gcc accepts -msse2
configure:22143: gcc -o conftest -msse2  -DFLAC__USE_VISIBILITY_ATTR  conftest.c -lm  >&5
configure:22143: $? = 0
configure:22145: result: yes
configure:22278: checking if gcc supports stack smash protection
configure:22296: gcc -o conftest -fstack-protector-strong  -DFLAC__USE_VISIBILITY_ATTR  conftest.c -lm  >&5
configure:22296: $? = 0
configure:22298: result: yes
configure:22316: checking if g++ supports stack smash protection
configure:22334: g++ -o conftest -fstack-protector-strong  -DFLAC__USE_VISIBILITY_ATTR  conftest.cpp -lm  >&5
configure:22334: $? = 0
configure:22336: result: yes
configure:22364: checking for git
configure:22385: found /usr/bin/git
configure:22396: result: yes
configure:22534: checking that generated files are newer than configure
configure:22540: result: done
configure:22672: creating ./config.status

## ---------------------- ##
## Running config.status. ##
## ---------------------- ##

This file was extended by flac config.status 1.3.4, which was
generated by GNU Autoconf 2.71.  Invocation command line was

  CONFIG_FILES    = 
  CONFIG_HEADERS  = 
  CONFIG_LINKS    = 
  CONFIG_COMMANDS = 
  $ ./config.status 

on L1

config.status:1342: creating Makefile
config.status:1342: creating src/Makefile
config.status:1342: creating src/libFLAC/Makefile
config.status:1342: creating src/libFLAC/flac.pc
config.status:1342: creating src/libFLAC/ia32/Makefile
config.status:1342: creating src/libFLAC/include/Makefile
config.status:1342: creating src/libFLAC/include/private/Makefile
config.status:1342: creating src/libFLAC/include/protected/Makefile
config.status:1342: creating src/libFLAC++/Makefile
config.status:1342: creating src/libFLAC++/flac++.pc
config.status:1342: creating src/flac/Makefile
config.status:1342: creating src/metaflac/Makefile
config.status:1342: creating src/plugin_common/Makefile
config.status:1342: creating src/plugin_xmms/Makefile
config.status:1342: creating src/share/Makefile
config.status:1342: creating src/test_grabbag/Makefile
config.status:1342: creating src/test_grabbag/cuesheet/Makefile
config.status:1342: creating src/test_grabbag/picture/Makefile
config.status:1342: creating src/test_libs_common/Makefile
config.status:1342: creating src/test_libFLAC/Makefile
config.status:1342: creating src/test_libFLAC++/Makefile
config.status:1342: creating src/test_seeking/Makefile
config.status:1342: creating src/test_streams/Makefile
config.status:1342: creating src/utils/Makefile
config.status:1342: creating src/utils/flacdiff/Makefile
config.status:1342: creating src/utils/flactimer/Makefile
config.status:1342: creating examples/Makefile
config.status:1342: creating examples/c/Makefile
config.status:1342: creating examples/c/decode/Makefile
config.status:1342: creating examples/c/decode/file/Makefile
config.status:1342: creating examples/c/encode/Makefile
config.status:1342: creating examples/c/encode/file/Makefile
config.status:1342: creating examples/cpp/Makefile
config.status:1342: creating examples/cpp/decode/Makefile
config.status:1342: creating examples/cpp/decode/file/Makefile
config.status:1342: creating examples/cpp/encode/Makefile
config.status:1342: creating examples/cpp/encode/file/Makefile
config.status:1342: creating include/Makefile
config.status:1342: creating include/FLAC/Makefile
config.status:1342: creating include/FLAC++/Makefile
config.status:1342: creating include/share/Makefile
config.status:1342: creating include/share/grabbag/Makefile
config.status:1342: creating include/test_libs_common/Makefile
config.status:1342: creating doc/Doxyfile
config.status:1342: creating doc/Makefile
config.status:1342: creating doc/html/Makefile
config.status:1342: creating doc/html/images/Makefile
config.status:1342: creating m4/Makefile
config.status:1342: creating man/Makefile
config.status:1342: creating test/common.sh
config.status:1342: creating test/Makefile
config.status:1342: creating test/cuesheets/Makefile
config.status:1342: creating test/flac-to-flac-metadata-test-files/Makefile
config.status:1342: creating test/metaflac-test-files/Makefile
config.status:1342: creating test/pictures/Makefile
config.status:1342: creating microbench/Makefile
config.status:1342: creating oss-fuzz/Makefile
config.status:1342: creating config.h
config.status:1523: config.h is unchanged
config.status:1571: executing depfiles commands
config.status:1648: cd src/libFLAC       && sed -e '/# am--include-marker/d' Makefile         | make -f - am--depfiles
make: Nothing to be done for 'am--depfiles'.
config.status:1653: $? = 0
config.status:1648: cd src/libFLAC++       && sed -e '/# am--include-marker/d' Makefile         | make -f - am--depfiles
make: Nothing to be done for 'am--depfiles'.
config.status:1653: $? = 0
config.status:1648: cd src/flac       && sed -e '/# am--include-marker/d' Makefile         | make -f - am--depfiles
make: Nothing to be done for 'am--depfiles'.
config.status:1653: $? = 0
config.status:1648: cd src/metaflac       && sed -e '/# am--include-marker/d' Makefile         | make -f - am--depfiles
make: Nothing to be done for 'am--depfiles'.
config.status:1653: $? = 0
config.status:1648: cd src/plugin_common       && sed -e '/# am--include-marker/d' Makefile         | make -f - am--depfiles
make: Nothing to be done for 'am--depfiles'.
config.status:1653: $? = 0
config.status:1648: cd src/plugin_xmms       && sed -e '/# am--include-marker/d' Makefile         | make -f - am--depfiles
make: Nothing to be done for 'am--depfiles'.
config.status:1653: $? = 0
config.status:1648: cd src/share       && sed -e '/# am--include-marker/d' Makefile         | make -f - am--depfiles
make: Nothing to be done for 'am--depfiles'.
config.status:1653: $? = 0
config.status:1648: cd src/test_grabbag/cuesheet       && sed -e '/# am--include-marker/d' Makefile         | make -f - am--depfiles
make: Nothing to be done for 'am--depfiles'.
config.status:1653: $? = 0
config.status:1648: cd src/test_grabbag/picture       && sed -e '/# am--include-marker/d' Makefile         | make -f - am--depfiles
make: Nothing to be done for 'am--depfiles'.
config.status:1653: $? = 0
config.status:1648: cd src/test_libs_common       && sed -e '/# am--include-marker/d' Makefile         | make -f - am--depfiles
make: Nothing to be done for 'am--depfiles'.
config.status:1653: $? = 0
config.status:1648: cd src/test_libFLAC       && sed -e '/# am--include-marker/d' Makefile         | make -f - am--depfiles
make: Nothing to be done for 'am--depfiles'.
config.status:1653: $? = 0
config.status:1648: cd src/test_libFLAC++       && sed -e '/# am--include-marker/d' Makefile         | make -f - am--depfiles
make: Nothing to be done for 'am--depfiles'.
config.status:1653: $? = 0
config.status:1648: cd src/test_seeking       && sed -e '/# am--include-marker/d' Makefile         | make -f - am--depfiles
make: Nothing to be done for 'am--depfiles'.
config.status:1653: $? = 0
config.status:1648: cd src/test_streams       && sed -e '/# am--include-marker/d' Makefile         | make -f - am--depfiles
make: Nothing to be done for 'am--depfiles'.
config.status:1653: $? = 0
config.status:1648: cd examples/c/decode/file       && sed -e '/# am--include-marker/d' Makefile         | make -f - am--depfiles
make: Nothing to be done for 'am--depfiles'.
config.status:1653: $? = 0
config.status:1648: cd examples/c/encode/file       && sed -e '/# am--include-marker/d' Makefile         | make -f - am--depfiles
make: Nothing to be done for 'am--depfiles'.
config.status:1653: $? = 0
config.status:1648: cd examples/cpp/decode/file       && sed -e '/# am--include-marker/d' Makefile         | make -f - am--depfiles
make: Nothing to be done for 'am--depfiles'.
config.status:1653: $? = 0
config.status:1648: cd examples/cpp/encode/file       && sed -e '/# am--include-marker/d' Makefile         | make -f - am--depfiles
make: Nothing to be done for 'am--depfiles'.
config.status:1653: $? = 0
config.status:1648: cd microbench       && sed -e '/# am--include-marker/d' Makefile         | make -f - am--depfiles
make: Nothing to be done for 'am--depfiles'.
config.status:1653: $? = 0
config.status:1648: cd oss-fuzz       && sed -e '/# am--include-marker/d' Makefile         | make -f - am--depfiles
make: Nothing to be done for 'am--depfiles'.
config.status:1653: $? = 0
config.status:1571: executing libtool commands
configure:25141: result:
-=-=-=-=-=-=-=-=-=-= Configuration Complete =-=-=-=-=-=-=-=-=-=-

  Configuration summary :

    FLAC version : ............................ 1.3.4

    Host CPU : ................................ x86_64
    Host Vendor : ............................. pc
    Host OS : ................................. linux-gnu


## ---------------- ##
## Cache variables. ##
## ---------------- ##

ac_cv_build=x86_64-pc-linux-gnu
ac_cv_c_big_endian=0
ac_cv_c_bigendian=no
ac_cv_c_bswap16=yes
ac_cv_c_bswap32=yes
ac_cv_c_compiler_gnu=yes
ac_cv_c_inline=inline
ac_cv_c_little_endian=1
ac_cv_c_typeof=typeof
ac_cv_cxx_compiler_gnu=yes
ac_cv_env_CCASFLAGS_set=
ac_cv_env_CCASFLAGS_value=
ac_cv_env_CCAS_set=
ac_cv_env_CCAS_value=
ac_cv_env_CCC_set=
ac_cv_env_CCC_value=
ac_cv_env_CC_set=
ac_cv_env_CC_value=
ac_cv_env_CFLAGS_set=
ac_cv_env_CFLAGS_value=
ac_cv_env_CPPFLAGS_set=
ac_cv_env_CPPFLAGS_value=
ac_cv_env_CPP_set=
ac_cv_env_CPP_value=
ac_cv_env_CXXCPP_set=
ac_cv_env_CXXCPP_value=
ac_cv_env_CXXFLAGS_set=
ac_cv_env_CXXFLAGS_value=
ac_cv_env_CXX_set=
ac_cv_env_CXX_value=
ac_cv_env_LDFLAGS_set=
ac_cv_env_LDFLAGS_value=
ac_cv_env_LIBS_set=
ac_cv_env_LIBS_value=
ac_cv_env_LT_SYS_LIBRARY_PATH_set=
ac_cv_env_LT_SYS_LIBRARY_PATH_value=
ac_cv_env_build_alias_set=
ac_cv_env_build_alias_value=
ac_cv_env_host_alias_set=
ac_cv_env_host_alias_value=
ac_cv_env_target_alias_set=
ac_cv_env_target_alias_value=
ac_cv_func_getauxval=yes
ac_cv_func_getopt_long=yes
ac_cv_header_arm_neon_h=no
ac_cv_header_byteswap_h=yes
ac_cv_header_cpuid_h=yes
ac_cv_header_dlfcn_h=yes
ac_cv_header_inttypes_h=yes
ac_cv_header_minix_config_h=no
ac_cv_header_stdint_h=yes
ac_cv_header_stdio_h=yes
ac_cv_header_stdlib_h=yes
ac_cv_header_string_h=yes
ac_cv_header_strings_h=yes
ac_cv_header_sys_auxv_h=yes
ac_cv_header_sys_ioctl_h=yes
ac_cv_header_sys_param_h=yes
ac_cv_header_sys_stat_h=yes
ac_cv_header_sys_types_h=yes
ac_cv_header_termios_h=yes
ac_cv_header_unistd_h=yes
ac_cv_header_wchar_h=yes
ac_cv_header_x86intrin_h=yes
ac_cv_host=x86_64-pc-linux-gnu
ac_cv_lib_rt_clock_gettime=yes
ac_cv_objext=o
ac_cv_path_EGREP='/usr/bin/grep -E'
ac_cv_path_FGREP='/usr/bin/grep -F'
ac_cv_path_GREP=/usr/bin/grep
ac_cv_path_SED=/usr/bin/sed
ac_cv_path_XMMS_CONFIG=no
ac_cv_path_install='/usr/bin/install -c'
ac_cv_path_lt_DD=/usr/bin/dd
ac_cv_path_mkdir=/usr/bin/mkdir
ac_cv_prog_AWK=mawk
ac_cv_prog_CPP='gcc -E'
ac_cv_prog_CXXCPP='g++ -E'
ac_cv_prog_GIT_FOUND=yes
ac_cv_prog_ac_ct_AR=ar
ac_cv_prog_ac_ct_CC=gcc
ac_cv_prog_ac_ct_CXX=g++
ac_cv_prog_ac_ct_MANIFEST_TOOL=mt
ac_cv_prog_ac_ct_OBJDUMP=objdump
ac_cv_prog_ac_ct_RANLIB=ranlib
ac_cv_prog_ac_ct_STRIP=strip
ac_cv_prog_cc_c11=
ac_cv_prog_cc_g=yes
ac_cv_prog_cc_stdc=
ac_cv_prog_cxx_11=no
ac_cv_prog_cxx_cxx11=
ac_cv_prog_cxx_g=yes
ac_cv_prog_cxx_stdcxx=
ac_cv_prog_make_make_set=yes
ac_cv_safe_to_define___extensions__=yes
ac_cv_search_lround=-lm
ac_cv_should_define__xopen_source=no
ac_cv_sizeof_off_t=8
ac_cv_sizeof_voidp=8
ac_cv_sys_file_offset_bits=no
ac_cv_sys_largefile_CC=no
ac_cv_sys_largefile_source=no
ac_cv_type_socklen_t=yes
acl_cv_path_LD='/usr/bin/ld -m elf_x86_64'
acl_cv_prog_gnu_ld=yes
acl_cv_rpath=done
am_cv_CCAS_dependencies_compiler_type=gcc3
am_cv_CC_dependencies_compiler_type=gcc3
am_cv_CXX_dependencies_compiler_type=gcc3
am_cv_ar_interface=ar
am_cv_func_iconv=yes
am_cv_func_iconv_works=yes
am_cv_langinfo_codeset=yes
am_cv_lib_iconv=no
am_cv_make_support_nested_variables=yes
am_cv_prog_cc_c_o=yes
am_cv_prog_tar_pax=gnutar
am_cv_proto_iconv='extern size_t iconv (iconv_t cd, char * *inbuf, size_t *inbytesleft, char * *outbuf, size_t *outbytesleft);'
am_cv_proto_iconv_arg1=
lt_cv_ar_at_file=@
lt_cv_archive_cmds_need_lc=no
lt_cv_deplibs_check_method=pass_all
lt_cv_file_magic_cmd='$MAGIC_CMD'
lt_cv_file_magic_test_file=
lt_cv_ld_reload_flag=-r
lt_cv_nm_interface='BSD nm'
lt_cv_objdir=.libs
lt_cv_path_LD=/usr/bin/ld
lt_cv_path_LDCXX='/usr/bin/ld -m elf_x86_64'
lt_cv_path_NM='/usr/bin/nm -B'
lt_cv_path_mainfest_tool=no
lt_cv_prog_compiler_c_o=yes
lt_cv_prog_compiler_c_o_CXX=yes
lt_cv_prog_compiler_pic='-fPIC -DPIC'
lt_cv_prog_compiler_pic_CXX='-fPIC -DPIC'
lt_cv_prog_compiler_pic_works=yes
lt_cv_prog_compiler_pic_works_CXX=yes
lt_cv_prog_compiler_rtti_exceptions=no
lt_cv_prog_compiler_static_works=yes
lt_cv_prog_compiler_static_works_CXX=yes
lt_cv_prog_gnu_ld=yes
lt_cv_prog_gnu_ldcxx=yes
lt_cv_sharedlib_from_linklib_cmd='printf %s\n'
lt_cv_shlibpath_overrides_runpath=yes
lt_cv_sys_global_symbol_pipe='sed -n -e '\''s/^.*[	 ]\([ABCDGIRSTW][ABCDGIRSTW]*\)[	 ][	 ]*\([_A-Za-z][_A-Za-z0-9]*\)$/\1 \2 \2/p'\'' | sed '\''/ __gnu_lto/d'\'''
lt_cv_sys_global_symbol_to_c_name_address='sed -n -e '\''s/^: \(.*\) .*$/  {"\1", (void *) 0},/p'\'' -e '\''s/^[ABCDGIRSTW][ABCDGIRSTW]* .* \(.*\)$/  {"\1", (void *) \&\1},/p'\'''
lt_cv_sys_global_symbol_to_c_name_address_lib_prefix='sed -n -e '\''s/^: \(.*\) .*$/  {"\1", (void *) 0},/p'\'' -e '\''s/^[ABCDGIRSTW][ABCDGIRSTW]* .* \(lib.*\)$/  {"\1", (void *) \&\1},/p'\'' -e '\''s/^[ABCDGIRSTW][ABCDGIRSTW]* .* \(.*\)$/  {"lib\1", (void *) \&\1},/p'\'''
lt_cv_sys_global_symbol_to_cdecl='sed -n -e '\''s/^T .* \(.*\)$/extern int \1();/p'\'' -e '\''s/^[ABCDGIRSTW][ABCDGIRSTW]* .* \(.*\)$/extern char \1;/p'\'''
lt_cv_sys_global_symbol_to_import=
lt_cv_sys_max_cmd_len=1572864
lt_cv_to_host_file_cmd=func_convert_file_noop
lt_cv_to_tool_file_cmd=func_convert_file_noop
lt_cv_truncate_bin='/usr/bin/dd bs=4096 count=1'
xiph_cv_c_compiler_clang=no

## ----------------- ##
## Output variables. ##
## ----------------- ##

ACLOCAL='${SHELL} '\''/home/l1/Desktop/Thesis/Subjects/xiph-flac/missing'\'' aclocal-1.16'
AMDEPBACKSLASH='\'
AMDEP_FALSE='#'
AMDEP_TRUE=''
AMTAR='$${TAR-tar}'
AM_BACKSLASH='\'
AM_DEFAULT_V='$(AM_DEFAULT_VERBOSITY)'
AM_DEFAULT_VERBOSITY='0'
AM_V='$(V)'
AR='ar'
AS='as'
AUTOCONF='${SHELL} '\''/home/l1/Desktop/Thesis/Subjects/xiph-flac/missing'\'' autoconf'
AUTOHEADER='${SHELL} '\''/home/l1/Desktop/Thesis/Subjects/xiph-flac/missing'\'' autoheader'
AUTOMAKE='${SHELL} '\''/home/l1/Desktop/Thesis/Subjects/xiph-flac/missing'\'' automake-1.16'
AWK='mawk'
CC='gcc'
CCAS='gcc'
CCASDEPMODE='depmode=gcc3'
CCASFLAGS=''
CCDEPMODE='depmode=gcc3'
CFLAGS='-O3 -funroll-loops -Wall -Wextra -Wstrict-prototypes -Wmissing-prototypes -Waggregate-return -Wcast-align -Wnested-externs -Wshadow -Wundef -Wmissing-declarations -Winline  -Wdeclaration-after-statement -fvisibility=hidden -msse2 -fstack-protector-strong'
CPP='gcc -E'
CPPFLAGS=' -DFLAC__USE_VISIBILITY_ATTR'
CSCOPE='cscope'
CTAGS='ctags'
CXX='g++'
CXXCPP='g++ -E'
CXXDEPMODE='depmode=gcc3'
CXXFLAGS='-O3 -Wall -Wextra -Wcast-align -Wshadow -Wwrite-strings -Wctor-dtor-privacy -Wnon-virtual-dtor -Wreorder -Wsign-promo -Wundef  -Weffc++ -fvisibility=hidden -fstack-protector-strong'
CYGPATH_W='echo'
DEBUG_FALSE=''
DEBUG_TRUE='#'
DEFS='-DHAVE_CONFIG_H'
DEPDIR='.deps'
DLLTOOL='false'
DOCBOOK_TO_MAN=''
DOXYGEN=''
DSYMUTIL=''
DUMPBIN=''
ECHO_C=''
ECHO_N='-n'
ECHO_T=''
EGREP='/usr/bin/grep -E'
ENABLE_64_BIT_WORDS=''
ETAGS='etags'
EXAMPLES_FALSE='#'
EXAMPLES_TRUE=''
EXEEXT=''
FGREP='/usr/bin/grep -F'
FLAC__CPU_ARM64_FALSE=''
FLAC__CPU_ARM64_TRUE='#'
FLAC__CPU_X86_64_FALSE='#'
FLAC__CPU_X86_64_TRUE=''
FLAC__HAS_OGG='0'
FLAC__TEST_LEVEL='1'
FLAC__TEST_WITH_VALGRIND='no'
FLaC__CPU_IA32_FALSE=''
FLaC__CPU_IA32_TRUE='#'
FLaC__CPU_PPC64_FALSE=''
FLaC__CPU_PPC64_TRUE='#'
FLaC__CPU_PPC_FALSE=''
FLaC__CPU_PPC_TRUE='#'
FLaC__CPU_SPARC_FALSE=''
FLaC__CPU_SPARC_TRUE='#'
FLaC__HAS_DOCBOOK_TO_MAN_FALSE=''
FLaC__HAS_DOCBOOK_TO_MAN_TRUE='#'
FLaC__HAS_DOXYGEN_FALSE=''
FLaC__HAS_DOXYGEN_TRUE='#'
FLaC__HAS_NASM_FALSE=''
FLaC__HAS_NASM_TRUE='#'
FLaC__HAS_OGG_FALSE=''
FLaC__HAS_OGG_TRUE='#'
FLaC__HAS_XMMS_FALSE=''
FLaC__HAS_XMMS_TRUE='#'
FLaC__INSTALL_XMMS_PLUGIN_LOCALLY_FALSE=''
FLaC__INSTALL_XMMS_PLUGIN_LOCALLY_TRUE='#'
FLaC__NO_ASM_FALSE=''
FLaC__NO_ASM_TRUE='#'
FLaC__SYS_DARWIN_FALSE=''
FLaC__SYS_DARWIN_TRUE='#'
FLaC__SYS_LINUX_FALSE='#'
FLaC__SYS_LINUX_TRUE=''
FLaC__USE_ALTIVEC_FALSE='#'
FLaC__USE_ALTIVEC_TRUE=''
FLaC__USE_AVX_FALSE='#'
FLaC__USE_AVX_TRUE=''
FLaC__USE_VSX_FALSE='#'
FLaC__USE_VSX_TRUE=''
FLaC__WITH_CPPLIBS_FALSE='#'
FLaC__WITH_CPPLIBS_TRUE=''
GCC_MAJOR_VERSION='11'
GCC_MINOR_VERSION='11'
GCC_VERSION='11'
GIT_COMMIT_VERSION_HASH='yes'
GIT_FOUND='yes'
GREP='/usr/bin/grep'
INSTALL_DATA='${INSTALL} -m 644'
INSTALL_PROGRAM='${INSTALL}'
INSTALL_SCRIPT='${INSTALL}'
INSTALL_STRIP_PROGRAM='$(install_sh) -c -s'
LD='/usr/bin/ld -m elf_x86_64'
LDFLAGS=''
LIBICONV=''
LIBOBJS=''
LIBS='-lm '
LIBTOOL='$(SHELL) $(top_builddir)/libtool'
LIB_CLOCK_GETTIME='-lrt'
LIB_FUZZING_ENGINE=''
LIPO=''
LN_S='ln -s'
LTLIBICONV=''
LTLIBOBJS=''
LT_SYS_LIBRARY_PATH=''
MAKEINFO='${SHELL} '\''/home/l1/Desktop/Thesis/Subjects/xiph-flac/missing'\'' makeinfo'
MANIFEST_TOOL=':'
MKDIR_P='/usr/bin/mkdir -p'
NASM=''
NM='/usr/bin/nm -B'
NMEDIT=''
OBJDUMP='objdump'
OBJEXT='o'
OBJ_FORMAT='elf'
OGG_CFLAGS=''
OGG_LIBS=''
OGG_PACKAGE=''
OS_IS_WINDOWS_FALSE=''
OS_IS_WINDOWS_TRUE='#'
OTOOL64=''
OTOOL=''
PACKAGE='flac'
PACKAGE_BUGREPORT='flac-dev@xiph.org'
PACKAGE_NAME='flac'
PACKAGE_STRING='flac 1.3.4'
PACKAGE_TARNAME='flac'
PACKAGE_URL='https://www.xiph.org/flac/'
PACKAGE_VERSION='1.3.4'
PATH_SEPARATOR=':'
RANLIB='ranlib'
SED='/usr/bin/sed'
SET_MAKE=''
SHELL='/bin/bash'
STRIP='strip'
USE_OSSFUZZERS_FALSE=''
USE_OSSFUZZERS_TRUE='#'
VERSION='1.3.4'
XMMS_CFLAGS=''
XMMS_CONFIG='no'
XMMS_DATA_DIR=''
XMMS_EFFECT_PLUGIN_DIR=''
XMMS_GENERAL_PLUGIN_DIR=''
XMMS_INPUT_PLUGIN_DIR=''
XMMS_LIBS=''
XMMS_OUTPUT_PLUGIN_DIR=''
XMMS_PLUGIN_DIR=''
XMMS_VERSION=''
XMMS_VISUALIZATION_PLUGIN_DIR=''
ac_ct_AR='ar'
ac_ct_CC='gcc'
ac_ct_CXX='g++'
ac_ct_DUMPBIN=''
am__EXEEXT_FALSE=''
am__EXEEXT_TRUE='#'
am__fastdepCCAS_FALSE='#'
am__fastdepCCAS_TRUE=''
am__fastdepCC_FALSE='#'
am__fastdepCC_TRUE=''
am__fastdepCXX_FALSE='#'
am__fastdepCXX_TRUE=''
am__include='include'
am__isrc=''
am__leading_dot='.'
am__nodep='_no'
am__quote=''
am__tar='tar --format=posix -chf - "$$tardir"'
am__untar='tar -xf -'
bindir='${exec_prefix}/bin'
build='x86_64-pc-linux-gnu'
build_alias=''
build_cpu='x86_64'
build_os='linux-gnu'
build_vendor='pc'
datadir='${datarootdir}'
datarootdir='${prefix}/share'
docdir='${datarootdir}/doc/${PACKAGE_TARNAME}'
dvidir='${docdir}'
exec_prefix='${prefix}'
host='x86_64-pc-linux-gnu'
host_alias=''
host_cpu='x86_64'
host_os='linux-gnu'
host_vendor='pc'
htmldir='${docdir}'
includedir='${prefix}/include'
infodir='${datarootdir}/info'
install_sh='${SHELL} /home/l1/Desktop/Thesis/Subjects/xiph-flac/install-sh'
libdir='${exec_prefix}/lib'
libexecdir='${exec_prefix}/libexec'
localedir='${datarootdir}/locale'
localstatedir='${prefix}/var'
mandir='${datarootdir}/man'
mkdir_p='$(MKDIR_P)'
oldincludedir='/usr/include'
pdfdir='${docdir}'
prefix='/usr/local'
program_transform_name='s,x,x,'
psdir='${docdir}'
runstatedir='${localstatedir}/run'
sbindir='${exec_prefix}/sbin'
sharedstatedir='${prefix}/com'
sysconfdir='${prefix}/etc'
target_alias=''

## ----------- ##
## confdefs.h. ##
## ----------- ##

/* confdefs.h */
#define PACKAGE_NAME "flac"
#define PACKAGE_TARNAME "flac"
#define PACKAGE_VERSION "1.3.4"
#define PACKAGE_STRING "flac 1.3.4"
#define PACKAGE_BUGREPORT "flac-dev@xiph.org"
#define PACKAGE_URL "https://www.xiph.org/flac/"
#define PACKAGE "flac"
#define VERSION "1.3.4"
#define NDEBUG /**/
#define HAVE_STDIO_H 1
#define HAVE_STDLIB_H 1
#define HAVE_STRING_H 1
#define HAVE_INTTYPES_H 1
#define HAVE_STDINT_H 1
#define HAVE_STRINGS_H 1
#define HAVE_SYS_STAT_H 1
#define HAVE_SYS_TYPES_H 1
#define HAVE_UNISTD_H 1
#define HAVE_WCHAR_H 1
#define STDC_HEADERS 1
#define _ALL_SOURCE 1
#define _DARWIN_C_SOURCE 1
#define _GNU_SOURCE 1
#define _HPUX_ALT_XOPEN_SOCKET_API 1
#define _NETBSD_SOURCE 1
#define _OPENBSD_SOURCE 1
#define _POSIX_PTHREAD_SEMANTICS 1
#define __STDC_WANT_IEC_60559_ATTRIBS_EXT__ 1
#define __STDC_WANT_IEC_60559_BFP_EXT__ 1
#define __STDC_WANT_IEC_60559_DFP_EXT__ 1
#define __STDC_WANT_IEC_60559_FUNCS_EXT__ 1
#define __STDC_WANT_IEC_60559_TYPES_EXT__ 1
#define __STDC_WANT_LIB_EXT2__ 1
#define __STDC_WANT_MATH_SPEC_FUNCS__ 1
#define _TANDEM_SOURCE 1
#define __EXTENSIONS__ 1
#define HAVE_DLFCN_H 1
#define LT_OBJDIR ".libs/"
#define HAVE_FSEEKO 1
#define SIZEOF_OFF_T 8
#define SIZEOF_VOIDP 8
#define HAVE_LROUND 1
#define HAVE_TYPEOF 1
#define HAVE_STDINT_H 1
#define HAVE_INTTYPES_H 1
#define HAVE_BYTESWAP_H 1
#define HAVE_SYS_AUXV_H 1
#define HAVE_SYS_PARAM_H 1
#define HAVE_SYS_IOCTL_H 1
#define HAVE_TERMIOS_H 1
#define HAVE_X86INTRIN_H 1
#define HAVE_CPUID_H 1
#define HAVE_BSWAP32 1
#define HAVE_BSWAP16 1
#define CPU_IS_BIG_ENDIAN 0
#define CPU_IS_LITTLE_ENDIAN 1
#define WORDS_BIGENDIAN 0
#define HAVE_SOCKLEN_T 1
#define HAVE_GETAUXVAL 1
#define HAVE_GETOPT_LONG 1
#define SIZEOF_VOIDP 8
#define FLAC__CPU_X86_64 1
#define FLAC__HAS_X86INTRIN 1
#define FLAC__HAS_NEONINTRIN 0
#define FLAC__SYS_LINUX 1
#define FLAC__ALIGN_MALLOC_DATA 1
#define FLAC__USE_ALTIVEC 1
#define FLAC__USE_AVX 1
#define ENABLE_64_BIT_WORDS 0
#define FLAC__HAS_OGG 0
#define HAVE_ICONV 1
#define ICONV_CONST 
#define HAVE_LANGINFO_CODESET 1
#define HAVE_CLOCK_GETTIME 1
#define GIT_COMMIT_HASH "c2daa371"
#define GIT_COMMIT_DATE "20220530"

configure: exit 0
