This file contains any messages produced by compilers while
running configure, to aid debugging if configure makes a mistake.

It was created by libmp3splt configure 0.9.3.1518, which was
generated by GNU Autoconf 2.71.  Invocation command line was

  $ ./configure --prefix=/home/l1/Desktop/Thesis/Subjects/mp3splt/libmp3splt/target --no-create --no-recursion

## --------- ##
## Platform. ##
## --------- ##

hostname = L1
uname -m = x86_64
uname -r = 5.15.0-39-generic
uname -s = Linux
uname -v = #42-Ubuntu SMP Thu Jun 9 23:42:32 UTC 2022

/usr/bin/uname -p = x86_64
/bin/uname -X     = unknown

/bin/arch              = x86_64
/usr/bin/arch -k       = unknown
/usr/convex/getsysinfo = unknown
/usr/bin/hostinfo      = unknown
/bin/machine           = unknown
/usr/bin/oslevel       = unknown
/bin/universe          = unknown

PATH: /usr/local/sbin/
PATH: /usr/local/bin/
PATH: /usr/sbin/
PATH: /usr/bin/
PATH: /sbin/
PATH: /bin/
PATH: /usr/games/
PATH: /usr/local/games/
PATH: /snap/bin/
PATH: /snap/bin/


## ----------- ##
## Core tests. ##
## ----------- ##

configure:2754: looking for aux files: ltmain.sh config.guess config.sub config.rpath compile missing install-sh
configure:2767:  trying ./libltdl/config/
configure:2796:   ./libltdl/config/ltmain.sh found
configure:2796:   ./libltdl/config/config.guess found
configure:2796:   ./libltdl/config/config.sub found
configure:2796:   ./libltdl/config/config.rpath found
configure:2796:   ./libltdl/config/compile found
configure:2796:   ./libltdl/config/missing found
configure:2778:   ./libltdl/config/install-sh found
configure:2926: checking for a BSD-compatible install
configure:2999: result: /usr/bin/install -c
configure:3010: checking whether build environment is sane
configure:3065: result: yes
configure:3224: checking for a race-free mkdir -p
configure:3268: result: /usr/bin/mkdir -p
configure:3275: checking for gawk
configure:3310: result: no
configure:3275: checking for mawk
configure:3296: found /usr/bin/mawk
configure:3307: result: mawk
configure:3318: checking whether make sets $(MAKE)
configure:3341: result: yes
configure:3371: checking whether make supports nested variables
configure:3389: result: yes
configure:3528: checking whether to enable maintainer-specific portions of Makefiles
configure:3538: result: yes
configure:3625: checking for gcc
configure:3646: found /usr/bin/gcc
configure:3657: result: gcc
configure:4010: checking for C compiler version
configure:4019: gcc --version >&5
gcc (Ubuntu 11.2.0-19ubuntu1) 11.2.0
Copyright (C) 2021 Free Software Foundation, Inc.
This is free software; see the source for copying conditions.  There is NO
warranty; not even for MERCHANTABILITY or FITNESS FOR A PARTICULAR PURPOSE.

configure:4030: $? = 0
configure:4019: gcc -v >&5
Using built-in specs.
COLLECT_GCC=gcc
COLLECT_LTO_WRAPPER=/usr/lib/gcc/x86_64-linux-gnu/11/lto-wrapper
OFFLOAD_TARGET_NAMES=nvptx-none:amdgcn-amdhsa
OFFLOAD_TARGET_DEFAULT=1
Target: x86_64-linux-gnu
Configured with: ../src/configure -v --with-pkgversion='Ubuntu 11.2.0-19ubuntu1' --with-bugurl=file:///usr/share/doc/gcc-11/README.Bugs --enable-languages=c,ada,c++,go,brig,d,fortran,objc,obj-c++,m2 --prefix=/usr --with-gcc-major-version-only --program-suffix=-11 --program-prefix=x86_64-linux-gnu- --enable-shared --enable-linker-build-id --libexecdir=/usr/lib --without-included-gettext --enable-threads=posix --libdir=/usr/lib --enable-nls --enable-bootstrap --enable-clocale=gnu --enable-libstdcxx-debug --enable-libstdcxx-time=yes --with-default-libstdcxx-abi=new --enable-gnu-unique-object --disable-vtable-verify --enable-plugin --enable-default-pie --with-system-zlib --enable-libphobos-checking=release --with-target-system-zlib=auto --enable-objc-gc=auto --enable-multiarch --disable-werror --enable-cet --with-arch-32=i686 --with-abi=m64 --with-multilib-list=m32,m64,mx32 --enable-multilib --with-tune=generic --enable-offload-targets=nvptx-none=/build/gcc-11-gBFGDP/gcc-11-11.2.0/debian/tmp-nvptx/usr,amdgcn-amdhsa=/build/gcc-11-gBFGDP/gcc-11-11.2.0/debian/tmp-gcn/usr --without-cuda-driver --enable-checking=release --build=x86_64-linux-gnu --host=x86_64-linux-gnu --target=x86_64-linux-gnu --with-build-config=bootstrap-lto-lean --enable-link-serialization=2
Thread model: posix
Supported LTO compression algorithms: zlib zstd
gcc version 11.2.0 (Ubuntu 11.2.0-19ubuntu1) 
... rest of stderr output deleted ...
configure:4030: $? = 0
configure:4019: gcc -V >&5
gcc: error: unrecognized command-line option '-V'
gcc: fatal error: no input files
compilation terminated.
configure:4030: $? = 1
configure:4019: gcc -qversion >&5
gcc: error: unrecognized command-line option '-qversion'; did you mean '--version'?
gcc: fatal error: no input files
compilation terminated.
configure:4030: $? = 1
configure:4019: gcc -version >&5
gcc: error: unrecognized command-line option '-version'
gcc: fatal error: no input files
compilation terminated.
configure:4030: $? = 1
configure:4050: checking whether the C compiler works
configure:4072: gcc    conftest.c  >&5
configure:4076: $? = 0
configure:4126: result: yes
configure:4129: checking for C compiler default output file name
configure:4131: result: a.out
configure:4137: checking for suffix of executables
configure:4144: gcc -o conftest    conftest.c  >&5
configure:4148: $? = 0
configure:4171: result: 
configure:4193: checking whether we are cross compiling
configure:4201: gcc -o conftest    conftest.c  >&5
configure:4205: $? = 0
configure:4212: ./conftest
configure:4216: $? = 0
configure:4231: result: no
configure:4236: checking for suffix of object files
configure:4259: gcc -c   conftest.c >&5
configure:4263: $? = 0
configure:4285: result: o
configure:4289: checking whether the compiler supports GNU C
configure:4309: gcc -c   conftest.c >&5
configure:4309: $? = 0
configure:4319: result: yes
configure:4330: checking whether gcc accepts -g
configure:4351: gcc -c -g  conftest.c >&5
configure:4351: $? = 0
configure:4395: result: yes
configure:4415: checking for gcc option to enable C11 features
configure:4430: gcc  -c -g -O2  conftest.c >&5
configure:4430: $? = 0
configure:4448: result: none needed
configure:4564: checking whether gcc understands -c and -o together
configure:4587: gcc -c conftest.c -o conftest2.o
configure:4590: $? = 0
configure:4587: gcc -c conftest.c -o conftest2.o
configure:4590: $? = 0
configure:4602: result: yes
configure:4622: checking whether make supports the include directive
configure:4637: make -f confmf.GNU && cat confinc.out
make[1]: Entering directory '/home/l1/Desktop/Thesis/Subjects/mp3splt/libmp3splt'
make[1]: Leaving directory '/home/l1/Desktop/Thesis/Subjects/mp3splt/libmp3splt'
this is the am__doit target
configure:4640: $? = 0
configure:4659: result: yes (GNU style)
configure:4685: checking dependency style of gcc
configure:4797: result: gcc3
configure:4813: checking whether ln -s works
configure:4817: result: yes
configure:4830: checking for stdio.h
configure:4830: gcc -c -g -O2  conftest.c >&5
configure:4830: $? = 0
configure:4830: result: yes
configure:4830: checking for stdlib.h
configure:4830: gcc -c -g -O2  conftest.c >&5
configure:4830: $? = 0
configure:4830: result: yes
configure:4830: checking for string.h
configure:4830: gcc -c -g -O2  conftest.c >&5
configure:4830: $? = 0
configure:4830: result: yes
configure:4830: checking for inttypes.h
configure:4830: gcc -c -g -O2  conftest.c >&5
configure:4830: $? = 0
configure:4830: result: yes
configure:4830: checking for stdint.h
configure:4830: gcc -c -g -O2  conftest.c >&5
configure:4830: $? = 0
configure:4830: result: yes
configure:4830: checking for strings.h
configure:4830: gcc -c -g -O2  conftest.c >&5
configure:4830: $? = 0
configure:4830: result: yes
configure:4830: checking for sys/stat.h
configure:4830: gcc -c -g -O2  conftest.c >&5
configure:4830: $? = 0
configure:4830: result: yes
configure:4830: checking for sys/types.h
configure:4830: gcc -c -g -O2  conftest.c >&5
configure:4830: $? = 0
configure:4830: result: yes
configure:4830: checking for unistd.h
configure:4830: gcc -c -g -O2  conftest.c >&5
configure:4830: $? = 0
configure:4830: result: yes
configure:4855: checking for unistd.h
configure:4855: result: yes
configure:4862: checking for a sed that does not truncate output
configure:4932: result: /usr/bin/sed
configure:4938: checking whether NLS is requested
configure:4948: result: yes
configure:4988: checking for msgfmt
configure: trying /usr/bin/msgfmt...
0 translated messages.
configure:5021: result: /usr/bin/msgfmt
configure:5030: checking for gmsgfmt
configure:5066: result: /usr/bin/msgfmt
configure:5111: checking for xgettext
configure: trying /usr/bin/xgettext...
/usr/bin/xgettext: warning: file '/dev/null' extension '' is unknown; will try C
configure:5144: result: /usr/bin/xgettext
configure:5189: checking for msgmerge
configure: trying /usr/bin/msgmerge...
configure:5221: result: /usr/bin/msgmerge
configure:5268: checking build system type
configure:5283: result: x86_64-pc-linux-gnu
configure:5303: checking host system type
configure:5317: result: x86_64-pc-linux-gnu
configure:5364: checking for ld used by gcc
configure:5492: result: /usr/bin/ld
configure:5499: checking if the linker (/usr/bin/ld) is GNU ld
configure:5515: result: yes
configure:5523: checking for shared library run path origin
configure:5537: result: done
configure:5559: checking 32-bit host C ABI
configure:5626: gcc -c -g -O2  conftest.c >&5
configure:5626: $? = 0
configure:5822: result: no
configure:5832: checking how to run the C preprocessor
configure:5858: gcc -E  conftest.c
configure:5858: $? = 0
configure:5873: gcc -E  conftest.c
conftest.c:22:10: fatal error: ac_nonexistent.h: No such file or directory
   22 | #include <ac_nonexistent.h>
      |          ^~~~~~~~~~~~~~~~~~
compilation terminated.
configure:5873: $? = 1
configure: failed program was:
| /* confdefs.h */
| #define PACKAGE_NAME "libmp3splt"
| #define PACKAGE_TARNAME "libmp3splt"
| #define PACKAGE_VERSION "0.9.3.1518"
| #define PACKAGE_STRING "libmp3splt 0.9.3.1518"
| #define PACKAGE_BUGREPORT "m@ioalex.net"
| #define PACKAGE_URL ""
| #define PACKAGE "libmp3splt"
| #define VERSION "0.9.3.1518"
| #define HAVE_STDIO_H 1
| #define HAVE_STDLIB_H 1
| #define HAVE_STRING_H 1
| #define HAVE_INTTYPES_H 1
| #define HAVE_STDINT_H 1
| #define HAVE_STRINGS_H 1
| #define HAVE_SYS_STAT_H 1
| #define HAVE_SYS_TYPES_H 1
| #define HAVE_UNISTD_H 1
| #define STDC_HEADERS 1
| #define HAVE_UNISTD_H 1
| /* end confdefs.h.  */
| #include <ac_nonexistent.h>
configure:5900: result: gcc -E
configure:5914: gcc -E  conftest.c
configure:5914: $? = 0
configure:5929: gcc -E  conftest.c
conftest.c:22:10: fatal error: ac_nonexistent.h: No such file or directory
   22 | #include <ac_nonexistent.h>
      |          ^~~~~~~~~~~~~~~~~~
compilation terminated.
configure:5929: $? = 1
configure: failed program was:
| /* confdefs.h */
| #define PACKAGE_NAME "libmp3splt"
| #define PACKAGE_TARNAME "libmp3splt"
| #define PACKAGE_VERSION "0.9.3.1518"
| #define PACKAGE_STRING "libmp3splt 0.9.3.1518"
| #define PACKAGE_BUGREPORT "m@ioalex.net"
| #define PACKAGE_URL ""
| #define PACKAGE "libmp3splt"
| #define VERSION "0.9.3.1518"
| #define HAVE_STDIO_H 1
| #define HAVE_STDLIB_H 1
| #define HAVE_STRING_H 1
| #define HAVE_INTTYPES_H 1
| #define HAVE_STDINT_H 1
| #define HAVE_STRINGS_H 1
| #define HAVE_SYS_STAT_H 1
| #define HAVE_SYS_TYPES_H 1
| #define HAVE_UNISTD_H 1
| #define STDC_HEADERS 1
| #define HAVE_UNISTD_H 1
| /* end confdefs.h.  */
| #include <ac_nonexistent.h>
configure:5960: checking for grep that handles long lines and -e
configure:6024: result: /usr/bin/grep
configure:6029: checking for egrep
configure:6097: result: /usr/bin/grep -E
configure:6106: checking for ELF binary format
configure:6130: result: yes
configure:6179: checking for the common suffixes of directories in the library search path
configure:6248: result: lib,lib,lib64
configure:6766: checking for CFPreferencesCopyAppValue
configure:6785: gcc -o conftest -g -O2   conftest.c  -Wl,-framework -Wl,CoreFoundation >&5
conftest.c:22:10: fatal error: CoreFoundation/CFPreferences.h: No such file or directory
   22 | #include <CoreFoundation/CFPreferences.h>
      |          ^~~~~~~~~~~~~~~~~~~~~~~~~~~~~~~~
compilation terminated.
configure:6785: $? = 1
configure: failed program was:
| /* confdefs.h */
| #define PACKAGE_NAME "libmp3splt"
| #define PACKAGE_TARNAME "libmp3splt"
| #define PACKAGE_VERSION "0.9.3.1518"
| #define PACKAGE_STRING "libmp3splt 0.9.3.1518"
| #define PACKAGE_BUGREPORT "m@ioalex.net"
| #define PACKAGE_URL ""
| #define PACKAGE "libmp3splt"
| #define VERSION "0.9.3.1518"
| #define HAVE_STDIO_H 1
| #define HAVE_STDLIB_H 1
| #define HAVE_STRING_H 1
| #define HAVE_INTTYPES_H 1
| #define HAVE_STDINT_H 1
| #define HAVE_STRINGS_H 1
| #define HAVE_SYS_STAT_H 1
| #define HAVE_SYS_TYPES_H 1
| #define HAVE_UNISTD_H 1
| #define STDC_HEADERS 1
| #define HAVE_UNISTD_H 1
| /* end confdefs.h.  */
| #include <CoreFoundation/CFPreferences.h>
| int
| main (void)
| {
| CFPreferencesCopyAppValue(NULL, NULL)
|   ;
|   return 0;
| }
configure:6795: result: no
configure:6802: checking for CFLocaleCopyPreferredLanguages
configure:6821: gcc -o conftest -g -O2   conftest.c  -Wl,-framework -Wl,CoreFoundation >&5
conftest.c:22:10: fatal error: CoreFoundation/CFLocale.h: No such file or directory
   22 | #include <CoreFoundation/CFLocale.h>
      |          ^~~~~~~~~~~~~~~~~~~~~~~~~~~
compilation terminated.
configure:6821: $? = 1
configure: failed program was:
| /* confdefs.h */
| #define PACKAGE_NAME "libmp3splt"
| #define PACKAGE_TARNAME "libmp3splt"
| #define PACKAGE_VERSION "0.9.3.1518"
| #define PACKAGE_STRING "libmp3splt 0.9.3.1518"
| #define PACKAGE_BUGREPORT "m@ioalex.net"
| #define PACKAGE_URL ""
| #define PACKAGE "libmp3splt"
| #define VERSION "0.9.3.1518"
| #define HAVE_STDIO_H 1
| #define HAVE_STDLIB_H 1
| #define HAVE_STRING_H 1
| #define HAVE_INTTYPES_H 1
| #define HAVE_STDINT_H 1
| #define HAVE_STRINGS_H 1
| #define HAVE_SYS_STAT_H 1
| #define HAVE_SYS_TYPES_H 1
| #define HAVE_UNISTD_H 1
| #define STDC_HEADERS 1
| #define HAVE_UNISTD_H 1
| /* end confdefs.h.  */
| #include <CoreFoundation/CFLocale.h>
| int
| main (void)
| {
| CFLocaleCopyPreferredLanguages();
|   ;
|   return 0;
| }
configure:6831: result: no
configure:6881: checking for GNU gettext in libc
configure:6911: gcc -o conftest -g -O2   conftest.c  >&5
configure:6911: $? = 0
configure:6921: result: yes
configure:7812: checking whether to use NLS
configure:7814: result: yes
configure:7817: checking where the gettext function comes from
configure:7828: result: libc
configure:7891: checking whether byte ordering is bigendian
configure:7907: gcc -c -g -O2  conftest.c >&5
conftest.c:26:16: error: unknown type name 'not'
   26 |                not a universal capable compiler
      |                ^~~
conftest.c:26:22: error: expected '=', ',', ';', 'asm' or '__attribute__' before 'universal'
   26 |                not a universal capable compiler
      |                      ^~~~~~~~~
conftest.c:26:22: error: unknown type name 'universal'
configure:7907: $? = 1
configure: failed program was:
| /* confdefs.h */
| #define PACKAGE_NAME "libmp3splt"
| #define PACKAGE_TARNAME "libmp3splt"
| #define PACKAGE_VERSION "0.9.3.1518"
| #define PACKAGE_STRING "libmp3splt 0.9.3.1518"
| #define PACKAGE_BUGREPORT "m@ioalex.net"
| #define PACKAGE_URL ""
| #define PACKAGE "libmp3splt"
| #define VERSION "0.9.3.1518"
| #define HAVE_STDIO_H 1
| #define HAVE_STDLIB_H 1
| #define HAVE_STRING_H 1
| #define HAVE_INTTYPES_H 1
| #define HAVE_STDINT_H 1
| #define HAVE_STRINGS_H 1
| #define HAVE_SYS_STAT_H 1
| #define HAVE_SYS_TYPES_H 1
| #define HAVE_UNISTD_H 1
| #define STDC_HEADERS 1
| #define HAVE_UNISTD_H 1
| #define ENABLE_NLS 1
| #define HAVE_GETTEXT 1
| #define HAVE_DCGETTEXT 1
| /* end confdefs.h.  */
| #ifndef __APPLE_CC__
| 	       not a universal capable compiler
| 	     #endif
| 	     typedef int dummy;
| 
configure:7953: gcc -c -g -O2  conftest.c >&5
configure:7953: $? = 0
configure:7972: gcc -c -g -O2  conftest.c >&5
conftest.c: In function 'main':
conftest.c:32:18: error: unknown type name 'not'; did you mean 'ino_t'?
   32 |                  not big endian
      |                  ^~~
      |                  ino_t
conftest.c:32:26: error: expected '=', ',', ';', 'asm' or '__attribute__' before 'endian'
   32 |                  not big endian
      |                          ^~~~~~
configure:7972: $? = 1
configure: failed program was:
| /* confdefs.h */
| #define PACKAGE_NAME "libmp3splt"
| #define PACKAGE_TARNAME "libmp3splt"
| #define PACKAGE_VERSION "0.9.3.1518"
| #define PACKAGE_STRING "libmp3splt 0.9.3.1518"
| #define PACKAGE_BUGREPORT "m@ioalex.net"
| #define PACKAGE_URL ""
| #define PACKAGE "libmp3splt"
| #define VERSION "0.9.3.1518"
| #define HAVE_STDIO_H 1
| #define HAVE_STDLIB_H 1
| #define HAVE_STRING_H 1
| #define HAVE_INTTYPES_H 1
| #define HAVE_STDINT_H 1
| #define HAVE_STRINGS_H 1
| #define HAVE_SYS_STAT_H 1
| #define HAVE_SYS_TYPES_H 1
| #define HAVE_UNISTD_H 1
| #define STDC_HEADERS 1
| #define HAVE_UNISTD_H 1
| #define ENABLE_NLS 1
| #define HAVE_GETTEXT 1
| #define HAVE_DCGETTEXT 1
| /* end confdefs.h.  */
| #include <sys/types.h>
| 		#include <sys/param.h>
| 
| int
| main (void)
| {
| #if BYTE_ORDER != BIG_ENDIAN
| 		 not big endian
| 		#endif
| 
|   ;
|   return 0;
| }
configure:8106: result: no
configure:8124: checking for an ANSI C-conforming const
configure:8191: gcc -c -g -O2  conftest.c >&5
configure:8191: $? = 0
configure:8199: result: yes
configure:8273: checking how to print strings
configure:8300: result: printf
configure:8321: checking for a sed that does not truncate output
configure:8391: result: /usr/bin/sed
configure:8409: checking for fgrep
configure:8477: result: /usr/bin/grep -F
configure:8513: checking for ld used by gcc
configure:8581: result: /usr/bin/ld
configure:8588: checking if the linker (/usr/bin/ld) is GNU ld
configure:8604: result: yes
configure:8616: checking for BSD- or MS-compatible name lister (nm)
configure:8671: result: /usr/bin/nm -B
configure:8811: checking the name lister (/usr/bin/nm -B) interface
configure:8819: gcc -c -g -O2  conftest.c >&5
configure:8822: /usr/bin/nm -B "conftest.o"
configure:8825: output
0000000000000000 B some_variable
configure:8832: result: BSD nm
configure:8836: checking the maximum length of command line arguments
configure:8968: result: 1572864
configure:9016: checking how to convert x86_64-pc-linux-gnu file names to x86_64-pc-linux-gnu format
configure:9057: result: func_convert_file_noop
configure:9064: checking how to convert x86_64-pc-linux-gnu file names to toolchain format
configure:9085: result: func_convert_file_noop
configure:9092: checking for /usr/bin/ld option to reload object files
configure:9100: result: -r
configure:9179: checking for objdump
configure:9200: found /usr/bin/objdump
configure:9211: result: objdump
configure:9240: checking how to recognize dependent libraries
configure:9441: result: pass_all
configure:9531: checking for dlltool
configure:9566: result: no
configure:9593: checking how to associate runtime and link libraries
configure:9621: result: printf %s\n
configure:9686: checking for ar
configure:9707: found /usr/bin/ar
configure:9718: result: ar
configure:9755: checking for archiver @FILE support
configure:9773: gcc -c -g -O2  conftest.c >&5
configure:9773: $? = 0
configure:9777: ar cr libconftest.a @conftest.lst >&5
configure:9780: $? = 0
configure:9785: ar cr libconftest.a @conftest.lst >&5
ar: conftest.o: No such file or directory
configure:9788: $? = 1
configure:9800: result: @
configure:9863: checking for strip
configure:9884: found /usr/bin/strip
configure:9895: result: strip
configure:9972: checking for ranlib
configure:9993: found /usr/bin/ranlib
configure:10004: result: ranlib
configure:10106: checking command to parse /usr/bin/nm -B output from gcc object
configure:10260: gcc -c -g -O2  conftest.c >&5
configure:10263: $? = 0
configure:10267: /usr/bin/nm -B conftest.o | sed -n -e 's/^.*[	 ]\([ABCDGIRSTW][ABCDGIRSTW]*\)[	 ][	 ]*\([_A-Za-z][_A-Za-z0-9]*\)$/\1 \2 \2/p' | sed '/ __gnu_lto/d' > conftest.nm
configure:10333: gcc -o conftest -g -O2   conftest.c conftstm.o >&5
configure:10336: $? = 0
configure:10374: result: ok
configure:10421: checking for sysroot
configure:10452: result: no
configure:10459: checking for a working dd
configure:10503: result: /usr/bin/dd
configure:10507: checking how to truncate binary pipes
configure:10523: result: /usr/bin/dd bs=4096 count=1
configure:10660: gcc -c -g -O2  conftest.c >&5
configure:10663: $? = 0
configure:10860: checking for mt
configure:10881: found /usr/bin/mt
configure:10892: result: mt
configure:10915: checking if mt is a manifest tool
configure:10922: mt '-?'
configure:10930: result: no
configure:11656: checking for dlfcn.h
configure:11656: gcc -c -g -O2  conftest.c >&5
configure:11656: $? = 0
configure:11656: result: yes
configure:12243: checking for objdir
configure:12259: result: .libs
configure:12523: checking if gcc supports -fno-rtti -fno-exceptions
configure:12542: gcc -c -g -O2  -fno-rtti -fno-exceptions conftest.c >&5
cc1: warning: command-line option '-fno-rtti' is valid for C++/D/ObjC++ but not for C
configure:12546: $? = 0
configure:12559: result: no
configure:12923: checking for gcc option to produce PIC
configure:12931: result: -fPIC -DPIC
configure:12939: checking if gcc PIC flag -fPIC -DPIC works
configure:12958: gcc -c -g -O2  -fPIC -DPIC -DPIC conftest.c >&5
configure:12962: $? = 0
configure:12975: result: yes
configure:13004: checking if gcc static flag -static works
configure:13033: result: yes
configure:13048: checking if gcc supports -c -o file.o
configure:13070: gcc -c -g -O2  -o out/conftest2.o conftest.c >&5
configure:13074: $? = 0
configure:13096: result: yes
configure:13104: checking if gcc supports -c -o file.o
configure:13152: result: yes
configure:13185: checking whether the gcc linker (/usr/bin/ld -m elf_x86_64) supports shared libraries
configure:14455: result: yes
configure:14492: checking whether -lc should be explicitly linked in
configure:14501: gcc -c -g -O2  conftest.c >&5
configure:14504: $? = 0
configure:14519: gcc -shared  -fPIC -DPIC conftest.o  -v -Wl,-soname -Wl,conftest -o conftest 2\>\&1 \| /usr/bin/grep  -lc  \>/dev/null 2\>\&1
configure:14522: $? = 0
configure:14536: result: no
configure:14696: checking dynamic linker characteristics
configure:15278: gcc -o conftest -g -O2   -Wl,-rpath -Wl,/foo conftest.c  >&5
configure:15278: $? = 0
configure:15529: result: GNU/Linux ld.so
configure:15651: checking how to hardcode library paths into programs
configure:15676: result: immediate
configure:16228: checking whether stripping libraries is possible
configure:16233: result: yes
configure:16268: checking if libtool supports shared libraries
configure:16270: result: yes
configure:16273: checking whether to build shared libraries
configure:16298: result: yes
configure:16301: checking whether to build static libraries
configure:16305: result: yes
configure:16343: checking for gcc options needed to detect all undeclared functions
configure:16365: gcc -c -g -O2   conftest.c >&5
conftest.c: In function 'main':
conftest.c:32:8: error: 'strchr' undeclared (first use in this function)
   32 | (void) strchr;
      |        ^~~~~~
conftest.c:1:1: note: 'strchr' is defined in header '<string.h>'; did you forget to '#include <string.h>'?
    1 | /* confdefs.h */
conftest.c:32:8: note: each undeclared identifier is reported only once for each function it appears in
   32 | (void) strchr;
      |        ^~~~~~
configure:16365: $? = 1
configure: failed program was:
| /* confdefs.h */
| #define PACKAGE_NAME "libmp3splt"
| #define PACKAGE_TARNAME "libmp3splt"
| #define PACKAGE_VERSION "0.9.3.1518"
| #define PACKAGE_STRING "libmp3splt 0.9.3.1518"
| #define PACKAGE_BUGREPORT "m@ioalex.net"
| #define PACKAGE_URL ""
| #define PACKAGE "libmp3splt"
| #define VERSION "0.9.3.1518"
| #define HAVE_STDIO_H 1
| #define HAVE_STDLIB_H 1
| #define HAVE_STRING_H 1
| #define HAVE_INTTYPES_H 1
| #define HAVE_STDINT_H 1
| #define HAVE_STRINGS_H 1
| #define HAVE_SYS_STAT_H 1
| #define HAVE_SYS_TYPES_H 1
| #define HAVE_UNISTD_H 1
| #define STDC_HEADERS 1
| #define HAVE_UNISTD_H 1
| #define ENABLE_NLS 1
| #define HAVE_GETTEXT 1
| #define HAVE_DCGETTEXT 1
| #define SPLT_SONAME "0"
| #define HAVE_DLFCN_H 1
| #define LT_OBJDIR ".libs/"
| /* end confdefs.h.  */
| 
| int
| main (void)
| {
| (void) strchr;
|   ;
|   return 0;
| }
configure:16392: gcc -c -g -O2   conftest.c >&5
configure:16392: $? = 0
configure:16409: result: none needed
configure:16423: checking what extension is used for runtime loadable modules
configure:16436: result: .so
configure:16454: checking what variable specifies run-time module search path
configure:16462: result: LD_LIBRARY_PATH
configure:16470: checking for the default library search path
configure:16478: result: /lib /usr/lib /usr/lib/x86_64-linux-gnu/libfakeroot /usr/local/lib /usr/local/lib/x86_64-linux-gnu /lib/x86_64-linux-gnu /usr/lib/x86_64-linux-gnu /lib32 /usr/lib32 
configure:16507: checking for library containing dlopen
configure:16537: gcc -o conftest -g -O2   conftest.c  >&5
configure:16537: $? = 0
configure:16557: result: none required
configure:16647: checking for dlerror
configure:16647: gcc -o conftest -g -O2   conftest.c   >&5
configure:16647: $? = 0
configure:16647: result: yes
configure:16659: checking for shl_load
configure:16659: gcc -o conftest -g -O2   conftest.c  >&5
/usr/bin/ld: /tmp/ccXWHCq9.o: in function `main':
/home/l1/Desktop/Thesis/Subjects/mp3splt/libmp3splt/conftest.c:60: undefined reference to `shl_load'
collect2: error: ld returned 1 exit status
configure:16659: $? = 1
configure: failed program was:
| /* confdefs.h */
| #define PACKAGE_NAME "libmp3splt"
| #define PACKAGE_TARNAME "libmp3splt"
| #define PACKAGE_VERSION "0.9.3.1518"
| #define PACKAGE_STRING "libmp3splt 0.9.3.1518"
| #define PACKAGE_BUGREPORT "m@ioalex.net"
| #define PACKAGE_URL ""
| #define PACKAGE "libmp3splt"
| #define VERSION "0.9.3.1518"
| #define HAVE_STDIO_H 1
| #define HAVE_STDLIB_H 1
| #define HAVE_STRING_H 1
| #define HAVE_INTTYPES_H 1
| #define HAVE_STDINT_H 1
| #define HAVE_STRINGS_H 1
| #define HAVE_SYS_STAT_H 1
| #define HAVE_SYS_TYPES_H 1
| #define HAVE_UNISTD_H 1
| #define STDC_HEADERS 1
| #define HAVE_UNISTD_H 1
| #define ENABLE_NLS 1
| #define HAVE_GETTEXT 1
| #define HAVE_DCGETTEXT 1
| #define SPLT_SONAME "0"
| #define HAVE_DLFCN_H 1
| #define LT_OBJDIR ".libs/"
| #define LT_MODULE_EXT ".so"
| #define LT_MODULE_PATH_VAR "LD_LIBRARY_PATH"
| #define LT_DLSEARCH_PATH "/lib:/usr/lib:/usr/lib/x86_64-linux-gnu/libfakeroot:/usr/local/lib:/usr/local/lib/x86_64-linux-gnu:/lib/x86_64-linux-gnu:/usr/lib/x86_64-linux-gnu:/lib32:/usr/lib32"
| #define HAVE_LIBDL 1
| #define HAVE_DLERROR 1
| /* end confdefs.h.  */
| /* Define shl_load to an innocuous variant, in case <limits.h> declares shl_load.
|    For example, HP-UX 11i <limits.h> declares gettimeofday.  */
| #define shl_load innocuous_shl_load
| 
| /* System header to define __stub macros and hopefully few prototypes,
|    which can conflict with char shl_load (); below.  */
| 
| #include <limits.h>
| #undef shl_load
| 
| /* Override any GCC internal prototype to avoid an error.
|    Use char because int might match the return type of a GCC
|    builtin and then its argument prototype would still apply.  */
| #ifdef __cplusplus
| extern "C"
| #endif
| char shl_load ();
| /* The GNU C library defines this for functions which it implements
|     to always fail with ENOSYS.  Some functions are actually named
|     something starting with __ and the normal name is an alias.  */
| #if defined __stub_shl_load || defined __stub___shl_load
| choke me
| #endif
| 
| int
| main (void)
| {
| return shl_load ();
|   ;
|   return 0;
| }
configure:16659: result: no
configure:16667: checking for shl_load in -ldld
configure:16690: gcc -o conftest -g -O2   conftest.c -ldld   >&5
/usr/bin/ld: cannot find -ldld: No such file or directory
collect2: error: ld returned 1 exit status
configure:16690: $? = 1
configure: failed program was:
| /* confdefs.h */
| #define PACKAGE_NAME "libmp3splt"
| #define PACKAGE_TARNAME "libmp3splt"
| #define PACKAGE_VERSION "0.9.3.1518"
| #define PACKAGE_STRING "libmp3splt 0.9.3.1518"
| #define PACKAGE_BUGREPORT "m@ioalex.net"
| #define PACKAGE_URL ""
| #define PACKAGE "libmp3splt"
| #define VERSION "0.9.3.1518"
| #define HAVE_STDIO_H 1
| #define HAVE_STDLIB_H 1
| #define HAVE_STRING_H 1
| #define HAVE_INTTYPES_H 1
| #define HAVE_STDINT_H 1
| #define HAVE_STRINGS_H 1
| #define HAVE_SYS_STAT_H 1
| #define HAVE_SYS_TYPES_H 1
| #define HAVE_UNISTD_H 1
| #define STDC_HEADERS 1
| #define HAVE_UNISTD_H 1
| #define ENABLE_NLS 1
| #define HAVE_GETTEXT 1
| #define HAVE_DCGETTEXT 1
| #define SPLT_SONAME "0"
| #define HAVE_DLFCN_H 1
| #define LT_OBJDIR ".libs/"
| #define LT_MODULE_EXT ".so"
| #define LT_MODULE_PATH_VAR "LD_LIBRARY_PATH"
| #define LT_DLSEARCH_PATH "/lib:/usr/lib:/usr/lib/x86_64-linux-gnu/libfakeroot:/usr/local/lib:/usr/local/lib/x86_64-linux-gnu:/lib/x86_64-linux-gnu:/usr/lib/x86_64-linux-gnu:/lib32:/usr/lib32"
| #define HAVE_LIBDL 1
| #define HAVE_DLERROR 1
| /* end confdefs.h.  */
| 
| /* Override any GCC internal prototype to avoid an error.
|    Use char because int might match the return type of a GCC
|    builtin and then its argument prototype would still apply.  */
| char shl_load ();
| int
| main (void)
| {
| return shl_load ();
|   ;
|   return 0;
| }
configure:16700: result: no
configure:16746: checking for dld_link in -ldld
configure:16769: gcc -o conftest -g -O2   conftest.c -ldld   >&5
/usr/bin/ld: cannot find -ldld: No such file or directory
collect2: error: ld returned 1 exit status
configure:16769: $? = 1
configure: failed program was:
| /* confdefs.h */
| #define PACKAGE_NAME "libmp3splt"
| #define PACKAGE_TARNAME "libmp3splt"
| #define PACKAGE_VERSION "0.9.3.1518"
| #define PACKAGE_STRING "libmp3splt 0.9.3.1518"
| #define PACKAGE_BUGREPORT "m@ioalex.net"
| #define PACKAGE_URL ""
| #define PACKAGE "libmp3splt"
| #define VERSION "0.9.3.1518"
| #define HAVE_STDIO_H 1
| #define HAVE_STDLIB_H 1
| #define HAVE_STRING_H 1
| #define HAVE_INTTYPES_H 1
| #define HAVE_STDINT_H 1
| #define HAVE_STRINGS_H 1
| #define HAVE_SYS_STAT_H 1
| #define HAVE_SYS_TYPES_H 1
| #define HAVE_UNISTD_H 1
| #define STDC_HEADERS 1
| #define HAVE_UNISTD_H 1
| #define ENABLE_NLS 1
| #define HAVE_GETTEXT 1
| #define HAVE_DCGETTEXT 1
| #define SPLT_SONAME "0"
| #define HAVE_DLFCN_H 1
| #define LT_OBJDIR ".libs/"
| #define LT_MODULE_EXT ".so"
| #define LT_MODULE_PATH_VAR "LD_LIBRARY_PATH"
| #define LT_DLSEARCH_PATH "/lib:/usr/lib:/usr/lib/x86_64-linux-gnu/libfakeroot:/usr/local/lib:/usr/local/lib/x86_64-linux-gnu:/lib/x86_64-linux-gnu:/usr/lib/x86_64-linux-gnu:/lib32:/usr/lib32"
| #define HAVE_LIBDL 1
| #define HAVE_DLERROR 1
| /* end confdefs.h.  */
| 
| /* Override any GCC internal prototype to avoid an error.
|    Use char because int might match the return type of a GCC
|    builtin and then its argument prototype would still apply.  */
| char dld_link ();
| int
| main (void)
| {
| return dld_link ();
|   ;
|   return 0;
| }
configure:16779: result: no
configure:16815: checking for _ prefix in compiled symbols
configure:16826: gcc -c -g -O2  conftest.c >&5
configure:16829: $? = 0
configure:16833: /usr/bin/nm -B conftest.o \| sed -n -e 's/^.*[	 ]\([ABCDGIRSTW][ABCDGIRSTW]*\)[	 ][	 ]*\([_A-Za-z][_A-Za-z0-9]*\)$/\1 \2 \2/p' | sed '/ __gnu_lto/d' \> conftest.nm
configure:16836: $? = 0
configure:16858: result: no
configure:16976: checking whether deplibs are loaded by dlopen
configure:17074: result: yes
configure:17083: checking for argz.h
configure:17083: gcc -c -g -O2  conftest.c >&5
configure:17083: $? = 0
configure:17083: result: yes
configure:17092: checking for error_t
configure:17092: gcc -c -g -O2  conftest.c >&5
configure:17092: $? = 0
configure:17092: gcc -c -g -O2  conftest.c >&5
conftest.c: In function 'main':
conftest.c:42:22: error: expected expression before ')' token
   42 | if (sizeof ((error_t)))
      |                      ^
configure:17092: $? = 1
configure: failed program was:
| /* confdefs.h */
| #define PACKAGE_NAME "libmp3splt"
| #define PACKAGE_TARNAME "libmp3splt"
| #define PACKAGE_VERSION "0.9.3.1518"
| #define PACKAGE_STRING "libmp3splt 0.9.3.1518"
| #define PACKAGE_BUGREPORT "m@ioalex.net"
| #define PACKAGE_URL ""
| #define PACKAGE "libmp3splt"
| #define VERSION "0.9.3.1518"
| #define HAVE_STDIO_H 1
| #define HAVE_STDLIB_H 1
| #define HAVE_STRING_H 1
| #define HAVE_INTTYPES_H 1
| #define HAVE_STDINT_H 1
| #define HAVE_STRINGS_H 1
| #define HAVE_SYS_STAT_H 1
| #define HAVE_SYS_TYPES_H 1
| #define HAVE_UNISTD_H 1
| #define STDC_HEADERS 1
| #define HAVE_UNISTD_H 1
| #define ENABLE_NLS 1
| #define HAVE_GETTEXT 1
| #define HAVE_DCGETTEXT 1
| #define SPLT_SONAME "0"
| #define HAVE_DLFCN_H 1
| #define LT_OBJDIR ".libs/"
| #define LT_MODULE_EXT ".so"
| #define LT_MODULE_PATH_VAR "LD_LIBRARY_PATH"
| #define LT_DLSEARCH_PATH "/lib:/usr/lib:/usr/lib/x86_64-linux-gnu/libfakeroot:/usr/local/lib:/usr/local/lib/x86_64-linux-gnu:/lib/x86_64-linux-gnu:/usr/lib/x86_64-linux-gnu:/lib32:/usr/lib32"
| #define HAVE_LIBDL 1
| #define HAVE_DLERROR 1
| #define HAVE_LIBDLLOADER 1
| #define HAVE_ARGZ_H 1
| /* end confdefs.h.  */
| #if defined(HAVE_ARGZ_H)
| #  include <argz.h>
| #endif
| 
| int
| main (void)
| {
| if (sizeof ((error_t)))
| 	    return 0;
|   ;
|   return 0;
| }
configure:17092: result: yes
configure:17117: checking for argz_add
configure:17117: gcc -o conftest -g -O2   conftest.c  >&5
configure:17117: $? = 0
configure:17117: result: yes
configure:17117: checking for argz_append
configure:17117: gcc -o conftest -g -O2   conftest.c  >&5
configure:17117: $? = 0
configure:17117: result: yes
configure:17117: checking for argz_count
configure:17117: gcc -o conftest -g -O2   conftest.c  >&5
configure:17117: $? = 0
configure:17117: result: yes
configure:17117: checking for argz_create_sep
configure:17117: gcc -o conftest -g -O2   conftest.c  >&5
configure:17117: $? = 0
configure:17117: result: yes
configure:17117: checking for argz_insert
configure:17117: gcc -o conftest -g -O2   conftest.c  >&5
configure:17117: $? = 0
configure:17117: result: yes
configure:17117: checking for argz_next
configure:17117: gcc -o conftest -g -O2   conftest.c  >&5
configure:17117: $? = 0
configure:17117: result: yes
configure:17117: checking for argz_stringify
configure:17117: gcc -o conftest -g -O2   conftest.c  >&5
configure:17117: $? = 0
configure:17117: result: yes
configure:17135: checking if argz actually works
configure:17167: result: yes
configure:17185: checking whether libtool supports -dlopen/-dlpreopen
configure:17198: result: yes
configure:17231: checking for ltdl.h
configure:17231: gcc -c -g -O2  conftest.c >&5
configure:17231: $? = 0
configure:17231: result: yes
configure:17236: checking whether lt_dlinterface_register is declared
configure:17236: gcc -c -g -O2   conftest.c >&5
configure:17236: $? = 0
configure:17236: result: yes
configure:17241: checking for lt_dladvise_preload in -lltdl
configure:17264: gcc -o conftest -g -O2   conftest.c -lltdl   >&5
configure:17264: $? = 0
configure:17274: result: yes
configure:17370: checking where to find libltdl headers
configure:17372: result: 
configure:17374: checking where to find libltdl library
configure:17376: result: -lltdl
configure:17424: checking for unistd.h
configure:17424: result: yes
configure:17431: checking for dl.h
configure:17431: gcc -c -g -O2  conftest.c >&5
conftest.c:76:10: fatal error: dl.h: No such file or directory
   76 | #include <dl.h>
      |          ^~~~~~
compilation terminated.
configure:17431: $? = 1
configure: failed program was:
| /* confdefs.h */
| #define PACKAGE_NAME "libmp3splt"
| #define PACKAGE_TARNAME "libmp3splt"
| #define PACKAGE_VERSION "0.9.3.1518"
| #define PACKAGE_STRING "libmp3splt 0.9.3.1518"
| #define PACKAGE_BUGREPORT "m@ioalex.net"
| #define PACKAGE_URL ""
| #define PACKAGE "libmp3splt"
| #define VERSION "0.9.3.1518"
| #define HAVE_STDIO_H 1
| #define HAVE_STDLIB_H 1
| #define HAVE_STRING_H 1
| #define HAVE_INTTYPES_H 1
| #define HAVE_STDINT_H 1
| #define HAVE_STRINGS_H 1
| #define HAVE_SYS_STAT_H 1
| #define HAVE_SYS_TYPES_H 1
| #define HAVE_UNISTD_H 1
| #define STDC_HEADERS 1
| #define HAVE_UNISTD_H 1
| #define ENABLE_NLS 1
| #define HAVE_GETTEXT 1
| #define HAVE_DCGETTEXT 1
| #define SPLT_SONAME "0"
| #define HAVE_DLFCN_H 1
| #define LT_OBJDIR ".libs/"
| #define LT_MODULE_EXT ".so"
| #define LT_MODULE_PATH_VAR "LD_LIBRARY_PATH"
| #define LT_DLSEARCH_PATH "/lib:/usr/lib:/usr/lib/x86_64-linux-gnu/libfakeroot:/usr/local/lib:/usr/local/lib/x86_64-linux-gnu:/lib/x86_64-linux-gnu:/usr/lib/x86_64-linux-gnu:/lib32:/usr/lib32"
| #define HAVE_LIBDL 1
| #define HAVE_DLERROR 1
| #define HAVE_LIBDLLOADER 1
| #define HAVE_ARGZ_H 1
| #define HAVE_ERROR_T 1
| #define HAVE_ARGZ_ADD 1
| #define HAVE_ARGZ_APPEND 1
| #define HAVE_ARGZ_COUNT 1
| #define HAVE_ARGZ_CREATE_SEP 1
| #define HAVE_ARGZ_INSERT 1
| #define HAVE_ARGZ_NEXT 1
| #define HAVE_ARGZ_STRINGIFY 1
| #define HAVE_WORKING_ARGZ 1
| #define HAVE_PRELOADED_SYMBOLS 1
| #define HAVE_LTDL 1
| #define HAVE_UNISTD_H 1
| /* end confdefs.h.  */
| #include <stddef.h>
| #ifdef HAVE_STDIO_H
| # include <stdio.h>
| #endif
| #ifdef HAVE_STDLIB_H
| # include <stdlib.h>
| #endif
| #ifdef HAVE_STRING_H
| # include <string.h>
| #endif
| #ifdef HAVE_INTTYPES_H
| # include <inttypes.h>
| #endif
| #ifdef HAVE_STDINT_H
| # include <stdint.h>
| #endif
| #ifdef HAVE_STRINGS_H
| # include <strings.h>
| #endif
| #ifdef HAVE_SYS_TYPES_H
| # include <sys/types.h>
| #endif
| #ifdef HAVE_SYS_STAT_H
| # include <sys/stat.h>
| #endif
| #ifdef HAVE_UNISTD_H
| # include <unistd.h>
| #endif
| 
| #include <dl.h>
configure:17431: result: no
configure:17438: checking for sys/dl.h
configure:17438: gcc -c -g -O2  conftest.c >&5
conftest.c:76:10: fatal error: sys/dl.h: No such file or directory
   76 | #include <sys/dl.h>
      |          ^~~~~~~~~~
compilation terminated.
configure:17438: $? = 1
configure: failed program was:
| /* confdefs.h */
| #define PACKAGE_NAME "libmp3splt"
| #define PACKAGE_TARNAME "libmp3splt"
| #define PACKAGE_VERSION "0.9.3.1518"
| #define PACKAGE_STRING "libmp3splt 0.9.3.1518"
| #define PACKAGE_BUGREPORT "m@ioalex.net"
| #define PACKAGE_URL ""
| #define PACKAGE "libmp3splt"
| #define VERSION "0.9.3.1518"
| #define HAVE_STDIO_H 1
| #define HAVE_STDLIB_H 1
| #define HAVE_STRING_H 1
| #define HAVE_INTTYPES_H 1
| #define HAVE_STDINT_H 1
| #define HAVE_STRINGS_H 1
| #define HAVE_SYS_STAT_H 1
| #define HAVE_SYS_TYPES_H 1
| #define HAVE_UNISTD_H 1
| #define STDC_HEADERS 1
| #define HAVE_UNISTD_H 1
| #define ENABLE_NLS 1
| #define HAVE_GETTEXT 1
| #define HAVE_DCGETTEXT 1
| #define SPLT_SONAME "0"
| #define HAVE_DLFCN_H 1
| #define LT_OBJDIR ".libs/"
| #define LT_MODULE_EXT ".so"
| #define LT_MODULE_PATH_VAR "LD_LIBRARY_PATH"
| #define LT_DLSEARCH_PATH "/lib:/usr/lib:/usr/lib/x86_64-linux-gnu/libfakeroot:/usr/local/lib:/usr/local/lib/x86_64-linux-gnu:/lib/x86_64-linux-gnu:/usr/lib/x86_64-linux-gnu:/lib32:/usr/lib32"
| #define HAVE_LIBDL 1
| #define HAVE_DLERROR 1
| #define HAVE_LIBDLLOADER 1
| #define HAVE_ARGZ_H 1
| #define HAVE_ERROR_T 1
| #define HAVE_ARGZ_ADD 1
| #define HAVE_ARGZ_APPEND 1
| #define HAVE_ARGZ_COUNT 1
| #define HAVE_ARGZ_CREATE_SEP 1
| #define HAVE_ARGZ_INSERT 1
| #define HAVE_ARGZ_NEXT 1
| #define HAVE_ARGZ_STRINGIFY 1
| #define HAVE_WORKING_ARGZ 1
| #define HAVE_PRELOADED_SYMBOLS 1
| #define HAVE_LTDL 1
| #define HAVE_UNISTD_H 1
| /* end confdefs.h.  */
| #include <stddef.h>
| #ifdef HAVE_STDIO_H
| # include <stdio.h>
| #endif
| #ifdef HAVE_STDLIB_H
| # include <stdlib.h>
| #endif
| #ifdef HAVE_STRING_H
| # include <string.h>
| #endif
| #ifdef HAVE_INTTYPES_H
| # include <inttypes.h>
| #endif
| #ifdef HAVE_STDINT_H
| # include <stdint.h>
| #endif
| #ifdef HAVE_STRINGS_H
| # include <strings.h>
| #endif
| #ifdef HAVE_SYS_TYPES_H
| # include <sys/types.h>
| #endif
| #ifdef HAVE_SYS_STAT_H
| # include <sys/stat.h>
| #endif
| #ifdef HAVE_UNISTD_H
| # include <unistd.h>
| #endif
| 
| #include <sys/dl.h>
configure:17438: result: no
configure:17445: checking for dld.h
configure:17445: gcc -c -g -O2  conftest.c >&5
conftest.c:76:10: fatal error: dld.h: No such file or directory
   76 | #include <dld.h>
      |          ^~~~~~~
compilation terminated.
configure:17445: $? = 1
configure: failed program was:
| /* confdefs.h */
| #define PACKAGE_NAME "libmp3splt"
| #define PACKAGE_TARNAME "libmp3splt"
| #define PACKAGE_VERSION "0.9.3.1518"
| #define PACKAGE_STRING "libmp3splt 0.9.3.1518"
| #define PACKAGE_BUGREPORT "m@ioalex.net"
| #define PACKAGE_URL ""
| #define PACKAGE "libmp3splt"
| #define VERSION "0.9.3.1518"
| #define HAVE_STDIO_H 1
| #define HAVE_STDLIB_H 1
| #define HAVE_STRING_H 1
| #define HAVE_INTTYPES_H 1
| #define HAVE_STDINT_H 1
| #define HAVE_STRINGS_H 1
| #define HAVE_SYS_STAT_H 1
| #define HAVE_SYS_TYPES_H 1
| #define HAVE_UNISTD_H 1
| #define STDC_HEADERS 1
| #define HAVE_UNISTD_H 1
| #define ENABLE_NLS 1
| #define HAVE_GETTEXT 1
| #define HAVE_DCGETTEXT 1
| #define SPLT_SONAME "0"
| #define HAVE_DLFCN_H 1
| #define LT_OBJDIR ".libs/"
| #define LT_MODULE_EXT ".so"
| #define LT_MODULE_PATH_VAR "LD_LIBRARY_PATH"
| #define LT_DLSEARCH_PATH "/lib:/usr/lib:/usr/lib/x86_64-linux-gnu/libfakeroot:/usr/local/lib:/usr/local/lib/x86_64-linux-gnu:/lib/x86_64-linux-gnu:/usr/lib/x86_64-linux-gnu:/lib32:/usr/lib32"
| #define HAVE_LIBDL 1
| #define HAVE_DLERROR 1
| #define HAVE_LIBDLLOADER 1
| #define HAVE_ARGZ_H 1
| #define HAVE_ERROR_T 1
| #define HAVE_ARGZ_ADD 1
| #define HAVE_ARGZ_APPEND 1
| #define HAVE_ARGZ_COUNT 1
| #define HAVE_ARGZ_CREATE_SEP 1
| #define HAVE_ARGZ_INSERT 1
| #define HAVE_ARGZ_NEXT 1
| #define HAVE_ARGZ_STRINGIFY 1
| #define HAVE_WORKING_ARGZ 1
| #define HAVE_PRELOADED_SYMBOLS 1
| #define HAVE_LTDL 1
| #define HAVE_UNISTD_H 1
| /* end confdefs.h.  */
| #include <stddef.h>
| #ifdef HAVE_STDIO_H
| # include <stdio.h>
| #endif
| #ifdef HAVE_STDLIB_H
| # include <stdlib.h>
| #endif
| #ifdef HAVE_STRING_H
| # include <string.h>
| #endif
| #ifdef HAVE_INTTYPES_H
| # include <inttypes.h>
| #endif
| #ifdef HAVE_STDINT_H
| # include <stdint.h>
| #endif
| #ifdef HAVE_STRINGS_H
| # include <strings.h>
| #endif
| #ifdef HAVE_SYS_TYPES_H
| # include <sys/types.h>
| #endif
| #ifdef HAVE_SYS_STAT_H
| # include <sys/stat.h>
| #endif
| #ifdef HAVE_UNISTD_H
| # include <unistd.h>
| #endif
| 
| #include <dld.h>
configure:17445: result: no
configure:17452: checking for mach-o/dyld.h
configure:17452: gcc -c -g -O2  conftest.c >&5
conftest.c:76:10: fatal error: mach-o/dyld.h: No such file or directory
   76 | #include <mach-o/dyld.h>
      |          ^~~~~~~~~~~~~~~
compilation terminated.
configure:17452: $? = 1
configure: failed program was:
| /* confdefs.h */
| #define PACKAGE_NAME "libmp3splt"
| #define PACKAGE_TARNAME "libmp3splt"
| #define PACKAGE_VERSION "0.9.3.1518"
| #define PACKAGE_STRING "libmp3splt 0.9.3.1518"
| #define PACKAGE_BUGREPORT "m@ioalex.net"
| #define PACKAGE_URL ""
| #define PACKAGE "libmp3splt"
| #define VERSION "0.9.3.1518"
| #define HAVE_STDIO_H 1
| #define HAVE_STDLIB_H 1
| #define HAVE_STRING_H 1
| #define HAVE_INTTYPES_H 1
| #define HAVE_STDINT_H 1
| #define HAVE_STRINGS_H 1
| #define HAVE_SYS_STAT_H 1
| #define HAVE_SYS_TYPES_H 1
| #define HAVE_UNISTD_H 1
| #define STDC_HEADERS 1
| #define HAVE_UNISTD_H 1
| #define ENABLE_NLS 1
| #define HAVE_GETTEXT 1
| #define HAVE_DCGETTEXT 1
| #define SPLT_SONAME "0"
| #define HAVE_DLFCN_H 1
| #define LT_OBJDIR ".libs/"
| #define LT_MODULE_EXT ".so"
| #define LT_MODULE_PATH_VAR "LD_LIBRARY_PATH"
| #define LT_DLSEARCH_PATH "/lib:/usr/lib:/usr/lib/x86_64-linux-gnu/libfakeroot:/usr/local/lib:/usr/local/lib/x86_64-linux-gnu:/lib/x86_64-linux-gnu:/usr/lib/x86_64-linux-gnu:/lib32:/usr/lib32"
| #define HAVE_LIBDL 1
| #define HAVE_DLERROR 1
| #define HAVE_LIBDLLOADER 1
| #define HAVE_ARGZ_H 1
| #define HAVE_ERROR_T 1
| #define HAVE_ARGZ_ADD 1
| #define HAVE_ARGZ_APPEND 1
| #define HAVE_ARGZ_COUNT 1
| #define HAVE_ARGZ_CREATE_SEP 1
| #define HAVE_ARGZ_INSERT 1
| #define HAVE_ARGZ_NEXT 1
| #define HAVE_ARGZ_STRINGIFY 1
| #define HAVE_WORKING_ARGZ 1
| #define HAVE_PRELOADED_SYMBOLS 1
| #define HAVE_LTDL 1
| #define HAVE_UNISTD_H 1
| /* end confdefs.h.  */
| #include <stddef.h>
| #ifdef HAVE_STDIO_H
| # include <stdio.h>
| #endif
| #ifdef HAVE_STDLIB_H
| # include <stdlib.h>
| #endif
| #ifdef HAVE_STRING_H
| # include <string.h>
| #endif
| #ifdef HAVE_INTTYPES_H
| # include <inttypes.h>
| #endif
| #ifdef HAVE_STDINT_H
| # include <stdint.h>
| #endif
| #ifdef HAVE_STRINGS_H
| # include <strings.h>
| #endif
| #ifdef HAVE_SYS_TYPES_H
| # include <sys/types.h>
| #endif
| #ifdef HAVE_SYS_STAT_H
| # include <sys/stat.h>
| #endif
| #ifdef HAVE_UNISTD_H
| # include <unistd.h>
| #endif
| 
| #include <mach-o/dyld.h>
configure:17452: result: no
configure:17459: checking for dirent.h
configure:17459: gcc -c -g -O2  conftest.c >&5
configure:17459: $? = 0
configure:17459: result: yes
configure:17472: checking for closedir
configure:17472: gcc -o conftest -g -O2   conftest.c  >&5
configure:17472: $? = 0
configure:17472: result: yes
configure:17472: checking for opendir
configure:17472: gcc -o conftest -g -O2   conftest.c  >&5
configure:17472: $? = 0
configure:17472: result: yes
configure:17472: checking for readdir
configure:17472: gcc -o conftest -g -O2   conftest.c  >&5
configure:17472: $? = 0
configure:17472: result: yes
configure:17491: checking for strlcat
configure:17491: gcc -o conftest -g -O2   conftest.c  >&5
/usr/bin/ld: /tmp/cc8QBBcR.o: in function `main':
/home/l1/Desktop/Thesis/Subjects/mp3splt/libmp3splt/conftest.c:78: undefined reference to `strlcat'
collect2: error: ld returned 1 exit status
configure:17491: $? = 1
configure: failed program was:
| /* confdefs.h */
| #define PACKAGE_NAME "libmp3splt"
| #define PACKAGE_TARNAME "libmp3splt"
| #define PACKAGE_VERSION "0.9.3.1518"
| #define PACKAGE_STRING "libmp3splt 0.9.3.1518"
| #define PACKAGE_BUGREPORT "m@ioalex.net"
| #define PACKAGE_URL ""
| #define PACKAGE "libmp3splt"
| #define VERSION "0.9.3.1518"
| #define HAVE_STDIO_H 1
| #define HAVE_STDLIB_H 1
| #define HAVE_STRING_H 1
| #define HAVE_INTTYPES_H 1
| #define HAVE_STDINT_H 1
| #define HAVE_STRINGS_H 1
| #define HAVE_SYS_STAT_H 1
| #define HAVE_SYS_TYPES_H 1
| #define HAVE_UNISTD_H 1
| #define STDC_HEADERS 1
| #define HAVE_UNISTD_H 1
| #define ENABLE_NLS 1
| #define HAVE_GETTEXT 1
| #define HAVE_DCGETTEXT 1
| #define SPLT_SONAME "0"
| #define HAVE_DLFCN_H 1
| #define LT_OBJDIR ".libs/"
| #define LT_MODULE_EXT ".so"
| #define LT_MODULE_PATH_VAR "LD_LIBRARY_PATH"
| #define LT_DLSEARCH_PATH "/lib:/usr/lib:/usr/lib/x86_64-linux-gnu/libfakeroot:/usr/local/lib:/usr/local/lib/x86_64-linux-gnu:/lib/x86_64-linux-gnu:/usr/lib/x86_64-linux-gnu:/lib32:/usr/lib32"
| #define HAVE_LIBDL 1
| #define HAVE_DLERROR 1
| #define HAVE_LIBDLLOADER 1
| #define HAVE_ARGZ_H 1
| #define HAVE_ERROR_T 1
| #define HAVE_ARGZ_ADD 1
| #define HAVE_ARGZ_APPEND 1
| #define HAVE_ARGZ_COUNT 1
| #define HAVE_ARGZ_CREATE_SEP 1
| #define HAVE_ARGZ_INSERT 1
| #define HAVE_ARGZ_NEXT 1
| #define HAVE_ARGZ_STRINGIFY 1
| #define HAVE_WORKING_ARGZ 1
| #define HAVE_PRELOADED_SYMBOLS 1
| #define HAVE_LTDL 1
| #define HAVE_UNISTD_H 1
| #define HAVE_DIRENT_H 1
| #define HAVE_CLOSEDIR 1
| #define HAVE_OPENDIR 1
| #define HAVE_READDIR 1
| /* end confdefs.h.  */
| /* Define strlcat to an innocuous variant, in case <limits.h> declares strlcat.
|    For example, HP-UX 11i <limits.h> declares gettimeofday.  */
| #define strlcat innocuous_strlcat
| 
| /* System header to define __stub macros and hopefully few prototypes,
|    which can conflict with char strlcat (); below.  */
| 
| #include <limits.h>
| #undef strlcat
| 
| /* Override any GCC internal prototype to avoid an error.
|    Use char because int might match the return type of a GCC
|    builtin and then its argument prototype would still apply.  */
| #ifdef __cplusplus
| extern "C"
| #endif
| char strlcat ();
| /* The GNU C library defines this for functions which it implements
|     to always fail with ENOSYS.  Some functions are actually named
|     something starting with __ and the normal name is an alias.  */
| #if defined __stub_strlcat || defined __stub___strlcat
| choke me
| #endif
| 
| int
| main (void)
| {
| return strlcat ();
|   ;
|   return 0;
| }
configure:17491: result: no
configure:17491: checking for strlcpy
configure:17491: gcc -o conftest -g -O2   conftest.c  >&5
/usr/bin/ld: /tmp/cc5y6xXA.o: in function `main':
/home/l1/Desktop/Thesis/Subjects/mp3splt/libmp3splt/conftest.c:78: undefined reference to `strlcpy'
collect2: error: ld returned 1 exit status
configure:17491: $? = 1
configure: failed program was:
| /* confdefs.h */
| #define PACKAGE_NAME "libmp3splt"
| #define PACKAGE_TARNAME "libmp3splt"
| #define PACKAGE_VERSION "0.9.3.1518"
| #define PACKAGE_STRING "libmp3splt 0.9.3.1518"
| #define PACKAGE_BUGREPORT "m@ioalex.net"
| #define PACKAGE_URL ""
| #define PACKAGE "libmp3splt"
| #define VERSION "0.9.3.1518"
| #define HAVE_STDIO_H 1
| #define HAVE_STDLIB_H 1
| #define HAVE_STRING_H 1
| #define HAVE_INTTYPES_H 1
| #define HAVE_STDINT_H 1
| #define HAVE_STRINGS_H 1
| #define HAVE_SYS_STAT_H 1
| #define HAVE_SYS_TYPES_H 1
| #define HAVE_UNISTD_H 1
| #define STDC_HEADERS 1
| #define HAVE_UNISTD_H 1
| #define ENABLE_NLS 1
| #define HAVE_GETTEXT 1
| #define HAVE_DCGETTEXT 1
| #define SPLT_SONAME "0"
| #define HAVE_DLFCN_H 1
| #define LT_OBJDIR ".libs/"
| #define LT_MODULE_EXT ".so"
| #define LT_MODULE_PATH_VAR "LD_LIBRARY_PATH"
| #define LT_DLSEARCH_PATH "/lib:/usr/lib:/usr/lib/x86_64-linux-gnu/libfakeroot:/usr/local/lib:/usr/local/lib/x86_64-linux-gnu:/lib/x86_64-linux-gnu:/usr/lib/x86_64-linux-gnu:/lib32:/usr/lib32"
| #define HAVE_LIBDL 1
| #define HAVE_DLERROR 1
| #define HAVE_LIBDLLOADER 1
| #define HAVE_ARGZ_H 1
| #define HAVE_ERROR_T 1
| #define HAVE_ARGZ_ADD 1
| #define HAVE_ARGZ_APPEND 1
| #define HAVE_ARGZ_COUNT 1
| #define HAVE_ARGZ_CREATE_SEP 1
| #define HAVE_ARGZ_INSERT 1
| #define HAVE_ARGZ_NEXT 1
| #define HAVE_ARGZ_STRINGIFY 1
| #define HAVE_WORKING_ARGZ 1
| #define HAVE_PRELOADED_SYMBOLS 1
| #define HAVE_LTDL 1
| #define HAVE_UNISTD_H 1
| #define HAVE_DIRENT_H 1
| #define HAVE_CLOSEDIR 1
| #define HAVE_OPENDIR 1
| #define HAVE_READDIR 1
| /* end confdefs.h.  */
| /* Define strlcpy to an innocuous variant, in case <limits.h> declares strlcpy.
|    For example, HP-UX 11i <limits.h> declares gettimeofday.  */
| #define strlcpy innocuous_strlcpy
| 
| /* System header to define __stub macros and hopefully few prototypes,
|    which can conflict with char strlcpy (); below.  */
| 
| #include <limits.h>
| #undef strlcpy
| 
| /* Override any GCC internal prototype to avoid an error.
|    Use char because int might match the return type of a GCC
|    builtin and then its argument prototype would still apply.  */
| #ifdef __cplusplus
| extern "C"
| #endif
| char strlcpy ();
| /* The GNU C library defines this for functions which it implements
|     to always fail with ENOSYS.  Some functions are actually named
|     something starting with __ and the normal name is an alias.  */
| #if defined __stub_strlcpy || defined __stub___strlcpy
| choke me
| #endif
| 
| int
| main (void)
| {
| return strlcpy ();
|   ;
|   return 0;
| }
configure:17491: result: no
configure:17543: checking the host
configure:17577: result: Linux-based system
configure:17624: checking for _LARGEFILE_SOURCE value needed for large files
configure:17644: gcc -o conftest -g -O2 -O3   conftest.c  >&5
configure:17644: $? = 0
configure:17674: result: no
configure:17696: checking for fseeko
configure:17696: gcc -o conftest -g -O2 -O3   conftest.c  >&5
configure:17696: $? = 0
configure:17696: result: yes
configure:17713: checking for pow in -lm
configure:17736: gcc -o conftest -g -O2 -O3 -D_LARGEFILE_SOURCE -D_FILE_OFFSET_BITS=64   conftest.c -lm   >&5
conftest.c:59:6: warning: conflicting types for built-in function 'pow'; expected 'double(double,  double)' [-Wbuiltin-declaration-mismatch]
   59 | char pow ();
      |      ^~~
conftest.c:1:1: note: 'pow' is declared in header '<math.h>'
    1 | /* confdefs.h */
configure:17736: $? = 0
configure:17746: result: yes
configure:17757: checking for lt_dlopen in -lltdl
configure:17780: gcc -o conftest -g -O2 -O3 -D_LARGEFILE_SOURCE -D_FILE_OFFSET_BITS=64   conftest.c -lltdl   >&5
configure:17780: $? = 0
configure:17790: result: yes
configure:17914: checking for Mad
configure:17946: gcc -o conftest -g -O2 -O3 -D_LARGEFILE_SOURCE -D_FILE_OFFSET_BITS=64 -I/home/l1/Desktop/Thesis/Subjects/mp3splt/libmp3splt/target/include   conftest.c  -L/home/l1/Desktop/Thesis/Subjects/mp3splt/libmp3splt/target/lib -lmad >&5
conftest.c: In function 'main':
conftest.c:63:3: warning: ignoring return value of 'system' declared with attribute 'warn_unused_result' [-Wunused-result]
   63 |   system("touch conf.madtest");
      |   ^~~~~~~~~~~~~~~~~~~~~~~~~~~~
configure:17946: $? = 0
configure:17946: ./conftest
configure:17946: $? = 0
configure:17963: result: yes
configure:18106: checking for id3tag
configure:18138: gcc -o conftest -g -O2 -O3 -D_LARGEFILE_SOURCE -D_FILE_OFFSET_BITS=64 -I/home/l1/Desktop/Thesis/Subjects/mp3splt/libmp3splt/target/include   conftest.c  -L/home/l1/Desktop/Thesis/Subjects/mp3splt/libmp3splt/target/lib -lid3tag >&5
conftest.c: In function 'main':
conftest.c:63:3: warning: ignoring return value of 'system' declared with attribute 'warn_unused_result' [-Wunused-result]
   63 |   system("touch conf.id3test");
      |   ^~~~~~~~~~~~~~~~~~~~~~~~~~~~
configure:18138: $? = 0
configure:18138: ./conftest
configure:18138: $? = 0
configure:18155: result: yes
configure:18300: checking for Ogg
configure:18331: gcc -o conftest -g -O2 -O3 -D_LARGEFILE_SOURCE -D_FILE_OFFSET_BITS=64 -I/home/l1/Desktop/Thesis/Subjects/mp3splt/libmp3splt/target/include   conftest.c  -L/home/l1/Desktop/Thesis/Subjects/mp3splt/libmp3splt/target/lib -logg >&5
conftest.c: In function 'main':
conftest.c:63:3: warning: ignoring return value of 'system' declared with attribute 'warn_unused_result' [-Wunused-result]
   63 |   system("touch conf.oggtest");
      |   ^~~~~~~~~~~~~~~~~~~~~~~~~~~~
configure:18331: $? = 0
configure:18331: ./conftest
configure:18331: $? = 0
configure:18346: result: yes
configure:18459: checking for Vorbis
configure:18502: gcc -o conftest -g -O2 -O3 -D_LARGEFILE_SOURCE -D_FILE_OFFSET_BITS=64 -I/home/l1/Desktop/Thesis/Subjects/mp3splt/libmp3splt/target/include -I/home/l1/Desktop/Thesis/Subjects/mp3splt/libmp3splt/target/include   conftest.c  -L/home/l1/Desktop/Thesis/Subjects/mp3splt/libmp3splt/target/lib -lvorbis -lm -lvorbisenc -L/home/l1/Desktop/Thesis/Subjects/mp3splt/libmp3splt/target/lib -logg >&5
conftest.c: In function 'main':
conftest.c:75:5: warning: ignoring return value of 'system' declared with attribute 'warn_unused_result' [-Wunused-result]
   75 |     system("touch conf.vorbistest");
      |     ^~~~~~~~~~~~~~~~~~~~~~~~~~~~~~~
configure:18502: $? = 0
configure:18502: ./conftest
configure:18502: $? = 0
configure:18517: result: yes
configure:18670: checking for pkg-config
configure:18693: found /usr/bin/pkg-config
configure:18705: result: /usr/bin/pkg-config
configure:18730: checking pkg-config is at least version 0.9.0
configure:18733: result: yes
configure:18743: checking for flac >= 1.2.1
configure:18750: $PKG_CONFIG --exists --print-errors "flac >= 1.2.1"
configure:18753: $? = 0
configure:18767: $PKG_CONFIG --exists --print-errors "flac >= 1.2.1"
configure:18770: $? = 0
configure:18810: result: yes
configure:18857: checking whether to use Cutter
configure:18865: result: auto
configure:18875: checking for cutter 
configure:18882: $PKG_CONFIG --exists --print-errors "cutter "
Package cutter was not found in the pkg-config search path.
Perhaps you should add the directory containing `cutter.pc'
to the PKG_CONFIG_PATH environment variable
No package 'cutter' found
configure:18885: $? = 1
configure:18899: $PKG_CONFIG --exists --print-errors "cutter "
Package cutter was not found in the pkg-config search path.
Perhaps you should add the directory containing `cutter.pc'
to the PKG_CONFIG_PATH environment variable
No package 'cutter' found
configure:18902: $? = 1
configure:18916: result: no
No package 'cutter' found
configure:18975: checking for 
configure:18990: result: no
configure:19095: checking for pkg-config
configure:19130: result: /usr/bin/pkg-config
configure:19155: checking pkg-config is at least version 0.9.0
configure:19158: result: yes
configure:19168: checking for libpcre >= 1.0
configure:19175: $PKG_CONFIG --exists --print-errors "libpcre >= 1.0"
configure:19178: $? = 0
configure:19192: $PKG_CONFIG --exists --print-errors "libpcre >= 1.0"
configure:19195: $? = 0
configure:19237: result: yes
configure:19285: checking for doxygen
configure:19308: found /usr/bin/doxygen
configure:19320: result: /usr/bin/doxygen
configure:19343: checking for dot
configure:19366: found /usr/bin/dot
configure:19378: result: /usr/bin/dot
configure:19548: checking that generated files are newer than configure
configure:19554: result: done
configure:19687: creating ./config.status

## ---------------- ##
## Cache variables. ##
## ---------------- ##

ac_cv_build=x86_64-pc-linux-gnu
ac_cv_c_bigendian=no
ac_cv_c_compiler_gnu=yes
ac_cv_c_const=yes
ac_cv_c_undeclared_builtin_options='none needed'
ac_cv_env_CC_set=
ac_cv_env_CC_value=
ac_cv_env_CFLAGS_set=
ac_cv_env_CFLAGS_value=
ac_cv_env_CPPFLAGS_set=
ac_cv_env_CPPFLAGS_value=
ac_cv_env_CPP_set=
ac_cv_env_CPP_value=
ac_cv_env_CUTTER_CFLAGS_set=
ac_cv_env_CUTTER_CFLAGS_value=
ac_cv_env_CUTTER_LIBS_set=
ac_cv_env_CUTTER_LIBS_value=
ac_cv_env_DOXYGEN_set=
ac_cv_env_DOXYGEN_value=
ac_cv_env_FLAC_CFLAGS_set=
ac_cv_env_FLAC_CFLAGS_value=
ac_cv_env_FLAC_LIBS_set=
ac_cv_env_FLAC_LIBS_value=
ac_cv_env_GRAPHVIZ_set=
ac_cv_env_GRAPHVIZ_value=
ac_cv_env_LDFLAGS_set=
ac_cv_env_LDFLAGS_value=
ac_cv_env_LIBS_set=
ac_cv_env_LIBS_value=
ac_cv_env_LT_SYS_LIBRARY_PATH_set=
ac_cv_env_LT_SYS_LIBRARY_PATH_value=
ac_cv_env_PCRE_CFLAGS_set=
ac_cv_env_PCRE_CFLAGS_value=
ac_cv_env_PCRE_LIBS_set=
ac_cv_env_PCRE_LIBS_value=
ac_cv_env_PKG_CONFIG_LIBDIR_set=
ac_cv_env_PKG_CONFIG_LIBDIR_value=
ac_cv_env_PKG_CONFIG_PATH_set=
ac_cv_env_PKG_CONFIG_PATH_value=
ac_cv_env_PKG_CONFIG_set=
ac_cv_env_PKG_CONFIG_value=
ac_cv_env_build_alias_set=
ac_cv_env_build_alias_value=
ac_cv_env_host_alias_set=
ac_cv_env_host_alias_value=
ac_cv_env_target_alias_set=
ac_cv_env_target_alias_value=
ac_cv_file_=no
ac_cv_func_argz_add=yes
ac_cv_func_argz_append=yes
ac_cv_func_argz_count=yes
ac_cv_func_argz_create_sep=yes
ac_cv_func_argz_insert=yes
ac_cv_func_argz_next=yes
ac_cv_func_argz_stringify=yes
ac_cv_func_closedir=yes
ac_cv_func_dlerror=yes
ac_cv_func_fseeko=yes
ac_cv_func_opendir=yes
ac_cv_func_readdir=yes
ac_cv_func_shl_load=no
ac_cv_func_strlcat=no
ac_cv_func_strlcpy=no
ac_cv_have_decl_lt_dlinterface_register=yes
ac_cv_header_argz_h=yes
ac_cv_header_dirent_h=yes
ac_cv_header_dl_h=no
ac_cv_header_dld_h=no
ac_cv_header_dlfcn_h=yes
ac_cv_header_inttypes_h=yes
ac_cv_header_ltdl_h=yes
ac_cv_header_mach_o_dyld_h=no
ac_cv_header_stdint_h=yes
ac_cv_header_stdio_h=yes
ac_cv_header_stdlib_h=yes
ac_cv_header_string_h=yes
ac_cv_header_strings_h=yes
ac_cv_header_sys_dl_h=no
ac_cv_header_sys_stat_h=yes
ac_cv_header_sys_types_h=yes
ac_cv_header_unistd_h=yes
ac_cv_host=x86_64-pc-linux-gnu
ac_cv_lib_dld_dld_link=no
ac_cv_lib_dld_shl_load=no
ac_cv_lib_ltdl_lt_dladvise_preload=yes
ac_cv_lib_ltdl_lt_dlopen=yes
ac_cv_lib_m_pow=yes
ac_cv_objext=o
ac_cv_path_DOXYGEN=/usr/bin/doxygen
ac_cv_path_EGREP='/usr/bin/grep -E'
ac_cv_path_FGREP='/usr/bin/grep -F'
ac_cv_path_GMSGFMT=/usr/bin/msgfmt
ac_cv_path_GRAPHVIZ=/usr/bin/dot
ac_cv_path_GREP=/usr/bin/grep
ac_cv_path_MSGFMT=/usr/bin/msgfmt
ac_cv_path_MSGMERGE=/usr/bin/msgmerge
ac_cv_path_SED=/usr/bin/sed
ac_cv_path_XGETTEXT=/usr/bin/xgettext
ac_cv_path_ac_pt_PKG_CONFIG=/usr/bin/pkg-config
ac_cv_path_install='/usr/bin/install -c'
ac_cv_path_lt_DD=/usr/bin/dd
ac_cv_path_mkdir=/usr/bin/mkdir
ac_cv_prog_AWK=mawk
ac_cv_prog_CPP='gcc -E'
ac_cv_prog_ac_ct_AR=ar
ac_cv_prog_ac_ct_CC=gcc
ac_cv_prog_ac_ct_MANIFEST_TOOL=mt
ac_cv_prog_ac_ct_OBJDUMP=objdump
ac_cv_prog_ac_ct_RANLIB=ranlib
ac_cv_prog_ac_ct_STRIP=strip
ac_cv_prog_cc_c11=
ac_cv_prog_cc_g=yes
ac_cv_prog_cc_stdc=
ac_cv_prog_make_make_set=yes
ac_cv_search_dlopen='none required'
ac_cv_sys_largefile_source=no
ac_cv_type_error_t=yes
ac_cv_use_cutter=no
ac_cv_with_cutter=auto
acl_cv_libdirstems=lib,lib,lib64
acl_cv_path_LD=/usr/bin/ld
acl_cv_prog_gnu_ld=yes
acl_cv_rpath=done
am_cv_CC_dependencies_compiler_type=gcc3
am_cv_make_support_nested_variables=yes
am_cv_prog_cc_c_o=yes
gl_cv_elf=yes
gl_cv_host_cpu_c_abi_32bit=no
gt_cv_func_CFLocaleCopyPreferredLanguages=no
gt_cv_func_CFPreferencesCopyAppValue=no
gt_cv_func_gnugettext1_libc=yes
libltdl_cv_lib_dl_dlopen=yes
libltdl_cv_preloaded_symbols=yes
libltdl_cv_shlibext=.so
libltdl_cv_shrext=.so
lt_cv_ar_at_file=@
lt_cv_archive_cmds_need_lc=no
lt_cv_deplibs_check_method=pass_all
lt_cv_file_magic_cmd='$MAGIC_CMD'
lt_cv_file_magic_test_file=
lt_cv_ld_reload_flag=-r
lt_cv_module_path_var=LD_LIBRARY_PATH
lt_cv_nm_interface='BSD nm'
lt_cv_objdir=.libs
lt_cv_path_LD=/usr/bin/ld
lt_cv_path_NM='/usr/bin/nm -B'
lt_cv_path_mainfest_tool=no
lt_cv_prog_compiler_c_o=yes
lt_cv_prog_compiler_pic='-fPIC -DPIC'
lt_cv_prog_compiler_pic_works=yes
lt_cv_prog_compiler_rtti_exceptions=no
lt_cv_prog_compiler_static_works=yes
lt_cv_prog_gnu_ld=yes
lt_cv_sharedlib_from_linklib_cmd='printf %s\n'
lt_cv_shlibpath_overrides_runpath=yes
lt_cv_sys_argz_works=yes
lt_cv_sys_dlopen_deplibs=yes
lt_cv_sys_dlsearch_path='/lib /usr/lib /usr/lib/x86_64-linux-gnu/libfakeroot /usr/local/lib /usr/local/lib/x86_64-linux-gnu /lib/x86_64-linux-gnu /usr/lib/x86_64-linux-gnu /lib32 /usr/lib32 '
lt_cv_sys_global_symbol_pipe='sed -n -e '\''s/^.*[	 ]\([ABCDGIRSTW][ABCDGIRSTW]*\)[	 ][	 ]*\([_A-Za-z][_A-Za-z0-9]*\)$/\1 \2 \2/p'\'' | sed '\''/ __gnu_lto/d'\'''
lt_cv_sys_global_symbol_to_c_name_address='sed -n -e '\''s/^: \(.*\) .*$/  {"\1", (void *) 0},/p'\'' -e '\''s/^[ABCDGIRSTW][ABCDGIRSTW]* .* \(.*\)$/  {"\1", (void *) \&\1},/p'\'''
lt_cv_sys_global_symbol_to_c_name_address_lib_prefix='sed -n -e '\''s/^: \(.*\) .*$/  {"\1", (void *) 0},/p'\'' -e '\''s/^[ABCDGIRSTW][ABCDGIRSTW]* .* \(lib.*\)$/  {"\1", (void *) \&\1},/p'\'' -e '\''s/^[ABCDGIRSTW][ABCDGIRSTW]* .* \(.*\)$/  {"lib\1", (void *) \&\1},/p'\'''
lt_cv_sys_global_symbol_to_cdecl='sed -n -e '\''s/^T .* \(.*\)$/extern int \1();/p'\'' -e '\''s/^[ABCDGIRSTW][ABCDGIRSTW]* .* \(.*\)$/extern char \1;/p'\'''
lt_cv_sys_global_symbol_to_import=
lt_cv_sys_max_cmd_len=1572864
lt_cv_sys_symbol_underscore=no
lt_cv_to_host_file_cmd=func_convert_file_noop
lt_cv_to_tool_file_cmd=func_convert_file_noop
lt_cv_truncate_bin='/usr/bin/dd bs=4096 count=1'
pkg_cv_FLAC_CFLAGS=-I/usr/local/include
pkg_cv_FLAC_LIBS='-L/usr/local/lib -lFLAC'
pkg_cv_PCRE_CFLAGS=
pkg_cv_PCRE_LIBS=-lpcre

## ----------------- ##
## Output variables. ##
## ----------------- ##

ACLOCAL='${SHELL} '\''/home/l1/Desktop/Thesis/Subjects/mp3splt/libmp3splt/libltdl/config/missing'\'' aclocal-1.16'
AMDEPBACKSLASH='\'
AMDEP_FALSE='#'
AMDEP_TRUE=''
AMTAR='$${TAR-tar}'
AM_BACKSLASH='\'
AM_DEFAULT_V='$(AM_DEFAULT_VERBOSITY)'
AM_DEFAULT_VERBOSITY='1'
AM_V='$(V)'
AR='ar'
AS='as'
AUTOCONF='${SHELL} '\''/home/l1/Desktop/Thesis/Subjects/mp3splt/libmp3splt/libltdl/config/missing'\'' autoconf'
AUTOHEADER='${SHELL} '\''/home/l1/Desktop/Thesis/Subjects/mp3splt/libmp3splt/libltdl/config/missing'\'' autoheader'
AUTOMAKE='${SHELL} '\''/home/l1/Desktop/Thesis/Subjects/mp3splt/libmp3splt/libltdl/config/missing'\'' automake-1.16'
AWK='mawk'
CC='gcc'
CCDEPMODE='depmode=gcc3'
CFLAGS='-g -O2 -O3 -D_LARGEFILE_SOURCE -D_FILE_OFFSET_BITS=64'
CONVENIENCE_LTDL_FALSE='#'
CONVENIENCE_LTDL_TRUE=''
CPP='gcc -E'
CPPFLAGS=''
CSCOPE='cscope'
CTAGS='ctags'
CUTTER=''
CUTTER_CFLAGS=''
CUTTER_LIBS=''
CYGPATH_W='echo'
DEFS='-DHAVE_CONFIG_H'
DEPDIR='.deps'
DLLTOOL='false'
DOXYGEN='/usr/bin/doxygen'
DSYMUTIL=''
DUMPBIN=''
ECHO_C=''
ECHO_N='-n'
ECHO_T=''
EGREP='/usr/bin/grep -E'
ETAGS='etags'
EXEEXT=''
FGREP='/usr/bin/grep -F'
FLAC_CFLAGS='-I/usr/local/include'
FLAC_LIBS='-L/usr/local/lib -lFLAC'
FLAC_PLUGIN_FALSE='#'
FLAC_PLUGIN_TRUE=''
GETTEXT_MACRO_VERSION='0.20'
GMSGFMT='/usr/bin/msgfmt'
GMSGFMT_015='/usr/bin/msgfmt'
GRAPHVIZ='/usr/bin/dot'
GREP='/usr/bin/grep'
HAS_CUTTER_FALSE=''
HAS_CUTTER_TRUE='#'
HAVE_DOXYGEN_FALSE='#'
HAVE_DOXYGEN_TRUE=''
HAVE_GRAPHVIZ_FALSE='#'
HAVE_GRAPHVIZ_TRUE=''
ID3TAG_FALSE='#'
ID3TAG_TRUE=''
ID3_CFLAGS='-I/home/l1/Desktop/Thesis/Subjects/mp3splt/libmp3splt/target/include'
ID3_LIBS='-L/home/l1/Desktop/Thesis/Subjects/mp3splt/libmp3splt/target/lib -lid3tag'
INCLTDL=''
INSTALL_DATA='${INSTALL} -m 644'
INSTALL_LTDL_FALSE=''
INSTALL_LTDL_TRUE='#'
INSTALL_PROGRAM='${INSTALL}'
INSTALL_SCRIPT='${INSTALL}'
INSTALL_STRIP_PROGRAM='$(install_sh) -c -s'
INTLLIBS=''
INTL_MACOSX_LIBS=''
IS_ON_WINDOWS_FALSE=''
IS_ON_WINDOWS_TRUE='#'
LD='/usr/bin/ld -m elf_x86_64'
LDFLAGS=''
LIBADD_DL=' '
LIBADD_DLD_LINK=''
LIBADD_DLOPEN=''
LIBADD_SHL_LOAD=''
LIBICONV='-liconv'
LIBINTL=''
LIBLTDL='-lltdl'
LIBMP3SPLT_MAJOR_VERSION='0'
LIBMP3SPLT_MICRO_VERSION='3.1518'
LIBMP3SPLT_MINOR_VERSION='9'
LIBOBJS=''
LIBS=''
LIBTOOL='$(SHELL) $(top_builddir)/libtool'
LIPO=''
LN_S='ln -s'
LTDLDEPS=''
LTDLINCL=''
LTDLOPEN='libltdl'
LTLIBICONV='-liconv'
LTLIBINTL=''
LTLIBOBJS=''
LT_ARGZ_H=''
LT_CONFIG_H='config.h'
LT_DLLOADERS=' libltdl/dlopen.la'
LT_DLPREOPEN='-dlpreopen libltdl/dlopen.la '
LT_SYS_LIBRARY_PATH=''
MAD_CFLAGS='-I/home/l1/Desktop/Thesis/Subjects/mp3splt/libmp3splt/target/include'
MAD_LIBS='-L/home/l1/Desktop/Thesis/Subjects/mp3splt/libmp3splt/target/lib -lmad'
MAINT=''
MAINTAINER_MODE_FALSE='#'
MAINTAINER_MODE_TRUE=''
MAKEINFO='${SHELL} '\''/home/l1/Desktop/Thesis/Subjects/mp3splt/libmp3splt/libltdl/config/missing'\'' makeinfo'
MANIFEST_TOOL=':'
MKDIR_P='/usr/bin/mkdir -p'
MP3_PLUGIN_FALSE='#'
MP3_PLUGIN_TRUE=''
MSGFMT='/usr/bin/msgfmt'
MSGMERGE='/usr/bin/msgmerge'
MSGMERGE_FOR_MSGFMT_OPTION='--for-msgfmt'
NM='/usr/bin/nm -B'
NMEDIT=''
OBJDUMP='objdump'
OBJEXT='o'
OGG_CFLAGS='-I/home/l1/Desktop/Thesis/Subjects/mp3splt/libmp3splt/target/include'
OGG_LIBS='-L/home/l1/Desktop/Thesis/Subjects/mp3splt/libmp3splt/target/lib -logg'
OGG_PLUGIN_FALSE='#'
OGG_PLUGIN_TRUE=''
OTOOL64=''
OTOOL=''
PACKAGE='libmp3splt'
PACKAGE_BUGREPORT='m@ioalex.net'
PACKAGE_NAME='libmp3splt'
PACKAGE_STRING='libmp3splt 0.9.3.1518'
PACKAGE_TARNAME='libmp3splt'
PACKAGE_URL=''
PACKAGE_VERSION='0.9.3.1518'
PATH_SEPARATOR=':'
PCRE_CFLAGS=''
PCRE_FALSE='#'
PCRE_LIBS='-lpcre'
PCRE_TRUE=''
PKG_CONFIG='/usr/bin/pkg-config'
PKG_CONFIG_LIBDIR=''
PKG_CONFIG_PATH=''
POSUB='po'
RANLIB='ranlib'
SED='/usr/bin/sed'
SET_MAKE=''
SHELL='/bin/bash'
SONAME='0'
STRIP='strip'
USE_NLS='yes'
VERSION='0.9.3.1518'
VORBISENC_LIBS='-lvorbisenc'
VORBISFILE_LIBS='-lvorbisfile'
VORBIS_CFLAGS='-I/home/l1/Desktop/Thesis/Subjects/mp3splt/libmp3splt/target/include'
VORBIS_LIBS='-L/home/l1/Desktop/Thesis/Subjects/mp3splt/libmp3splt/target/lib -lvorbis -lm'
WIN32_FALSE=''
WIN32_TRUE='#'
XGETTEXT='/usr/bin/xgettext'
XGETTEXT_015='/usr/bin/xgettext'
XGETTEXT_EXTRA_OPTIONS=''
ac_ct_AR='ar'
ac_ct_CC='gcc'
ac_ct_DUMPBIN=''
am__EXEEXT_FALSE=''
am__EXEEXT_TRUE='#'
am__fastdepCC_FALSE='#'
am__fastdepCC_TRUE=''
am__include='include'
am__isrc=''
am__leading_dot='.'
am__nodep='_no'
am__quote=''
am__tar='$${TAR-tar} chof - "$$tardir"'
am__untar='$${TAR-tar} xf -'
bindir='${exec_prefix}/bin'
build='x86_64-pc-linux-gnu'
build_alias=''
build_cpu='x86_64'
build_os='linux-gnu'
build_vendor='pc'
datadir='${datarootdir}'
datarootdir='${prefix}/share'
docdir='${datarootdir}/doc/${PACKAGE_TARNAME}'
dvidir='${docdir}'
exec_prefix='${prefix}'
host='x86_64-pc-linux-gnu'
host_alias=''
host_cpu='x86_64'
host_os='linux-gnu'
host_vendor='pc'
htmldir='${docdir}'
includedir='${prefix}/include'
infodir='${datarootdir}/info'
install_sh='${SHELL} /home/l1/Desktop/Thesis/Subjects/mp3splt/libmp3splt/libltdl/config/install-sh'
libdir='${exec_prefix}/lib'
libexecdir='${exec_prefix}/libexec'
localedir='${datarootdir}/locale'
localstatedir='${prefix}/var'
ltdl_LIBOBJS=' lt__strl.o'
ltdl_LTLIBOBJS=' lt__strl.lo'
mandir='${datarootdir}/man'
mkdir_p='$(MKDIR_P)'
oldincludedir='/usr/include'
pdfdir='${docdir}'
prefix='/home/l1/Desktop/Thesis/Subjects/mp3splt/libmp3splt/target'
program_transform_name='s,x,x,'
psdir='${docdir}'
runstatedir='${localstatedir}/run'
sbindir='${exec_prefix}/sbin'
sharedstatedir='${prefix}/com'
subdirs=' libltdl'
sys_symbol_underscore='no'
sysconfdir='${prefix}/etc'
target_alias=''

## ----------- ##
## confdefs.h. ##
## ----------- ##

/* confdefs.h */
#define PACKAGE_NAME "libmp3splt"
#define PACKAGE_TARNAME "libmp3splt"
#define PACKAGE_VERSION "0.9.3.1518"
#define PACKAGE_STRING "libmp3splt 0.9.3.1518"
#define PACKAGE_BUGREPORT "m@ioalex.net"
#define PACKAGE_URL ""
#define PACKAGE "libmp3splt"
#define VERSION "0.9.3.1518"
#define HAVE_STDIO_H 1
#define HAVE_STDLIB_H 1
#define HAVE_STRING_H 1
#define HAVE_INTTYPES_H 1
#define HAVE_STDINT_H 1
#define HAVE_STRINGS_H 1
#define HAVE_SYS_STAT_H 1
#define HAVE_SYS_TYPES_H 1
#define HAVE_UNISTD_H 1
#define STDC_HEADERS 1
#define HAVE_UNISTD_H 1
#define ENABLE_NLS 1
#define HAVE_GETTEXT 1
#define HAVE_DCGETTEXT 1
#define SPLT_SONAME "0"
#define HAVE_DLFCN_H 1
#define LT_OBJDIR ".libs/"
#define LT_MODULE_EXT ".so"
#define LT_MODULE_PATH_VAR "LD_LIBRARY_PATH"
#define LT_DLSEARCH_PATH "/lib:/usr/lib:/usr/lib/x86_64-linux-gnu/libfakeroot:/usr/local/lib:/usr/local/lib/x86_64-linux-gnu:/lib/x86_64-linux-gnu:/usr/lib/x86_64-linux-gnu:/lib32:/usr/lib32"
#define HAVE_LIBDL 1
#define HAVE_DLERROR 1
#define HAVE_LIBDLLOADER 1
#define HAVE_ARGZ_H 1
#define HAVE_ERROR_T 1
#define HAVE_ARGZ_ADD 1
#define HAVE_ARGZ_APPEND 1
#define HAVE_ARGZ_COUNT 1
#define HAVE_ARGZ_CREATE_SEP 1
#define HAVE_ARGZ_INSERT 1
#define HAVE_ARGZ_NEXT 1
#define HAVE_ARGZ_STRINGIFY 1
#define HAVE_WORKING_ARGZ 1
#define HAVE_PRELOADED_SYMBOLS 1
#define HAVE_LTDL 1
#define HAVE_UNISTD_H 1
#define HAVE_DIRENT_H 1
#define HAVE_CLOSEDIR 1
#define HAVE_OPENDIR 1
#define HAVE_READDIR 1
#define LT_LIBEXT "a"
#define LT_LIBPREFIX "lib"
#define HAVE_FSEEKO 1
#define HAVE_FSEEKO 1

configure: exit 0

## ---------------------- ##
## Running config.status. ##
## ---------------------- ##

This file was extended by libmp3splt config.status 0.9.3.1518, which was
generated by GNU Autoconf 2.71.  Invocation command line was

  CONFIG_FILES    = 
  CONFIG_HEADERS  = 
  CONFIG_LINKS    = 
  CONFIG_COMMANDS = 
  $ ./config.status 

on L1

config.status:1220: creating Makefile
config.status:1220: creating libmp3splt.pc
config.status:1220: creating src/Makefile
config.status:1220: creating po/Makefile.in
config.status:1328: WARNING:  'po/Makefile.in.in' seems to ignore the --datarootdir setting
config.status:1220: creating plugins/Makefile
config.status:1220: creating test/Makefile
config.status:1220: creating m4/Makefile
config.status:1220: creating doc/Makefile
config.status:1220: creating doc/Doxyfile_all
config.status:1220: creating doc/Doxyfile_api
config.status:1220: creating doc/examples/Makefile
config.status:1220: creating include/libmp3splt/version.h
config.status:1220: creating config.h
config.status:1401: config.h is unchanged
config.status:1449: executing depfiles commands
config.status:1526: cd src       && sed -e '/# am--include-marker/d' Makefile         | make -f - am--depfiles
make[1]: Entering directory '/home/l1/Desktop/Thesis/Subjects/mp3splt/libmp3splt/src'
make[1]: Nothing to be done for 'am--depfiles'.
make[1]: Leaving directory '/home/l1/Desktop/Thesis/Subjects/mp3splt/libmp3splt/src'
config.status:1531: $? = 0
config.status:1526: cd plugins       && sed -e '/# am--include-marker/d' Makefile         | make -f - am--depfiles
make[1]: Entering directory '/home/l1/Desktop/Thesis/Subjects/mp3splt/libmp3splt/plugins'
make[1]: Nothing to be done for 'am--depfiles'.
make[1]: Leaving directory '/home/l1/Desktop/Thesis/Subjects/mp3splt/libmp3splt/plugins'
config.status:1531: $? = 0
config.status:1526: cd test       && sed -e '/# am--include-marker/d' Makefile         | make -f - am--depfiles
make[1]: Entering directory '/home/l1/Desktop/Thesis/Subjects/mp3splt/libmp3splt/test'
make[1]: Nothing to be done for 'am--depfiles'.
make[1]: Leaving directory '/home/l1/Desktop/Thesis/Subjects/mp3splt/libmp3splt/test'
config.status:1531: $? = 0
config.status:1449: executing po-directories commands
config.status:1449: executing libtool commands

## ---------------------- ##
## Running config.status. ##
## ---------------------- ##

This file was extended by libmp3splt config.status 0.9.3.1518, which was
generated by GNU Autoconf 2.71.  Invocation command line was

  CONFIG_FILES    = 
  CONFIG_HEADERS  = 
  CONFIG_LINKS    = 
  CONFIG_COMMANDS = 
  $ ./config.status config.h

on L1

config.status:1220: creating config.h
config.status:1401: config.h is unchanged
