This file contains any messages produced by compilers while
running configure, to aid debugging if configure makes a mistake.

It was created by libogg configure 1.3.5, which was
generated by GNU Autoconf 2.71.  Invocation command line was

  $ ./configure

## --------- ##
## Platform. ##
## --------- ##

hostname = L1
uname -m = x86_64
uname -r = 5.15.0-39-generic
uname -s = Linux
uname -v = #42-Ubuntu SMP Thu Jun 9 23:42:32 UTC 2022

/usr/bin/uname -p = x86_64
/bin/uname -X     = unknown

/bin/arch              = x86_64
/usr/bin/arch -k       = unknown
/usr/convex/getsysinfo = unknown
/usr/bin/hostinfo      = unknown
/bin/machine           = unknown
/usr/bin/oslevel       = unknown
/bin/universe          = unknown

PATH: /usr/local/sbin/
PATH: /usr/local/bin/
PATH: /usr/sbin/
PATH: /usr/bin/
PATH: /sbin/
PATH: /bin/
PATH: /usr/games/
PATH: /usr/local/games/
PATH: /snap/bin/
PATH: /snap/bin/


## ----------- ##
## Core tests. ##
## ----------- ##

configure:2613: looking for aux files: missing install-sh compile config.guess config.sub ltmain.sh
configure:2626:  trying ./
configure:2655:   ./missing found
configure:2637:   ./install-sh found
configure:2655:   ./compile found
configure:2655:   ./config.guess found
configure:2655:   ./config.sub found
configure:2655:   ./ltmain.sh found
configure:2801: checking build system type
configure:2816: result: x86_64-pc-linux-gnu
configure:2836: checking host system type
configure:2850: result: x86_64-pc-linux-gnu
configure:2891: checking how to print strings
configure:2918: result: printf
configure:3004: checking for gcc
configure:3025: found /usr/bin/gcc
configure:3036: result: gcc
configure:3389: checking for C compiler version
configure:3398: gcc --version >&5
gcc (Ubuntu 11.2.0-19ubuntu1) 11.2.0
Copyright (C) 2021 Free Software Foundation, Inc.
This is free software; see the source for copying conditions.  There is NO
warranty; not even for MERCHANTABILITY or FITNESS FOR A PARTICULAR PURPOSE.

configure:3409: $? = 0
configure:3398: gcc -v >&5
Using built-in specs.
COLLECT_GCC=gcc
COLLECT_LTO_WRAPPER=/usr/lib/gcc/x86_64-linux-gnu/11/lto-wrapper
OFFLOAD_TARGET_NAMES=nvptx-none:amdgcn-amdhsa
OFFLOAD_TARGET_DEFAULT=1
Target: x86_64-linux-gnu
Configured with: ../src/configure -v --with-pkgversion='Ubuntu 11.2.0-19ubuntu1' --with-bugurl=file:///usr/share/doc/gcc-11/README.Bugs --enable-languages=c,ada,c++,go,brig,d,fortran,objc,obj-c++,m2 --prefix=/usr --with-gcc-major-version-only --program-suffix=-11 --program-prefix=x86_64-linux-gnu- --enable-shared --enable-linker-build-id --libexecdir=/usr/lib --without-included-gettext --enable-threads=posix --libdir=/usr/lib --enable-nls --enable-bootstrap --enable-clocale=gnu --enable-libstdcxx-debug --enable-libstdcxx-time=yes --with-default-libstdcxx-abi=new --enable-gnu-unique-object --disable-vtable-verify --enable-plugin --enable-default-pie --with-system-zlib --enable-libphobos-checking=release --with-target-system-zlib=auto --enable-objc-gc=auto --enable-multiarch --disable-werror --enable-cet --with-arch-32=i686 --with-abi=m64 --with-multilib-list=m32,m64,mx32 --enable-multilib --with-tune=generic --enable-offload-targets=nvptx-none=/build/gcc-11-gBFGDP/gcc-11-11.2.0/debian/tmp-nvptx/usr,amdgcn-amdhsa=/build/gcc-11-gBFGDP/gcc-11-11.2.0/debian/tmp-gcn/usr --without-cuda-driver --enable-checking=release --build=x86_64-linux-gnu --host=x86_64-linux-gnu --target=x86_64-linux-gnu --with-build-config=bootstrap-lto-lean --enable-link-serialization=2
Thread model: posix
Supported LTO compression algorithms: zlib zstd
gcc version 11.2.0 (Ubuntu 11.2.0-19ubuntu1) 
... rest of stderr output deleted ...
configure:3409: $? = 0
configure:3398: gcc -V >&5
gcc: error: unrecognized command-line option '-V'
gcc: fatal error: no input files
compilation terminated.
configure:3409: $? = 1
configure:3398: gcc -qversion >&5
gcc: error: unrecognized command-line option '-qversion'; did you mean '--version'?
gcc: fatal error: no input files
compilation terminated.
configure:3409: $? = 1
configure:3398: gcc -version >&5
gcc: error: unrecognized command-line option '-version'
gcc: fatal error: no input files
compilation terminated.
configure:3409: $? = 1
configure:3429: checking whether the C compiler works
configure:3451: gcc    conftest.c  >&5
configure:3455: $? = 0
configure:3505: result: yes
configure:3508: checking for C compiler default output file name
configure:3510: result: a.out
configure:3516: checking for suffix of executables
configure:3523: gcc -o conftest    conftest.c  >&5
configure:3527: $? = 0
configure:3550: result: 
configure:3572: checking whether we are cross compiling
configure:3580: gcc -o conftest    conftest.c  >&5
configure:3584: $? = 0
configure:3591: ./conftest
configure:3595: $? = 0
configure:3610: result: no
configure:3615: checking for suffix of object files
configure:3638: gcc -c   conftest.c >&5
configure:3642: $? = 0
configure:3664: result: o
configure:3668: checking whether the compiler supports GNU C
configure:3688: gcc -c   conftest.c >&5
configure:3688: $? = 0
configure:3698: result: yes
configure:3709: checking whether gcc accepts -g
configure:3730: gcc -c -g  conftest.c >&5
configure:3730: $? = 0
configure:3774: result: yes
configure:3794: checking for gcc option to enable C11 features
configure:3809: gcc  -c -g -O2  conftest.c >&5
configure:3809: $? = 0
configure:3827: result: none needed
configure:3943: checking whether gcc understands -c and -o together
configure:3966: gcc -c conftest.c -o conftest2.o
configure:3969: $? = 0
configure:3966: gcc -c conftest.c -o conftest2.o
configure:3969: $? = 0
configure:3981: result: yes
configure:3998: checking for a sed that does not truncate output
configure:4068: result: /usr/bin/sed
configure:4086: checking for grep that handles long lines and -e
configure:4150: result: /usr/bin/grep
configure:4155: checking for egrep
configure:4223: result: /usr/bin/grep -E
configure:4228: checking for fgrep
configure:4296: result: /usr/bin/grep -F
configure:4332: checking for ld used by gcc
configure:4400: result: /usr/bin/ld
configure:4407: checking if the linker (/usr/bin/ld) is GNU ld
configure:4423: result: yes
configure:4435: checking for BSD- or MS-compatible name lister (nm)
configure:4490: result: /usr/bin/nm -B
configure:4630: checking the name lister (/usr/bin/nm -B) interface
configure:4638: gcc -c -g -O2  conftest.c >&5
configure:4641: /usr/bin/nm -B "conftest.o"
configure:4644: output
0000000000000000 B some_variable
configure:4651: result: BSD nm
configure:4654: checking whether ln -s works
configure:4658: result: yes
configure:4666: checking the maximum length of command line arguments
configure:4798: result: 1572864
configure:4846: checking how to convert x86_64-pc-linux-gnu file names to x86_64-pc-linux-gnu format
configure:4887: result: func_convert_file_noop
configure:4894: checking how to convert x86_64-pc-linux-gnu file names to toolchain format
configure:4915: result: func_convert_file_noop
configure:4922: checking for /usr/bin/ld option to reload object files
configure:4930: result: -r
configure:5009: checking for objdump
configure:5030: found /usr/bin/objdump
configure:5041: result: objdump
configure:5073: checking how to recognize dependent libraries
configure:5274: result: pass_all
configure:5364: checking for dlltool
configure:5399: result: no
configure:5429: checking how to associate runtime and link libraries
configure:5457: result: printf %s\n
configure:5523: checking for ar
configure:5544: found /usr/bin/ar
configure:5555: result: ar
configure:5592: checking for archiver @FILE support
configure:5610: gcc -c -g -O2  conftest.c >&5
configure:5610: $? = 0
configure:5614: ar cr libconftest.a @conftest.lst >&5
configure:5617: $? = 0
configure:5622: ar cr libconftest.a @conftest.lst >&5
ar: conftest.o: No such file or directory
configure:5625: $? = 1
configure:5637: result: @
configure:5700: checking for strip
configure:5721: found /usr/bin/strip
configure:5732: result: strip
configure:5809: checking for ranlib
configure:5830: found /usr/bin/ranlib
configure:5841: result: ranlib
configure:5918: checking for gawk
configure:5953: result: no
configure:5918: checking for mawk
configure:5939: found /usr/bin/mawk
configure:5950: result: mawk
configure:5990: checking command to parse /usr/bin/nm -B output from gcc object
configure:6144: gcc -c -g -O2  conftest.c >&5
configure:6147: $? = 0
configure:6151: /usr/bin/nm -B conftest.o | sed -n -e 's/^.*[	 ]\([ABCDGIRSTW][ABCDGIRSTW]*\)[	 ][	 ]*\([_A-Za-z][_A-Za-z0-9]*\)$/\1 \2 \2/p' | sed '/ __gnu_lto/d' > conftest.nm
configure:6217: gcc -o conftest -g -O2   conftest.c conftstm.o >&5
configure:6220: $? = 0
configure:6258: result: ok
configure:6305: checking for sysroot
configure:6336: result: no
configure:6343: checking for a working dd
configure:6387: result: /usr/bin/dd
configure:6391: checking how to truncate binary pipes
configure:6407: result: /usr/bin/dd bs=4096 count=1
configure:6544: gcc -c -g -O2  conftest.c >&5
configure:6547: $? = 0
configure:6744: checking for mt
configure:6765: found /usr/bin/mt
configure:6776: result: mt
configure:6799: checking if mt is a manifest tool
configure:6806: mt '-?'
configure:6814: result: no
configure:7544: checking for stdio.h
configure:7544: gcc -c -g -O2  conftest.c >&5
configure:7544: $? = 0
configure:7544: result: yes
configure:7544: checking for stdlib.h
configure:7544: gcc -c -g -O2  conftest.c >&5
configure:7544: $? = 0
configure:7544: result: yes
configure:7544: checking for string.h
configure:7544: gcc -c -g -O2  conftest.c >&5
configure:7544: $? = 0
configure:7544: result: yes
configure:7544: checking for inttypes.h
configure:7544: gcc -c -g -O2  conftest.c >&5
configure:7544: $? = 0
configure:7544: result: yes
configure:7544: checking for stdint.h
configure:7544: gcc -c -g -O2  conftest.c >&5
configure:7544: $? = 0
configure:7544: result: yes
configure:7544: checking for strings.h
configure:7544: gcc -c -g -O2  conftest.c >&5
configure:7544: $? = 0
configure:7544: result: yes
configure:7544: checking for sys/stat.h
configure:7544: gcc -c -g -O2  conftest.c >&5
configure:7544: $? = 0
configure:7544: result: yes
configure:7544: checking for sys/types.h
configure:7544: gcc -c -g -O2  conftest.c >&5
configure:7544: $? = 0
configure:7544: result: yes
configure:7544: checking for unistd.h
configure:7544: gcc -c -g -O2  conftest.c >&5
configure:7544: $? = 0
configure:7544: result: yes
configure:7569: checking for dlfcn.h
configure:7569: gcc -c -g -O2  conftest.c >&5
configure:7569: $? = 0
configure:7569: result: yes
configure:7828: checking for objdir
configure:7844: result: .libs
configure:8108: checking if gcc supports -fno-rtti -fno-exceptions
configure:8127: gcc -c -g -O2  -fno-rtti -fno-exceptions conftest.c >&5
cc1: warning: command-line option '-fno-rtti' is valid for C++/D/ObjC++ but not for C
configure:8131: $? = 0
configure:8144: result: no
configure:8508: checking for gcc option to produce PIC
configure:8516: result: -fPIC -DPIC
configure:8524: checking if gcc PIC flag -fPIC -DPIC works
configure:8543: gcc -c -g -O2  -fPIC -DPIC -DPIC conftest.c >&5
configure:8547: $? = 0
configure:8560: result: yes
configure:8589: checking if gcc static flag -static works
configure:8618: result: yes
configure:8633: checking if gcc supports -c -o file.o
configure:8655: gcc -c -g -O2  -o out/conftest2.o conftest.c >&5
configure:8659: $? = 0
configure:8681: result: yes
configure:8689: checking if gcc supports -c -o file.o
configure:8737: result: yes
configure:8770: checking whether the gcc linker (/usr/bin/ld -m elf_x86_64) supports shared libraries
configure:10040: result: yes
configure:10077: checking whether -lc should be explicitly linked in
configure:10086: gcc -c -g -O2  conftest.c >&5
configure:10089: $? = 0
configure:10104: gcc -shared  -fPIC -DPIC conftest.o  -v -Wl,-soname -Wl,conftest -o conftest 2\>\&1 \| /usr/bin/grep  -lc  \>/dev/null 2\>\&1
configure:10107: $? = 0
configure:10121: result: no
configure:10281: checking dynamic linker characteristics
configure:10863: gcc -o conftest -g -O2   -Wl,-rpath -Wl,/foo conftest.c  >&5
configure:10863: $? = 0
configure:11114: result: GNU/Linux ld.so
configure:11236: checking how to hardcode library paths into programs
configure:11261: result: immediate
configure:11813: checking whether stripping libraries is possible
configure:11818: result: yes
configure:11853: checking if libtool supports shared libraries
configure:11855: result: yes
configure:11858: checking whether to build shared libraries
configure:11883: result: yes
configure:11886: checking whether to build static libraries
configure:11890: result: yes
configure:11947: checking for a BSD-compatible install
configure:12020: result: /usr/bin/install -c
configure:12031: checking whether build environment is sane
configure:12086: result: yes
configure:12241: checking for a race-free mkdir -p
configure:12285: result: /usr/bin/mkdir -p
configure:12288: checking whether make sets $(MAKE)
configure:12311: result: yes
configure:12333: checking whether make supports the include directive
configure:12348: make -f confmf.GNU && cat confinc.out
this is the am__doit target
configure:12351: $? = 0
configure:12370: result: yes (GNU style)
configure:12405: checking whether make supports nested variables
configure:12423: result: yes
configure:12504: checking dependency style of gcc
configure:12616: result: gcc3
configure:12689: checking whether to enable maintainer-specific portions of Makefiles
configure:12699: result: yes
configure:12774: checking for gcc
configure:12806: result: gcc
configure:13159: checking for C compiler version
configure:13168: gcc --version >&5
gcc (Ubuntu 11.2.0-19ubuntu1) 11.2.0
Copyright (C) 2021 Free Software Foundation, Inc.
This is free software; see the source for copying conditions.  There is NO
warranty; not even for MERCHANTABILITY or FITNESS FOR A PARTICULAR PURPOSE.

configure:13179: $? = 0
configure:13168: gcc -v >&5
Using built-in specs.
COLLECT_GCC=gcc
COLLECT_LTO_WRAPPER=/usr/lib/gcc/x86_64-linux-gnu/11/lto-wrapper
OFFLOAD_TARGET_NAMES=nvptx-none:amdgcn-amdhsa
OFFLOAD_TARGET_DEFAULT=1
Target: x86_64-linux-gnu
Configured with: ../src/configure -v --with-pkgversion='Ubuntu 11.2.0-19ubuntu1' --with-bugurl=file:///usr/share/doc/gcc-11/README.Bugs --enable-languages=c,ada,c++,go,brig,d,fortran,objc,obj-c++,m2 --prefix=/usr --with-gcc-major-version-only --program-suffix=-11 --program-prefix=x86_64-linux-gnu- --enable-shared --enable-linker-build-id --libexecdir=/usr/lib --without-included-gettext --enable-threads=posix --libdir=/usr/lib --enable-nls --enable-bootstrap --enable-clocale=gnu --enable-libstdcxx-debug --enable-libstdcxx-time=yes --with-default-libstdcxx-abi=new --enable-gnu-unique-object --disable-vtable-verify --enable-plugin --enable-default-pie --with-system-zlib --enable-libphobos-checking=release --with-target-system-zlib=auto --enable-objc-gc=auto --enable-multiarch --disable-werror --enable-cet --with-arch-32=i686 --with-abi=m64 --with-multilib-list=m32,m64,mx32 --enable-multilib --with-tune=generic --enable-offload-targets=nvptx-none=/build/gcc-11-gBFGDP/gcc-11-11.2.0/debian/tmp-nvptx/usr,amdgcn-amdhsa=/build/gcc-11-gBFGDP/gcc-11-11.2.0/debian/tmp-gcn/usr --without-cuda-driver --enable-checking=release --build=x86_64-linux-gnu --host=x86_64-linux-gnu --target=x86_64-linux-gnu --with-build-config=bootstrap-lto-lean --enable-link-serialization=2
Thread model: posix
Supported LTO compression algorithms: zlib zstd
gcc version 11.2.0 (Ubuntu 11.2.0-19ubuntu1) 
... rest of stderr output deleted ...
configure:13179: $? = 0
configure:13168: gcc -V >&5
gcc: error: unrecognized command-line option '-V'
gcc: fatal error: no input files
compilation terminated.
configure:13179: $? = 1
configure:13168: gcc -qversion >&5
gcc: error: unrecognized command-line option '-qversion'; did you mean '--version'?
gcc: fatal error: no input files
compilation terminated.
configure:13179: $? = 1
configure:13168: gcc -version >&5
gcc: error: unrecognized command-line option '-version'
gcc: fatal error: no input files
compilation terminated.
configure:13179: $? = 1
configure:13183: checking whether the compiler supports GNU C
configure:13213: result: yes
configure:13224: checking whether gcc accepts -g
configure:13289: result: yes
configure:13309: checking for gcc option to enable C11 features
configure:13342: result: none needed
configure:13458: checking whether gcc understands -c and -o together
configure:13496: result: yes
configure:13568: checking for egrep
configure:13636: result: /usr/bin/grep -E
configure:13645: checking for inttypes.h
configure:13645: result: yes
configure:13651: checking for stdint.h
configure:13651: result: yes
configure:13657: checking for sys/types.h
configure:13657: result: yes
configure:13664: checking for an ANSI C-conforming const
configure:13731: gcc -c -O2 -Wall -ffast-math -fsigned-char -g -O2  conftest.c >&5
configure:13731: $? = 0
configure:13739: result: yes
configure:13753: checking size of int16_t
configure:13759: gcc -o conftest -O2 -Wall -ffast-math -fsigned-char -g -O2   conftest.c  >&5
configure:13759: $? = 0
configure:13759: ./conftest
configure:13759: $? = 0
configure:13774: result: 2
configure:13786: checking size of uint16_t
configure:13792: gcc -o conftest -O2 -Wall -ffast-math -fsigned-char -g -O2   conftest.c  >&5
configure:13792: $? = 0
configure:13792: ./conftest
configure:13792: $? = 0
configure:13807: result: 2
configure:13819: checking size of u_int16_t
configure:13825: gcc -o conftest -O2 -Wall -ffast-math -fsigned-char -g -O2   conftest.c  >&5
configure:13825: $? = 0
configure:13825: ./conftest
configure:13825: $? = 0
configure:13840: result: 2
configure:13852: checking size of int32_t
configure:13858: gcc -o conftest -O2 -Wall -ffast-math -fsigned-char -g -O2   conftest.c  >&5
configure:13858: $? = 0
configure:13858: ./conftest
configure:13858: $? = 0
configure:13873: result: 4
configure:13885: checking size of uint32_t
configure:13891: gcc -o conftest -O2 -Wall -ffast-math -fsigned-char -g -O2   conftest.c  >&5
configure:13891: $? = 0
configure:13891: ./conftest
configure:13891: $? = 0
configure:13906: result: 4
configure:13918: checking size of u_int32_t
configure:13924: gcc -o conftest -O2 -Wall -ffast-math -fsigned-char -g -O2   conftest.c  >&5
configure:13924: $? = 0
configure:13924: ./conftest
configure:13924: $? = 0
configure:13939: result: 4
configure:13951: checking size of int64_t
configure:13957: gcc -o conftest -O2 -Wall -ffast-math -fsigned-char -g -O2   conftest.c  >&5
configure:13957: $? = 0
configure:13957: ./conftest
configure:13957: $? = 0
configure:13972: result: 8
configure:13984: checking size of uint64_t
configure:13990: gcc -o conftest -O2 -Wall -ffast-math -fsigned-char -g -O2   conftest.c  >&5
configure:13990: $? = 0
configure:13990: ./conftest
configure:13990: $? = 0
configure:14005: result: 8
configure:14017: checking size of short
configure:14023: gcc -o conftest -O2 -Wall -ffast-math -fsigned-char -g -O2   conftest.c  >&5
configure:14023: $? = 0
configure:14023: ./conftest
configure:14023: $? = 0
configure:14038: result: 2
configure:14050: checking size of int
configure:14056: gcc -o conftest -O2 -Wall -ffast-math -fsigned-char -g -O2   conftest.c  >&5
configure:14056: $? = 0
configure:14056: ./conftest
configure:14056: $? = 0
configure:14071: result: 4
configure:14083: checking size of long
configure:14089: gcc -o conftest -O2 -Wall -ffast-math -fsigned-char -g -O2   conftest.c  >&5
configure:14089: $? = 0
configure:14089: ./conftest
configure:14089: $? = 0
configure:14104: result: 8
configure:14116: checking size of long long
configure:14122: gcc -o conftest -O2 -Wall -ffast-math -fsigned-char -g -O2   conftest.c  >&5
configure:14122: $? = 0
configure:14122: ./conftest
configure:14122: $? = 0
configure:14137: result: 8
configure:14236: checking for working memcmp
configure:14281: gcc -o conftest -O2 -Wall -ffast-math -fsigned-char -g -O2   conftest.c  >&5
configure:14281: $? = 0
configure:14281: ./conftest
configure:14281: $? = 0
configure:14292: result: yes
configure:14426: checking that generated files are newer than configure
configure:14432: result: done
configure:14463: creating ./config.status

## ---------------------- ##
## Running config.status. ##
## ---------------------- ##

This file was extended by libogg config.status 1.3.5, which was
generated by GNU Autoconf 2.71.  Invocation command line was

  CONFIG_FILES    = 
  CONFIG_HEADERS  = 
  CONFIG_LINKS    = 
  CONFIG_COMMANDS = 
  $ ./config.status 

on L1

config.status:1121: creating Makefile
config.status:1121: creating src/Makefile
config.status:1121: creating doc/Makefile
config.status:1121: creating doc/libogg/Makefile
config.status:1121: creating include/Makefile
config.status:1121: creating include/ogg/Makefile
config.status:1121: creating include/ogg/config_types.h
config.status:1121: creating libogg.spec
config.status:1121: creating ogg.pc
config.status:1121: creating ogg-uninstalled.pc
config.status:1121: creating config.h
config.status:1350: executing libtool commands
config.status:1350: executing depfiles commands
config.status:1970: cd src       && sed -e '/# am--include-marker/d' Makefile         | make -f - am--depfiles
config.status:1975: $? = 0

## ---------------- ##
## Cache variables. ##
## ---------------- ##

ac_cv_build=x86_64-pc-linux-gnu
ac_cv_c_compiler_gnu=yes
ac_cv_c_const=yes
ac_cv_env_CC_set=
ac_cv_env_CC_value=
ac_cv_env_CFLAGS_set=
ac_cv_env_CFLAGS_value=
ac_cv_env_CPPFLAGS_set=
ac_cv_env_CPPFLAGS_value=
ac_cv_env_LDFLAGS_set=
ac_cv_env_LDFLAGS_value=
ac_cv_env_LIBS_set=
ac_cv_env_LIBS_value=
ac_cv_env_LT_SYS_LIBRARY_PATH_set=
ac_cv_env_LT_SYS_LIBRARY_PATH_value=
ac_cv_env_build_alias_set=
ac_cv_env_build_alias_value=
ac_cv_env_host_alias_set=
ac_cv_env_host_alias_value=
ac_cv_env_target_alias_set=
ac_cv_env_target_alias_value=
ac_cv_func_memcmp_working=yes
ac_cv_header_dlfcn_h=yes
ac_cv_header_inttypes_h=yes
ac_cv_header_stdint_h=yes
ac_cv_header_stdio_h=yes
ac_cv_header_stdlib_h=yes
ac_cv_header_string_h=yes
ac_cv_header_strings_h=yes
ac_cv_header_sys_stat_h=yes
ac_cv_header_sys_types_h=yes
ac_cv_header_unistd_h=yes
ac_cv_host=x86_64-pc-linux-gnu
ac_cv_objext=o
ac_cv_path_EGREP='/usr/bin/grep -E'
ac_cv_path_FGREP='/usr/bin/grep -F'
ac_cv_path_GREP=/usr/bin/grep
ac_cv_path_SED=/usr/bin/sed
ac_cv_path_install='/usr/bin/install -c'
ac_cv_path_lt_DD=/usr/bin/dd
ac_cv_path_mkdir=/usr/bin/mkdir
ac_cv_prog_AWK=mawk
ac_cv_prog_ac_ct_AR=ar
ac_cv_prog_ac_ct_CC=gcc
ac_cv_prog_ac_ct_MANIFEST_TOOL=mt
ac_cv_prog_ac_ct_OBJDUMP=objdump
ac_cv_prog_ac_ct_RANLIB=ranlib
ac_cv_prog_ac_ct_STRIP=strip
ac_cv_prog_cc_c11=
ac_cv_prog_cc_g=yes
ac_cv_prog_cc_stdc=
ac_cv_prog_make_make_set=yes
ac_cv_sizeof_int16_t=2
ac_cv_sizeof_int32_t=4
ac_cv_sizeof_int64_t=8
ac_cv_sizeof_int=4
ac_cv_sizeof_long=8
ac_cv_sizeof_long_long=8
ac_cv_sizeof_short=2
ac_cv_sizeof_u_int16_t=2
ac_cv_sizeof_u_int32_t=4
ac_cv_sizeof_uint16_t=2
ac_cv_sizeof_uint32_t=4
ac_cv_sizeof_uint64_t=8
am_cv_CC_dependencies_compiler_type=gcc3
am_cv_make_support_nested_variables=yes
am_cv_prog_cc_c_o=yes
lt_cv_ar_at_file=@
lt_cv_archive_cmds_need_lc=no
lt_cv_deplibs_check_method=pass_all
lt_cv_file_magic_cmd='$MAGIC_CMD'
lt_cv_file_magic_test_file=
lt_cv_ld_reload_flag=-r
lt_cv_nm_interface='BSD nm'
lt_cv_objdir=.libs
lt_cv_path_LD=/usr/bin/ld
lt_cv_path_NM='/usr/bin/nm -B'
lt_cv_path_mainfest_tool=no
lt_cv_prog_compiler_c_o=yes
lt_cv_prog_compiler_pic='-fPIC -DPIC'
lt_cv_prog_compiler_pic_works=yes
lt_cv_prog_compiler_rtti_exceptions=no
lt_cv_prog_compiler_static_works=yes
lt_cv_prog_gnu_ld=yes
lt_cv_sharedlib_from_linklib_cmd='printf %s\n'
lt_cv_shlibpath_overrides_runpath=yes
lt_cv_sys_global_symbol_pipe='sed -n -e '\''s/^.*[	 ]\([ABCDGIRSTW][ABCDGIRSTW]*\)[	 ][	 ]*\([_A-Za-z][_A-Za-z0-9]*\)$/\1 \2 \2/p'\'' | sed '\''/ __gnu_lto/d'\'''
lt_cv_sys_global_symbol_to_c_name_address='sed -n -e '\''s/^: \(.*\) .*$/  {"\1", (void *) 0},/p'\'' -e '\''s/^[ABCDGIRSTW][ABCDGIRSTW]* .* \(.*\)$/  {"\1", (void *) \&\1},/p'\'''
lt_cv_sys_global_symbol_to_c_name_address_lib_prefix='sed -n -e '\''s/^: \(.*\) .*$/  {"\1", (void *) 0},/p'\'' -e '\''s/^[ABCDGIRSTW][ABCDGIRSTW]* .* \(lib.*\)$/  {"\1", (void *) \&\1},/p'\'' -e '\''s/^[ABCDGIRSTW][ABCDGIRSTW]* .* \(.*\)$/  {"lib\1", (void *) \&\1},/p'\'''
lt_cv_sys_global_symbol_to_cdecl='sed -n -e '\''s/^T .* \(.*\)$/extern int \1();/p'\'' -e '\''s/^[ABCDGIRSTW][ABCDGIRSTW]* .* \(.*\)$/extern char \1;/p'\'''
lt_cv_sys_global_symbol_to_import=
lt_cv_sys_max_cmd_len=1572864
lt_cv_to_host_file_cmd=func_convert_file_noop
lt_cv_to_tool_file_cmd=func_convert_file_noop
lt_cv_truncate_bin='/usr/bin/dd bs=4096 count=1'

## ----------------- ##
## Output variables. ##
## ----------------- ##

ACLOCAL='${SHELL} '\''/home/l1/Desktop/Thesis/Subjects/libogg/missing'\'' aclocal-1.16'
AMDEPBACKSLASH='\'
AMDEP_FALSE='#'
AMDEP_TRUE=''
AMTAR='$${TAR-tar}'
AM_BACKSLASH='\'
AM_DEFAULT_V='$(AM_DEFAULT_VERBOSITY)'
AM_DEFAULT_VERBOSITY='1'
AM_V='$(V)'
AR='ar'
AUTOCONF='${SHELL} '\''/home/l1/Desktop/Thesis/Subjects/libogg/missing'\'' autoconf'
AUTOHEADER='${SHELL} '\''/home/l1/Desktop/Thesis/Subjects/libogg/missing'\'' autoheader'
AUTOMAKE='${SHELL} '\''/home/l1/Desktop/Thesis/Subjects/libogg/missing'\'' automake-1.16'
AWK='mawk'
CC='gcc'
CCDEPMODE='depmode=gcc3'
CFLAGS='-O2 -Wall -ffast-math -fsigned-char -g -O2'
CPPFLAGS=''
CSCOPE='cscope'
CTAGS='ctags'
CYGPATH_W='echo'
DEBUG='-g -Wall -fsigned-char -g -O2'
DEFS='-DHAVE_CONFIG_H'
DEPDIR='.deps'
DISABLE_CRC_FALSE=''
DISABLE_CRC_TRUE='#'
DLLTOOL='false'
DSYMUTIL=''
DUMPBIN=''
ECHO_C=''
ECHO_N='-n'
ECHO_T=''
EGREP='/usr/bin/grep -E'
ETAGS='etags'
EXEEXT=''
FGREP='/usr/bin/grep -F'
GREP='/usr/bin/grep'
INCLUDE_INTTYPES_H='1'
INCLUDE_STDINT_H='1'
INCLUDE_SYS_TYPES_H='1'
INSTALL_DATA='${INSTALL} -m 644'
INSTALL_PROGRAM='${INSTALL}'
INSTALL_SCRIPT='${INSTALL}'
INSTALL_STRIP_PROGRAM='$(install_sh) -c -s'
LD='/usr/bin/ld -m elf_x86_64'
LDFLAGS=''
LIBOBJS=''
LIBS=''
LIBTOOL='$(SHELL) $(top_builddir)/libtool'
LIBTOOL_DEPS='.//ltmain.sh'
LIB_AGE='8'
LIB_CURRENT='8'
LIB_REVISION='5'
LIPO=''
LN_S='ln -s'
LTLIBOBJS=''
LT_SYS_LIBRARY_PATH=''
MAINT=''
MAINTAINER_MODE_FALSE='#'
MAINTAINER_MODE_TRUE=''
MAKEINFO='${SHELL} '\''/home/l1/Desktop/Thesis/Subjects/libogg/missing'\'' makeinfo'
MANIFEST_TOOL=':'
MKDIR_P='/usr/bin/mkdir -p'
NM='/usr/bin/nm -B'
NMEDIT=''
OBJDUMP='objdump'
OBJEXT='o'
OPT=''
OTOOL64=''
OTOOL=''
PACKAGE='libogg'
PACKAGE_BUGREPORT='ogg-dev@xiph.org'
PACKAGE_NAME='libogg'
PACKAGE_STRING='libogg 1.3.5'
PACKAGE_TARNAME='libogg'
PACKAGE_URL=''
PACKAGE_VERSION='1.3.5'
PATH_SEPARATOR=':'
PROFILE='-Wall -W -pg -g -O2 -ffast-math -fsigned-char -g -O2'
RANLIB='ranlib'
SED='/usr/bin/sed'
SET_MAKE=''
SHELL='/bin/bash'
SIZE16='int16_t'
SIZE32='int32_t'
SIZE64='int64_t'
STRIP='strip'
USIZE16='uint16_t'
USIZE32='uint32_t'
USIZE64='uint64_t'
VERSION='1.3.5'
ac_ct_AR='ar'
ac_ct_CC='gcc'
ac_ct_DUMPBIN=''
am__EXEEXT_FALSE=''
am__EXEEXT_TRUE='#'
am__fastdepCC_FALSE='#'
am__fastdepCC_TRUE=''
am__include='include'
am__isrc=''
am__leading_dot='.'
am__nodep='_no'
am__quote=''
am__tar='$${TAR-tar} chof - "$$tardir"'
am__untar='$${TAR-tar} xf -'
bindir='${exec_prefix}/bin'
build='x86_64-pc-linux-gnu'
build_alias=''
build_cpu='x86_64'
build_os='linux-gnu'
build_vendor='pc'
datadir='${datarootdir}'
datarootdir='${prefix}/share'
docdir='${datarootdir}/doc/${PACKAGE_TARNAME}'
dvidir='${docdir}'
exec_prefix='${prefix}'
host='x86_64-pc-linux-gnu'
host_alias=''
host_cpu='x86_64'
host_os='linux-gnu'
host_vendor='pc'
htmldir='${docdir}'
includedir='${prefix}/include'
infodir='${datarootdir}/info'
install_sh='${SHELL} /home/l1/Desktop/Thesis/Subjects/libogg/install-sh'
libdir='${exec_prefix}/lib'
libexecdir='${exec_prefix}/libexec'
localedir='${datarootdir}/locale'
localstatedir='${prefix}/var'
mandir='${datarootdir}/man'
mkdir_p='$(MKDIR_P)'
oldincludedir='/usr/include'
pdfdir='${docdir}'
prefix='/usr/local'
program_transform_name='s,x,x,'
psdir='${docdir}'
runstatedir='${localstatedir}/run'
sbindir='${exec_prefix}/sbin'
sharedstatedir='${prefix}/com'
sysconfdir='${prefix}/etc'
target_alias=''

## ----------- ##
## confdefs.h. ##
## ----------- ##

/* confdefs.h */
#define PACKAGE_NAME "libogg"
#define PACKAGE_TARNAME "libogg"
#define PACKAGE_VERSION "1.3.5"
#define PACKAGE_STRING "libogg 1.3.5"
#define PACKAGE_BUGREPORT "ogg-dev@xiph.org"
#define PACKAGE_URL ""
#define HAVE_STDIO_H 1
#define HAVE_STDLIB_H 1
#define HAVE_STRING_H 1
#define HAVE_INTTYPES_H 1
#define HAVE_STDINT_H 1
#define HAVE_STRINGS_H 1
#define HAVE_SYS_STAT_H 1
#define HAVE_SYS_TYPES_H 1
#define HAVE_UNISTD_H 1
#define STDC_HEADERS 1
#define HAVE_DLFCN_H 1
#define LT_OBJDIR ".libs/"
#define PACKAGE "libogg"
#define VERSION "1.3.5"
#define SIZEOF_INT16_T 2
#define SIZEOF_UINT16_T 2
#define SIZEOF_U_INT16_T 2
#define SIZEOF_INT32_T 4
#define SIZEOF_UINT32_T 4
#define SIZEOF_U_INT32_T 4
#define SIZEOF_INT64_T 8
#define SIZEOF_UINT64_T 8
#define SIZEOF_SHORT 2
#define SIZEOF_INT 4
#define SIZEOF_LONG 8
#define SIZEOF_LONG_LONG 8

configure: exit 0
