This file contains any messages produced by compilers while
running configure, to aid debugging if configure makes a mistake.

It was created by mp3splt-gtk configure 0.9.3.1518, which was
generated by GNU Autoconf 2.71.  Invocation command line was

  $ ./configure

## --------- ##
## Platform. ##
## --------- ##

hostname = L1
uname -m = x86_64
uname -r = 5.15.0-43-generic
uname -s = Linux
uname -v = #46-Ubuntu SMP Tue Jul 12 10:30:17 UTC 2022

/usr/bin/uname -p = x86_64
/bin/uname -X     = unknown

/bin/arch              = x86_64
/usr/bin/arch -k       = unknown
/usr/convex/getsysinfo = unknown
/usr/bin/hostinfo      = unknown
/bin/machine           = unknown
/usr/bin/oslevel       = unknown
/bin/universe          = unknown

PATH: /usr/local/sbin/
PATH: /usr/local/bin/
PATH: /usr/sbin/
PATH: /usr/bin/
PATH: /sbin/
PATH: /bin/
PATH: /usr/games/
PATH: /usr/local/games/
PATH: /snap/bin/
PATH: /snap/bin/


## ----------- ##
## Core tests. ##
## ----------- ##

configure:2726: looking for aux files: ltmain.sh config.guess config.sub config.rpath compile missing install-sh
configure:2739:  trying ./build-aux/
configure:2768:   ./build-aux/ltmain.sh found
configure:2768:   ./build-aux/config.guess found
configure:2768:   ./build-aux/config.sub found
configure:2768:   ./build-aux/config.rpath found
configure:2768:   ./build-aux/compile found
configure:2768:   ./build-aux/missing found
configure:2750:   ./build-aux/install-sh found
configure:2908: checking for a BSD-compatible install
configure:2981: result: /usr/bin/install -c
configure:2992: checking whether build environment is sane
configure:3047: result: yes
configure:3206: checking for a race-free mkdir -p
configure:3250: result: /usr/bin/mkdir -p
configure:3257: checking for gawk
configure:3292: result: no
configure:3257: checking for mawk
configure:3278: found /usr/bin/mawk
configure:3289: result: mawk
configure:3300: checking whether make sets $(MAKE)
configure:3323: result: yes
configure:3353: checking whether make supports nested variables
configure:3371: result: yes
configure:3513: checking whether to enable maintainer-specific portions of Makefiles
configure:3523: result: yes
configure:3603: checking for gcc
configure:3624: found /usr/bin/gcc
configure:3635: result: gcc
configure:3988: checking for C compiler version
configure:3997: gcc --version >&5
gcc (Ubuntu 11.2.0-19ubuntu1) 11.2.0
Copyright (C) 2021 Free Software Foundation, Inc.
This is free software; see the source for copying conditions.  There is NO
warranty; not even for MERCHANTABILITY or FITNESS FOR A PARTICULAR PURPOSE.

configure:4008: $? = 0
configure:3997: gcc -v >&5
Using built-in specs.
COLLECT_GCC=gcc
COLLECT_LTO_WRAPPER=/usr/lib/gcc/x86_64-linux-gnu/11/lto-wrapper
OFFLOAD_TARGET_NAMES=nvptx-none:amdgcn-amdhsa
OFFLOAD_TARGET_DEFAULT=1
Target: x86_64-linux-gnu
Configured with: ../src/configure -v --with-pkgversion='Ubuntu 11.2.0-19ubuntu1' --with-bugurl=file:///usr/share/doc/gcc-11/README.Bugs --enable-languages=c,ada,c++,go,brig,d,fortran,objc,obj-c++,m2 --prefix=/usr --with-gcc-major-version-only --program-suffix=-11 --program-prefix=x86_64-linux-gnu- --enable-shared --enable-linker-build-id --libexecdir=/usr/lib --without-included-gettext --enable-threads=posix --libdir=/usr/lib --enable-nls --enable-bootstrap --enable-clocale=gnu --enable-libstdcxx-debug --enable-libstdcxx-time=yes --with-default-libstdcxx-abi=new --enable-gnu-unique-object --disable-vtable-verify --enable-plugin --enable-default-pie --with-system-zlib --enable-libphobos-checking=release --with-target-system-zlib=auto --enable-objc-gc=auto --enable-multiarch --disable-werror --enable-cet --with-arch-32=i686 --with-abi=m64 --with-multilib-list=m32,m64,mx32 --enable-multilib --with-tune=generic --enable-offload-targets=nvptx-none=/build/gcc-11-gBFGDP/gcc-11-11.2.0/debian/tmp-nvptx/usr,amdgcn-amdhsa=/build/gcc-11-gBFGDP/gcc-11-11.2.0/debian/tmp-gcn/usr --without-cuda-driver --enable-checking=release --build=x86_64-linux-gnu --host=x86_64-linux-gnu --target=x86_64-linux-gnu --with-build-config=bootstrap-lto-lean --enable-link-serialization=2
Thread model: posix
Supported LTO compression algorithms: zlib zstd
gcc version 11.2.0 (Ubuntu 11.2.0-19ubuntu1) 
... rest of stderr output deleted ...
configure:4008: $? = 0
configure:3997: gcc -V >&5
gcc: error: unrecognized command-line option '-V'
gcc: fatal error: no input files
compilation terminated.
configure:4008: $? = 1
configure:3997: gcc -qversion >&5
gcc: error: unrecognized command-line option '-qversion'; did you mean '--version'?
gcc: fatal error: no input files
compilation terminated.
configure:4008: $? = 1
configure:3997: gcc -version >&5
gcc: error: unrecognized command-line option '-version'
gcc: fatal error: no input files
compilation terminated.
configure:4008: $? = 1
configure:4028: checking whether the C compiler works
configure:4050: gcc    conftest.c  >&5
configure:4054: $? = 0
configure:4104: result: yes
configure:4107: checking for C compiler default output file name
configure:4109: result: a.out
configure:4115: checking for suffix of executables
configure:4122: gcc -o conftest    conftest.c  >&5
configure:4126: $? = 0
configure:4149: result: 
configure:4171: checking whether we are cross compiling
configure:4179: gcc -o conftest    conftest.c  >&5
configure:4183: $? = 0
configure:4190: ./conftest
configure:4194: $? = 0
configure:4209: result: no
configure:4214: checking for suffix of object files
configure:4237: gcc -c   conftest.c >&5
configure:4241: $? = 0
configure:4263: result: o
configure:4267: checking whether the compiler supports GNU C
configure:4287: gcc -c   conftest.c >&5
configure:4287: $? = 0
configure:4297: result: yes
configure:4308: checking whether gcc accepts -g
configure:4329: gcc -c -g  conftest.c >&5
configure:4329: $? = 0
configure:4373: result: yes
configure:4393: checking for gcc option to enable C11 features
configure:4408: gcc  -c -g -O2  conftest.c >&5
configure:4408: $? = 0
configure:4426: result: none needed
configure:4542: checking whether gcc understands -c and -o together
configure:4565: gcc -c conftest.c -o conftest2.o
configure:4568: $? = 0
configure:4565: gcc -c conftest.c -o conftest2.o
configure:4568: $? = 0
configure:4580: result: yes
configure:4600: checking whether make supports the include directive
configure:4615: make -f confmf.GNU && cat confinc.out
this is the am__doit target
configure:4618: $? = 0
configure:4637: result: yes (GNU style)
configure:4663: checking dependency style of gcc
configure:4775: result: gcc3
configure:4806: checking for stdio.h
configure:4806: gcc -c -g -O2  conftest.c >&5
configure:4806: $? = 0
configure:4806: result: yes
configure:4806: checking for stdlib.h
configure:4806: gcc -c -g -O2  conftest.c >&5
configure:4806: $? = 0
configure:4806: result: yes
configure:4806: checking for string.h
configure:4806: gcc -c -g -O2  conftest.c >&5
configure:4806: $? = 0
configure:4806: result: yes
configure:4806: checking for inttypes.h
configure:4806: gcc -c -g -O2  conftest.c >&5
configure:4806: $? = 0
configure:4806: result: yes
configure:4806: checking for stdint.h
configure:4806: gcc -c -g -O2  conftest.c >&5
configure:4806: $? = 0
configure:4806: result: yes
configure:4806: checking for strings.h
configure:4806: gcc -c -g -O2  conftest.c >&5
configure:4806: $? = 0
configure:4806: result: yes
configure:4806: checking for sys/stat.h
configure:4806: gcc -c -g -O2  conftest.c >&5
configure:4806: $? = 0
configure:4806: result: yes
configure:4806: checking for sys/types.h
configure:4806: gcc -c -g -O2  conftest.c >&5
configure:4806: $? = 0
configure:4806: result: yes
configure:4806: checking for unistd.h
configure:4806: gcc -c -g -O2  conftest.c >&5
configure:4806: $? = 0
configure:4806: result: yes
configure:4831: checking for unistd.h
configure:4831: result: yes
configure:4838: checking for a sed that does not truncate output
configure:4908: result: /usr/bin/sed
configure:4914: checking whether NLS is requested
configure:4924: result: yes
configure:4964: checking for msgfmt
configure: trying /usr/bin/msgfmt...
0 translated messages.
configure:4997: result: /usr/bin/msgfmt
configure:5006: checking for gmsgfmt
configure:5042: result: /usr/bin/msgfmt
configure:5087: checking for xgettext
configure: trying /usr/bin/xgettext...
/usr/bin/xgettext: warning: file '/dev/null' extension '' is unknown; will try C
configure:5120: result: /usr/bin/xgettext
configure:5165: checking for msgmerge
configure: trying /usr/bin/msgmerge...
configure:5197: result: /usr/bin/msgmerge
configure:5244: checking build system type
configure:5259: result: x86_64-pc-linux-gnu
configure:5279: checking host system type
configure:5293: result: x86_64-pc-linux-gnu
configure:5340: checking for ld used by gcc
configure:5468: result: /usr/bin/ld
configure:5475: checking if the linker (/usr/bin/ld) is GNU ld
configure:5491: result: yes
configure:5499: checking for shared library run path origin
configure:5513: result: done
configure:5535: checking 32-bit host C ABI
configure:5602: gcc -c -g -O2  conftest.c >&5
configure:5602: $? = 0
configure:5798: result: no
configure:5808: checking how to run the C preprocessor
configure:5834: gcc -E  conftest.c
configure:5834: $? = 0
configure:5849: gcc -E  conftest.c
conftest.c:22:10: fatal error: ac_nonexistent.h: No such file or directory
   22 | #include <ac_nonexistent.h>
      |          ^~~~~~~~~~~~~~~~~~
compilation terminated.
configure:5849: $? = 1
configure: failed program was:
| /* confdefs.h */
| #define PACKAGE_NAME "mp3splt-gtk"
| #define PACKAGE_TARNAME "mp3splt-gtk"
| #define PACKAGE_VERSION "0.9.3.1518"
| #define PACKAGE_STRING "mp3splt-gtk 0.9.3.1518"
| #define PACKAGE_BUGREPORT "mp3splt.sf.net"
| #define PACKAGE_URL ""
| #define PACKAGE "mp3splt-gtk"
| #define VERSION "0.9.3.1518"
| #define HAVE_STDIO_H 1
| #define HAVE_STDLIB_H 1
| #define HAVE_STRING_H 1
| #define HAVE_INTTYPES_H 1
| #define HAVE_STDINT_H 1
| #define HAVE_STRINGS_H 1
| #define HAVE_SYS_STAT_H 1
| #define HAVE_SYS_TYPES_H 1
| #define HAVE_UNISTD_H 1
| #define STDC_HEADERS 1
| #define HAVE_UNISTD_H 1
| /* end confdefs.h.  */
| #include <ac_nonexistent.h>
configure:5876: result: gcc -E
configure:5890: gcc -E  conftest.c
configure:5890: $? = 0
configure:5905: gcc -E  conftest.c
conftest.c:22:10: fatal error: ac_nonexistent.h: No such file or directory
   22 | #include <ac_nonexistent.h>
      |          ^~~~~~~~~~~~~~~~~~
compilation terminated.
configure:5905: $? = 1
configure: failed program was:
| /* confdefs.h */
| #define PACKAGE_NAME "mp3splt-gtk"
| #define PACKAGE_TARNAME "mp3splt-gtk"
| #define PACKAGE_VERSION "0.9.3.1518"
| #define PACKAGE_STRING "mp3splt-gtk 0.9.3.1518"
| #define PACKAGE_BUGREPORT "mp3splt.sf.net"
| #define PACKAGE_URL ""
| #define PACKAGE "mp3splt-gtk"
| #define VERSION "0.9.3.1518"
| #define HAVE_STDIO_H 1
| #define HAVE_STDLIB_H 1
| #define HAVE_STRING_H 1
| #define HAVE_INTTYPES_H 1
| #define HAVE_STDINT_H 1
| #define HAVE_STRINGS_H 1
| #define HAVE_SYS_STAT_H 1
| #define HAVE_SYS_TYPES_H 1
| #define HAVE_UNISTD_H 1
| #define STDC_HEADERS 1
| #define HAVE_UNISTD_H 1
| /* end confdefs.h.  */
| #include <ac_nonexistent.h>
configure:5936: checking for grep that handles long lines and -e
configure:6000: result: /usr/bin/grep
configure:6005: checking for egrep
configure:6073: result: /usr/bin/grep -E
configure:6082: checking for ELF binary format
configure:6106: result: yes
configure:6155: checking for the common suffixes of directories in the library search path
configure:6224: result: lib,lib,lib64
configure:6742: checking for CFPreferencesCopyAppValue
configure:6761: gcc -o conftest -g -O2   conftest.c  -Wl,-framework -Wl,CoreFoundation >&5
conftest.c:22:10: fatal error: CoreFoundation/CFPreferences.h: No such file or directory
   22 | #include <CoreFoundation/CFPreferences.h>
      |          ^~~~~~~~~~~~~~~~~~~~~~~~~~~~~~~~
compilation terminated.
configure:6761: $? = 1
configure: failed program was:
| /* confdefs.h */
| #define PACKAGE_NAME "mp3splt-gtk"
| #define PACKAGE_TARNAME "mp3splt-gtk"
| #define PACKAGE_VERSION "0.9.3.1518"
| #define PACKAGE_STRING "mp3splt-gtk 0.9.3.1518"
| #define PACKAGE_BUGREPORT "mp3splt.sf.net"
| #define PACKAGE_URL ""
| #define PACKAGE "mp3splt-gtk"
| #define VERSION "0.9.3.1518"
| #define HAVE_STDIO_H 1
| #define HAVE_STDLIB_H 1
| #define HAVE_STRING_H 1
| #define HAVE_INTTYPES_H 1
| #define HAVE_STDINT_H 1
| #define HAVE_STRINGS_H 1
| #define HAVE_SYS_STAT_H 1
| #define HAVE_SYS_TYPES_H 1
| #define HAVE_UNISTD_H 1
| #define STDC_HEADERS 1
| #define HAVE_UNISTD_H 1
| /* end confdefs.h.  */
| #include <CoreFoundation/CFPreferences.h>
| int
| main (void)
| {
| CFPreferencesCopyAppValue(NULL, NULL)
|   ;
|   return 0;
| }
configure:6771: result: no
configure:6778: checking for CFLocaleCopyPreferredLanguages
configure:6797: gcc -o conftest -g -O2   conftest.c  -Wl,-framework -Wl,CoreFoundation >&5
conftest.c:22:10: fatal error: CoreFoundation/CFLocale.h: No such file or directory
   22 | #include <CoreFoundation/CFLocale.h>
      |          ^~~~~~~~~~~~~~~~~~~~~~~~~~~
compilation terminated.
configure:6797: $? = 1
configure: failed program was:
| /* confdefs.h */
| #define PACKAGE_NAME "mp3splt-gtk"
| #define PACKAGE_TARNAME "mp3splt-gtk"
| #define PACKAGE_VERSION "0.9.3.1518"
| #define PACKAGE_STRING "mp3splt-gtk 0.9.3.1518"
| #define PACKAGE_BUGREPORT "mp3splt.sf.net"
| #define PACKAGE_URL ""
| #define PACKAGE "mp3splt-gtk"
| #define VERSION "0.9.3.1518"
| #define HAVE_STDIO_H 1
| #define HAVE_STDLIB_H 1
| #define HAVE_STRING_H 1
| #define HAVE_INTTYPES_H 1
| #define HAVE_STDINT_H 1
| #define HAVE_STRINGS_H 1
| #define HAVE_SYS_STAT_H 1
| #define HAVE_SYS_TYPES_H 1
| #define HAVE_UNISTD_H 1
| #define STDC_HEADERS 1
| #define HAVE_UNISTD_H 1
| /* end confdefs.h.  */
| #include <CoreFoundation/CFLocale.h>
| int
| main (void)
| {
| CFLocaleCopyPreferredLanguages();
|   ;
|   return 0;
| }
configure:6807: result: no
configure:6857: checking for GNU gettext in libc
configure:6887: gcc -o conftest -g -O2   conftest.c  >&5
configure:6887: $? = 0
configure:6897: result: yes
configure:7788: checking whether to use NLS
configure:7790: result: yes
configure:7793: checking where the gettext function comes from
configure:7804: result: libc
configure:7926: checking how to print strings
configure:7953: result: printf
configure:7974: checking for a sed that does not truncate output
configure:8044: result: /usr/bin/sed
configure:8062: checking for fgrep
configure:8130: result: /usr/bin/grep -F
configure:8166: checking for ld used by gcc
configure:8234: result: /usr/bin/ld
configure:8241: checking if the linker (/usr/bin/ld) is GNU ld
configure:8257: result: yes
configure:8269: checking for BSD- or MS-compatible name lister (nm)
configure:8324: result: /usr/bin/nm -B
configure:8464: checking the name lister (/usr/bin/nm -B) interface
configure:8472: gcc -c -g -O2  conftest.c >&5
configure:8475: /usr/bin/nm -B "conftest.o"
configure:8478: output
0000000000000000 B some_variable
configure:8485: result: BSD nm
configure:8488: checking whether ln -s works
configure:8492: result: yes
configure:8500: checking the maximum length of command line arguments
configure:8632: result: 1572864
configure:8680: checking how to convert x86_64-pc-linux-gnu file names to x86_64-pc-linux-gnu format
configure:8721: result: func_convert_file_noop
configure:8728: checking how to convert x86_64-pc-linux-gnu file names to toolchain format
configure:8749: result: func_convert_file_noop
configure:8756: checking for /usr/bin/ld option to reload object files
configure:8764: result: -r
configure:8843: checking for objdump
configure:8864: found /usr/bin/objdump
configure:8875: result: objdump
configure:8904: checking how to recognize dependent libraries
configure:9105: result: pass_all
configure:9195: checking for dlltool
configure:9230: result: no
configure:9257: checking how to associate runtime and link libraries
configure:9285: result: printf %s\n
configure:9350: checking for ar
configure:9371: found /usr/bin/ar
configure:9382: result: ar
configure:9419: checking for archiver @FILE support
configure:9437: gcc -c -g -O2  conftest.c >&5
configure:9437: $? = 0
configure:9441: ar cr libconftest.a @conftest.lst >&5
configure:9444: $? = 0
configure:9449: ar cr libconftest.a @conftest.lst >&5
ar: conftest.o: No such file or directory
configure:9452: $? = 1
configure:9464: result: @
configure:9527: checking for strip
configure:9548: found /usr/bin/strip
configure:9559: result: strip
configure:9636: checking for ranlib
configure:9657: found /usr/bin/ranlib
configure:9668: result: ranlib
configure:9770: checking command to parse /usr/bin/nm -B output from gcc object
configure:9924: gcc -c -g -O2  conftest.c >&5
configure:9927: $? = 0
configure:9931: /usr/bin/nm -B conftest.o | sed -n -e 's/^.*[	 ]\([ABCDGIRSTW][ABCDGIRSTW]*\)[	 ][	 ]*\([_A-Za-z][_A-Za-z0-9]*\)$/\1 \2 \2/p' | sed '/ __gnu_lto/d' > conftest.nm
configure:9997: gcc -o conftest -g -O2   conftest.c conftstm.o >&5
configure:10000: $? = 0
configure:10038: result: ok
configure:10085: checking for sysroot
configure:10116: result: no
configure:10123: checking for a working dd
configure:10167: result: /usr/bin/dd
configure:10171: checking how to truncate binary pipes
configure:10187: result: /usr/bin/dd bs=4096 count=1
configure:10324: gcc -c -g -O2  conftest.c >&5
configure:10327: $? = 0
configure:10524: checking for mt
configure:10545: found /usr/bin/mt
configure:10556: result: mt
configure:10579: checking if mt is a manifest tool
configure:10586: mt '-?'
configure:10594: result: no
configure:11320: checking for dlfcn.h
configure:11320: gcc -c -g -O2  conftest.c >&5
configure:11320: $? = 0
configure:11320: result: yes
configure:11907: checking for objdir
configure:11923: result: .libs
configure:12183: checking if gcc supports -fno-rtti -fno-exceptions
configure:12202: gcc -c -g -O2  -fno-rtti -fno-exceptions conftest.c >&5
cc1: warning: command-line option '-fno-rtti' is valid for C++/D/ObjC++ but not for C
configure:12206: $? = 0
configure:12219: result: no
configure:12583: checking for gcc option to produce PIC
configure:12591: result: -fPIC -DPIC
configure:12599: checking if gcc PIC flag -fPIC -DPIC works
configure:12618: gcc -c -g -O2  -fPIC -DPIC -DPIC conftest.c >&5
configure:12622: $? = 0
configure:12635: result: yes
configure:12664: checking if gcc static flag -static works
configure:12693: result: yes
configure:12708: checking if gcc supports -c -o file.o
configure:12730: gcc -c -g -O2  -o out/conftest2.o conftest.c >&5
configure:12734: $? = 0
configure:12756: result: yes
configure:12764: checking if gcc supports -c -o file.o
configure:12812: result: yes
configure:12845: checking whether the gcc linker (/usr/bin/ld -m elf_x86_64) supports shared libraries
configure:14115: result: yes
configure:14152: checking whether -lc should be explicitly linked in
configure:14161: gcc -c -g -O2  conftest.c >&5
configure:14164: $? = 0
configure:14179: gcc -shared  -fPIC -DPIC conftest.o  -v -Wl,-soname -Wl,conftest -o conftest 2\>\&1 \| /usr/bin/grep  -lc  \>/dev/null 2\>\&1
configure:14182: $? = 0
configure:14196: result: no
configure:14356: checking dynamic linker characteristics
configure:14938: gcc -o conftest -g -O2   -Wl,-rpath -Wl,/foo conftest.c  >&5
configure:14938: $? = 0
configure:15189: result: GNU/Linux ld.so
configure:15311: checking how to hardcode library paths into programs
configure:15336: result: immediate
configure:15888: checking whether stripping libraries is possible
configure:15893: result: yes
configure:15928: checking if libtool supports shared libraries
configure:15930: result: yes
configure:15933: checking whether to build shared libraries
configure:15958: result: yes
configure:15961: checking whether to build static libraries
configure:15965: result: yes
configure:16003: checking for gcc options needed to detect all undeclared functions
configure:16025: gcc -c -g -O2   conftest.c >&5
conftest.c: In function 'main':
conftest.c:32:8: error: 'strchr' undeclared (first use in this function)
   32 | (void) strchr;
      |        ^~~~~~
conftest.c:1:1: note: 'strchr' is defined in header '<string.h>'; did you forget to '#include <string.h>'?
    1 | /* confdefs.h */
conftest.c:32:8: note: each undeclared identifier is reported only once for each function it appears in
   32 | (void) strchr;
      |        ^~~~~~
configure:16025: $? = 1
configure: failed program was:
| /* confdefs.h */
| #define PACKAGE_NAME "mp3splt-gtk"
| #define PACKAGE_TARNAME "mp3splt-gtk"
| #define PACKAGE_VERSION "0.9.3.1518"
| #define PACKAGE_STRING "mp3splt-gtk 0.9.3.1518"
| #define PACKAGE_BUGREPORT "mp3splt.sf.net"
| #define PACKAGE_URL ""
| #define PACKAGE "mp3splt-gtk"
| #define VERSION "0.9.3.1518"
| #define HAVE_STDIO_H 1
| #define HAVE_STDLIB_H 1
| #define HAVE_STRING_H 1
| #define HAVE_INTTYPES_H 1
| #define HAVE_STDINT_H 1
| #define HAVE_STRINGS_H 1
| #define HAVE_SYS_STAT_H 1
| #define HAVE_SYS_TYPES_H 1
| #define HAVE_UNISTD_H 1
| #define STDC_HEADERS 1
| #define HAVE_UNISTD_H 1
| #define ENABLE_NLS 1
| #define HAVE_GETTEXT 1
| #define HAVE_DCGETTEXT 1
| #define LIBMP3SPLT_WITH_SONAME "libmp3splt0"
| #define HAVE_DLFCN_H 1
| #define LT_OBJDIR ".libs/"
| /* end confdefs.h.  */
| 
| int
| main (void)
| {
| (void) strchr;
|   ;
|   return 0;
| }
configure:16052: gcc -c -g -O2   conftest.c >&5
configure:16052: $? = 0
configure:16069: result: none needed
configure:16083: checking what extension is used for runtime loadable modules
configure:16096: result: .so
configure:16114: checking what variable specifies run-time module search path
configure:16122: result: LD_LIBRARY_PATH
configure:16130: checking for the default library search path
configure:16138: result: /lib /usr/lib /usr/lib/x86_64-linux-gnu/libfakeroot /usr/local/lib /usr/local/lib/x86_64-linux-gnu /lib/x86_64-linux-gnu /usr/lib/x86_64-linux-gnu /lib32 /usr/lib32 
configure:16167: checking for library containing dlopen
configure:16197: gcc -o conftest -g -O2   conftest.c  >&5
configure:16197: $? = 0
configure:16217: result: none required
configure:16307: checking for dlerror
configure:16307: gcc -o conftest -g -O2   conftest.c   >&5
configure:16307: $? = 0
configure:16307: result: yes
configure:16319: checking for shl_load
configure:16319: gcc -o conftest -g -O2   conftest.c  >&5
/usr/bin/ld: /tmp/ccD6csTP.o: in function `main':
/home/l1/Desktop/Thesis/Subjects/mp3splt/mp3splt-gtk/conftest.c:60: undefined reference to `shl_load'
collect2: error: ld returned 1 exit status
configure:16319: $? = 1
configure: failed program was:
| /* confdefs.h */
| #define PACKAGE_NAME "mp3splt-gtk"
| #define PACKAGE_TARNAME "mp3splt-gtk"
| #define PACKAGE_VERSION "0.9.3.1518"
| #define PACKAGE_STRING "mp3splt-gtk 0.9.3.1518"
| #define PACKAGE_BUGREPORT "mp3splt.sf.net"
| #define PACKAGE_URL ""
| #define PACKAGE "mp3splt-gtk"
| #define VERSION "0.9.3.1518"
| #define HAVE_STDIO_H 1
| #define HAVE_STDLIB_H 1
| #define HAVE_STRING_H 1
| #define HAVE_INTTYPES_H 1
| #define HAVE_STDINT_H 1
| #define HAVE_STRINGS_H 1
| #define HAVE_SYS_STAT_H 1
| #define HAVE_SYS_TYPES_H 1
| #define HAVE_UNISTD_H 1
| #define STDC_HEADERS 1
| #define HAVE_UNISTD_H 1
| #define ENABLE_NLS 1
| #define HAVE_GETTEXT 1
| #define HAVE_DCGETTEXT 1
| #define LIBMP3SPLT_WITH_SONAME "libmp3splt0"
| #define HAVE_DLFCN_H 1
| #define LT_OBJDIR ".libs/"
| #define LT_MODULE_EXT ".so"
| #define LT_MODULE_PATH_VAR "LD_LIBRARY_PATH"
| #define LT_DLSEARCH_PATH "/lib:/usr/lib:/usr/lib/x86_64-linux-gnu/libfakeroot:/usr/local/lib:/usr/local/lib/x86_64-linux-gnu:/lib/x86_64-linux-gnu:/usr/lib/x86_64-linux-gnu:/lib32:/usr/lib32"
| #define HAVE_LIBDL 1
| #define HAVE_DLERROR 1
| /* end confdefs.h.  */
| /* Define shl_load to an innocuous variant, in case <limits.h> declares shl_load.
|    For example, HP-UX 11i <limits.h> declares gettimeofday.  */
| #define shl_load innocuous_shl_load
| 
| /* System header to define __stub macros and hopefully few prototypes,
|    which can conflict with char shl_load (); below.  */
| 
| #include <limits.h>
| #undef shl_load
| 
| /* Override any GCC internal prototype to avoid an error.
|    Use char because int might match the return type of a GCC
|    builtin and then its argument prototype would still apply.  */
| #ifdef __cplusplus
| extern "C"
| #endif
| char shl_load ();
| /* The GNU C library defines this for functions which it implements
|     to always fail with ENOSYS.  Some functions are actually named
|     something starting with __ and the normal name is an alias.  */
| #if defined __stub_shl_load || defined __stub___shl_load
| choke me
| #endif
| 
| int
| main (void)
| {
| return shl_load ();
|   ;
|   return 0;
| }
configure:16319: result: no
configure:16327: checking for shl_load in -ldld
configure:16350: gcc -o conftest -g -O2   conftest.c -ldld   >&5
/usr/bin/ld: cannot find -ldld: No such file or directory
collect2: error: ld returned 1 exit status
configure:16350: $? = 1
configure: failed program was:
| /* confdefs.h */
| #define PACKAGE_NAME "mp3splt-gtk"
| #define PACKAGE_TARNAME "mp3splt-gtk"
| #define PACKAGE_VERSION "0.9.3.1518"
| #define PACKAGE_STRING "mp3splt-gtk 0.9.3.1518"
| #define PACKAGE_BUGREPORT "mp3splt.sf.net"
| #define PACKAGE_URL ""
| #define PACKAGE "mp3splt-gtk"
| #define VERSION "0.9.3.1518"
| #define HAVE_STDIO_H 1
| #define HAVE_STDLIB_H 1
| #define HAVE_STRING_H 1
| #define HAVE_INTTYPES_H 1
| #define HAVE_STDINT_H 1
| #define HAVE_STRINGS_H 1
| #define HAVE_SYS_STAT_H 1
| #define HAVE_SYS_TYPES_H 1
| #define HAVE_UNISTD_H 1
| #define STDC_HEADERS 1
| #define HAVE_UNISTD_H 1
| #define ENABLE_NLS 1
| #define HAVE_GETTEXT 1
| #define HAVE_DCGETTEXT 1
| #define LIBMP3SPLT_WITH_SONAME "libmp3splt0"
| #define HAVE_DLFCN_H 1
| #define LT_OBJDIR ".libs/"
| #define LT_MODULE_EXT ".so"
| #define LT_MODULE_PATH_VAR "LD_LIBRARY_PATH"
| #define LT_DLSEARCH_PATH "/lib:/usr/lib:/usr/lib/x86_64-linux-gnu/libfakeroot:/usr/local/lib:/usr/local/lib/x86_64-linux-gnu:/lib/x86_64-linux-gnu:/usr/lib/x86_64-linux-gnu:/lib32:/usr/lib32"
| #define HAVE_LIBDL 1
| #define HAVE_DLERROR 1
| /* end confdefs.h.  */
| 
| /* Override any GCC internal prototype to avoid an error.
|    Use char because int might match the return type of a GCC
|    builtin and then its argument prototype would still apply.  */
| char shl_load ();
| int
| main (void)
| {
| return shl_load ();
|   ;
|   return 0;
| }
configure:16360: result: no
configure:16406: checking for dld_link in -ldld
configure:16429: gcc -o conftest -g -O2   conftest.c -ldld   >&5
/usr/bin/ld: cannot find -ldld: No such file or directory
collect2: error: ld returned 1 exit status
configure:16429: $? = 1
configure: failed program was:
| /* confdefs.h */
| #define PACKAGE_NAME "mp3splt-gtk"
| #define PACKAGE_TARNAME "mp3splt-gtk"
| #define PACKAGE_VERSION "0.9.3.1518"
| #define PACKAGE_STRING "mp3splt-gtk 0.9.3.1518"
| #define PACKAGE_BUGREPORT "mp3splt.sf.net"
| #define PACKAGE_URL ""
| #define PACKAGE "mp3splt-gtk"
| #define VERSION "0.9.3.1518"
| #define HAVE_STDIO_H 1
| #define HAVE_STDLIB_H 1
| #define HAVE_STRING_H 1
| #define HAVE_INTTYPES_H 1
| #define HAVE_STDINT_H 1
| #define HAVE_STRINGS_H 1
| #define HAVE_SYS_STAT_H 1
| #define HAVE_SYS_TYPES_H 1
| #define HAVE_UNISTD_H 1
| #define STDC_HEADERS 1
| #define HAVE_UNISTD_H 1
| #define ENABLE_NLS 1
| #define HAVE_GETTEXT 1
| #define HAVE_DCGETTEXT 1
| #define LIBMP3SPLT_WITH_SONAME "libmp3splt0"
| #define HAVE_DLFCN_H 1
| #define LT_OBJDIR ".libs/"
| #define LT_MODULE_EXT ".so"
| #define LT_MODULE_PATH_VAR "LD_LIBRARY_PATH"
| #define LT_DLSEARCH_PATH "/lib:/usr/lib:/usr/lib/x86_64-linux-gnu/libfakeroot:/usr/local/lib:/usr/local/lib/x86_64-linux-gnu:/lib/x86_64-linux-gnu:/usr/lib/x86_64-linux-gnu:/lib32:/usr/lib32"
| #define HAVE_LIBDL 1
| #define HAVE_DLERROR 1
| /* end confdefs.h.  */
| 
| /* Override any GCC internal prototype to avoid an error.
|    Use char because int might match the return type of a GCC
|    builtin and then its argument prototype would still apply.  */
| char dld_link ();
| int
| main (void)
| {
| return dld_link ();
|   ;
|   return 0;
| }
configure:16439: result: no
configure:16475: checking for _ prefix in compiled symbols
configure:16486: gcc -c -g -O2  conftest.c >&5
configure:16489: $? = 0
configure:16493: /usr/bin/nm -B conftest.o \| sed -n -e 's/^.*[	 ]\([ABCDGIRSTW][ABCDGIRSTW]*\)[	 ][	 ]*\([_A-Za-z][_A-Za-z0-9]*\)$/\1 \2 \2/p' | sed '/ __gnu_lto/d' \> conftest.nm
configure:16496: $? = 0
configure:16518: result: no
configure:16636: checking whether deplibs are loaded by dlopen
configure:16734: result: yes
configure:16743: checking for argz.h
configure:16743: gcc -c -g -O2  conftest.c >&5
configure:16743: $? = 0
configure:16743: result: yes
configure:16752: checking for error_t
configure:16752: gcc -c -g -O2  conftest.c >&5
configure:16752: $? = 0
configure:16752: gcc -c -g -O2  conftest.c >&5
conftest.c: In function 'main':
conftest.c:42:22: error: expected expression before ')' token
   42 | if (sizeof ((error_t)))
      |                      ^
configure:16752: $? = 1
configure: failed program was:
| /* confdefs.h */
| #define PACKAGE_NAME "mp3splt-gtk"
| #define PACKAGE_TARNAME "mp3splt-gtk"
| #define PACKAGE_VERSION "0.9.3.1518"
| #define PACKAGE_STRING "mp3splt-gtk 0.9.3.1518"
| #define PACKAGE_BUGREPORT "mp3splt.sf.net"
| #define PACKAGE_URL ""
| #define PACKAGE "mp3splt-gtk"
| #define VERSION "0.9.3.1518"
| #define HAVE_STDIO_H 1
| #define HAVE_STDLIB_H 1
| #define HAVE_STRING_H 1
| #define HAVE_INTTYPES_H 1
| #define HAVE_STDINT_H 1
| #define HAVE_STRINGS_H 1
| #define HAVE_SYS_STAT_H 1
| #define HAVE_SYS_TYPES_H 1
| #define HAVE_UNISTD_H 1
| #define STDC_HEADERS 1
| #define HAVE_UNISTD_H 1
| #define ENABLE_NLS 1
| #define HAVE_GETTEXT 1
| #define HAVE_DCGETTEXT 1
| #define LIBMP3SPLT_WITH_SONAME "libmp3splt0"
| #define HAVE_DLFCN_H 1
| #define LT_OBJDIR ".libs/"
| #define LT_MODULE_EXT ".so"
| #define LT_MODULE_PATH_VAR "LD_LIBRARY_PATH"
| #define LT_DLSEARCH_PATH "/lib:/usr/lib:/usr/lib/x86_64-linux-gnu/libfakeroot:/usr/local/lib:/usr/local/lib/x86_64-linux-gnu:/lib/x86_64-linux-gnu:/usr/lib/x86_64-linux-gnu:/lib32:/usr/lib32"
| #define HAVE_LIBDL 1
| #define HAVE_DLERROR 1
| #define HAVE_LIBDLLOADER 1
| #define HAVE_ARGZ_H 1
| /* end confdefs.h.  */
| #if defined(HAVE_ARGZ_H)
| #  include <argz.h>
| #endif
| 
| int
| main (void)
| {
| if (sizeof ((error_t)))
| 	    return 0;
|   ;
|   return 0;
| }
configure:16752: result: yes
configure:16777: checking for argz_add
configure:16777: gcc -o conftest -g -O2   conftest.c  >&5
configure:16777: $? = 0
configure:16777: result: yes
configure:16777: checking for argz_append
configure:16777: gcc -o conftest -g -O2   conftest.c  >&5
configure:16777: $? = 0
configure:16777: result: yes
configure:16777: checking for argz_count
configure:16777: gcc -o conftest -g -O2   conftest.c  >&5
configure:16777: $? = 0
configure:16777: result: yes
configure:16777: checking for argz_create_sep
configure:16777: gcc -o conftest -g -O2   conftest.c  >&5
configure:16777: $? = 0
configure:16777: result: yes
configure:16777: checking for argz_insert
configure:16777: gcc -o conftest -g -O2   conftest.c  >&5
configure:16777: $? = 0
configure:16777: result: yes
configure:16777: checking for argz_next
configure:16777: gcc -o conftest -g -O2   conftest.c  >&5
configure:16777: $? = 0
configure:16777: result: yes
configure:16777: checking for argz_stringify
configure:16777: gcc -o conftest -g -O2   conftest.c  >&5
configure:16777: $? = 0
configure:16777: result: yes
configure:16795: checking if argz actually works
configure:16827: result: yes
configure:16845: checking whether libtool supports -dlopen/-dlpreopen
configure:16858: result: yes
configure:16891: checking for ltdl.h
configure:16891: gcc -c -g -O2  conftest.c >&5
configure:16891: $? = 0
configure:16891: result: yes
configure:16896: checking whether lt_dlinterface_register is declared
configure:16896: gcc -c -g -O2   conftest.c >&5
configure:16896: $? = 0
configure:16896: result: yes
configure:16901: checking for lt_dladvise_preload in -lltdl
configure:16924: gcc -o conftest -g -O2   conftest.c -lltdl   >&5
configure:16924: $? = 0
configure:16934: result: yes
configure:17030: checking where to find libltdl headers
configure:17032: result: 
configure:17034: checking where to find libltdl library
configure:17036: result: -lltdl
configure:17084: checking for unistd.h
configure:17084: result: yes
configure:17091: checking for dl.h
configure:17091: gcc -c -g -O2  conftest.c >&5
conftest.c:76:10: fatal error: dl.h: No such file or directory
   76 | #include <dl.h>
      |          ^~~~~~
compilation terminated.
configure:17091: $? = 1
configure: failed program was:
| /* confdefs.h */
| #define PACKAGE_NAME "mp3splt-gtk"
| #define PACKAGE_TARNAME "mp3splt-gtk"
| #define PACKAGE_VERSION "0.9.3.1518"
| #define PACKAGE_STRING "mp3splt-gtk 0.9.3.1518"
| #define PACKAGE_BUGREPORT "mp3splt.sf.net"
| #define PACKAGE_URL ""
| #define PACKAGE "mp3splt-gtk"
| #define VERSION "0.9.3.1518"
| #define HAVE_STDIO_H 1
| #define HAVE_STDLIB_H 1
| #define HAVE_STRING_H 1
| #define HAVE_INTTYPES_H 1
| #define HAVE_STDINT_H 1
| #define HAVE_STRINGS_H 1
| #define HAVE_SYS_STAT_H 1
| #define HAVE_SYS_TYPES_H 1
| #define HAVE_UNISTD_H 1
| #define STDC_HEADERS 1
| #define HAVE_UNISTD_H 1
| #define ENABLE_NLS 1
| #define HAVE_GETTEXT 1
| #define HAVE_DCGETTEXT 1
| #define LIBMP3SPLT_WITH_SONAME "libmp3splt0"
| #define HAVE_DLFCN_H 1
| #define LT_OBJDIR ".libs/"
| #define LT_MODULE_EXT ".so"
| #define LT_MODULE_PATH_VAR "LD_LIBRARY_PATH"
| #define LT_DLSEARCH_PATH "/lib:/usr/lib:/usr/lib/x86_64-linux-gnu/libfakeroot:/usr/local/lib:/usr/local/lib/x86_64-linux-gnu:/lib/x86_64-linux-gnu:/usr/lib/x86_64-linux-gnu:/lib32:/usr/lib32"
| #define HAVE_LIBDL 1
| #define HAVE_DLERROR 1
| #define HAVE_LIBDLLOADER 1
| #define HAVE_ARGZ_H 1
| #define HAVE_ERROR_T 1
| #define HAVE_ARGZ_ADD 1
| #define HAVE_ARGZ_APPEND 1
| #define HAVE_ARGZ_COUNT 1
| #define HAVE_ARGZ_CREATE_SEP 1
| #define HAVE_ARGZ_INSERT 1
| #define HAVE_ARGZ_NEXT 1
| #define HAVE_ARGZ_STRINGIFY 1
| #define HAVE_WORKING_ARGZ 1
| #define HAVE_PRELOADED_SYMBOLS 1
| #define HAVE_LTDL 1
| #define HAVE_UNISTD_H 1
| /* end confdefs.h.  */
| #include <stddef.h>
| #ifdef HAVE_STDIO_H
| # include <stdio.h>
| #endif
| #ifdef HAVE_STDLIB_H
| # include <stdlib.h>
| #endif
| #ifdef HAVE_STRING_H
| # include <string.h>
| #endif
| #ifdef HAVE_INTTYPES_H
| # include <inttypes.h>
| #endif
| #ifdef HAVE_STDINT_H
| # include <stdint.h>
| #endif
| #ifdef HAVE_STRINGS_H
| # include <strings.h>
| #endif
| #ifdef HAVE_SYS_TYPES_H
| # include <sys/types.h>
| #endif
| #ifdef HAVE_SYS_STAT_H
| # include <sys/stat.h>
| #endif
| #ifdef HAVE_UNISTD_H
| # include <unistd.h>
| #endif
| 
| #include <dl.h>
configure:17091: result: no
configure:17098: checking for sys/dl.h
configure:17098: gcc -c -g -O2  conftest.c >&5
conftest.c:76:10: fatal error: sys/dl.h: No such file or directory
   76 | #include <sys/dl.h>
      |          ^~~~~~~~~~
compilation terminated.
configure:17098: $? = 1
configure: failed program was:
| /* confdefs.h */
| #define PACKAGE_NAME "mp3splt-gtk"
| #define PACKAGE_TARNAME "mp3splt-gtk"
| #define PACKAGE_VERSION "0.9.3.1518"
| #define PACKAGE_STRING "mp3splt-gtk 0.9.3.1518"
| #define PACKAGE_BUGREPORT "mp3splt.sf.net"
| #define PACKAGE_URL ""
| #define PACKAGE "mp3splt-gtk"
| #define VERSION "0.9.3.1518"
| #define HAVE_STDIO_H 1
| #define HAVE_STDLIB_H 1
| #define HAVE_STRING_H 1
| #define HAVE_INTTYPES_H 1
| #define HAVE_STDINT_H 1
| #define HAVE_STRINGS_H 1
| #define HAVE_SYS_STAT_H 1
| #define HAVE_SYS_TYPES_H 1
| #define HAVE_UNISTD_H 1
| #define STDC_HEADERS 1
| #define HAVE_UNISTD_H 1
| #define ENABLE_NLS 1
| #define HAVE_GETTEXT 1
| #define HAVE_DCGETTEXT 1
| #define LIBMP3SPLT_WITH_SONAME "libmp3splt0"
| #define HAVE_DLFCN_H 1
| #define LT_OBJDIR ".libs/"
| #define LT_MODULE_EXT ".so"
| #define LT_MODULE_PATH_VAR "LD_LIBRARY_PATH"
| #define LT_DLSEARCH_PATH "/lib:/usr/lib:/usr/lib/x86_64-linux-gnu/libfakeroot:/usr/local/lib:/usr/local/lib/x86_64-linux-gnu:/lib/x86_64-linux-gnu:/usr/lib/x86_64-linux-gnu:/lib32:/usr/lib32"
| #define HAVE_LIBDL 1
| #define HAVE_DLERROR 1
| #define HAVE_LIBDLLOADER 1
| #define HAVE_ARGZ_H 1
| #define HAVE_ERROR_T 1
| #define HAVE_ARGZ_ADD 1
| #define HAVE_ARGZ_APPEND 1
| #define HAVE_ARGZ_COUNT 1
| #define HAVE_ARGZ_CREATE_SEP 1
| #define HAVE_ARGZ_INSERT 1
| #define HAVE_ARGZ_NEXT 1
| #define HAVE_ARGZ_STRINGIFY 1
| #define HAVE_WORKING_ARGZ 1
| #define HAVE_PRELOADED_SYMBOLS 1
| #define HAVE_LTDL 1
| #define HAVE_UNISTD_H 1
| /* end confdefs.h.  */
| #include <stddef.h>
| #ifdef HAVE_STDIO_H
| # include <stdio.h>
| #endif
| #ifdef HAVE_STDLIB_H
| # include <stdlib.h>
| #endif
| #ifdef HAVE_STRING_H
| # include <string.h>
| #endif
| #ifdef HAVE_INTTYPES_H
| # include <inttypes.h>
| #endif
| #ifdef HAVE_STDINT_H
| # include <stdint.h>
| #endif
| #ifdef HAVE_STRINGS_H
| # include <strings.h>
| #endif
| #ifdef HAVE_SYS_TYPES_H
| # include <sys/types.h>
| #endif
| #ifdef HAVE_SYS_STAT_H
| # include <sys/stat.h>
| #endif
| #ifdef HAVE_UNISTD_H
| # include <unistd.h>
| #endif
| 
| #include <sys/dl.h>
configure:17098: result: no
configure:17105: checking for dld.h
configure:17105: gcc -c -g -O2  conftest.c >&5
conftest.c:76:10: fatal error: dld.h: No such file or directory
   76 | #include <dld.h>
      |          ^~~~~~~
compilation terminated.
configure:17105: $? = 1
configure: failed program was:
| /* confdefs.h */
| #define PACKAGE_NAME "mp3splt-gtk"
| #define PACKAGE_TARNAME "mp3splt-gtk"
| #define PACKAGE_VERSION "0.9.3.1518"
| #define PACKAGE_STRING "mp3splt-gtk 0.9.3.1518"
| #define PACKAGE_BUGREPORT "mp3splt.sf.net"
| #define PACKAGE_URL ""
| #define PACKAGE "mp3splt-gtk"
| #define VERSION "0.9.3.1518"
| #define HAVE_STDIO_H 1
| #define HAVE_STDLIB_H 1
| #define HAVE_STRING_H 1
| #define HAVE_INTTYPES_H 1
| #define HAVE_STDINT_H 1
| #define HAVE_STRINGS_H 1
| #define HAVE_SYS_STAT_H 1
| #define HAVE_SYS_TYPES_H 1
| #define HAVE_UNISTD_H 1
| #define STDC_HEADERS 1
| #define HAVE_UNISTD_H 1
| #define ENABLE_NLS 1
| #define HAVE_GETTEXT 1
| #define HAVE_DCGETTEXT 1
| #define LIBMP3SPLT_WITH_SONAME "libmp3splt0"
| #define HAVE_DLFCN_H 1
| #define LT_OBJDIR ".libs/"
| #define LT_MODULE_EXT ".so"
| #define LT_MODULE_PATH_VAR "LD_LIBRARY_PATH"
| #define LT_DLSEARCH_PATH "/lib:/usr/lib:/usr/lib/x86_64-linux-gnu/libfakeroot:/usr/local/lib:/usr/local/lib/x86_64-linux-gnu:/lib/x86_64-linux-gnu:/usr/lib/x86_64-linux-gnu:/lib32:/usr/lib32"
| #define HAVE_LIBDL 1
| #define HAVE_DLERROR 1
| #define HAVE_LIBDLLOADER 1
| #define HAVE_ARGZ_H 1
| #define HAVE_ERROR_T 1
| #define HAVE_ARGZ_ADD 1
| #define HAVE_ARGZ_APPEND 1
| #define HAVE_ARGZ_COUNT 1
| #define HAVE_ARGZ_CREATE_SEP 1
| #define HAVE_ARGZ_INSERT 1
| #define HAVE_ARGZ_NEXT 1
| #define HAVE_ARGZ_STRINGIFY 1
| #define HAVE_WORKING_ARGZ 1
| #define HAVE_PRELOADED_SYMBOLS 1
| #define HAVE_LTDL 1
| #define HAVE_UNISTD_H 1
| /* end confdefs.h.  */
| #include <stddef.h>
| #ifdef HAVE_STDIO_H
| # include <stdio.h>
| #endif
| #ifdef HAVE_STDLIB_H
| # include <stdlib.h>
| #endif
| #ifdef HAVE_STRING_H
| # include <string.h>
| #endif
| #ifdef HAVE_INTTYPES_H
| # include <inttypes.h>
| #endif
| #ifdef HAVE_STDINT_H
| # include <stdint.h>
| #endif
| #ifdef HAVE_STRINGS_H
| # include <strings.h>
| #endif
| #ifdef HAVE_SYS_TYPES_H
| # include <sys/types.h>
| #endif
| #ifdef HAVE_SYS_STAT_H
| # include <sys/stat.h>
| #endif
| #ifdef HAVE_UNISTD_H
| # include <unistd.h>
| #endif
| 
| #include <dld.h>
configure:17105: result: no
configure:17112: checking for mach-o/dyld.h
configure:17112: gcc -c -g -O2  conftest.c >&5
conftest.c:76:10: fatal error: mach-o/dyld.h: No such file or directory
   76 | #include <mach-o/dyld.h>
      |          ^~~~~~~~~~~~~~~
compilation terminated.
configure:17112: $? = 1
configure: failed program was:
| /* confdefs.h */
| #define PACKAGE_NAME "mp3splt-gtk"
| #define PACKAGE_TARNAME "mp3splt-gtk"
| #define PACKAGE_VERSION "0.9.3.1518"
| #define PACKAGE_STRING "mp3splt-gtk 0.9.3.1518"
| #define PACKAGE_BUGREPORT "mp3splt.sf.net"
| #define PACKAGE_URL ""
| #define PACKAGE "mp3splt-gtk"
| #define VERSION "0.9.3.1518"
| #define HAVE_STDIO_H 1
| #define HAVE_STDLIB_H 1
| #define HAVE_STRING_H 1
| #define HAVE_INTTYPES_H 1
| #define HAVE_STDINT_H 1
| #define HAVE_STRINGS_H 1
| #define HAVE_SYS_STAT_H 1
| #define HAVE_SYS_TYPES_H 1
| #define HAVE_UNISTD_H 1
| #define STDC_HEADERS 1
| #define HAVE_UNISTD_H 1
| #define ENABLE_NLS 1
| #define HAVE_GETTEXT 1
| #define HAVE_DCGETTEXT 1
| #define LIBMP3SPLT_WITH_SONAME "libmp3splt0"
| #define HAVE_DLFCN_H 1
| #define LT_OBJDIR ".libs/"
| #define LT_MODULE_EXT ".so"
| #define LT_MODULE_PATH_VAR "LD_LIBRARY_PATH"
| #define LT_DLSEARCH_PATH "/lib:/usr/lib:/usr/lib/x86_64-linux-gnu/libfakeroot:/usr/local/lib:/usr/local/lib/x86_64-linux-gnu:/lib/x86_64-linux-gnu:/usr/lib/x86_64-linux-gnu:/lib32:/usr/lib32"
| #define HAVE_LIBDL 1
| #define HAVE_DLERROR 1
| #define HAVE_LIBDLLOADER 1
| #define HAVE_ARGZ_H 1
| #define HAVE_ERROR_T 1
| #define HAVE_ARGZ_ADD 1
| #define HAVE_ARGZ_APPEND 1
| #define HAVE_ARGZ_COUNT 1
| #define HAVE_ARGZ_CREATE_SEP 1
| #define HAVE_ARGZ_INSERT 1
| #define HAVE_ARGZ_NEXT 1
| #define HAVE_ARGZ_STRINGIFY 1
| #define HAVE_WORKING_ARGZ 1
| #define HAVE_PRELOADED_SYMBOLS 1
| #define HAVE_LTDL 1
| #define HAVE_UNISTD_H 1
| /* end confdefs.h.  */
| #include <stddef.h>
| #ifdef HAVE_STDIO_H
| # include <stdio.h>
| #endif
| #ifdef HAVE_STDLIB_H
| # include <stdlib.h>
| #endif
| #ifdef HAVE_STRING_H
| # include <string.h>
| #endif
| #ifdef HAVE_INTTYPES_H
| # include <inttypes.h>
| #endif
| #ifdef HAVE_STDINT_H
| # include <stdint.h>
| #endif
| #ifdef HAVE_STRINGS_H
| # include <strings.h>
| #endif
| #ifdef HAVE_SYS_TYPES_H
| # include <sys/types.h>
| #endif
| #ifdef HAVE_SYS_STAT_H
| # include <sys/stat.h>
| #endif
| #ifdef HAVE_UNISTD_H
| # include <unistd.h>
| #endif
| 
| #include <mach-o/dyld.h>
configure:17112: result: no
configure:17119: checking for dirent.h
configure:17119: gcc -c -g -O2  conftest.c >&5
configure:17119: $? = 0
configure:17119: result: yes
configure:17132: checking for closedir
configure:17132: gcc -o conftest -g -O2   conftest.c  >&5
configure:17132: $? = 0
configure:17132: result: yes
configure:17132: checking for opendir
configure:17132: gcc -o conftest -g -O2   conftest.c  >&5
configure:17132: $? = 0
configure:17132: result: yes
configure:17132: checking for readdir
configure:17132: gcc -o conftest -g -O2   conftest.c  >&5
configure:17132: $? = 0
configure:17132: result: yes
configure:17151: checking for strlcat
configure:17151: gcc -o conftest -g -O2   conftest.c  >&5
/usr/bin/ld: /tmp/ccJzU3Ap.o: in function `main':
/home/l1/Desktop/Thesis/Subjects/mp3splt/mp3splt-gtk/conftest.c:78: undefined reference to `strlcat'
collect2: error: ld returned 1 exit status
configure:17151: $? = 1
configure: failed program was:
| /* confdefs.h */
| #define PACKAGE_NAME "mp3splt-gtk"
| #define PACKAGE_TARNAME "mp3splt-gtk"
| #define PACKAGE_VERSION "0.9.3.1518"
| #define PACKAGE_STRING "mp3splt-gtk 0.9.3.1518"
| #define PACKAGE_BUGREPORT "mp3splt.sf.net"
| #define PACKAGE_URL ""
| #define PACKAGE "mp3splt-gtk"
| #define VERSION "0.9.3.1518"
| #define HAVE_STDIO_H 1
| #define HAVE_STDLIB_H 1
| #define HAVE_STRING_H 1
| #define HAVE_INTTYPES_H 1
| #define HAVE_STDINT_H 1
| #define HAVE_STRINGS_H 1
| #define HAVE_SYS_STAT_H 1
| #define HAVE_SYS_TYPES_H 1
| #define HAVE_UNISTD_H 1
| #define STDC_HEADERS 1
| #define HAVE_UNISTD_H 1
| #define ENABLE_NLS 1
| #define HAVE_GETTEXT 1
| #define HAVE_DCGETTEXT 1
| #define LIBMP3SPLT_WITH_SONAME "libmp3splt0"
| #define HAVE_DLFCN_H 1
| #define LT_OBJDIR ".libs/"
| #define LT_MODULE_EXT ".so"
| #define LT_MODULE_PATH_VAR "LD_LIBRARY_PATH"
| #define LT_DLSEARCH_PATH "/lib:/usr/lib:/usr/lib/x86_64-linux-gnu/libfakeroot:/usr/local/lib:/usr/local/lib/x86_64-linux-gnu:/lib/x86_64-linux-gnu:/usr/lib/x86_64-linux-gnu:/lib32:/usr/lib32"
| #define HAVE_LIBDL 1
| #define HAVE_DLERROR 1
| #define HAVE_LIBDLLOADER 1
| #define HAVE_ARGZ_H 1
| #define HAVE_ERROR_T 1
| #define HAVE_ARGZ_ADD 1
| #define HAVE_ARGZ_APPEND 1
| #define HAVE_ARGZ_COUNT 1
| #define HAVE_ARGZ_CREATE_SEP 1
| #define HAVE_ARGZ_INSERT 1
| #define HAVE_ARGZ_NEXT 1
| #define HAVE_ARGZ_STRINGIFY 1
| #define HAVE_WORKING_ARGZ 1
| #define HAVE_PRELOADED_SYMBOLS 1
| #define HAVE_LTDL 1
| #define HAVE_UNISTD_H 1
| #define HAVE_DIRENT_H 1
| #define HAVE_CLOSEDIR 1
| #define HAVE_OPENDIR 1
| #define HAVE_READDIR 1
| /* end confdefs.h.  */
| /* Define strlcat to an innocuous variant, in case <limits.h> declares strlcat.
|    For example, HP-UX 11i <limits.h> declares gettimeofday.  */
| #define strlcat innocuous_strlcat
| 
| /* System header to define __stub macros and hopefully few prototypes,
|    which can conflict with char strlcat (); below.  */
| 
| #include <limits.h>
| #undef strlcat
| 
| /* Override any GCC internal prototype to avoid an error.
|    Use char because int might match the return type of a GCC
|    builtin and then its argument prototype would still apply.  */
| #ifdef __cplusplus
| extern "C"
| #endif
| char strlcat ();
| /* The GNU C library defines this for functions which it implements
|     to always fail with ENOSYS.  Some functions are actually named
|     something starting with __ and the normal name is an alias.  */
| #if defined __stub_strlcat || defined __stub___strlcat
| choke me
| #endif
| 
| int
| main (void)
| {
| return strlcat ();
|   ;
|   return 0;
| }
configure:17151: result: no
configure:17151: checking for strlcpy
configure:17151: gcc -o conftest -g -O2   conftest.c  >&5
/usr/bin/ld: /tmp/cct6yXqZ.o: in function `main':
/home/l1/Desktop/Thesis/Subjects/mp3splt/mp3splt-gtk/conftest.c:78: undefined reference to `strlcpy'
collect2: error: ld returned 1 exit status
configure:17151: $? = 1
configure: failed program was:
| /* confdefs.h */
| #define PACKAGE_NAME "mp3splt-gtk"
| #define PACKAGE_TARNAME "mp3splt-gtk"
| #define PACKAGE_VERSION "0.9.3.1518"
| #define PACKAGE_STRING "mp3splt-gtk 0.9.3.1518"
| #define PACKAGE_BUGREPORT "mp3splt.sf.net"
| #define PACKAGE_URL ""
| #define PACKAGE "mp3splt-gtk"
| #define VERSION "0.9.3.1518"
| #define HAVE_STDIO_H 1
| #define HAVE_STDLIB_H 1
| #define HAVE_STRING_H 1
| #define HAVE_INTTYPES_H 1
| #define HAVE_STDINT_H 1
| #define HAVE_STRINGS_H 1
| #define HAVE_SYS_STAT_H 1
| #define HAVE_SYS_TYPES_H 1
| #define HAVE_UNISTD_H 1
| #define STDC_HEADERS 1
| #define HAVE_UNISTD_H 1
| #define ENABLE_NLS 1
| #define HAVE_GETTEXT 1
| #define HAVE_DCGETTEXT 1
| #define LIBMP3SPLT_WITH_SONAME "libmp3splt0"
| #define HAVE_DLFCN_H 1
| #define LT_OBJDIR ".libs/"
| #define LT_MODULE_EXT ".so"
| #define LT_MODULE_PATH_VAR "LD_LIBRARY_PATH"
| #define LT_DLSEARCH_PATH "/lib:/usr/lib:/usr/lib/x86_64-linux-gnu/libfakeroot:/usr/local/lib:/usr/local/lib/x86_64-linux-gnu:/lib/x86_64-linux-gnu:/usr/lib/x86_64-linux-gnu:/lib32:/usr/lib32"
| #define HAVE_LIBDL 1
| #define HAVE_DLERROR 1
| #define HAVE_LIBDLLOADER 1
| #define HAVE_ARGZ_H 1
| #define HAVE_ERROR_T 1
| #define HAVE_ARGZ_ADD 1
| #define HAVE_ARGZ_APPEND 1
| #define HAVE_ARGZ_COUNT 1
| #define HAVE_ARGZ_CREATE_SEP 1
| #define HAVE_ARGZ_INSERT 1
| #define HAVE_ARGZ_NEXT 1
| #define HAVE_ARGZ_STRINGIFY 1
| #define HAVE_WORKING_ARGZ 1
| #define HAVE_PRELOADED_SYMBOLS 1
| #define HAVE_LTDL 1
| #define HAVE_UNISTD_H 1
| #define HAVE_DIRENT_H 1
| #define HAVE_CLOSEDIR 1
| #define HAVE_OPENDIR 1
| #define HAVE_READDIR 1
| /* end confdefs.h.  */
| /* Define strlcpy to an innocuous variant, in case <limits.h> declares strlcpy.
|    For example, HP-UX 11i <limits.h> declares gettimeofday.  */
| #define strlcpy innocuous_strlcpy
| 
| /* System header to define __stub macros and hopefully few prototypes,
|    which can conflict with char strlcpy (); below.  */
| 
| #include <limits.h>
| #undef strlcpy
| 
| /* Override any GCC internal prototype to avoid an error.
|    Use char because int might match the return type of a GCC
|    builtin and then its argument prototype would still apply.  */
| #ifdef __cplusplus
| extern "C"
| #endif
| char strlcpy ();
| /* The GNU C library defines this for functions which it implements
|     to always fail with ENOSYS.  Some functions are actually named
|     something starting with __ and the normal name is an alias.  */
| #if defined __stub_strlcpy || defined __stub___strlcpy
| choke me
| #endif
| 
| int
| main (void)
| {
| return strlcpy ();
|   ;
|   return 0;
| }
configure:17151: result: no
configure:17195: checking the host
configure:17241: result: Linux-based system
configure:17250: checking for pow in -lm
configure:17273: gcc -o conftest -g -O2   conftest.c -lm   >&5
conftest.c:57:6: warning: conflicting types for built-in function 'pow'; expected 'double(double,  double)' [-Wbuiltin-declaration-mismatch]
   57 | char pow ();
      |      ^~~
conftest.c:1:1: note: 'pow' is declared in header '<math.h>'
    1 | /* confdefs.h */
configure:17273: $? = 0
configure:17283: result: yes
configure:17294: checking for lt_dlopen in -lltdl
configure:17317: gcc -o conftest -g -O2   conftest.c -lltdl   >&5
configure:17317: $? = 0
configure:17327: result: yes
configure:17401: checking for pkg-config
configure:17424: found /usr/bin/pkg-config
configure:17436: result: /usr/bin/pkg-config
configure:17461: checking pkg-config is at least version 0.9.0
configure:17464: result: yes
configure:17474: checking for gtk+-3.0 >= 3.4.2
configure:17481: $PKG_CONFIG --exists --print-errors "gtk+-3.0 >= 3.4.2"
configure:17484: $? = 0
configure:17498: $PKG_CONFIG --exists --print-errors "gtk+-3.0 >= 3.4.2"
configure:17501: $? = 0
configure:17543: result: yes
configure:17593: No GNOME_DOC_INIT found.
configure:17604: checking for libmp3splt = 0.9.3.1518
configure:17611: $PKG_CONFIG --exists --print-errors "libmp3splt = 0.9.3.1518"
configure:17614: $? = 0
configure:17628: $PKG_CONFIG --exists --print-errors "libmp3splt = 0.9.3.1518"
configure:17631: $? = 0
configure:17675: result: yes
configure:17705: checking for audclient >= 3.0 
configure:17712: $PKG_CONFIG --exists --print-errors "$audacious_check "
configure:17715: $? = 0
configure:17729: $PKG_CONFIG --exists --print-errors "$audacious_check "
configure:17732: $? = 0
configure:17778: result: yes
configure:17791: checking for dbus-glib-1
configure:17798: $PKG_CONFIG --exists --print-errors "dbus-glib-1"
configure:17801: $? = 0
configure:17815: $PKG_CONFIG --exists --print-errors "dbus-glib-1"
configure:17818: $? = 0
configure:17876: result: yes
configure:17908: checking for gstreamer-1.0 >= 1.0
configure:17915: $PKG_CONFIG --exists --print-errors "gstreamer-1.0 >= 1.0"
configure:17918: $? = 0
configure:17932: $PKG_CONFIG --exists --print-errors "gstreamer-1.0 >= 1.0"
configure:17935: $? = 0
configure:17977: result: yes
configure:18026: checking for doxygen
configure:18049: found /usr/bin/doxygen
configure:18061: result: /usr/bin/doxygen
configure:18084: checking for dot
configure:18107: found /usr/bin/dot
configure:18119: result: /usr/bin/dot
configure:18250: checking whether to use Cutter
configure:18258: result: auto
configure:18268: checking for cutter 
configure:18275: $PKG_CONFIG --exists --print-errors "cutter "
Package cutter was not found in the pkg-config search path.
Perhaps you should add the directory containing `cutter.pc'
to the PKG_CONFIG_PATH environment variable
No package 'cutter' found
configure:18278: $? = 1
configure:18292: $PKG_CONFIG --exists --print-errors "cutter "
Package cutter was not found in the pkg-config search path.
Perhaps you should add the directory containing `cutter.pc'
to the PKG_CONFIG_PATH environment variable
No package 'cutter' found
configure:18295: $? = 1
configure:18309: result: no
No package 'cutter' found
configure:18368: checking for 
configure:18383: result: no
configure:18551: checking that generated files are newer than configure
configure:18557: result: done
configure:18677: creating ./config.status

## ---------------------- ##
## Running config.status. ##
## ---------------------- ##

This file was extended by mp3splt-gtk config.status 0.9.3.1518, which was
generated by GNU Autoconf 2.71.  Invocation command line was

  CONFIG_FILES    = 
  CONFIG_HEADERS  = 
  CONFIG_LINKS    = 
  CONFIG_COMMANDS = 
  $ ./config.status 

on L1

config.status:1212: creating Makefile
config.status:1212: creating src/Makefile
config.status:1212: creating m4/Makefile
config.status:1212: creating po/Makefile.in
config.status:1320: WARNING:  'po/Makefile.in.in' seems to ignore the --datarootdir setting
config.status:1212: creating doc/Makefile
config.status:1212: creating doc/Doxyfile_all
config.status:1212: creating help/Makefile
config.status:1212: creating test/Makefile
config.status:1212: creating config.h
config.status:1441: executing depfiles commands
config.status:1518: cd src       && sed -e '/# am--include-marker/d' Makefile         | make -f - am--depfiles
config.status:1523: $? = 0
config.status:1518: cd test       && sed -e '/# am--include-marker/d' Makefile         | make -f - am--depfiles
config.status:1523: $? = 0
config.status:1441: executing po-directories commands
config.status:1441: executing libtool commands
configure:21014: === configuring in libltdl (/home/l1/Desktop/Thesis/Subjects/mp3splt/mp3splt-gtk/libltdl)
configure:21075: running /bin/bash ./configure --disable-option-checking '--prefix=/usr/local'  'PKG_CONFIG_PATH=:/home/l1/Desktop/Thesis/Subjects/mp3splt/mp3splt-gtk/../libmp3splt/target/lib/pkgconfig/' --cache-file=/dev/null --srcdir=.

## ---------------- ##
## Cache variables. ##
## ---------------- ##

ac_cv_build=x86_64-pc-linux-gnu
ac_cv_c_compiler_gnu=yes
ac_cv_c_undeclared_builtin_options='none needed'
ac_cv_env_AUDACIOUS_CFLAGS_set=
ac_cv_env_AUDACIOUS_CFLAGS_value=
ac_cv_env_AUDACIOUS_LIBS_set=
ac_cv_env_AUDACIOUS_LIBS_value=
ac_cv_env_CC_set=
ac_cv_env_CC_value=
ac_cv_env_CFLAGS_set=
ac_cv_env_CFLAGS_value=
ac_cv_env_CPPFLAGS_set=
ac_cv_env_CPPFLAGS_value=
ac_cv_env_CPP_set=
ac_cv_env_CPP_value=
ac_cv_env_CUTTER_CFLAGS_set=
ac_cv_env_CUTTER_CFLAGS_value=
ac_cv_env_CUTTER_LIBS_set=
ac_cv_env_CUTTER_LIBS_value=
ac_cv_env_DBUS_GLIB_CFLAGS_set=
ac_cv_env_DBUS_GLIB_CFLAGS_value=
ac_cv_env_DBUS_GLIB_LIBS_set=
ac_cv_env_DBUS_GLIB_LIBS_value=
ac_cv_env_DOXYGEN_set=
ac_cv_env_DOXYGEN_value=
ac_cv_env_GRAPHVIZ_set=
ac_cv_env_GRAPHVIZ_value=
ac_cv_env_GST_CFLAGS_set=
ac_cv_env_GST_CFLAGS_value=
ac_cv_env_GST_LIBS_set=
ac_cv_env_GST_LIBS_value=
ac_cv_env_GTK_CFLAGS_set=
ac_cv_env_GTK_CFLAGS_value=
ac_cv_env_GTK_LIBS_set=
ac_cv_env_GTK_LIBS_value=
ac_cv_env_LDFLAGS_set=
ac_cv_env_LDFLAGS_value=
ac_cv_env_LIBMP3SPLT_CFLAGS_set=
ac_cv_env_LIBMP3SPLT_CFLAGS_value=
ac_cv_env_LIBMP3SPLT_LIBS_set=
ac_cv_env_LIBMP3SPLT_LIBS_value=
ac_cv_env_LIBS_set=
ac_cv_env_LIBS_value=
ac_cv_env_LT_SYS_LIBRARY_PATH_set=
ac_cv_env_LT_SYS_LIBRARY_PATH_value=
ac_cv_env_PKG_CONFIG_LIBDIR_set=
ac_cv_env_PKG_CONFIG_LIBDIR_value=
ac_cv_env_PKG_CONFIG_PATH_set=set
ac_cv_env_PKG_CONFIG_PATH_value=:/home/l1/Desktop/Thesis/Subjects/mp3splt/mp3splt-gtk/../libmp3splt/target/lib/pkgconfig/
ac_cv_env_PKG_CONFIG_set=
ac_cv_env_PKG_CONFIG_value=
ac_cv_env_build_alias_set=
ac_cv_env_build_alias_value=
ac_cv_env_host_alias_set=
ac_cv_env_host_alias_value=
ac_cv_env_target_alias_set=
ac_cv_env_target_alias_value=
ac_cv_file_=no
ac_cv_func_argz_add=yes
ac_cv_func_argz_append=yes
ac_cv_func_argz_count=yes
ac_cv_func_argz_create_sep=yes
ac_cv_func_argz_insert=yes
ac_cv_func_argz_next=yes
ac_cv_func_argz_stringify=yes
ac_cv_func_closedir=yes
ac_cv_func_dlerror=yes
ac_cv_func_opendir=yes
ac_cv_func_readdir=yes
ac_cv_func_shl_load=no
ac_cv_func_strlcat=no
ac_cv_func_strlcpy=no
ac_cv_have_decl_lt_dlinterface_register=yes
ac_cv_header_argz_h=yes
ac_cv_header_dirent_h=yes
ac_cv_header_dl_h=no
ac_cv_header_dld_h=no
ac_cv_header_dlfcn_h=yes
ac_cv_header_inttypes_h=yes
ac_cv_header_ltdl_h=yes
ac_cv_header_mach_o_dyld_h=no
ac_cv_header_stdint_h=yes
ac_cv_header_stdio_h=yes
ac_cv_header_stdlib_h=yes
ac_cv_header_string_h=yes
ac_cv_header_strings_h=yes
ac_cv_header_sys_dl_h=no
ac_cv_header_sys_stat_h=yes
ac_cv_header_sys_types_h=yes
ac_cv_header_unistd_h=yes
ac_cv_host=x86_64-pc-linux-gnu
ac_cv_lib_dld_dld_link=no
ac_cv_lib_dld_shl_load=no
ac_cv_lib_ltdl_lt_dladvise_preload=yes
ac_cv_lib_ltdl_lt_dlopen=yes
ac_cv_lib_m_pow=yes
ac_cv_objext=o
ac_cv_path_DOXYGEN=/usr/bin/doxygen
ac_cv_path_EGREP='/usr/bin/grep -E'
ac_cv_path_FGREP='/usr/bin/grep -F'
ac_cv_path_GMSGFMT=/usr/bin/msgfmt
ac_cv_path_GRAPHVIZ=/usr/bin/dot
ac_cv_path_GREP=/usr/bin/grep
ac_cv_path_MSGFMT=/usr/bin/msgfmt
ac_cv_path_MSGMERGE=/usr/bin/msgmerge
ac_cv_path_SED=/usr/bin/sed
ac_cv_path_XGETTEXT=/usr/bin/xgettext
ac_cv_path_ac_pt_PKG_CONFIG=/usr/bin/pkg-config
ac_cv_path_install='/usr/bin/install -c'
ac_cv_path_lt_DD=/usr/bin/dd
ac_cv_path_mkdir=/usr/bin/mkdir
ac_cv_prog_AWK=mawk
ac_cv_prog_CPP='gcc -E'
ac_cv_prog_ac_ct_AR=ar
ac_cv_prog_ac_ct_CC=gcc
ac_cv_prog_ac_ct_MANIFEST_TOOL=mt
ac_cv_prog_ac_ct_OBJDUMP=objdump
ac_cv_prog_ac_ct_RANLIB=ranlib
ac_cv_prog_ac_ct_STRIP=strip
ac_cv_prog_cc_c11=
ac_cv_prog_cc_g=yes
ac_cv_prog_cc_stdc=
ac_cv_prog_make_make_set=yes
ac_cv_search_dlopen='none required'
ac_cv_type_error_t=yes
ac_cv_use_cutter=no
ac_cv_with_cutter=auto
acl_cv_libdirstems=lib,lib,lib64
acl_cv_path_LD=/usr/bin/ld
acl_cv_prog_gnu_ld=yes
acl_cv_rpath=done
am_cv_CC_dependencies_compiler_type=gcc3
am_cv_make_support_nested_variables=yes
am_cv_prog_cc_c_o=yes
gl_cv_elf=yes
gl_cv_host_cpu_c_abi_32bit=no
gt_cv_func_CFLocaleCopyPreferredLanguages=no
gt_cv_func_CFPreferencesCopyAppValue=no
gt_cv_func_gnugettext1_libc=yes
libltdl_cv_lib_dl_dlopen=yes
libltdl_cv_preloaded_symbols=yes
libltdl_cv_shlibext=.so
libltdl_cv_shrext=.so
lt_cv_ar_at_file=@
lt_cv_archive_cmds_need_lc=no
lt_cv_deplibs_check_method=pass_all
lt_cv_file_magic_cmd='$MAGIC_CMD'
lt_cv_file_magic_test_file=
lt_cv_ld_reload_flag=-r
lt_cv_module_path_var=LD_LIBRARY_PATH
lt_cv_nm_interface='BSD nm'
lt_cv_objdir=.libs
lt_cv_path_LD=/usr/bin/ld
lt_cv_path_NM='/usr/bin/nm -B'
lt_cv_path_mainfest_tool=no
lt_cv_prog_compiler_c_o=yes
lt_cv_prog_compiler_pic='-fPIC -DPIC'
lt_cv_prog_compiler_pic_works=yes
lt_cv_prog_compiler_rtti_exceptions=no
lt_cv_prog_compiler_static_works=yes
lt_cv_prog_gnu_ld=yes
lt_cv_sharedlib_from_linklib_cmd='printf %s\n'
lt_cv_shlibpath_overrides_runpath=yes
lt_cv_sys_argz_works=yes
lt_cv_sys_dlopen_deplibs=yes
lt_cv_sys_dlsearch_path='/lib /usr/lib /usr/lib/x86_64-linux-gnu/libfakeroot /usr/local/lib /usr/local/lib/x86_64-linux-gnu /lib/x86_64-linux-gnu /usr/lib/x86_64-linux-gnu /lib32 /usr/lib32 '
lt_cv_sys_global_symbol_pipe='sed -n -e '\''s/^.*[	 ]\([ABCDGIRSTW][ABCDGIRSTW]*\)[	 ][	 ]*\([_A-Za-z][_A-Za-z0-9]*\)$/\1 \2 \2/p'\'' | sed '\''/ __gnu_lto/d'\'''
lt_cv_sys_global_symbol_to_c_name_address='sed -n -e '\''s/^: \(.*\) .*$/  {"\1", (void *) 0},/p'\'' -e '\''s/^[ABCDGIRSTW][ABCDGIRSTW]* .* \(.*\)$/  {"\1", (void *) \&\1},/p'\'''
lt_cv_sys_global_symbol_to_c_name_address_lib_prefix='sed -n -e '\''s/^: \(.*\) .*$/  {"\1", (void *) 0},/p'\'' -e '\''s/^[ABCDGIRSTW][ABCDGIRSTW]* .* \(lib.*\)$/  {"\1", (void *) \&\1},/p'\'' -e '\''s/^[ABCDGIRSTW][ABCDGIRSTW]* .* \(.*\)$/  {"lib\1", (void *) \&\1},/p'\'''
lt_cv_sys_global_symbol_to_cdecl='sed -n -e '\''s/^T .* \(.*\)$/extern int \1();/p'\'' -e '\''s/^[ABCDGIRSTW][ABCDGIRSTW]* .* \(.*\)$/extern char \1;/p'\'''
lt_cv_sys_global_symbol_to_import=
lt_cv_sys_max_cmd_len=1572864
lt_cv_sys_symbol_underscore=no
lt_cv_to_host_file_cmd=func_convert_file_noop
lt_cv_to_tool_file_cmd=func_convert_file_noop
lt_cv_truncate_bin='/usr/bin/dd bs=4096 count=1'
pkg_cv_AUDACIOUS_CFLAGS=
pkg_cv_AUDACIOUS_LIBS=-laudclient
pkg_cv_DBUS_GLIB_CFLAGS='-I/usr/include/dbus-1.0 -I/usr/lib/x86_64-linux-gnu/dbus-1.0/include -I/usr/include/glib-2.0 -I/usr/lib/x86_64-linux-gnu/glib-2.0/include'
pkg_cv_DBUS_GLIB_LIBS='-ldbus-glib-1 -ldbus-1 -lgobject-2.0 -lglib-2.0'
pkg_cv_GST_CFLAGS='-pthread -I/usr/include/gstreamer-1.0 -I/usr/include/x86_64-linux-gnu -I/usr/include/glib-2.0 -I/usr/lib/x86_64-linux-gnu/glib-2.0/include'
pkg_cv_GST_LIBS='-lgstreamer-1.0 -lgobject-2.0 -lglib-2.0'
pkg_cv_GTK_CFLAGS='-pthread -I/usr/include/gtk-3.0 -I/usr/include/at-spi2-atk/2.0 -I/usr/include/at-spi-2.0 -I/usr/include/dbus-1.0 -I/usr/lib/x86_64-linux-gnu/dbus-1.0/include -I/usr/include/gtk-3.0 -I/usr/include/gio-unix-2.0 -I/usr/include/cairo -I/usr/include/pango-1.0 -I/usr/include/harfbuzz -I/usr/include/pango-1.0 -I/usr/include/fribidi -I/usr/include/harfbuzz -I/usr/include/atk-1.0 -I/usr/include/cairo -I/usr/include/pixman-1 -I/usr/include/uuid -I/usr/include/freetype2 -I/usr/include/gdk-pixbuf-2.0 -I/usr/include/libpng16 -I/usr/include/x86_64-linux-gnu -I/usr/include/libmount -I/usr/include/blkid -I/usr/include/glib-2.0 -I/usr/lib/x86_64-linux-gnu/glib-2.0/include'
pkg_cv_GTK_LIBS='-lgtk-3 -lgdk-3 -lpangocairo-1.0 -lpango-1.0 -lharfbuzz -latk-1.0 -lcairo-gobject -lcairo -lgdk_pixbuf-2.0 -lgio-2.0 -lgobject-2.0 -lglib-2.0'
pkg_cv_LIBMP3SPLT_CFLAGS=-I/home/l1/Desktop/Thesis/Subjects/mp3splt/libmp3splt/target/include
pkg_cv_LIBMP3SPLT_LIBS='-L/home/l1/Desktop/Thesis/Subjects/mp3splt/libmp3splt/target/lib -lmp3splt'

## ----------------- ##
## Output variables. ##
## ----------------- ##

ACLOCAL='${SHELL} '\''/home/l1/Desktop/Thesis/Subjects/mp3splt/mp3splt-gtk/build-aux/missing'\'' aclocal-1.16'
AMDEPBACKSLASH='\'
AMDEP_FALSE='#'
AMDEP_TRUE=''
AMTAR='$${TAR-tar}'
AM_BACKSLASH='\'
AM_DEFAULT_V='$(AM_DEFAULT_VERBOSITY)'
AM_DEFAULT_VERBOSITY='1'
AM_V='$(V)'
AR='ar'
AS='as'
AUDACIOUS_CFLAGS=''
AUDACIOUS_FALSE='#'
AUDACIOUS_LIBS='-laudclient'
AUDACIOUS_TRUE=''
AUTOCONF='${SHELL} '\''/home/l1/Desktop/Thesis/Subjects/mp3splt/mp3splt-gtk/build-aux/missing'\'' autoconf'
AUTOHEADER='${SHELL} '\''/home/l1/Desktop/Thesis/Subjects/mp3splt/mp3splt-gtk/build-aux/missing'\'' autoheader'
AUTOMAKE='${SHELL} '\''/home/l1/Desktop/Thesis/Subjects/mp3splt/mp3splt-gtk/build-aux/missing'\'' automake-1.16'
AWK='mawk'
CC='gcc'
CCDEPMODE='depmode=gcc3'
CFLAGS='-g -O2 -DGTK_DISABLE_SINGLE_INCLUDES -DGDK_DISABLE_DEPRECATED -DGTK_DISABLE_DEPRECATED -DGSEAL_ENABLE'
CONVENIENCE_LTDL_FALSE='#'
CONVENIENCE_LTDL_TRUE=''
CPP='gcc -E'
CPPFLAGS=''
CSCOPE='cscope'
CTAGS='ctags'
CUTTER=''
CUTTER_CFLAGS=''
CUTTER_LIBS=''
CYGPATH_W='echo'
DBUS_GLIB_CFLAGS='-I/usr/include/dbus-1.0 -I/usr/lib/x86_64-linux-gnu/dbus-1.0/include -I/usr/include/glib-2.0 -I/usr/lib/x86_64-linux-gnu/glib-2.0/include'
DBUS_GLIB_LIBS='-ldbus-glib-1 -ldbus-1 -lgobject-2.0 -lglib-2.0'
DEFS='-DHAVE_CONFIG_H'
DEPDIR='.deps'
DLLTOOL='false'
DOXYGEN='/usr/bin/doxygen'
DSYMUTIL=''
DUMPBIN=''
ECHO_C=''
ECHO_N='-n'
ECHO_T=''
EGREP='/usr/bin/grep -E'
ENABLE_SK_FALSE='#'
ENABLE_SK_TRUE=''
ETAGS='etags'
EXEEXT=''
FGREP='/usr/bin/grep -F'
GETTEXT_MACRO_VERSION='0.20'
GMSGFMT='/usr/bin/msgfmt'
GMSGFMT_015='/usr/bin/msgfmt'
GNOME_FALSE=''
GNOME_TRUE='#'
GRAPHVIZ='/usr/bin/dot'
GREP='/usr/bin/grep'
GSTREAMER_FALSE='#'
GSTREAMER_TRUE=''
GST_CFLAGS='-pthread -I/usr/include/gstreamer-1.0 -I/usr/include/x86_64-linux-gnu -I/usr/include/glib-2.0 -I/usr/lib/x86_64-linux-gnu/glib-2.0/include'
GST_LIBS='-lgstreamer-1.0 -lgobject-2.0 -lglib-2.0'
GTK_CFLAGS='-pthread -I/usr/include/gtk-3.0 -I/usr/include/at-spi2-atk/2.0 -I/usr/include/at-spi-2.0 -I/usr/include/dbus-1.0 -I/usr/lib/x86_64-linux-gnu/dbus-1.0/include -I/usr/include/gtk-3.0 -I/usr/include/gio-unix-2.0 -I/usr/include/cairo -I/usr/include/pango-1.0 -I/usr/include/harfbuzz -I/usr/include/pango-1.0 -I/usr/include/fribidi -I/usr/include/harfbuzz -I/usr/include/atk-1.0 -I/usr/include/cairo -I/usr/include/pixman-1 -I/usr/include/uuid -I/usr/include/freetype2 -I/usr/include/gdk-pixbuf-2.0 -I/usr/include/libpng16 -I/usr/include/x86_64-linux-gnu -I/usr/include/libmount -I/usr/include/blkid -I/usr/include/glib-2.0 -I/usr/lib/x86_64-linux-gnu/glib-2.0/include'
GTK_LIBS='-lgtk-3 -lgdk-3 -lpangocairo-1.0 -lpango-1.0 -lharfbuzz -latk-1.0 -lcairo-gobject -lcairo -lgdk_pixbuf-2.0 -lgio-2.0 -lgobject-2.0 -lglib-2.0'
HAS_CUTTER_FALSE=''
HAS_CUTTER_TRUE='#'
HAVE_DOXYGEN_FALSE='#'
HAVE_DOXYGEN_TRUE=''
HAVE_GNOME_DOC_UTILS_FALSE=''
HAVE_GNOME_DOC_UTILS_TRUE='#'
HAVE_GRAPHVIZ_FALSE='#'
HAVE_GRAPHVIZ_TRUE=''
INCLTDL=''
INSTALL_DATA='${INSTALL} -m 644'
INSTALL_LTDL_FALSE=''
INSTALL_LTDL_TRUE='#'
INSTALL_PROGRAM='${INSTALL}'
INSTALL_SCRIPT='${INSTALL}'
INSTALL_STRIP_PROGRAM='$(install_sh) -c -s'
INTLLIBS=''
INTL_MACOSX_LIBS=''
LD='/usr/bin/ld -m elf_x86_64'
LDFLAGS=''
LIBADD_DL=' '
LIBADD_DLD_LINK=''
LIBADD_DLOPEN=''
LIBADD_SHL_LOAD=''
LIBICONV='-liconv'
LIBINTL=''
LIBLTDL='-lltdl'
LIBMP3SPLT_CFLAGS='-I/home/l1/Desktop/Thesis/Subjects/mp3splt/libmp3splt/target/include'
LIBMP3SPLT_LIBS='-L/home/l1/Desktop/Thesis/Subjects/mp3splt/libmp3splt/target/lib -lmp3splt'
LIBOBJS=''
LIBS=''
LIBTOOL='$(SHELL) $(top_builddir)/libtool'
LIPO=''
LN_S='ln -s'
LOCALEDIR=''
LTDLDEPS=''
LTDLINCL=''
LTDLOPEN='libltdl'
LTLIBICONV='-liconv'
LTLIBINTL=''
LTLIBOBJS=''
LT_ARGZ_H=''
LT_CONFIG_H='config.h'
LT_DLLOADERS=' libltdl/dlopen.la'
LT_DLPREOPEN='-dlpreopen libltdl/dlopen.la '
LT_SYS_LIBRARY_PATH=''
MAINT=''
MAINTAINER_MODE_FALSE='#'
MAINTAINER_MODE_TRUE=''
MAKEINFO='${SHELL} '\''/home/l1/Desktop/Thesis/Subjects/mp3splt/mp3splt-gtk/build-aux/missing'\'' makeinfo'
MANIFEST_TOOL=':'
MKDIR_P='/usr/bin/mkdir -p'
MSGFMT='/usr/bin/msgfmt'
MSGMERGE='/usr/bin/msgmerge'
MSGMERGE_FOR_MSGFMT_OPTION='--for-msgfmt'
NM='/usr/bin/nm -B'
NMEDIT=''
NO_IMAGES_DIR_FALSE=''
NO_IMAGES_DIR_TRUE='#'
OBJDUMP='objdump'
OBJEXT='o'
OTOOL64=''
OTOOL=''
PACKAGE='mp3splt-gtk'
PACKAGE_BUGREPORT='mp3splt.sf.net'
PACKAGE_NAME='mp3splt-gtk'
PACKAGE_STRING='mp3splt-gtk 0.9.3.1518'
PACKAGE_TARNAME='mp3splt-gtk'
PACKAGE_URL=''
PACKAGE_VERSION='0.9.3.1518'
PATH_SEPARATOR=':'
PKG_CONFIG='/usr/bin/pkg-config'
PKG_CONFIG_LIBDIR=''
PKG_CONFIG_PATH=':/home/l1/Desktop/Thesis/Subjects/mp3splt/mp3splt-gtk/../libmp3splt/target/lib/pkgconfig/'
POSUB='po'
RANLIB='ranlib'
SED='/usr/bin/sed'
SET_MAKE=''
SHELL='/bin/bash'
STRIP='strip'
USE_NLS='yes'
VERSION='0.9.3.1518'
WIN32_FALSE=''
WIN32_TRUE='#'
XGETTEXT='/usr/bin/xgettext'
XGETTEXT_015='/usr/bin/xgettext'
XGETTEXT_EXTRA_OPTIONS=''
ac_ct_AR='ar'
ac_ct_CC='gcc'
ac_ct_DUMPBIN=''
am__EXEEXT_FALSE=''
am__EXEEXT_TRUE='#'
am__fastdepCC_FALSE='#'
am__fastdepCC_TRUE=''
am__include='include'
am__isrc=''
am__leading_dot='.'
am__nodep='_no'
am__quote=''
am__tar='$${TAR-tar} chof - "$$tardir"'
am__untar='$${TAR-tar} xf -'
bindir='${exec_prefix}/bin'
build='x86_64-pc-linux-gnu'
build_alias=''
build_cpu='x86_64'
build_os='linux-gnu'
build_vendor='pc'
datadir='${datarootdir}'
datarootdir='${prefix}/share'
docdir='${datarootdir}/doc/${PACKAGE_TARNAME}'
dvidir='${docdir}'
exec_prefix='${prefix}'
host='x86_64-pc-linux-gnu'
host_alias=''
host_cpu='x86_64'
host_os='linux-gnu'
host_vendor='pc'
htmldir='${docdir}'
includedir='${prefix}/include'
infodir='${datarootdir}/info'
install_sh='${SHELL} /home/l1/Desktop/Thesis/Subjects/mp3splt/mp3splt-gtk/build-aux/install-sh'
libdir='${exec_prefix}/lib'
libexecdir='${exec_prefix}/libexec'
localedir='${datarootdir}/locale'
localstatedir='${prefix}/var'
ltdl_LIBOBJS=' lt__strl.o'
ltdl_LTLIBOBJS=' lt__strl.lo'
mandir='${datarootdir}/man'
mkdir_p='$(MKDIR_P)'
oldincludedir='/usr/include'
pdfdir='${docdir}'
prefix='/usr/local'
program_transform_name='s,x,x,'
psdir='${docdir}'
runstatedir='${localstatedir}/run'
sbindir='${exec_prefix}/sbin'
sharedstatedir='${prefix}/com'
subdirs=' libltdl'
sys_symbol_underscore='no'
sysconfdir='${prefix}/etc'
target_alias=''
top_builddir='/home/l1/Desktop/Thesis/Subjects/mp3splt/mp3splt-gtk'

## ----------- ##
## confdefs.h. ##
## ----------- ##

/* confdefs.h */
#define PACKAGE_NAME "mp3splt-gtk"
#define PACKAGE_TARNAME "mp3splt-gtk"
#define PACKAGE_VERSION "0.9.3.1518"
#define PACKAGE_STRING "mp3splt-gtk 0.9.3.1518"
#define PACKAGE_BUGREPORT "mp3splt.sf.net"
#define PACKAGE_URL ""
#define PACKAGE "mp3splt-gtk"
#define VERSION "0.9.3.1518"
#define HAVE_STDIO_H 1
#define HAVE_STDLIB_H 1
#define HAVE_STRING_H 1
#define HAVE_INTTYPES_H 1
#define HAVE_STDINT_H 1
#define HAVE_STRINGS_H 1
#define HAVE_SYS_STAT_H 1
#define HAVE_SYS_TYPES_H 1
#define HAVE_UNISTD_H 1
#define STDC_HEADERS 1
#define HAVE_UNISTD_H 1
#define ENABLE_NLS 1
#define HAVE_GETTEXT 1
#define HAVE_DCGETTEXT 1
#define LIBMP3SPLT_WITH_SONAME "libmp3splt0"
#define HAVE_DLFCN_H 1
#define LT_OBJDIR ".libs/"
#define LT_MODULE_EXT ".so"
#define LT_MODULE_PATH_VAR "LD_LIBRARY_PATH"
#define LT_DLSEARCH_PATH "/lib:/usr/lib:/usr/lib/x86_64-linux-gnu/libfakeroot:/usr/local/lib:/usr/local/lib/x86_64-linux-gnu:/lib/x86_64-linux-gnu:/usr/lib/x86_64-linux-gnu:/lib32:/usr/lib32"
#define HAVE_LIBDL 1
#define HAVE_DLERROR 1
#define HAVE_LIBDLLOADER 1
#define HAVE_ARGZ_H 1
#define HAVE_ERROR_T 1
#define HAVE_ARGZ_ADD 1
#define HAVE_ARGZ_APPEND 1
#define HAVE_ARGZ_COUNT 1
#define HAVE_ARGZ_CREATE_SEP 1
#define HAVE_ARGZ_INSERT 1
#define HAVE_ARGZ_NEXT 1
#define HAVE_ARGZ_STRINGIFY 1
#define HAVE_WORKING_ARGZ 1
#define HAVE_PRELOADED_SYMBOLS 1
#define HAVE_LTDL 1
#define HAVE_UNISTD_H 1
#define HAVE_DIRENT_H 1
#define HAVE_CLOSEDIR 1
#define HAVE_OPENDIR 1
#define HAVE_READDIR 1
#define LT_LIBEXT "a"
#define LT_LIBPREFIX "lib"

configure: exit 0
