This file contains any messages produced by compilers while
running configure, to aid debugging if configure makes a mistake.

It was created by libltdl configure 2.4.3a, which was
generated by GNU Autoconf 2.71.  Invocation command line was

  $ ./configure --disable-option-checking --prefix=/home/l1/Desktop/Thesis/Subjects/mp3splt/libmp3splt/target --cache-file=/dev/null --srcdir=.

## --------- ##
## Platform. ##
## --------- ##

hostname = L1
uname -m = x86_64
uname -r = 5.15.0-39-generic
uname -s = Linux
uname -v = #42-Ubuntu SMP Thu Jun 9 23:42:32 UTC 2022

/usr/bin/uname -p = x86_64
/bin/uname -X     = unknown

/bin/arch              = x86_64
/usr/bin/arch -k       = unknown
/usr/convex/getsysinfo = unknown
/usr/bin/hostinfo      = unknown
/bin/machine           = unknown
/usr/bin/oslevel       = unknown
/bin/universe          = unknown

PATH: /usr/local/sbin/
PATH: /usr/local/bin/
PATH: /usr/sbin/
PATH: /usr/bin/
PATH: /sbin/
PATH: /bin/
PATH: /usr/games/
PATH: /usr/local/games/
PATH: /snap/bin/
PATH: /snap/bin/


## ----------- ##
## Core tests. ##
## ----------- ##

configure:2480: looking for aux files: compile config.guess config.sub ltmain.sh missing install-sh
configure:2493:  trying ./config/
configure:2522:   ./config/compile found
configure:2522:   ./config/config.guess found
configure:2522:   ./config/config.sub found
configure:2522:   ./config/ltmain.sh found
configure:2522:   ./config/missing found
configure:2504:   ./config/install-sh found
configure:2667: checking for a BSD-compatible install
configure:2740: result: /usr/bin/install -c
configure:2751: checking whether build environment is sane
configure:2806: result: yes
configure:2965: checking for a race-free mkdir -p
configure:3009: result: /usr/bin/mkdir -p
configure:3016: checking for gawk
configure:3051: result: no
configure:3016: checking for mawk
configure:3037: found /usr/bin/mawk
configure:3048: result: mawk
configure:3059: checking whether make sets $(MAKE)
configure:3082: result: yes
configure:3112: checking whether make supports nested variables
configure:3130: result: yes
configure:3278: checking whether make supports nested variables
configure:3296: result: yes
configure:3350: checking build system type
configure:3365: result: x86_64-pc-linux-gnu
configure:3385: checking host system type
configure:3399: result: x86_64-pc-linux-gnu
configure:3440: checking how to print strings
configure:3467: result: printf
configure:3501: checking whether make supports the include directive
configure:3516: make -f confmf.GNU && cat confinc.out
this is the am__doit target
configure:3519: $? = 0
configure:3538: result: yes (GNU style)
configure:3614: checking for gcc
configure:3635: found /usr/bin/gcc
configure:3646: result: gcc
configure:3999: checking for C compiler version
configure:4008: gcc --version >&5
gcc (Ubuntu 11.2.0-19ubuntu1) 11.2.0
Copyright (C) 2021 Free Software Foundation, Inc.
This is free software; see the source for copying conditions.  There is NO
warranty; not even for MERCHANTABILITY or FITNESS FOR A PARTICULAR PURPOSE.

configure:4019: $? = 0
configure:4008: gcc -v >&5
Using built-in specs.
COLLECT_GCC=gcc
COLLECT_LTO_WRAPPER=/usr/lib/gcc/x86_64-linux-gnu/11/lto-wrapper
OFFLOAD_TARGET_NAMES=nvptx-none:amdgcn-amdhsa
OFFLOAD_TARGET_DEFAULT=1
Target: x86_64-linux-gnu
Configured with: ../src/configure -v --with-pkgversion='Ubuntu 11.2.0-19ubuntu1' --with-bugurl=file:///usr/share/doc/gcc-11/README.Bugs --enable-languages=c,ada,c++,go,brig,d,fortran,objc,obj-c++,m2 --prefix=/usr --with-gcc-major-version-only --program-suffix=-11 --program-prefix=x86_64-linux-gnu- --enable-shared --enable-linker-build-id --libexecdir=/usr/lib --without-included-gettext --enable-threads=posix --libdir=/usr/lib --enable-nls --enable-bootstrap --enable-clocale=gnu --enable-libstdcxx-debug --enable-libstdcxx-time=yes --with-default-libstdcxx-abi=new --enable-gnu-unique-object --disable-vtable-verify --enable-plugin --enable-default-pie --with-system-zlib --enable-libphobos-checking=release --with-target-system-zlib=auto --enable-objc-gc=auto --enable-multiarch --disable-werror --enable-cet --with-arch-32=i686 --with-abi=m64 --with-multilib-list=m32,m64,mx32 --enable-multilib --with-tune=generic --enable-offload-targets=nvptx-none=/build/gcc-11-gBFGDP/gcc-11-11.2.0/debian/tmp-nvptx/usr,amdgcn-amdhsa=/build/gcc-11-gBFGDP/gcc-11-11.2.0/debian/tmp-gcn/usr --without-cuda-driver --enable-checking=release --build=x86_64-linux-gnu --host=x86_64-linux-gnu --target=x86_64-linux-gnu --with-build-config=bootstrap-lto-lean --enable-link-serialization=2
Thread model: posix
Supported LTO compression algorithms: zlib zstd
gcc version 11.2.0 (Ubuntu 11.2.0-19ubuntu1) 
... rest of stderr output deleted ...
configure:4019: $? = 0
configure:4008: gcc -V >&5
gcc: error: unrecognized command-line option '-V'
gcc: fatal error: no input files
compilation terminated.
configure:4019: $? = 1
configure:4008: gcc -qversion >&5
gcc: error: unrecognized command-line option '-qversion'; did you mean '--version'?
gcc: fatal error: no input files
compilation terminated.
configure:4019: $? = 1
configure:4008: gcc -version >&5
gcc: error: unrecognized command-line option '-version'
gcc: fatal error: no input files
compilation terminated.
configure:4019: $? = 1
configure:4039: checking whether the C compiler works
configure:4061: gcc    conftest.c  >&5
configure:4065: $? = 0
configure:4115: result: yes
configure:4118: checking for C compiler default output file name
configure:4120: result: a.out
configure:4126: checking for suffix of executables
configure:4133: gcc -o conftest    conftest.c  >&5
configure:4137: $? = 0
configure:4160: result: 
configure:4182: checking whether we are cross compiling
configure:4190: gcc -o conftest    conftest.c  >&5
configure:4194: $? = 0
configure:4201: ./conftest
configure:4205: $? = 0
configure:4220: result: no
configure:4225: checking for suffix of object files
configure:4248: gcc -c   conftest.c >&5
configure:4252: $? = 0
configure:4274: result: o
configure:4278: checking whether the compiler supports GNU C
configure:4298: gcc -c   conftest.c >&5
configure:4298: $? = 0
configure:4308: result: yes
configure:4319: checking whether gcc accepts -g
configure:4340: gcc -c -g  conftest.c >&5
configure:4340: $? = 0
configure:4384: result: yes
configure:4404: checking for gcc option to enable C11 features
configure:4419: gcc  -c -g -O2  conftest.c >&5
configure:4419: $? = 0
configure:4437: result: none needed
configure:4553: checking whether gcc understands -c and -o together
configure:4576: gcc -c conftest.c -o conftest2.o
configure:4579: $? = 0
configure:4576: gcc -c conftest.c -o conftest2.o
configure:4579: $? = 0
configure:4591: result: yes
configure:4610: checking dependency style of gcc
configure:4722: result: gcc3
configure:4737: checking for a sed that does not truncate output
configure:4807: result: /usr/bin/sed
configure:4825: checking for grep that handles long lines and -e
configure:4889: result: /usr/bin/grep
configure:4894: checking for egrep
configure:4962: result: /usr/bin/grep -E
configure:4967: checking for fgrep
configure:5035: result: /usr/bin/grep -F
configure:5071: checking for ld used by gcc
configure:5139: result: /usr/bin/ld
configure:5146: checking if the linker (/usr/bin/ld) is GNU ld
configure:5162: result: yes
configure:5174: checking for BSD- or MS-compatible name lister (nm)
configure:5229: result: /usr/bin/nm -B
configure:5369: checking the name lister (/usr/bin/nm -B) interface
configure:5377: gcc -c -g -O2  conftest.c >&5
configure:5380: /usr/bin/nm -B "conftest.o"
configure:5383: output
0000000000000000 B some_variable
configure:5390: result: BSD nm
configure:5393: checking whether ln -s works
configure:5397: result: yes
configure:5405: checking the maximum length of command line arguments
configure:5537: result: 1572864
configure:5585: checking how to convert x86_64-pc-linux-gnu file names to x86_64-pc-linux-gnu format
configure:5626: result: func_convert_file_noop
configure:5633: checking how to convert x86_64-pc-linux-gnu file names to toolchain format
configure:5654: result: func_convert_file_noop
configure:5661: checking for /usr/bin/ld option to reload object files
configure:5669: result: -r
configure:5748: checking for objdump
configure:5769: found /usr/bin/objdump
configure:5780: result: objdump
configure:5809: checking how to recognize dependent libraries
configure:6010: result: pass_all
configure:6100: checking for dlltool
configure:6135: result: no
configure:6162: checking how to associate runtime and link libraries
configure:6190: result: printf %s\n
configure:6256: checking for ar
configure:6277: found /usr/bin/ar
configure:6288: result: ar
configure:6325: checking for archiver @FILE support
configure:6343: gcc -c -g -O2  conftest.c >&5
configure:6343: $? = 0
configure:6347: ar cr libconftest.a @conftest.lst >&5
configure:6350: $? = 0
configure:6355: ar cr libconftest.a @conftest.lst >&5
ar: conftest.o: No such file or directory
configure:6358: $? = 1
configure:6370: result: @
configure:6433: checking for strip
configure:6454: found /usr/bin/strip
configure:6465: result: strip
configure:6542: checking for ranlib
configure:6563: found /usr/bin/ranlib
configure:6574: result: ranlib
configure:6676: checking command to parse /usr/bin/nm -B output from gcc object
configure:6830: gcc -c -g -O2  conftest.c >&5
configure:6833: $? = 0
configure:6837: /usr/bin/nm -B conftest.o | sed -n -e 's/^.*[	 ]\([ABCDGIRSTW][ABCDGIRSTW]*\)[	 ][	 ]*\([_A-Za-z][_A-Za-z0-9]*\)$/\1 \2 \2/p' | sed '/ __gnu_lto/d' > conftest.nm
configure:6903: gcc -o conftest -g -O2   conftest.c conftstm.o >&5
configure:6906: $? = 0
configure:6944: result: ok
configure:6991: checking for sysroot
configure:7022: result: no
configure:7029: checking for a working dd
configure:7073: result: /usr/bin/dd
configure:7077: checking how to truncate binary pipes
configure:7093: result: /usr/bin/dd bs=4096 count=1
configure:7230: gcc -c -g -O2  conftest.c >&5
configure:7233: $? = 0
configure:7430: checking for mt
configure:7451: found /usr/bin/mt
configure:7462: result: mt
configure:7485: checking if mt is a manifest tool
configure:7492: mt '-?'
configure:7500: result: no
configure:8230: checking for stdio.h
configure:8230: gcc -c -g -O2  conftest.c >&5
configure:8230: $? = 0
configure:8230: result: yes
configure:8230: checking for stdlib.h
configure:8230: gcc -c -g -O2  conftest.c >&5
configure:8230: $? = 0
configure:8230: result: yes
configure:8230: checking for string.h
configure:8230: gcc -c -g -O2  conftest.c >&5
configure:8230: $? = 0
configure:8230: result: yes
configure:8230: checking for inttypes.h
configure:8230: gcc -c -g -O2  conftest.c >&5
configure:8230: $? = 0
configure:8230: result: yes
configure:8230: checking for stdint.h
configure:8230: gcc -c -g -O2  conftest.c >&5
configure:8230: $? = 0
configure:8230: result: yes
configure:8230: checking for strings.h
configure:8230: gcc -c -g -O2  conftest.c >&5
configure:8230: $? = 0
configure:8230: result: yes
configure:8230: checking for sys/stat.h
configure:8230: gcc -c -g -O2  conftest.c >&5
configure:8230: $? = 0
configure:8230: result: yes
configure:8230: checking for sys/types.h
configure:8230: gcc -c -g -O2  conftest.c >&5
configure:8230: $? = 0
configure:8230: result: yes
configure:8230: checking for unistd.h
configure:8230: gcc -c -g -O2  conftest.c >&5
configure:8230: $? = 0
configure:8230: result: yes
configure:8255: checking for dlfcn.h
configure:8255: gcc -c -g -O2  conftest.c >&5
configure:8255: $? = 0
configure:8255: result: yes
configure:8841: checking for objdir
configure:8857: result: .libs
configure:9121: checking if gcc supports -fno-rtti -fno-exceptions
configure:9140: gcc -c -g -O2  -fno-rtti -fno-exceptions conftest.c >&5
cc1: warning: command-line option '-fno-rtti' is valid for C++/D/ObjC++ but not for C
configure:9144: $? = 0
configure:9157: result: no
configure:9521: checking for gcc option to produce PIC
configure:9529: result: -fPIC -DPIC
configure:9537: checking if gcc PIC flag -fPIC -DPIC works
configure:9556: gcc -c -g -O2  -fPIC -DPIC -DPIC conftest.c >&5
configure:9560: $? = 0
configure:9573: result: yes
configure:9602: checking if gcc static flag -static works
configure:9631: result: yes
configure:9646: checking if gcc supports -c -o file.o
configure:9668: gcc -c -g -O2  -o out/conftest2.o conftest.c >&5
configure:9672: $? = 0
configure:9694: result: yes
configure:9702: checking if gcc supports -c -o file.o
configure:9750: result: yes
configure:9783: checking whether the gcc linker (/usr/bin/ld -m elf_x86_64) supports shared libraries
configure:11053: result: yes
configure:11090: checking whether -lc should be explicitly linked in
configure:11099: gcc -c -g -O2  conftest.c >&5
configure:11102: $? = 0
configure:11117: gcc -shared  -fPIC -DPIC conftest.o  -v -Wl,-soname -Wl,conftest -o conftest 2\>\&1 \| /usr/bin/grep  -lc  \>/dev/null 2\>\&1
configure:11120: $? = 0
configure:11134: result: no
configure:11294: checking dynamic linker characteristics
configure:11876: gcc -o conftest -g -O2   -Wl,-rpath -Wl,/foo conftest.c  >&5
configure:11876: $? = 0
configure:12127: result: GNU/Linux ld.so
configure:12249: checking how to hardcode library paths into programs
configure:12274: result: immediate
configure:12376: checking for shl_load
configure:12376: gcc -o conftest -g -O2   conftest.c  >&5
/usr/bin/ld: /tmp/ccNHjgSq.o: in function `main':
/home/l1/Desktop/Thesis/Subjects/mp3splt/libmp3splt/libltdl/conftest.c:50: undefined reference to `shl_load'
collect2: error: ld returned 1 exit status
configure:12376: $? = 1
configure: failed program was:
| /* confdefs.h */
| #define PACKAGE_NAME "libltdl"
| #define PACKAGE_TARNAME "libltdl"
| #define PACKAGE_VERSION "2.4.3a"
| #define PACKAGE_STRING "libltdl 2.4.3a"
| #define PACKAGE_BUGREPORT "bug-libtool@gnu.org"
| #define PACKAGE_URL ""
| #define PACKAGE "libltdl"
| #define VERSION "2.4.3a"
| #define HAVE_STDIO_H 1
| #define HAVE_STDLIB_H 1
| #define HAVE_STRING_H 1
| #define HAVE_INTTYPES_H 1
| #define HAVE_STDINT_H 1
| #define HAVE_STRINGS_H 1
| #define HAVE_SYS_STAT_H 1
| #define HAVE_SYS_TYPES_H 1
| #define HAVE_UNISTD_H 1
| #define STDC_HEADERS 1
| #define HAVE_DLFCN_H 1
| #define LT_OBJDIR ".libs/"
| /* end confdefs.h.  */
| /* Define shl_load to an innocuous variant, in case <limits.h> declares shl_load.
|    For example, HP-UX 11i <limits.h> declares gettimeofday.  */
| #define shl_load innocuous_shl_load
| 
| /* System header to define __stub macros and hopefully few prototypes,
|    which can conflict with char shl_load (); below.  */
| 
| #include <limits.h>
| #undef shl_load
| 
| /* Override any GCC internal prototype to avoid an error.
|    Use char because int might match the return type of a GCC
|    builtin and then its argument prototype would still apply.  */
| #ifdef __cplusplus
| extern "C"
| #endif
| char shl_load ();
| /* The GNU C library defines this for functions which it implements
|     to always fail with ENOSYS.  Some functions are actually named
|     something starting with __ and the normal name is an alias.  */
| #if defined __stub_shl_load || defined __stub___shl_load
| choke me
| #endif
| 
| int
| main (void)
| {
| return shl_load ();
|   ;
|   return 0;
| }
configure:12376: result: no
configure:12381: checking for shl_load in -ldld
configure:12404: gcc -o conftest -g -O2   conftest.c -ldld   >&5
/usr/bin/ld: cannot find -ldld: No such file or directory
collect2: error: ld returned 1 exit status
configure:12404: $? = 1
configure: failed program was:
| /* confdefs.h */
| #define PACKAGE_NAME "libltdl"
| #define PACKAGE_TARNAME "libltdl"
| #define PACKAGE_VERSION "2.4.3a"
| #define PACKAGE_STRING "libltdl 2.4.3a"
| #define PACKAGE_BUGREPORT "bug-libtool@gnu.org"
| #define PACKAGE_URL ""
| #define PACKAGE "libltdl"
| #define VERSION "2.4.3a"
| #define HAVE_STDIO_H 1
| #define HAVE_STDLIB_H 1
| #define HAVE_STRING_H 1
| #define HAVE_INTTYPES_H 1
| #define HAVE_STDINT_H 1
| #define HAVE_STRINGS_H 1
| #define HAVE_SYS_STAT_H 1
| #define HAVE_SYS_TYPES_H 1
| #define HAVE_UNISTD_H 1
| #define STDC_HEADERS 1
| #define HAVE_DLFCN_H 1
| #define LT_OBJDIR ".libs/"
| /* end confdefs.h.  */
| 
| /* Override any GCC internal prototype to avoid an error.
|    Use char because int might match the return type of a GCC
|    builtin and then its argument prototype would still apply.  */
| char shl_load ();
| int
| main (void)
| {
| return shl_load ();
|   ;
|   return 0;
| }
configure:12414: result: no
configure:12420: checking for dlopen
configure:12420: gcc -o conftest -g -O2   conftest.c  >&5
configure:12420: $? = 0
configure:12420: result: yes
configure:12578: checking whether a program can dlopen itself
configure:12659: gcc -o conftest -g -O2  -DHAVE_DLFCN_H  -Wl,--export-dynamic conftest.c   >&5
configure:12662: $? = 0
configure:12680: result: yes
configure:12685: checking whether a statically linked program can dlopen itself
configure:12766: gcc -o conftest -g -O2  -DHAVE_DLFCN_H  -Wl,--export-dynamic -static conftest.c   >&5
/usr/bin/ld: /tmp/ccw865If.o: in function `main':
/home/l1/Desktop/Thesis/Subjects/mp3splt/libmp3splt/libltdl/configure:12745: warning: Using 'dlopen' in statically linked applications requires at runtime the shared libraries from the glibc version used for linking
configure:12769: $? = 0
conftest: undefined symbol: _fnord
configure:12787: result: no
configure:12826: checking whether stripping libraries is possible
configure:12831: result: yes
configure:12866: checking if libtool supports shared libraries
configure:12868: result: yes
configure:12871: checking whether to build shared libraries
configure:12896: result: yes
configure:12899: checking whether to build static libraries
configure:12903: result: yes
configure:12940: checking what extension is used for runtime loadable modules
configure:12953: result: .so
configure:12971: checking what variable specifies run-time module search path
configure:12979: result: LD_LIBRARY_PATH
configure:12987: checking for the default library search path
configure:12995: result: /lib /usr/lib /usr/lib/x86_64-linux-gnu/libfakeroot /usr/local/lib /usr/local/lib/x86_64-linux-gnu /lib/x86_64-linux-gnu /usr/lib/x86_64-linux-gnu /lib32 /usr/lib32 
configure:13011: checking for gcc options needed to detect all undeclared functions
configure:13033: gcc -c -g -O2   conftest.c >&5
conftest.c: In function 'main':
conftest.c:30:8: error: 'strchr' undeclared (first use in this function)
   30 | (void) strchr;
      |        ^~~~~~
conftest.c:1:1: note: 'strchr' is defined in header '<string.h>'; did you forget to '#include <string.h>'?
    1 | /* confdefs.h */
conftest.c:30:8: note: each undeclared identifier is reported only once for each function it appears in
   30 | (void) strchr;
      |        ^~~~~~
configure:13033: $? = 1
configure: failed program was:
| /* confdefs.h */
| #define PACKAGE_NAME "libltdl"
| #define PACKAGE_TARNAME "libltdl"
| #define PACKAGE_VERSION "2.4.3a"
| #define PACKAGE_STRING "libltdl 2.4.3a"
| #define PACKAGE_BUGREPORT "bug-libtool@gnu.org"
| #define PACKAGE_URL ""
| #define PACKAGE "libltdl"
| #define VERSION "2.4.3a"
| #define HAVE_STDIO_H 1
| #define HAVE_STDLIB_H 1
| #define HAVE_STRING_H 1
| #define HAVE_INTTYPES_H 1
| #define HAVE_STDINT_H 1
| #define HAVE_STRINGS_H 1
| #define HAVE_SYS_STAT_H 1
| #define HAVE_SYS_TYPES_H 1
| #define HAVE_UNISTD_H 1
| #define STDC_HEADERS 1
| #define HAVE_DLFCN_H 1
| #define LT_OBJDIR ".libs/"
| #define LT_MODULE_EXT ".so"
| #define LT_MODULE_PATH_VAR "LD_LIBRARY_PATH"
| #define LT_DLSEARCH_PATH "/lib:/usr/lib:/usr/lib/x86_64-linux-gnu/libfakeroot:/usr/local/lib:/usr/local/lib/x86_64-linux-gnu:/lib/x86_64-linux-gnu:/usr/lib/x86_64-linux-gnu:/lib32:/usr/lib32"
| /* end confdefs.h.  */
| 
| int
| main (void)
| {
| (void) strchr;
|   ;
|   return 0;
| }
configure:13060: gcc -c -g -O2   conftest.c >&5
configure:13060: $? = 0
configure:13077: result: none needed
configure:13104: checking for library containing dlopen
configure:13134: gcc -o conftest -g -O2   conftest.c  >&5
configure:13134: $? = 0
configure:13154: result: none required
configure:13244: checking for dlerror
configure:13244: gcc -o conftest -g -O2   conftest.c   >&5
configure:13244: $? = 0
configure:13244: result: yes
configure:13256: checking for shl_load
configure:13256: result: no
configure:13264: checking for shl_load in -ldld
configure:13297: result: no
configure:13343: checking for dld_link in -ldld
configure:13366: gcc -o conftest -g -O2   conftest.c -ldld   >&5
/usr/bin/ld: cannot find -ldld: No such file or directory
collect2: error: ld returned 1 exit status
configure:13366: $? = 1
configure: failed program was:
| /* confdefs.h */
| #define PACKAGE_NAME "libltdl"
| #define PACKAGE_TARNAME "libltdl"
| #define PACKAGE_VERSION "2.4.3a"
| #define PACKAGE_STRING "libltdl 2.4.3a"
| #define PACKAGE_BUGREPORT "bug-libtool@gnu.org"
| #define PACKAGE_URL ""
| #define PACKAGE "libltdl"
| #define VERSION "2.4.3a"
| #define HAVE_STDIO_H 1
| #define HAVE_STDLIB_H 1
| #define HAVE_STRING_H 1
| #define HAVE_INTTYPES_H 1
| #define HAVE_STDINT_H 1
| #define HAVE_STRINGS_H 1
| #define HAVE_SYS_STAT_H 1
| #define HAVE_SYS_TYPES_H 1
| #define HAVE_UNISTD_H 1
| #define STDC_HEADERS 1
| #define HAVE_DLFCN_H 1
| #define LT_OBJDIR ".libs/"
| #define LT_MODULE_EXT ".so"
| #define LT_MODULE_PATH_VAR "LD_LIBRARY_PATH"
| #define LT_DLSEARCH_PATH "/lib:/usr/lib:/usr/lib/x86_64-linux-gnu/libfakeroot:/usr/local/lib:/usr/local/lib/x86_64-linux-gnu:/lib/x86_64-linux-gnu:/usr/lib/x86_64-linux-gnu:/lib32:/usr/lib32"
| #define HAVE_LIBDL 1
| #define HAVE_DLERROR 1
| /* end confdefs.h.  */
| 
| /* Override any GCC internal prototype to avoid an error.
|    Use char because int might match the return type of a GCC
|    builtin and then its argument prototype would still apply.  */
| char dld_link ();
| int
| main (void)
| {
| return dld_link ();
|   ;
|   return 0;
| }
configure:13376: result: no
configure:13412: checking for _ prefix in compiled symbols
configure:13423: gcc -c -g -O2  conftest.c >&5
configure:13426: $? = 0
configure:13430: /usr/bin/nm -B conftest.o \| sed -n -e 's/^.*[	 ]\([ABCDGIRSTW][ABCDGIRSTW]*\)[	 ][	 ]*\([_A-Za-z][_A-Za-z0-9]*\)$/\1 \2 \2/p' | sed '/ __gnu_lto/d' \> conftest.nm
configure:13433: $? = 0
configure:13455: result: no
configure:13573: checking whether deplibs are loaded by dlopen
configure:13671: result: yes
configure:13680: checking for argz.h
configure:13680: gcc -c -g -O2  conftest.c >&5
configure:13680: $? = 0
configure:13680: result: yes
configure:13689: checking for error_t
configure:13689: gcc -c -g -O2  conftest.c >&5
configure:13689: $? = 0
configure:13689: gcc -c -g -O2  conftest.c >&5
conftest.c: In function 'main':
conftest.c:37:22: error: expected expression before ')' token
   37 | if (sizeof ((error_t)))
      |                      ^
configure:13689: $? = 1
configure: failed program was:
| /* confdefs.h */
| #define PACKAGE_NAME "libltdl"
| #define PACKAGE_TARNAME "libltdl"
| #define PACKAGE_VERSION "2.4.3a"
| #define PACKAGE_STRING "libltdl 2.4.3a"
| #define PACKAGE_BUGREPORT "bug-libtool@gnu.org"
| #define PACKAGE_URL ""
| #define PACKAGE "libltdl"
| #define VERSION "2.4.3a"
| #define HAVE_STDIO_H 1
| #define HAVE_STDLIB_H 1
| #define HAVE_STRING_H 1
| #define HAVE_INTTYPES_H 1
| #define HAVE_STDINT_H 1
| #define HAVE_STRINGS_H 1
| #define HAVE_SYS_STAT_H 1
| #define HAVE_SYS_TYPES_H 1
| #define HAVE_UNISTD_H 1
| #define STDC_HEADERS 1
| #define HAVE_DLFCN_H 1
| #define LT_OBJDIR ".libs/"
| #define LT_MODULE_EXT ".so"
| #define LT_MODULE_PATH_VAR "LD_LIBRARY_PATH"
| #define LT_DLSEARCH_PATH "/lib:/usr/lib:/usr/lib/x86_64-linux-gnu/libfakeroot:/usr/local/lib:/usr/local/lib/x86_64-linux-gnu:/lib/x86_64-linux-gnu:/usr/lib/x86_64-linux-gnu:/lib32:/usr/lib32"
| #define HAVE_LIBDL 1
| #define HAVE_DLERROR 1
| #define HAVE_LIBDLLOADER 1
| #define HAVE_ARGZ_H 1
| /* end confdefs.h.  */
| #if defined(HAVE_ARGZ_H)
| #  include <argz.h>
| #endif
| 
| int
| main (void)
| {
| if (sizeof ((error_t)))
| 	    return 0;
|   ;
|   return 0;
| }
configure:13689: result: yes
configure:13714: checking for argz_add
configure:13714: gcc -o conftest -g -O2   conftest.c  >&5
configure:13714: $? = 0
configure:13714: result: yes
configure:13714: checking for argz_append
configure:13714: gcc -o conftest -g -O2   conftest.c  >&5
configure:13714: $? = 0
configure:13714: result: yes
configure:13714: checking for argz_count
configure:13714: gcc -o conftest -g -O2   conftest.c  >&5
configure:13714: $? = 0
configure:13714: result: yes
configure:13714: checking for argz_create_sep
configure:13714: gcc -o conftest -g -O2   conftest.c  >&5
configure:13714: $? = 0
configure:13714: result: yes
configure:13714: checking for argz_insert
configure:13714: gcc -o conftest -g -O2   conftest.c  >&5
configure:13714: $? = 0
configure:13714: result: yes
configure:13714: checking for argz_next
configure:13714: gcc -o conftest -g -O2   conftest.c  >&5
configure:13714: $? = 0
configure:13714: result: yes
configure:13714: checking for argz_stringify
configure:13714: gcc -o conftest -g -O2   conftest.c  >&5
configure:13714: $? = 0
configure:13714: result: yes
configure:13734: checking if argz actually works
configure:13766: result: yes
configure:13786: checking whether libtool supports -dlopen/-dlpreopen
configure:13799: result: yes
configure:13850: checking for unistd.h
configure:13850: result: yes
configure:13857: checking for dl.h
configure:13857: gcc -c -g -O2  conftest.c >&5
conftest.c:70:10: fatal error: dl.h: No such file or directory
   70 | #include <dl.h>
      |          ^~~~~~
compilation terminated.
configure:13857: $? = 1
configure: failed program was:
| /* confdefs.h */
| #define PACKAGE_NAME "libltdl"
| #define PACKAGE_TARNAME "libltdl"
| #define PACKAGE_VERSION "2.4.3a"
| #define PACKAGE_STRING "libltdl 2.4.3a"
| #define PACKAGE_BUGREPORT "bug-libtool@gnu.org"
| #define PACKAGE_URL ""
| #define PACKAGE "libltdl"
| #define VERSION "2.4.3a"
| #define HAVE_STDIO_H 1
| #define HAVE_STDLIB_H 1
| #define HAVE_STRING_H 1
| #define HAVE_INTTYPES_H 1
| #define HAVE_STDINT_H 1
| #define HAVE_STRINGS_H 1
| #define HAVE_SYS_STAT_H 1
| #define HAVE_SYS_TYPES_H 1
| #define HAVE_UNISTD_H 1
| #define STDC_HEADERS 1
| #define HAVE_DLFCN_H 1
| #define LT_OBJDIR ".libs/"
| #define LT_MODULE_EXT ".so"
| #define LT_MODULE_PATH_VAR "LD_LIBRARY_PATH"
| #define LT_DLSEARCH_PATH "/lib:/usr/lib:/usr/lib/x86_64-linux-gnu/libfakeroot:/usr/local/lib:/usr/local/lib/x86_64-linux-gnu:/lib/x86_64-linux-gnu:/usr/lib/x86_64-linux-gnu:/lib32:/usr/lib32"
| #define HAVE_LIBDL 1
| #define HAVE_DLERROR 1
| #define HAVE_LIBDLLOADER 1
| #define HAVE_ARGZ_H 1
| #define HAVE_ERROR_T 1
| #define HAVE_ARGZ_ADD 1
| #define HAVE_ARGZ_APPEND 1
| #define HAVE_ARGZ_COUNT 1
| #define HAVE_ARGZ_CREATE_SEP 1
| #define HAVE_ARGZ_INSERT 1
| #define HAVE_ARGZ_NEXT 1
| #define HAVE_ARGZ_STRINGIFY 1
| #define HAVE_WORKING_ARGZ 1
| #define HAVE_PRELOADED_SYMBOLS 1
| #define HAVE_UNISTD_H 1
| /* end confdefs.h.  */
| #include <stddef.h>
| #ifdef HAVE_STDIO_H
| # include <stdio.h>
| #endif
| #ifdef HAVE_STDLIB_H
| # include <stdlib.h>
| #endif
| #ifdef HAVE_STRING_H
| # include <string.h>
| #endif
| #ifdef HAVE_INTTYPES_H
| # include <inttypes.h>
| #endif
| #ifdef HAVE_STDINT_H
| # include <stdint.h>
| #endif
| #ifdef HAVE_STRINGS_H
| # include <strings.h>
| #endif
| #ifdef HAVE_SYS_TYPES_H
| # include <sys/types.h>
| #endif
| #ifdef HAVE_SYS_STAT_H
| # include <sys/stat.h>
| #endif
| #ifdef HAVE_UNISTD_H
| # include <unistd.h>
| #endif
| 
| #include <dl.h>
configure:13857: result: no
configure:13864: checking for sys/dl.h
configure:13864: gcc -c -g -O2  conftest.c >&5
conftest.c:70:10: fatal error: sys/dl.h: No such file or directory
   70 | #include <sys/dl.h>
      |          ^~~~~~~~~~
compilation terminated.
configure:13864: $? = 1
configure: failed program was:
| /* confdefs.h */
| #define PACKAGE_NAME "libltdl"
| #define PACKAGE_TARNAME "libltdl"
| #define PACKAGE_VERSION "2.4.3a"
| #define PACKAGE_STRING "libltdl 2.4.3a"
| #define PACKAGE_BUGREPORT "bug-libtool@gnu.org"
| #define PACKAGE_URL ""
| #define PACKAGE "libltdl"
| #define VERSION "2.4.3a"
| #define HAVE_STDIO_H 1
| #define HAVE_STDLIB_H 1
| #define HAVE_STRING_H 1
| #define HAVE_INTTYPES_H 1
| #define HAVE_STDINT_H 1
| #define HAVE_STRINGS_H 1
| #define HAVE_SYS_STAT_H 1
| #define HAVE_SYS_TYPES_H 1
| #define HAVE_UNISTD_H 1
| #define STDC_HEADERS 1
| #define HAVE_DLFCN_H 1
| #define LT_OBJDIR ".libs/"
| #define LT_MODULE_EXT ".so"
| #define LT_MODULE_PATH_VAR "LD_LIBRARY_PATH"
| #define LT_DLSEARCH_PATH "/lib:/usr/lib:/usr/lib/x86_64-linux-gnu/libfakeroot:/usr/local/lib:/usr/local/lib/x86_64-linux-gnu:/lib/x86_64-linux-gnu:/usr/lib/x86_64-linux-gnu:/lib32:/usr/lib32"
| #define HAVE_LIBDL 1
| #define HAVE_DLERROR 1
| #define HAVE_LIBDLLOADER 1
| #define HAVE_ARGZ_H 1
| #define HAVE_ERROR_T 1
| #define HAVE_ARGZ_ADD 1
| #define HAVE_ARGZ_APPEND 1
| #define HAVE_ARGZ_COUNT 1
| #define HAVE_ARGZ_CREATE_SEP 1
| #define HAVE_ARGZ_INSERT 1
| #define HAVE_ARGZ_NEXT 1
| #define HAVE_ARGZ_STRINGIFY 1
| #define HAVE_WORKING_ARGZ 1
| #define HAVE_PRELOADED_SYMBOLS 1
| #define HAVE_UNISTD_H 1
| /* end confdefs.h.  */
| #include <stddef.h>
| #ifdef HAVE_STDIO_H
| # include <stdio.h>
| #endif
| #ifdef HAVE_STDLIB_H
| # include <stdlib.h>
| #endif
| #ifdef HAVE_STRING_H
| # include <string.h>
| #endif
| #ifdef HAVE_INTTYPES_H
| # include <inttypes.h>
| #endif
| #ifdef HAVE_STDINT_H
| # include <stdint.h>
| #endif
| #ifdef HAVE_STRINGS_H
| # include <strings.h>
| #endif
| #ifdef HAVE_SYS_TYPES_H
| # include <sys/types.h>
| #endif
| #ifdef HAVE_SYS_STAT_H
| # include <sys/stat.h>
| #endif
| #ifdef HAVE_UNISTD_H
| # include <unistd.h>
| #endif
| 
| #include <sys/dl.h>
configure:13864: result: no
configure:13871: checking for dld.h
configure:13871: gcc -c -g -O2  conftest.c >&5
conftest.c:70:10: fatal error: dld.h: No such file or directory
   70 | #include <dld.h>
      |          ^~~~~~~
compilation terminated.
configure:13871: $? = 1
configure: failed program was:
| /* confdefs.h */
| #define PACKAGE_NAME "libltdl"
| #define PACKAGE_TARNAME "libltdl"
| #define PACKAGE_VERSION "2.4.3a"
| #define PACKAGE_STRING "libltdl 2.4.3a"
| #define PACKAGE_BUGREPORT "bug-libtool@gnu.org"
| #define PACKAGE_URL ""
| #define PACKAGE "libltdl"
| #define VERSION "2.4.3a"
| #define HAVE_STDIO_H 1
| #define HAVE_STDLIB_H 1
| #define HAVE_STRING_H 1
| #define HAVE_INTTYPES_H 1
| #define HAVE_STDINT_H 1
| #define HAVE_STRINGS_H 1
| #define HAVE_SYS_STAT_H 1
| #define HAVE_SYS_TYPES_H 1
| #define HAVE_UNISTD_H 1
| #define STDC_HEADERS 1
| #define HAVE_DLFCN_H 1
| #define LT_OBJDIR ".libs/"
| #define LT_MODULE_EXT ".so"
| #define LT_MODULE_PATH_VAR "LD_LIBRARY_PATH"
| #define LT_DLSEARCH_PATH "/lib:/usr/lib:/usr/lib/x86_64-linux-gnu/libfakeroot:/usr/local/lib:/usr/local/lib/x86_64-linux-gnu:/lib/x86_64-linux-gnu:/usr/lib/x86_64-linux-gnu:/lib32:/usr/lib32"
| #define HAVE_LIBDL 1
| #define HAVE_DLERROR 1
| #define HAVE_LIBDLLOADER 1
| #define HAVE_ARGZ_H 1
| #define HAVE_ERROR_T 1
| #define HAVE_ARGZ_ADD 1
| #define HAVE_ARGZ_APPEND 1
| #define HAVE_ARGZ_COUNT 1
| #define HAVE_ARGZ_CREATE_SEP 1
| #define HAVE_ARGZ_INSERT 1
| #define HAVE_ARGZ_NEXT 1
| #define HAVE_ARGZ_STRINGIFY 1
| #define HAVE_WORKING_ARGZ 1
| #define HAVE_PRELOADED_SYMBOLS 1
| #define HAVE_UNISTD_H 1
| /* end confdefs.h.  */
| #include <stddef.h>
| #ifdef HAVE_STDIO_H
| # include <stdio.h>
| #endif
| #ifdef HAVE_STDLIB_H
| # include <stdlib.h>
| #endif
| #ifdef HAVE_STRING_H
| # include <string.h>
| #endif
| #ifdef HAVE_INTTYPES_H
| # include <inttypes.h>
| #endif
| #ifdef HAVE_STDINT_H
| # include <stdint.h>
| #endif
| #ifdef HAVE_STRINGS_H
| # include <strings.h>
| #endif
| #ifdef HAVE_SYS_TYPES_H
| # include <sys/types.h>
| #endif
| #ifdef HAVE_SYS_STAT_H
| # include <sys/stat.h>
| #endif
| #ifdef HAVE_UNISTD_H
| # include <unistd.h>
| #endif
| 
| #include <dld.h>
configure:13871: result: no
configure:13878: checking for mach-o/dyld.h
configure:13878: gcc -c -g -O2  conftest.c >&5
conftest.c:70:10: fatal error: mach-o/dyld.h: No such file or directory
   70 | #include <mach-o/dyld.h>
      |          ^~~~~~~~~~~~~~~
compilation terminated.
configure:13878: $? = 1
configure: failed program was:
| /* confdefs.h */
| #define PACKAGE_NAME "libltdl"
| #define PACKAGE_TARNAME "libltdl"
| #define PACKAGE_VERSION "2.4.3a"
| #define PACKAGE_STRING "libltdl 2.4.3a"
| #define PACKAGE_BUGREPORT "bug-libtool@gnu.org"
| #define PACKAGE_URL ""
| #define PACKAGE "libltdl"
| #define VERSION "2.4.3a"
| #define HAVE_STDIO_H 1
| #define HAVE_STDLIB_H 1
| #define HAVE_STRING_H 1
| #define HAVE_INTTYPES_H 1
| #define HAVE_STDINT_H 1
| #define HAVE_STRINGS_H 1
| #define HAVE_SYS_STAT_H 1
| #define HAVE_SYS_TYPES_H 1
| #define HAVE_UNISTD_H 1
| #define STDC_HEADERS 1
| #define HAVE_DLFCN_H 1
| #define LT_OBJDIR ".libs/"
| #define LT_MODULE_EXT ".so"
| #define LT_MODULE_PATH_VAR "LD_LIBRARY_PATH"
| #define LT_DLSEARCH_PATH "/lib:/usr/lib:/usr/lib/x86_64-linux-gnu/libfakeroot:/usr/local/lib:/usr/local/lib/x86_64-linux-gnu:/lib/x86_64-linux-gnu:/usr/lib/x86_64-linux-gnu:/lib32:/usr/lib32"
| #define HAVE_LIBDL 1
| #define HAVE_DLERROR 1
| #define HAVE_LIBDLLOADER 1
| #define HAVE_ARGZ_H 1
| #define HAVE_ERROR_T 1
| #define HAVE_ARGZ_ADD 1
| #define HAVE_ARGZ_APPEND 1
| #define HAVE_ARGZ_COUNT 1
| #define HAVE_ARGZ_CREATE_SEP 1
| #define HAVE_ARGZ_INSERT 1
| #define HAVE_ARGZ_NEXT 1
| #define HAVE_ARGZ_STRINGIFY 1
| #define HAVE_WORKING_ARGZ 1
| #define HAVE_PRELOADED_SYMBOLS 1
| #define HAVE_UNISTD_H 1
| /* end confdefs.h.  */
| #include <stddef.h>
| #ifdef HAVE_STDIO_H
| # include <stdio.h>
| #endif
| #ifdef HAVE_STDLIB_H
| # include <stdlib.h>
| #endif
| #ifdef HAVE_STRING_H
| # include <string.h>
| #endif
| #ifdef HAVE_INTTYPES_H
| # include <inttypes.h>
| #endif
| #ifdef HAVE_STDINT_H
| # include <stdint.h>
| #endif
| #ifdef HAVE_STRINGS_H
| # include <strings.h>
| #endif
| #ifdef HAVE_SYS_TYPES_H
| # include <sys/types.h>
| #endif
| #ifdef HAVE_SYS_STAT_H
| # include <sys/stat.h>
| #endif
| #ifdef HAVE_UNISTD_H
| # include <unistd.h>
| #endif
| 
| #include <mach-o/dyld.h>
configure:13878: result: no
configure:13885: checking for dirent.h
configure:13885: gcc -c -g -O2  conftest.c >&5
configure:13885: $? = 0
configure:13885: result: yes
configure:13898: checking for closedir
configure:13898: gcc -o conftest -g -O2   conftest.c  >&5
configure:13898: $? = 0
configure:13898: result: yes
configure:13898: checking for opendir
configure:13898: gcc -o conftest -g -O2   conftest.c  >&5
configure:13898: $? = 0
configure:13898: result: yes
configure:13898: checking for readdir
configure:13898: gcc -o conftest -g -O2   conftest.c  >&5
configure:13898: $? = 0
configure:13898: result: yes
configure:13919: checking for strlcat
configure:13919: gcc -o conftest -g -O2   conftest.c  >&5
/usr/bin/ld: /tmp/ccqdRmwH.o: in function `main':
/home/l1/Desktop/Thesis/Subjects/mp3splt/libmp3splt/libltdl/conftest.c:72: undefined reference to `strlcat'
collect2: error: ld returned 1 exit status
configure:13919: $? = 1
configure: failed program was:
| /* confdefs.h */
| #define PACKAGE_NAME "libltdl"
| #define PACKAGE_TARNAME "libltdl"
| #define PACKAGE_VERSION "2.4.3a"
| #define PACKAGE_STRING "libltdl 2.4.3a"
| #define PACKAGE_BUGREPORT "bug-libtool@gnu.org"
| #define PACKAGE_URL ""
| #define PACKAGE "libltdl"
| #define VERSION "2.4.3a"
| #define HAVE_STDIO_H 1
| #define HAVE_STDLIB_H 1
| #define HAVE_STRING_H 1
| #define HAVE_INTTYPES_H 1
| #define HAVE_STDINT_H 1
| #define HAVE_STRINGS_H 1
| #define HAVE_SYS_STAT_H 1
| #define HAVE_SYS_TYPES_H 1
| #define HAVE_UNISTD_H 1
| #define STDC_HEADERS 1
| #define HAVE_DLFCN_H 1
| #define LT_OBJDIR ".libs/"
| #define LT_MODULE_EXT ".so"
| #define LT_MODULE_PATH_VAR "LD_LIBRARY_PATH"
| #define LT_DLSEARCH_PATH "/lib:/usr/lib:/usr/lib/x86_64-linux-gnu/libfakeroot:/usr/local/lib:/usr/local/lib/x86_64-linux-gnu:/lib/x86_64-linux-gnu:/usr/lib/x86_64-linux-gnu:/lib32:/usr/lib32"
| #define HAVE_LIBDL 1
| #define HAVE_DLERROR 1
| #define HAVE_LIBDLLOADER 1
| #define HAVE_ARGZ_H 1
| #define HAVE_ERROR_T 1
| #define HAVE_ARGZ_ADD 1
| #define HAVE_ARGZ_APPEND 1
| #define HAVE_ARGZ_COUNT 1
| #define HAVE_ARGZ_CREATE_SEP 1
| #define HAVE_ARGZ_INSERT 1
| #define HAVE_ARGZ_NEXT 1
| #define HAVE_ARGZ_STRINGIFY 1
| #define HAVE_WORKING_ARGZ 1
| #define HAVE_PRELOADED_SYMBOLS 1
| #define HAVE_UNISTD_H 1
| #define HAVE_DIRENT_H 1
| #define HAVE_CLOSEDIR 1
| #define HAVE_OPENDIR 1
| #define HAVE_READDIR 1
| /* end confdefs.h.  */
| /* Define strlcat to an innocuous variant, in case <limits.h> declares strlcat.
|    For example, HP-UX 11i <limits.h> declares gettimeofday.  */
| #define strlcat innocuous_strlcat
| 
| /* System header to define __stub macros and hopefully few prototypes,
|    which can conflict with char strlcat (); below.  */
| 
| #include <limits.h>
| #undef strlcat
| 
| /* Override any GCC internal prototype to avoid an error.
|    Use char because int might match the return type of a GCC
|    builtin and then its argument prototype would still apply.  */
| #ifdef __cplusplus
| extern "C"
| #endif
| char strlcat ();
| /* The GNU C library defines this for functions which it implements
|     to always fail with ENOSYS.  Some functions are actually named
|     something starting with __ and the normal name is an alias.  */
| #if defined __stub_strlcat || defined __stub___strlcat
| choke me
| #endif
| 
| int
| main (void)
| {
| return strlcat ();
|   ;
|   return 0;
| }
configure:13919: result: no
configure:13919: checking for strlcpy
configure:13919: gcc -o conftest -g -O2   conftest.c  >&5
/usr/bin/ld: /tmp/cc1b4XWp.o: in function `main':
/home/l1/Desktop/Thesis/Subjects/mp3splt/libmp3splt/libltdl/conftest.c:72: undefined reference to `strlcpy'
collect2: error: ld returned 1 exit status
configure:13919: $? = 1
configure: failed program was:
| /* confdefs.h */
| #define PACKAGE_NAME "libltdl"
| #define PACKAGE_TARNAME "libltdl"
| #define PACKAGE_VERSION "2.4.3a"
| #define PACKAGE_STRING "libltdl 2.4.3a"
| #define PACKAGE_BUGREPORT "bug-libtool@gnu.org"
| #define PACKAGE_URL ""
| #define PACKAGE "libltdl"
| #define VERSION "2.4.3a"
| #define HAVE_STDIO_H 1
| #define HAVE_STDLIB_H 1
| #define HAVE_STRING_H 1
| #define HAVE_INTTYPES_H 1
| #define HAVE_STDINT_H 1
| #define HAVE_STRINGS_H 1
| #define HAVE_SYS_STAT_H 1
| #define HAVE_SYS_TYPES_H 1
| #define HAVE_UNISTD_H 1
| #define STDC_HEADERS 1
| #define HAVE_DLFCN_H 1
| #define LT_OBJDIR ".libs/"
| #define LT_MODULE_EXT ".so"
| #define LT_MODULE_PATH_VAR "LD_LIBRARY_PATH"
| #define LT_DLSEARCH_PATH "/lib:/usr/lib:/usr/lib/x86_64-linux-gnu/libfakeroot:/usr/local/lib:/usr/local/lib/x86_64-linux-gnu:/lib/x86_64-linux-gnu:/usr/lib/x86_64-linux-gnu:/lib32:/usr/lib32"
| #define HAVE_LIBDL 1
| #define HAVE_DLERROR 1
| #define HAVE_LIBDLLOADER 1
| #define HAVE_ARGZ_H 1
| #define HAVE_ERROR_T 1
| #define HAVE_ARGZ_ADD 1
| #define HAVE_ARGZ_APPEND 1
| #define HAVE_ARGZ_COUNT 1
| #define HAVE_ARGZ_CREATE_SEP 1
| #define HAVE_ARGZ_INSERT 1
| #define HAVE_ARGZ_NEXT 1
| #define HAVE_ARGZ_STRINGIFY 1
| #define HAVE_WORKING_ARGZ 1
| #define HAVE_PRELOADED_SYMBOLS 1
| #define HAVE_UNISTD_H 1
| #define HAVE_DIRENT_H 1
| #define HAVE_CLOSEDIR 1
| #define HAVE_OPENDIR 1
| #define HAVE_READDIR 1
| /* end confdefs.h.  */
| /* Define strlcpy to an innocuous variant, in case <limits.h> declares strlcpy.
|    For example, HP-UX 11i <limits.h> declares gettimeofday.  */
| #define strlcpy innocuous_strlcpy
| 
| /* System header to define __stub macros and hopefully few prototypes,
|    which can conflict with char strlcpy (); below.  */
| 
| #include <limits.h>
| #undef strlcpy
| 
| /* Override any GCC internal prototype to avoid an error.
|    Use char because int might match the return type of a GCC
|    builtin and then its argument prototype would still apply.  */
| #ifdef __cplusplus
| extern "C"
| #endif
| char strlcpy ();
| /* The GNU C library defines this for functions which it implements
|     to always fail with ENOSYS.  Some functions are actually named
|     something starting with __ and the normal name is an alias.  */
| #if defined __stub_strlcpy || defined __stub___strlcpy
| choke me
| #endif
| 
| int
| main (void)
| {
| return strlcpy ();
|   ;
|   return 0;
| }
configure:13919: result: no
configure:14059: checking that generated files are newer than configure
configure:14065: result: done
configure:14097: creating ./config.status

## ---------------------- ##
## Running config.status. ##
## ---------------------- ##

This file was extended by libltdl config.status 2.4.3a, which was
generated by GNU Autoconf 2.71.  Invocation command line was

  CONFIG_FILES    = 
  CONFIG_HEADERS  = 
  CONFIG_LINKS    = 
  CONFIG_COMMANDS = 
  $ ./config.status 

on L1

config.status:1120: creating Makefile
config.status:1120: creating config.h
config.status:1349: executing depfiles commands
config.status:1426: cd .       && sed -e '/# am--include-marker/d' Makefile         | make -f - am--depfiles
config.status:1431: $? = 0
config.status:1349: executing libtool commands

## ---------------- ##
## Cache variables. ##
## ---------------- ##

ac_cv_build=x86_64-pc-linux-gnu
ac_cv_c_compiler_gnu=yes
ac_cv_c_undeclared_builtin_options='none needed'
ac_cv_env_CC_set=
ac_cv_env_CC_value=
ac_cv_env_CFLAGS_set=
ac_cv_env_CFLAGS_value=
ac_cv_env_CPPFLAGS_set=
ac_cv_env_CPPFLAGS_value=
ac_cv_env_LDFLAGS_set=
ac_cv_env_LDFLAGS_value=
ac_cv_env_LIBS_set=
ac_cv_env_LIBS_value=
ac_cv_env_LT_SYS_LIBRARY_PATH_set=
ac_cv_env_LT_SYS_LIBRARY_PATH_value=
ac_cv_env_build_alias_set=
ac_cv_env_build_alias_value=
ac_cv_env_host_alias_set=
ac_cv_env_host_alias_value=
ac_cv_env_target_alias_set=
ac_cv_env_target_alias_value=
ac_cv_func_argz_add=yes
ac_cv_func_argz_append=yes
ac_cv_func_argz_count=yes
ac_cv_func_argz_create_sep=yes
ac_cv_func_argz_insert=yes
ac_cv_func_argz_next=yes
ac_cv_func_argz_stringify=yes
ac_cv_func_closedir=yes
ac_cv_func_dlerror=yes
ac_cv_func_dlopen=yes
ac_cv_func_opendir=yes
ac_cv_func_readdir=yes
ac_cv_func_shl_load=no
ac_cv_func_strlcat=no
ac_cv_func_strlcpy=no
ac_cv_header_argz_h=yes
ac_cv_header_dirent_h=yes
ac_cv_header_dl_h=no
ac_cv_header_dld_h=no
ac_cv_header_dlfcn_h=yes
ac_cv_header_inttypes_h=yes
ac_cv_header_mach_o_dyld_h=no
ac_cv_header_stdint_h=yes
ac_cv_header_stdio_h=yes
ac_cv_header_stdlib_h=yes
ac_cv_header_string_h=yes
ac_cv_header_strings_h=yes
ac_cv_header_sys_dl_h=no
ac_cv_header_sys_stat_h=yes
ac_cv_header_sys_types_h=yes
ac_cv_header_unistd_h=yes
ac_cv_host=x86_64-pc-linux-gnu
ac_cv_lib_dld_dld_link=no
ac_cv_lib_dld_shl_load=no
ac_cv_objext=o
ac_cv_path_EGREP='/usr/bin/grep -E'
ac_cv_path_FGREP='/usr/bin/grep -F'
ac_cv_path_GREP=/usr/bin/grep
ac_cv_path_SED=/usr/bin/sed
ac_cv_path_install='/usr/bin/install -c'
ac_cv_path_lt_DD=/usr/bin/dd
ac_cv_path_mkdir=/usr/bin/mkdir
ac_cv_prog_AWK=mawk
ac_cv_prog_ac_ct_AR=ar
ac_cv_prog_ac_ct_CC=gcc
ac_cv_prog_ac_ct_MANIFEST_TOOL=mt
ac_cv_prog_ac_ct_OBJDUMP=objdump
ac_cv_prog_ac_ct_RANLIB=ranlib
ac_cv_prog_ac_ct_STRIP=strip
ac_cv_prog_cc_c11=
ac_cv_prog_cc_g=yes
ac_cv_prog_cc_stdc=
ac_cv_prog_make_make_set=yes
ac_cv_search_dlopen='none required'
ac_cv_type_error_t=yes
am_cv_CC_dependencies_compiler_type=gcc3
am_cv_make_support_nested_variables=yes
am_cv_prog_cc_c_o=yes
libltdl_cv_lib_dl_dlopen=yes
libltdl_cv_preloaded_symbols=yes
libltdl_cv_shlibext=.so
libltdl_cv_shrext=.so
lt_cv_ar_at_file=@
lt_cv_archive_cmds_need_lc=no
lt_cv_deplibs_check_method=pass_all
lt_cv_dlopen=dlopen
lt_cv_dlopen_libs=
lt_cv_dlopen_self=yes
lt_cv_dlopen_self_static=no
lt_cv_file_magic_cmd='$MAGIC_CMD'
lt_cv_file_magic_test_file=
lt_cv_ld_reload_flag=-r
lt_cv_module_path_var=LD_LIBRARY_PATH
lt_cv_nm_interface='BSD nm'
lt_cv_objdir=.libs
lt_cv_path_LD=/usr/bin/ld
lt_cv_path_NM='/usr/bin/nm -B'
lt_cv_path_mainfest_tool=no
lt_cv_prog_compiler_c_o=yes
lt_cv_prog_compiler_pic='-fPIC -DPIC'
lt_cv_prog_compiler_pic_works=yes
lt_cv_prog_compiler_rtti_exceptions=no
lt_cv_prog_compiler_static_works=yes
lt_cv_prog_gnu_ld=yes
lt_cv_sharedlib_from_linklib_cmd='printf %s\n'
lt_cv_shlibpath_overrides_runpath=yes
lt_cv_sys_argz_works=yes
lt_cv_sys_dlopen_deplibs=yes
lt_cv_sys_dlsearch_path='/lib /usr/lib /usr/lib/x86_64-linux-gnu/libfakeroot /usr/local/lib /usr/local/lib/x86_64-linux-gnu /lib/x86_64-linux-gnu /usr/lib/x86_64-linux-gnu /lib32 /usr/lib32 '
lt_cv_sys_global_symbol_pipe='sed -n -e '\''s/^.*[	 ]\([ABCDGIRSTW][ABCDGIRSTW]*\)[	 ][	 ]*\([_A-Za-z][_A-Za-z0-9]*\)$/\1 \2 \2/p'\'' | sed '\''/ __gnu_lto/d'\'''
lt_cv_sys_global_symbol_to_c_name_address='sed -n -e '\''s/^: \(.*\) .*$/  {"\1", (void *) 0},/p'\'' -e '\''s/^[ABCDGIRSTW][ABCDGIRSTW]* .* \(.*\)$/  {"\1", (void *) \&\1},/p'\'''
lt_cv_sys_global_symbol_to_c_name_address_lib_prefix='sed -n -e '\''s/^: \(.*\) .*$/  {"\1", (void *) 0},/p'\'' -e '\''s/^[ABCDGIRSTW][ABCDGIRSTW]* .* \(lib.*\)$/  {"\1", (void *) \&\1},/p'\'' -e '\''s/^[ABCDGIRSTW][ABCDGIRSTW]* .* \(.*\)$/  {"lib\1", (void *) \&\1},/p'\'''
lt_cv_sys_global_symbol_to_cdecl='sed -n -e '\''s/^T .* \(.*\)$/extern int \1();/p'\'' -e '\''s/^[ABCDGIRSTW][ABCDGIRSTW]* .* \(.*\)$/extern char \1;/p'\'''
lt_cv_sys_global_symbol_to_import=
lt_cv_sys_max_cmd_len=1572864
lt_cv_sys_symbol_underscore=no
lt_cv_to_host_file_cmd=func_convert_file_noop
lt_cv_to_tool_file_cmd=func_convert_file_noop
lt_cv_truncate_bin='/usr/bin/dd bs=4096 count=1'

## ----------------- ##
## Output variables. ##
## ----------------- ##

ACLOCAL='${SHELL} '\''/home/l1/Desktop/Thesis/Subjects/mp3splt/libmp3splt/libltdl/config/missing'\'' aclocal-1.16'
AMDEPBACKSLASH='\'
AMDEP_FALSE='#'
AMDEP_TRUE=''
AMTAR='$${TAR-tar}'
AM_BACKSLASH='\'
AM_DEFAULT_V='$(AM_DEFAULT_VERBOSITY)'
AM_DEFAULT_VERBOSITY='0'
AM_V='$(V)'
AR='ar'
AS='as'
AUTOCONF='${SHELL} '\''/home/l1/Desktop/Thesis/Subjects/mp3splt/libmp3splt/libltdl/config/missing'\'' autoconf'
AUTOHEADER='${SHELL} '\''/home/l1/Desktop/Thesis/Subjects/mp3splt/libmp3splt/libltdl/config/missing'\'' autoheader'
AUTOMAKE='${SHELL} '\''/home/l1/Desktop/Thesis/Subjects/mp3splt/libmp3splt/libltdl/config/missing'\'' automake-1.16'
AWK='mawk'
CC='gcc'
CCDEPMODE='depmode=gcc3'
CFLAGS='-g -O2'
CONVENIENCE_LTDL_FALSE='#'
CONVENIENCE_LTDL_TRUE=''
CPPFLAGS=''
CSCOPE='cscope'
CTAGS='ctags'
CYGPATH_W='echo'
DEFS='-DHAVE_CONFIG_H'
DEPDIR='.deps'
DLLTOOL='false'
DSYMUTIL=''
DUMPBIN=''
ECHO_C=''
ECHO_N='-n'
ECHO_T=''
EGREP='/usr/bin/grep -E'
ETAGS='etags'
EXEEXT=''
FGREP='/usr/bin/grep -F'
GREP='/usr/bin/grep'
INSTALL_DATA='${INSTALL} -m 644'
INSTALL_LTDL_FALSE=''
INSTALL_LTDL_TRUE='#'
INSTALL_PROGRAM='${INSTALL}'
INSTALL_SCRIPT='${INSTALL}'
INSTALL_STRIP_PROGRAM='$(install_sh) -c -s'
LD='/usr/bin/ld -m elf_x86_64'
LDFLAGS=''
LIBADD_DL=' '
LIBADD_DLD_LINK=''
LIBADD_DLOPEN=''
LIBADD_SHL_LOAD=''
LIBOBJS=' ${LIBOBJDIR}lt__strl$U.o'
LIBS=''
LIBTOOL='$(SHELL) $(top_builddir)/libtool'
LIPO=''
LN_S='ln -s'
LTDLOPEN='libltdl'
LTLIBOBJS=' ${LIBOBJDIR}lt__strl$U.lo'
LT_ARGZ_H=''
LT_CONFIG_H='config.h'
LT_DLLOADERS=' dlopen.la'
LT_DLPREOPEN='-dlpreopen dlopen.la '
LT_SYS_LIBRARY_PATH=''
MAKEINFO='${SHELL} '\''/home/l1/Desktop/Thesis/Subjects/mp3splt/libmp3splt/libltdl/config/missing'\'' makeinfo'
MANIFEST_TOOL=':'
MKDIR_P='/usr/bin/mkdir -p'
NM='/usr/bin/nm -B'
NMEDIT=''
OBJDUMP='objdump'
OBJEXT='o'
OTOOL64=''
OTOOL=''
PACKAGE='libltdl'
PACKAGE_BUGREPORT='bug-libtool@gnu.org'
PACKAGE_NAME='libltdl'
PACKAGE_STRING='libltdl 2.4.3a'
PACKAGE_TARNAME='libltdl'
PACKAGE_URL=''
PACKAGE_VERSION='2.4.3a'
PATH_SEPARATOR=':'
RANLIB='ranlib'
SED='/usr/bin/sed'
SET_MAKE=''
SHELL='/bin/bash'
STRIP='strip'
VERSION='2.4.3a'
ac_ct_AR='ar'
ac_ct_CC='gcc'
ac_ct_DUMPBIN=''
am__EXEEXT_FALSE=''
am__EXEEXT_TRUE='#'
am__fastdepCC_FALSE='#'
am__fastdepCC_TRUE=''
am__include='include'
am__isrc=''
am__leading_dot='.'
am__nodep='_no'
am__quote=''
am__tar='$${TAR-tar} chof - "$$tardir"'
am__untar='$${TAR-tar} xf -'
bindir='${exec_prefix}/bin'
build='x86_64-pc-linux-gnu'
build_alias=''
build_cpu='x86_64'
build_os='linux-gnu'
build_vendor='pc'
datadir='${datarootdir}'
datarootdir='${prefix}/share'
docdir='${datarootdir}/doc/${PACKAGE_TARNAME}'
dvidir='${docdir}'
exec_prefix='${prefix}'
host='x86_64-pc-linux-gnu'
host_alias=''
host_cpu='x86_64'
host_os='linux-gnu'
host_vendor='pc'
htmldir='${docdir}'
includedir='${prefix}/include'
infodir='${datarootdir}/info'
install_sh='${SHELL} /home/l1/Desktop/Thesis/Subjects/mp3splt/libmp3splt/libltdl/config/install-sh'
libdir='${exec_prefix}/lib'
libexecdir='${exec_prefix}/libexec'
localedir='${datarootdir}/locale'
localstatedir='${prefix}/var'
mandir='${datarootdir}/man'
mkdir_p='$(MKDIR_P)'
oldincludedir='/usr/include'
pdfdir='${docdir}'
prefix='/home/l1/Desktop/Thesis/Subjects/mp3splt/libmp3splt/target'
program_transform_name='s,x,x,'
psdir='${docdir}'
runstatedir='${localstatedir}/run'
sbindir='${exec_prefix}/sbin'
sharedstatedir='${prefix}/com'
sys_symbol_underscore='no'
sysconfdir='${prefix}/etc'
target_alias=''

## ----------- ##
## confdefs.h. ##
## ----------- ##

/* confdefs.h */
#define PACKAGE_NAME "libltdl"
#define PACKAGE_TARNAME "libltdl"
#define PACKAGE_VERSION "2.4.3a"
#define PACKAGE_STRING "libltdl 2.4.3a"
#define PACKAGE_BUGREPORT "bug-libtool@gnu.org"
#define PACKAGE_URL ""
#define PACKAGE "libltdl"
#define VERSION "2.4.3a"
#define HAVE_STDIO_H 1
#define HAVE_STDLIB_H 1
#define HAVE_STRING_H 1
#define HAVE_INTTYPES_H 1
#define HAVE_STDINT_H 1
#define HAVE_STRINGS_H 1
#define HAVE_SYS_STAT_H 1
#define HAVE_SYS_TYPES_H 1
#define HAVE_UNISTD_H 1
#define STDC_HEADERS 1
#define HAVE_DLFCN_H 1
#define LT_OBJDIR ".libs/"
#define LT_MODULE_EXT ".so"
#define LT_MODULE_PATH_VAR "LD_LIBRARY_PATH"
#define LT_DLSEARCH_PATH "/lib:/usr/lib:/usr/lib/x86_64-linux-gnu/libfakeroot:/usr/local/lib:/usr/local/lib/x86_64-linux-gnu:/lib/x86_64-linux-gnu:/usr/lib/x86_64-linux-gnu:/lib32:/usr/lib32"
#define HAVE_LIBDL 1
#define HAVE_DLERROR 1
#define HAVE_LIBDLLOADER 1
#define HAVE_ARGZ_H 1
#define HAVE_ERROR_T 1
#define HAVE_ARGZ_ADD 1
#define HAVE_ARGZ_APPEND 1
#define HAVE_ARGZ_COUNT 1
#define HAVE_ARGZ_CREATE_SEP 1
#define HAVE_ARGZ_INSERT 1
#define HAVE_ARGZ_NEXT 1
#define HAVE_ARGZ_STRINGIFY 1
#define HAVE_WORKING_ARGZ 1
#define HAVE_PRELOADED_SYMBOLS 1
#define HAVE_UNISTD_H 1
#define HAVE_DIRENT_H 1
#define HAVE_CLOSEDIR 1
#define HAVE_OPENDIR 1
#define HAVE_READDIR 1
#define LT_LIBEXT "a"
#define LT_LIBPREFIX "lib"

configure: exit 0
